This file contains any messages produced by compilers while
running configure, to aid debugging if configure makes a mistake.

It was created by configure, which was
generated by GNU Autoconf 2.69.  Invocation command line was

  $ /home/user/workdir/openwrt-fs/openwrt-23.05.5/build_dir/toolchain-aarch64_cortex-a53_gcc-12.3.0_musl/binutils-2.40/intl/configure --srcdir=.././intl --cache-file=./config.cache --with-gnu-as --with-gnu-ld --with-system-zlib --prefix=/home/user/workdir/openwrt-fs/openwrt-23.05.5/staging_dir/toolchain-aarch64_cortex-a53_gcc-12.3.0_musl --with-sysroot=/home/user/workdir/openwrt-fs/openwrt-23.05.5/staging_dir/toolchain-aarch64_cortex-a53_gcc-12.3.0_musl --with-system-zlib --with-zstd --enable-deterministic-archives --enable-plugins --enable-lto --disable-gprofng --disable-multilib --disable-werror --disable-nls --disable-sim --disable-gdb --without-isl --without-cloog --enable-libssp --program-transform-name=s&^&aarch64-openwrt-linux-musl-& --disable-option-checking --disable-year2038 --build=x86_64-pc-linux-gnu --host=x86_64-pc-linux-gnu --target=aarch64-openwrt-linux-musl

## --------- ##
## Platform. ##
## --------- ##

hostname = e6fd6bfc75d4
uname -m = x86_64
uname -r = 6.10.11-linuxkit
uname -s = Linux
uname -v = #1 SMP PREEMPT_DYNAMIC Thu Oct  3 10:19:48 UTC 2024

/usr/bin/uname -p = x86_64
/bin/uname -X     = unknown

/bin/arch              = x86_64
/usr/bin/arch -k       = unknown
/usr/convex/getsysinfo = unknown
/usr/bin/hostinfo      = unknown
/bin/machine           = unknown
/usr/bin/oslevel       = unknown
/bin/universe          = unknown

PATH: /home/user/workdir/openwrt-fs/openwrt-23.05.5/staging_dir/toolchain-aarch64_cortex-a53_gcc-12.3.0_musl/bin
PATH: /home/user/workdir/openwrt-fs/openwrt-23.05.5/staging_dir/toolchain-aarch64_cortex-a53_gcc-12.3.0_musl/bin
PATH: /home/user/workdir/openwrt-fs/openwrt-23.05.5/staging_dir/host/bin
PATH: /home/user/workdir/openwrt-fs/openwrt-23.05.5/staging_dir/toolchain-aarch64_cortex-a53_gcc-12.3.0_musl/bin
PATH: /home/user/workdir/openwrt-fs/openwrt-23.05.5/staging_dir/host/bin
PATH: /home/user/workdir/openwrt-fs/openwrt-23.05.5/staging_dir/host/bin
PATH: /usr/local/sbin
PATH: /usr/local/bin
PATH: /usr/sbin
PATH: /usr/bin
PATH: /sbin
PATH: /bin


## ----------- ##
## Core tests. ##
## ----------- ##

configure:2133: creating cache ./config.cache
configure:2220: checking for x86_64-pc-linux-gnu-gcc
configure:2247: result: gcc
configure:2516: checking for C compiler version
configure:2525: gcc --version >&5
gcc (Ubuntu 9.4.0-1ubuntu1~20.04.2) 9.4.0
Copyright (C) 2019 Free Software Foundation, Inc.
This is free software; see the source for copying conditions.  There is NO
warranty; not even for MERCHANTABILITY or FITNESS FOR A PARTICULAR PURPOSE.

configure:2536: $? = 0
configure:2525: gcc -v >&5
Using built-in specs.
COLLECT_GCC=gcc
COLLECT_LTO_WRAPPER=/usr/lib/gcc/x86_64-linux-gnu/9/lto-wrapper
OFFLOAD_TARGET_NAMES=nvptx-none:hsa
OFFLOAD_TARGET_DEFAULT=1
Target: x86_64-linux-gnu
Configured with: ../src/configure -v --with-pkgversion='Ubuntu 9.4.0-1ubuntu1~20.04.2' --with-bugurl=file:///usr/share/doc/gcc-9/README.Bugs --enable-languages=c,ada,c++,go,brig,d,fortran,objc,obj-c++,gm2 --prefix=/usr --with-gcc-major-version-only --program-suffix=-9 --program-prefix=x86_64-linux-gnu- --enable-shared --enable-linker-build-id --libexecdir=/usr/lib --without-included-gettext --enable-threads=posix --libdir=/usr/lib --enable-nls --enable-clocale=gnu --enable-libstdcxx-debug --enable-libstdcxx-time=yes --with-default-libstdcxx-abi=new --enable-gnu-unique-object --disable-vtable-verify --enable-plugin --enable-default-pie --with-system-zlib --with-target-system-zlib=auto --enable-objc-gc=auto --enable-multiarch --disable-werror --with-arch-32=i686 --with-abi=m64 --with-multilib-list=m32,m64,mx32 --enable-multilib --with-tune=generic --enable-offload-targets=nvptx-none=/build/gcc-9-9QDOt0/gcc-9-9.4.0/debian/tmp-nvptx/usr,hsa --without-cuda-driver --enable-checking=release --build=x86_64-linux-gnu --host=x86_64-linux-gnu --target=x86_64-linux-gnu
Thread model: posix
gcc version 9.4.0 (Ubuntu 9.4.0-1ubuntu1~20.04.2) 
configure:2536: $? = 0
configure:2525: gcc -V >&5
gcc: error: unrecognized command line option '-V'
gcc: fatal error: no input files
compilation terminated.
configure:2536: $? = 1
configure:2525: gcc -qversion >&5
gcc: error: unrecognized command line option '-qversion'; did you mean '--version'?
gcc: fatal error: no input files
compilation terminated.
configure:2536: $? = 1
configure:2556: checking whether the C compiler works
configure:2578: gcc -O2 -I/home/user/workdir/openwrt-fs/openwrt-23.05.5/staging_dir/host/include        -L/home/user/workdir/openwrt-fs/openwrt-23.05.5/staging_dir/host/lib  conftest.c  >&5
configure:2582: $? = 0
configure:2630: result: yes
configure:2633: checking for C compiler default output file name
configure:2635: result: a.out
configure:2641: checking for suffix of executables
configure:2648: gcc -o conftest -O2 -I/home/user/workdir/openwrt-fs/openwrt-23.05.5/staging_dir/host/include        -L/home/user/workdir/openwrt-fs/openwrt-23.05.5/staging_dir/host/lib  conftest.c  >&5
configure:2652: $? = 0
configure:2674: result: 
configure:2696: checking whether we are cross compiling
configure:2704: gcc -o conftest -O2 -I/home/user/workdir/openwrt-fs/openwrt-23.05.5/staging_dir/host/include        -L/home/user/workdir/openwrt-fs/openwrt-23.05.5/staging_dir/host/lib  conftest.c  >&5
configure:2708: $? = 0
configure:2715: ./conftest
configure:2719: $? = 0
configure:2707: result: no
configure:2712: checking for suffix of object files
configure:2734: gcc -c -O2 -I/home/user/workdir/openwrt-fs/openwrt-23.05.5/staging_dir/host/include       conftest.c >&5
configure:2738: $? = 0
configure:2759: result: o
configure:2763: checking whether we are using the GNU C compiler
configure:2782: gcc -c -O2 -I/home/user/workdir/openwrt-fs/openwrt-23.05.5/staging_dir/host/include       conftest.c >&5
configure:2782: $? = 0
configure:2791: result: yes
configure:2800: checking whether gcc accepts -g
configure:2820: gcc -c -g  conftest.c >&5
configure:2820: $? = 0
configure:2861: result: yes
configure:2878: checking for gcc option to accept ISO C89
configure:2941: gcc  -c -O2 -I/home/user/workdir/openwrt-fs/openwrt-23.05.5/staging_dir/host/include       conftest.c >&5
configure:2941: $? = 0
configure:2954: result: none needed
configure:2980: checking how to run the C preprocessor
configure:3011: gcc -E  conftest.c
configure:3011: $? = 0
configure:3025: gcc -E  conftest.c
conftest.c:9:10: fatal error: ac_nonexistent.h: No such file or directory
    9 | #include <ac_nonexistent.h>
      |          ^~~~~~~~~~~~~~~~~~
compilation terminated.
configure:3025: $? = 1
configure: failed program was:
| /* confdefs.h */
| #define PACKAGE_NAME ""
| #define PACKAGE_TARNAME ""
| #define PACKAGE_VERSION ""
| #define PACKAGE_STRING ""
| #define PACKAGE_BUGREPORT ""
| #define PACKAGE_URL ""
| /* end confdefs.h.  */
| #include <ac_nonexistent.h>
configure:3050: result: gcc -E
configure:3070: gcc -E  conftest.c
configure:3070: $? = 0
configure:3084: gcc -E  conftest.c
conftest.c:9:10: fatal error: ac_nonexistent.h: No such file or directory
    9 | #include <ac_nonexistent.h>
      |          ^~~~~~~~~~~~~~~~~~
compilation terminated.
configure:3084: $? = 1
configure: failed program was:
| /* confdefs.h */
| #define PACKAGE_NAME ""
| #define PACKAGE_TARNAME ""
| #define PACKAGE_VERSION ""
| #define PACKAGE_STRING ""
| #define PACKAGE_BUGREPORT ""
| #define PACKAGE_URL ""
| /* end confdefs.h.  */
| #include <ac_nonexistent.h>
configure:3113: checking for grep that handles long lines and -e
configure:3171: result: /home/user/workdir/openwrt-fs/openwrt-23.05.5/staging_dir/host/bin/grep
configure:3176: checking for egrep
configure:3238: result: /home/user/workdir/openwrt-fs/openwrt-23.05.5/staging_dir/host/bin/grep -E
configure:3243: checking for ANSI C header files
configure:3263: gcc -c -O2 -I/home/user/workdir/openwrt-fs/openwrt-23.05.5/staging_dir/host/include       conftest.c >&5
configure:3263: $? = 0
configure:3336: gcc -o conftest -O2 -I/home/user/workdir/openwrt-fs/openwrt-23.05.5/staging_dir/host/include        -L/home/user/workdir/openwrt-fs/openwrt-23.05.5/staging_dir/host/lib  conftest.c  >&5
configure:3336: $? = 0
configure:3336: ./conftest
configure:3336: $? = 0
configure:3347: result: yes
configure:3360: checking for sys/types.h
configure:3360: gcc -c -O2 -I/home/user/workdir/openwrt-fs/openwrt-23.05.5/staging_dir/host/include       conftest.c >&5
configure:3360: $? = 0
configure:3360: result: yes
configure:3360: checking for sys/stat.h
configure:3360: gcc -c -O2 -I/home/user/workdir/openwrt-fs/openwrt-23.05.5/staging_dir/host/include       conftest.c >&5
configure:3360: $? = 0
configure:3360: result: yes
configure:3360: checking for stdlib.h
configure:3360: gcc -c -O2 -I/home/user/workdir/openwrt-fs/openwrt-23.05.5/staging_dir/host/include       conftest.c >&5
configure:3360: $? = 0
configure:3360: result: yes
configure:3360: checking for string.h
configure:3360: gcc -c -O2 -I/home/user/workdir/openwrt-fs/openwrt-23.05.5/staging_dir/host/include       conftest.c >&5
configure:3360: $? = 0
configure:3360: result: yes
configure:3360: checking for memory.h
configure:3360: gcc -c -O2 -I/home/user/workdir/openwrt-fs/openwrt-23.05.5/staging_dir/host/include       conftest.c >&5
configure:3360: $? = 0
configure:3360: result: yes
configure:3360: checking for strings.h
configure:3360: gcc -c -O2 -I/home/user/workdir/openwrt-fs/openwrt-23.05.5/staging_dir/host/include       conftest.c >&5
configure:3360: $? = 0
configure:3360: result: yes
configure:3360: checking for inttypes.h
configure:3360: gcc -c -O2 -I/home/user/workdir/openwrt-fs/openwrt-23.05.5/staging_dir/host/include       conftest.c >&5
configure:3360: $? = 0
configure:3360: result: yes
configure:3360: checking for stdint.h
configure:3360: gcc -c -O2 -I/home/user/workdir/openwrt-fs/openwrt-23.05.5/staging_dir/host/include       conftest.c >&5
configure:3360: $? = 0
configure:3360: result: yes
configure:3360: checking for unistd.h
configure:3360: gcc -c -O2 -I/home/user/workdir/openwrt-fs/openwrt-23.05.5/staging_dir/host/include       conftest.c >&5
configure:3360: $? = 0
configure:3360: result: yes
configure:3373: checking minix/config.h usability
configure:3373: gcc -c -O2 -I/home/user/workdir/openwrt-fs/openwrt-23.05.5/staging_dir/host/include       conftest.c >&5
conftest.c:52:10: fatal error: minix/config.h: No such file or directory
   52 | #include <minix/config.h>
      |          ^~~~~~~~~~~~~~~~
compilation terminated.
configure:3373: $? = 1
configure: failed program was:
| /* confdefs.h */
| #define PACKAGE_NAME ""
| #define PACKAGE_TARNAME ""
| #define PACKAGE_VERSION ""
| #define PACKAGE_STRING ""
| #define PACKAGE_BUGREPORT ""
| #define PACKAGE_URL ""
| #define STDC_HEADERS 1
| #define HAVE_SYS_TYPES_H 1
| #define HAVE_SYS_STAT_H 1
| #define HAVE_STDLIB_H 1
| #define HAVE_STRING_H 1
| #define HAVE_MEMORY_H 1
| #define HAVE_STRINGS_H 1
| #define HAVE_INTTYPES_H 1
| #define HAVE_STDINT_H 1
| #define HAVE_UNISTD_H 1
| /* end confdefs.h.  */
| #include <stdio.h>
| #ifdef HAVE_SYS_TYPES_H
| # include <sys/types.h>
| #endif
| #ifdef HAVE_SYS_STAT_H
| # include <sys/stat.h>
| #endif
| #ifdef STDC_HEADERS
| # include <stdlib.h>
| # include <stddef.h>
| #else
| # ifdef HAVE_STDLIB_H
| #  include <stdlib.h>
| # endif
| #endif
| #ifdef HAVE_STRING_H
| # if !defined STDC_HEADERS && defined HAVE_MEMORY_H
| #  include <memory.h>
| # endif
| # include <string.h>
| #endif
| #ifdef HAVE_STRINGS_H
| # include <strings.h>
| #endif
| #ifdef HAVE_INTTYPES_H
| # include <inttypes.h>
| #endif
| #ifdef HAVE_STDINT_H
| # include <stdint.h>
| #endif
| #ifdef HAVE_UNISTD_H
| # include <unistd.h>
| #endif
| #include <minix/config.h>
configure:3373: result: no
configure:3373: checking minix/config.h presence
configure:3373: gcc -E  conftest.c
conftest.c:19:10: fatal error: minix/config.h: No such file or directory
   19 | #include <minix/config.h>
      |          ^~~~~~~~~~~~~~~~
compilation terminated.
configure:3373: $? = 1
configure: failed program was:
| /* confdefs.h */
| #define PACKAGE_NAME ""
| #define PACKAGE_TARNAME ""
| #define PACKAGE_VERSION ""
| #define PACKAGE_STRING ""
| #define PACKAGE_BUGREPORT ""
| #define PACKAGE_URL ""
| #define STDC_HEADERS 1
| #define HAVE_SYS_TYPES_H 1
| #define HAVE_SYS_STAT_H 1
| #define HAVE_STDLIB_H 1
| #define HAVE_STRING_H 1
| #define HAVE_MEMORY_H 1
| #define HAVE_STRINGS_H 1
| #define HAVE_INTTYPES_H 1
| #define HAVE_STDINT_H 1
| #define HAVE_UNISTD_H 1
| /* end confdefs.h.  */
| #include <minix/config.h>
configure:3373: result: no
configure:3373: checking for minix/config.h
configure:3373: result: no
configure:3394: checking whether it is safe to define __EXTENSIONS__
configure:3412: gcc -c -O2 -I/home/user/workdir/openwrt-fs/openwrt-23.05.5/staging_dir/host/include       conftest.c >&5
configure:3412: $? = 0
configure:3419: result: yes
configure:3438: checking whether make sets $(MAKE)
configure:3460: result: yes
configure:3512: checking for a BSD-compatible install
configure:3580: result: /home/user/workdir/openwrt-fs/openwrt-23.05.5/staging_dir/host/bin/install -c
configure:3605: checking whether NLS is requested
configure:3614: result: no
configure:3652: checking for msgfmt
configure:3683: result: /usr/bin/msgfmt
configure:3692: checking for gmsgfmt
configure:3723: result: /usr/bin/msgfmt
configure:3763: checking for xgettext
configure:3794: result: /usr/bin/xgettext
configure:3834: checking for msgmerge
configure:3864: result: /usr/bin/msgmerge
configure:3903: checking build system type
configure:3917: result: x86_64-pc-linux-gnu
configure:3937: checking host system type
configure:3950: result: x86_64-pc-linux-gnu
configure:3973: checking for x86_64-pc-linux-gnu-ranlib
configure:4000: result: ranlib --plugin /usr/lib/gcc/x86_64-linux-gnu/9/liblto_plugin.so
configure:4062: checking for library containing strerror
configure:4093: gcc -o conftest -O2 -I/home/user/workdir/openwrt-fs/openwrt-23.05.5/staging_dir/host/include        -L/home/user/workdir/openwrt-fs/openwrt-23.05.5/staging_dir/host/lib  conftest.c  >&5
configure:4093: $? = 0
configure:4110: result: none required
configure:4118: checking for an ANSI C-conforming const
configure:4184: gcc -c -O2 -I/home/user/workdir/openwrt-fs/openwrt-23.05.5/staging_dir/host/include       conftest.c >&5
configure:4184: $? = 0
configure:4191: result: yes
configure:4199: checking for inline
configure:4215: gcc -c -O2 -I/home/user/workdir/openwrt-fs/openwrt-23.05.5/staging_dir/host/include       conftest.c >&5
configure:4215: $? = 0
configure:4223: result: inline
configure:4241: checking for off_t
configure:4241: gcc -c -O2 -I/home/user/workdir/openwrt-fs/openwrt-23.05.5/staging_dir/host/include       conftest.c >&5
configure:4241: $? = 0
configure:4241: gcc -c -O2 -I/home/user/workdir/openwrt-fs/openwrt-23.05.5/staging_dir/host/include       conftest.c >&5
conftest.c: In function 'main':
conftest.c:60:20: error: expected expression before ')' token
   60 | if (sizeof ((off_t)))
      |                    ^
configure:4241: $? = 1
configure: failed program was:
| /* confdefs.h */
| #define PACKAGE_NAME ""
| #define PACKAGE_TARNAME ""
| #define PACKAGE_VERSION ""
| #define PACKAGE_STRING ""
| #define PACKAGE_BUGREPORT ""
| #define PACKAGE_URL ""
| #define STDC_HEADERS 1
| #define HAVE_SYS_TYPES_H 1
| #define HAVE_SYS_STAT_H 1
| #define HAVE_STDLIB_H 1
| #define HAVE_STRING_H 1
| #define HAVE_MEMORY_H 1
| #define HAVE_STRINGS_H 1
| #define HAVE_INTTYPES_H 1
| #define HAVE_STDINT_H 1
| #define HAVE_UNISTD_H 1
| #define __EXTENSIONS__ 1
| #define _ALL_SOURCE 1
| #define _GNU_SOURCE 1
| #define _POSIX_PTHREAD_SEMANTICS 1
| #define _TANDEM_SOURCE 1
| /* end confdefs.h.  */
| #include <stdio.h>
| #ifdef HAVE_SYS_TYPES_H
| # include <sys/types.h>
| #endif
| #ifdef HAVE_SYS_STAT_H
| # include <sys/stat.h>
| #endif
| #ifdef STDC_HEADERS
| # include <stdlib.h>
| # include <stddef.h>
| #else
| # ifdef HAVE_STDLIB_H
| #  include <stdlib.h>
| # endif
| #endif
| #ifdef HAVE_STRING_H
| # if !defined STDC_HEADERS && defined HAVE_MEMORY_H
| #  include <memory.h>
| # endif
| # include <string.h>
| #endif
| #ifdef HAVE_STRINGS_H
| # include <strings.h>
| #endif
| #ifdef HAVE_INTTYPES_H
| # include <inttypes.h>
| #endif
| #ifdef HAVE_STDINT_H
| # include <stdint.h>
| #endif
| #ifdef HAVE_UNISTD_H
| # include <unistd.h>
| #endif
| int
| main ()
| {
| if (sizeof ((off_t)))
| 	    return 0;
|   ;
|   return 0;
| }
configure:4241: result: yes
configure:4252: checking for size_t
configure:4252: gcc -c -O2 -I/home/user/workdir/openwrt-fs/openwrt-23.05.5/staging_dir/host/include       conftest.c >&5
configure:4252: $? = 0
configure:4252: gcc -c -O2 -I/home/user/workdir/openwrt-fs/openwrt-23.05.5/staging_dir/host/include       conftest.c >&5
conftest.c: In function 'main':
conftest.c:60:21: error: expected expression before ')' token
   60 | if (sizeof ((size_t)))
      |                     ^
configure:4252: $? = 1
configure: failed program was:
| /* confdefs.h */
| #define PACKAGE_NAME ""
| #define PACKAGE_TARNAME ""
| #define PACKAGE_VERSION ""
| #define PACKAGE_STRING ""
| #define PACKAGE_BUGREPORT ""
| #define PACKAGE_URL ""
| #define STDC_HEADERS 1
| #define HAVE_SYS_TYPES_H 1
| #define HAVE_SYS_STAT_H 1
| #define HAVE_STDLIB_H 1
| #define HAVE_STRING_H 1
| #define HAVE_MEMORY_H 1
| #define HAVE_STRINGS_H 1
| #define HAVE_INTTYPES_H 1
| #define HAVE_STDINT_H 1
| #define HAVE_UNISTD_H 1
| #define __EXTENSIONS__ 1
| #define _ALL_SOURCE 1
| #define _GNU_SOURCE 1
| #define _POSIX_PTHREAD_SEMANTICS 1
| #define _TANDEM_SOURCE 1
| /* end confdefs.h.  */
| #include <stdio.h>
| #ifdef HAVE_SYS_TYPES_H
| # include <sys/types.h>
| #endif
| #ifdef HAVE_SYS_STAT_H
| # include <sys/stat.h>
| #endif
| #ifdef STDC_HEADERS
| # include <stdlib.h>
| # include <stddef.h>
| #else
| # ifdef HAVE_STDLIB_H
| #  include <stdlib.h>
| # endif
| #endif
| #ifdef HAVE_STRING_H
| # if !defined STDC_HEADERS && defined HAVE_MEMORY_H
| #  include <memory.h>
| # endif
| # include <string.h>
| #endif
| #ifdef HAVE_STRINGS_H
| # include <strings.h>
| #endif
| #ifdef HAVE_INTTYPES_H
| # include <inttypes.h>
| #endif
| #ifdef HAVE_STDINT_H
| # include <stdint.h>
| #endif
| #ifdef HAVE_UNISTD_H
| # include <unistd.h>
| #endif
| int
| main ()
| {
| if (sizeof ((size_t)))
| 	    return 0;
|   ;
|   return 0;
| }
configure:4252: result: yes
configure:4265: checking for working alloca.h
configure:4282: gcc -o conftest -O2 -I/home/user/workdir/openwrt-fs/openwrt-23.05.5/staging_dir/host/include        -L/home/user/workdir/openwrt-fs/openwrt-23.05.5/staging_dir/host/lib  conftest.c  >&5
configure:4282: $? = 0
configure:4290: result: yes
configure:4298: checking for alloca
configure:4335: gcc -o conftest -O2 -I/home/user/workdir/openwrt-fs/openwrt-23.05.5/staging_dir/host/include        -L/home/user/workdir/openwrt-fs/openwrt-23.05.5/staging_dir/host/lib  conftest.c  >&5
configure:4335: $? = 0
configure:4343: result: yes
configure:4455: checking for stdlib.h
configure:4455: result: yes
configure:4455: checking for unistd.h
configure:4455: result: yes
configure:4455: checking for sys/param.h
configure:4455: gcc -c -O2 -I/home/user/workdir/openwrt-fs/openwrt-23.05.5/staging_dir/host/include       conftest.c >&5
configure:4455: $? = 0
configure:4455: result: yes
configure:4475: checking for getpagesize
configure:4475: gcc -o conftest -O2 -I/home/user/workdir/openwrt-fs/openwrt-23.05.5/staging_dir/host/include        -L/home/user/workdir/openwrt-fs/openwrt-23.05.5/staging_dir/host/lib  conftest.c  >&5
configure:4475: $? = 0
configure:4475: result: yes
configure:4484: checking for working mmap
configure:4631: gcc -o conftest -O2 -I/home/user/workdir/openwrt-fs/openwrt-23.05.5/staging_dir/host/include        -L/home/user/workdir/openwrt-fs/openwrt-23.05.5/staging_dir/host/lib  conftest.c  >&5
configure:4631: $? = 0
configure:4631: ./conftest
configure:4631: $? = 0
configure:4641: result: yes
configure:4651: checking whether we are using the GNU C Library 2.1 or newer
configure:4678: result: yes
configure:4686: checking whether integer division by zero raises SIGFPE
configure:4743: gcc -o conftest -O2 -I/home/user/workdir/openwrt-fs/openwrt-23.05.5/staging_dir/host/include        -L/home/user/workdir/openwrt-fs/openwrt-23.05.5/staging_dir/host/lib  conftest.c  >&5
conftest.c:49:5: warning: built-in function 'nan' declared as non-function [-Wbuiltin-declaration-mismatch]
   49 | int nan;
      |     ^~~
configure:4743: $? = 0
configure:4743: ./conftest
configure:4743: $? = 0
configure:4754: result: yes
configure:4767: checking for inttypes.h
configure:4784: gcc -c -O2 -I/home/user/workdir/openwrt-fs/openwrt-23.05.5/staging_dir/host/include       conftest.c >&5
configure:4784: $? = 0
configure:4791: result: yes
configure:4802: checking for stdint.h
configure:4819: gcc -c -O2 -I/home/user/workdir/openwrt-fs/openwrt-23.05.5/staging_dir/host/include       conftest.c >&5
configure:4819: $? = 0
configure:4826: result: yes
configure:4837: checking for unsigned long long
configure:4854: gcc -o conftest -O2 -I/home/user/workdir/openwrt-fs/openwrt-23.05.5/staging_dir/host/include        -L/home/user/workdir/openwrt-fs/openwrt-23.05.5/staging_dir/host/lib  conftest.c  >&5
configure:4854: $? = 0
configure:4862: result: yes
configure:4890: checking for inttypes.h
configure:4908: gcc -c -O2 -I/home/user/workdir/openwrt-fs/openwrt-23.05.5/staging_dir/host/include       conftest.c >&5
configure:4908: $? = 0
configure:4916: result: yes
configure:4929: checking whether the inttypes.h PRIxNN macros are broken
configure:4950: gcc -c -O2 -I/home/user/workdir/openwrt-fs/openwrt-23.05.5/staging_dir/host/include       conftest.c >&5
configure:4950: $? = 0
configure:4958: result: no
configure:5009: checking for ld used by GCC
configure:5072: result: ld
configure:5079: checking if the linker (ld) is GNU ld
GNU ld (GNU Binutils for Ubuntu) 2.34
configure:5091: result: yes
configure:5097: checking for shared library run path origin
configure:5110: result: done
configure:5531: checking argz.h usability
configure:5531: gcc -c -O2 -I/home/user/workdir/openwrt-fs/openwrt-23.05.5/staging_dir/host/include       conftest.c >&5
configure:5531: $? = 0
configure:5531: result: yes
configure:5531: checking argz.h presence
configure:5531: gcc -E  conftest.c
configure:5531: $? = 0
configure:5531: result: yes
configure:5531: checking for argz.h
configure:5531: result: yes
configure:5531: checking limits.h usability
configure:5531: gcc -c -O2 -I/home/user/workdir/openwrt-fs/openwrt-23.05.5/staging_dir/host/include       conftest.c >&5
configure:5531: $? = 0
configure:5531: result: yes
configure:5531: checking limits.h presence
configure:5531: gcc -E  conftest.c
configure:5531: $? = 0
configure:5531: result: yes
configure:5531: checking for limits.h
configure:5531: result: yes
configure:5531: checking locale.h usability
configure:5531: gcc -c -O2 -I/home/user/workdir/openwrt-fs/openwrt-23.05.5/staging_dir/host/include       conftest.c >&5
configure:5531: $? = 0
configure:5531: result: yes
configure:5531: checking locale.h presence
configure:5531: gcc -E  conftest.c
configure:5531: $? = 0
configure:5531: result: yes
configure:5531: checking for locale.h
configure:5531: result: yes
configure:5531: checking nl_types.h usability
configure:5531: gcc -c -O2 -I/home/user/workdir/openwrt-fs/openwrt-23.05.5/staging_dir/host/include       conftest.c >&5
configure:5531: $? = 0
configure:5531: result: yes
configure:5531: checking nl_types.h presence
configure:5531: gcc -E  conftest.c
configure:5531: $? = 0
configure:5531: result: yes
configure:5531: checking for nl_types.h
configure:5531: result: yes
configure:5531: checking malloc.h usability
configure:5531: gcc -c -O2 -I/home/user/workdir/openwrt-fs/openwrt-23.05.5/staging_dir/host/include       conftest.c >&5
configure:5531: $? = 0
configure:5531: result: yes
configure:5531: checking malloc.h presence
configure:5531: gcc -E  conftest.c
configure:5531: $? = 0
configure:5531: result: yes
configure:5531: checking for malloc.h
configure:5531: result: yes
configure:5531: checking stddef.h usability
configure:5531: gcc -c -O2 -I/home/user/workdir/openwrt-fs/openwrt-23.05.5/staging_dir/host/include       conftest.c >&5
configure:5531: $? = 0
configure:5531: result: yes
configure:5531: checking stddef.h presence
configure:5531: gcc -E  conftest.c
configure:5531: $? = 0
configure:5531: result: yes
configure:5531: checking for stddef.h
configure:5531: result: yes
configure:5531: checking for stdlib.h
configure:5531: result: yes
configure:5531: checking for string.h
configure:5531: result: yes
configure:5531: checking for unistd.h
configure:5531: result: yes
configure:5531: checking for sys/param.h
configure:5531: result: yes
configure:5547: checking for feof_unlocked
configure:5547: gcc -o conftest -O2 -I/home/user/workdir/openwrt-fs/openwrt-23.05.5/staging_dir/host/include        -L/home/user/workdir/openwrt-fs/openwrt-23.05.5/staging_dir/host/lib  conftest.c  >&5
configure:5547: $? = 0
configure:5547: result: yes
configure:5547: checking for fgets_unlocked
configure:5547: gcc -o conftest -O2 -I/home/user/workdir/openwrt-fs/openwrt-23.05.5/staging_dir/host/include        -L/home/user/workdir/openwrt-fs/openwrt-23.05.5/staging_dir/host/lib  conftest.c  >&5
configure:5547: $? = 0
configure:5547: result: yes
configure:5547: checking for getc_unlocked
configure:5547: gcc -o conftest -O2 -I/home/user/workdir/openwrt-fs/openwrt-23.05.5/staging_dir/host/include        -L/home/user/workdir/openwrt-fs/openwrt-23.05.5/staging_dir/host/lib  conftest.c  >&5
configure:5547: $? = 0
configure:5547: result: yes
configure:5547: checking for getcwd
configure:5547: gcc -o conftest -O2 -I/home/user/workdir/openwrt-fs/openwrt-23.05.5/staging_dir/host/include        -L/home/user/workdir/openwrt-fs/openwrt-23.05.5/staging_dir/host/lib  conftest.c  >&5
configure:5547: $? = 0
configure:5547: result: yes
configure:5547: checking for getegid
configure:5547: gcc -o conftest -O2 -I/home/user/workdir/openwrt-fs/openwrt-23.05.5/staging_dir/host/include        -L/home/user/workdir/openwrt-fs/openwrt-23.05.5/staging_dir/host/lib  conftest.c  >&5
configure:5547: $? = 0
configure:5547: result: yes
configure:5547: checking for geteuid
configure:5547: gcc -o conftest -O2 -I/home/user/workdir/openwrt-fs/openwrt-23.05.5/staging_dir/host/include        -L/home/user/workdir/openwrt-fs/openwrt-23.05.5/staging_dir/host/lib  conftest.c  >&5
configure:5547: $? = 0
configure:5547: result: yes
configure:5547: checking for getgid
configure:5547: gcc -o conftest -O2 -I/home/user/workdir/openwrt-fs/openwrt-23.05.5/staging_dir/host/include        -L/home/user/workdir/openwrt-fs/openwrt-23.05.5/staging_dir/host/lib  conftest.c  >&5
configure:5547: $? = 0
configure:5547: result: yes
configure:5547: checking for getuid
configure:5547: gcc -o conftest -O2 -I/home/user/workdir/openwrt-fs/openwrt-23.05.5/staging_dir/host/include        -L/home/user/workdir/openwrt-fs/openwrt-23.05.5/staging_dir/host/lib  conftest.c  >&5
configure:5547: $? = 0
configure:5547: result: yes
configure:5547: checking for mempcpy
configure:5547: gcc -o conftest -O2 -I/home/user/workdir/openwrt-fs/openwrt-23.05.5/staging_dir/host/include        -L/home/user/workdir/openwrt-fs/openwrt-23.05.5/staging_dir/host/lib  conftest.c  >&5
conftest.c:78:6: warning: conflicting types for built-in function 'mempcpy'; expected 'void *(void *, const void *, long unsigned int)' [-Wbuiltin-declaration-mismatch]
   78 | char mempcpy ();
      |      ^~~~~~~
configure:5547: $? = 0
configure:5547: result: yes
configure:5547: checking for munmap
configure:5547: gcc -o conftest -O2 -I/home/user/workdir/openwrt-fs/openwrt-23.05.5/staging_dir/host/include        -L/home/user/workdir/openwrt-fs/openwrt-23.05.5/staging_dir/host/lib  conftest.c  >&5
configure:5547: $? = 0
configure:5547: result: yes
configure:5547: checking for putenv
configure:5547: gcc -o conftest -O2 -I/home/user/workdir/openwrt-fs/openwrt-23.05.5/staging_dir/host/include        -L/home/user/workdir/openwrt-fs/openwrt-23.05.5/staging_dir/host/lib  conftest.c  >&5
configure:5547: $? = 0
configure:5547: result: yes
configure:5547: checking for setenv
configure:5547: gcc -o conftest -O2 -I/home/user/workdir/openwrt-fs/openwrt-23.05.5/staging_dir/host/include        -L/home/user/workdir/openwrt-fs/openwrt-23.05.5/staging_dir/host/lib  conftest.c  >&5
configure:5547: $? = 0
configure:5547: result: yes
configure:5547: checking for setlocale
configure:5547: gcc -o conftest -O2 -I/home/user/workdir/openwrt-fs/openwrt-23.05.5/staging_dir/host/include        -L/home/user/workdir/openwrt-fs/openwrt-23.05.5/staging_dir/host/lib  conftest.c  >&5
configure:5547: $? = 0
configure:5547: result: yes
configure:5547: checking for stpcpy
configure:5547: gcc -o conftest -O2 -I/home/user/workdir/openwrt-fs/openwrt-23.05.5/staging_dir/host/include        -L/home/user/workdir/openwrt-fs/openwrt-23.05.5/staging_dir/host/lib  conftest.c  >&5
conftest.c:83:6: warning: conflicting types for built-in function 'stpcpy'; expected 'char *(char *, const char *)' [-Wbuiltin-declaration-mismatch]
   83 | char stpcpy ();
      |      ^~~~~~
configure:5547: $? = 0
configure:5547: result: yes
configure:5547: checking for strcasecmp
configure:5547: gcc -o conftest -O2 -I/home/user/workdir/openwrt-fs/openwrt-23.05.5/staging_dir/host/include        -L/home/user/workdir/openwrt-fs/openwrt-23.05.5/staging_dir/host/lib  conftest.c  >&5
conftest.c:84:6: warning: conflicting types for built-in function 'strcasecmp'; expected 'int(const char *, const char *)' [-Wbuiltin-declaration-mismatch]
   84 | char strcasecmp ();
      |      ^~~~~~~~~~
configure:5547: $? = 0
configure:5547: result: yes
configure:5547: checking for strdup
configure:5547: gcc -o conftest -O2 -I/home/user/workdir/openwrt-fs/openwrt-23.05.5/staging_dir/host/include        -L/home/user/workdir/openwrt-fs/openwrt-23.05.5/staging_dir/host/lib  conftest.c  >&5
conftest.c:85:6: warning: conflicting types for built-in function 'strdup'; expected 'char *(const char *)' [-Wbuiltin-declaration-mismatch]
   85 | char strdup ();
      |      ^~~~~~
configure:5547: $? = 0
configure:5547: result: yes
configure:5547: checking for strtoul
configure:5547: gcc -o conftest -O2 -I/home/user/workdir/openwrt-fs/openwrt-23.05.5/staging_dir/host/include        -L/home/user/workdir/openwrt-fs/openwrt-23.05.5/staging_dir/host/lib  conftest.c  >&5
configure:5547: $? = 0
configure:5547: result: yes
configure:5547: checking for tsearch
configure:5547: gcc -o conftest -O2 -I/home/user/workdir/openwrt-fs/openwrt-23.05.5/staging_dir/host/include        -L/home/user/workdir/openwrt-fs/openwrt-23.05.5/staging_dir/host/lib  conftest.c  >&5
configure:5547: $? = 0
configure:5547: result: yes
configure:5547: checking for __argz_count
configure:5547: gcc -o conftest -O2 -I/home/user/workdir/openwrt-fs/openwrt-23.05.5/staging_dir/host/include        -L/home/user/workdir/openwrt-fs/openwrt-23.05.5/staging_dir/host/lib  conftest.c  >&5
configure:5547: $? = 0
configure:5547: result: yes
configure:5547: checking for __argz_stringify
configure:5547: gcc -o conftest -O2 -I/home/user/workdir/openwrt-fs/openwrt-23.05.5/staging_dir/host/include        -L/home/user/workdir/openwrt-fs/openwrt-23.05.5/staging_dir/host/lib  conftest.c  >&5
configure:5547: $? = 0
configure:5547: result: yes
configure:5547: checking for __argz_next
configure:5547: gcc -o conftest -O2 -I/home/user/workdir/openwrt-fs/openwrt-23.05.5/staging_dir/host/include        -L/home/user/workdir/openwrt-fs/openwrt-23.05.5/staging_dir/host/lib  conftest.c  >&5
configure:5547: $? = 0
configure:5547: result: yes
configure:5547: checking for __fsetlocking
configure:5547: gcc -o conftest -O2 -I/home/user/workdir/openwrt-fs/openwrt-23.05.5/staging_dir/host/include        -L/home/user/workdir/openwrt-fs/openwrt-23.05.5/staging_dir/host/lib  conftest.c  >&5
configure:5547: $? = 0
configure:5547: result: yes
configure:5562: checking for iconv
configure:5586: gcc -o conftest -O2 -I/home/user/workdir/openwrt-fs/openwrt-23.05.5/staging_dir/host/include         -L/home/user/workdir/openwrt-fs/openwrt-23.05.5/staging_dir/host/lib  conftest.c  >&5
configure:5586: $? = 0
configure:5660: result: yes
configure:5703: checking for iconv declaration
configure:5732: gcc -c -O2 -I/home/user/workdir/openwrt-fs/openwrt-23.05.5/staging_dir/host/include       conftest.c >&5
configure:5732: $? = 0
configure:5743: result: 
         extern size_t iconv (iconv_t cd, char * *inbuf, size_t *inbytesleft, char * *outbuf, size_t *outbytesleft);
configure:5754: checking for nl_langinfo and CODESET
configure:5770: gcc -o conftest -O2 -I/home/user/workdir/openwrt-fs/openwrt-23.05.5/staging_dir/host/include        -L/home/user/workdir/openwrt-fs/openwrt-23.05.5/staging_dir/host/lib  conftest.c  >&5
configure:5770: $? = 0
configure:5779: result: yes
configure:5789: checking for LC_MESSAGES
configure:5805: gcc -o conftest -O2 -I/home/user/workdir/openwrt-fs/openwrt-23.05.5/staging_dir/host/include        -L/home/user/workdir/openwrt-fs/openwrt-23.05.5/staging_dir/host/lib  conftest.c  >&5
configure:5805: $? = 0
configure:5813: result: yes
configure:5827: checking for bison
configure:5843: found /home/user/workdir/openwrt-fs/openwrt-23.05.5/staging_dir/host/bin/bison
configure:5854: result: bison
configure:5868: checking version of bison
configure:5877: result: 3.8.2, ok
configure:5899: checking whether NLS is requested
configure:5908: result: no
configure:6499: checking whether to use NLS
configure:6501: result: no
configure:6629: checking for aclocal
configure:6645: found /home/user/workdir/openwrt-fs/openwrt-23.05.5/staging_dir/host/bin/aclocal
configure:6656: result: aclocal
configure:6672: checking for autoconf
configure:6688: found /home/user/workdir/openwrt-fs/openwrt-23.05.5/staging_dir/host/bin/autoconf
configure:6699: result: autoconf
configure:6715: checking for autoheader
configure:6731: found /home/user/workdir/openwrt-fs/openwrt-23.05.5/staging_dir/host/bin/autoheader
configure:6742: result: autoheader
configure:6873: checking bison 3 or later
configure:6881: result: 3.8.2, bison3
configure:6950: updating cache ./config.cache
configure:6999: creating ./config.status

## ---------------------- ##
## Running config.status. ##
## ---------------------- ##

This file was extended by config.status, which was
generated by GNU Autoconf 2.69.  Invocation command line was

  CONFIG_FILES    = 
  CONFIG_HEADERS  = 
  CONFIG_LINKS    = 
  CONFIG_COMMANDS = 
  $ ./config.status 

on e6fd6bfc75d4

config.status:918: creating Makefile
config.status:918: creating config.intl
config.status:918: creating config.h
config.status:1107: executing default-1 commands

## ---------------- ##
## Cache variables. ##
## ---------------- ##

ac_cv_build=x86_64-pc-linux-gnu
ac_cv_c_compiler_gnu=yes
ac_cv_c_const=yes
ac_cv_c_inline=inline
ac_cv_env_CC_set=set
ac_cv_env_CC_value=gcc
ac_cv_env_CFLAGS_set=set
ac_cv_env_CFLAGS_value='-O2 -I/home/user/workdir/openwrt-fs/openwrt-23.05.5/staging_dir/host/include     '
ac_cv_env_CPPFLAGS_set=
ac_cv_env_CPPFLAGS_value=
ac_cv_env_CPP_set=
ac_cv_env_CPP_value=
ac_cv_env_LDFLAGS_set=set
ac_cv_env_LDFLAGS_value=' -L/home/user/workdir/openwrt-fs/openwrt-23.05.5/staging_dir/host/lib '
ac_cv_env_LIBS_set=
ac_cv_env_LIBS_value=
ac_cv_env_build_alias_set=set
ac_cv_env_build_alias_value=x86_64-pc-linux-gnu
ac_cv_env_host_alias_set=set
ac_cv_env_host_alias_value=x86_64-pc-linux-gnu
ac_cv_env_target_alias_set=set
ac_cv_env_target_alias_value=aarch64-openwrt-linux-musl
ac_cv_func___argz_count=yes
ac_cv_func___argz_next=yes
ac_cv_func___argz_stringify=yes
ac_cv_func___fsetlocking=yes
ac_cv_func_alloca_works=yes
ac_cv_func_feof_unlocked=yes
ac_cv_func_fgets_unlocked=yes
ac_cv_func_getc_unlocked=yes
ac_cv_func_getcwd=yes
ac_cv_func_getegid=yes
ac_cv_func_geteuid=yes
ac_cv_func_getgid=yes
ac_cv_func_getpagesize=yes
ac_cv_func_getuid=yes
ac_cv_func_mempcpy=yes
ac_cv_func_mmap_fixed_mapped=yes
ac_cv_func_munmap=yes
ac_cv_func_putenv=yes
ac_cv_func_setenv=yes
ac_cv_func_setlocale=yes
ac_cv_func_stpcpy=yes
ac_cv_func_strcasecmp=yes
ac_cv_func_strdup=yes
ac_cv_func_strtoul=yes
ac_cv_func_tsearch=yes
ac_cv_gnu_library_2_1=yes
ac_cv_header_argz_h=yes
ac_cv_header_inttypes_h=yes
ac_cv_header_limits_h=yes
ac_cv_header_locale_h=yes
ac_cv_header_malloc_h=yes
ac_cv_header_memory_h=yes
ac_cv_header_minix_config_h=no
ac_cv_header_nl_types_h=yes
ac_cv_header_stdc=yes
ac_cv_header_stddef_h=yes
ac_cv_header_stdint_h=yes
ac_cv_header_stdlib_h=yes
ac_cv_header_string_h=yes
ac_cv_header_strings_h=yes
ac_cv_header_sys_param_h=yes
ac_cv_header_sys_stat_h=yes
ac_cv_header_sys_types_h=yes
ac_cv_header_unistd_h=yes
ac_cv_host=x86_64-pc-linux-gnu
ac_cv_objext=o
ac_cv_path_EGREP='/home/user/workdir/openwrt-fs/openwrt-23.05.5/staging_dir/host/bin/grep -E'
ac_cv_path_GMSGFMT=/usr/bin/msgfmt
ac_cv_path_GREP=/home/user/workdir/openwrt-fs/openwrt-23.05.5/staging_dir/host/bin/grep
ac_cv_path_MSGFMT=/usr/bin/msgfmt
ac_cv_path_MSGMERGE=/usr/bin/msgmerge
ac_cv_path_XGETTEXT=/usr/bin/xgettext
ac_cv_prog_ACLOCAL=aclocal
ac_cv_prog_AUTOCONF=autoconf
ac_cv_prog_AUTOHEADER=autoheader
ac_cv_prog_CC=gcc
ac_cv_prog_CPP='gcc -E'
ac_cv_prog_INTLBISON=bison
ac_cv_prog_RANLIB='ranlib --plugin /usr/lib/gcc/x86_64-linux-gnu/9/liblto_plugin.so'
ac_cv_prog_cc_c89=
ac_cv_prog_cc_g=yes
ac_cv_prog_make_make_set=yes
ac_cv_safe_to_define___extensions__=yes
ac_cv_search_strerror='none required'
ac_cv_type_off_t=yes
ac_cv_type_size_t=yes
ac_cv_type_unsigned_long_long=yes
ac_cv_working_alloca_h=yes
acl_cv_hardcode_direct=no
acl_cv_hardcode_libdir_flag_spec='${wl}-rpath ${wl}$libdir'
acl_cv_hardcode_libdir_separator=
acl_cv_hardcode_minus_L=no
acl_cv_libext=a
acl_cv_path_LD=ld
acl_cv_prog_gnu_ld=yes
acl_cv_rpath=done
acl_cv_shlibext=so
acl_cv_wl=-Wl,
am_cv_func_iconv=yes
am_cv_langinfo_codeset=yes
am_cv_lib_iconv=no
am_cv_proto_iconv='extern size_t iconv (iconv_t cd, char * *inbuf, size_t *inbytesleft, char * *outbuf, size_t *outbytesleft);'
am_cv_proto_iconv_arg1=
am_cv_val_LC_MESSAGES=yes
gt_cv_header_inttypes_h=yes
gt_cv_int_divbyzero_sigfpe=yes
gt_cv_inttypes_pri_broken=no
jm_ac_cv_header_inttypes_h=yes
jm_ac_cv_header_stdint_h=yes
nls_cv_header_intl=
nls_cv_header_libgt=

## ----------------- ##
## Output variables. ##
## ----------------- ##

ACLOCAL='aclocal'
ALLOCA=''
AUTOCONF='autoconf'
AUTOHEADER='autoheader'
BISON3_NO='#'
BISON3_YES=''
BUILD_INCLUDED_LIBINTL='no'
CATOBJEXT=''
CC='gcc'
CFLAGS='-O2 -I/home/user/workdir/openwrt-fs/openwrt-23.05.5/staging_dir/host/include     '
CPP='gcc -E'
CPPFLAGS=''
DATADIRNAME='share'
DEFS='-DHAVE_CONFIG_H'
ECHO_C=''
ECHO_N='-n'
ECHO_T=''
EGREP='/home/user/workdir/openwrt-fs/openwrt-23.05.5/staging_dir/host/bin/grep -E'
EXEEXT=''
GENCAT='gencat'
GLIBC21='yes'
GMSGFMT='/usr/bin/msgfmt'
GREP='/home/user/workdir/openwrt-fs/openwrt-23.05.5/staging_dir/host/bin/grep'
INCINTL=''
INSTALL_DATA='/home/user/workdir/openwrt-fs/openwrt-23.05.5/staging_dir/host/bin/install -c -m 644'
INSTALL_PROGRAM='/home/user/workdir/openwrt-fs/openwrt-23.05.5/staging_dir/host/bin/install -c'
INSTALL_SCRIPT='/home/user/workdir/openwrt-fs/openwrt-23.05.5/staging_dir/host/bin/install -c'
INSTOBJEXT='.mo'
INTLBISON='bison'
INTLLIBS=''
INTLOBJS=''
INTL_LIBTOOL_SUFFIX_PREFIX=''
LDFLAGS=' -L/home/user/workdir/openwrt-fs/openwrt-23.05.5/staging_dir/host/lib '
LIBICONV=''
LIBINTL=''
LIBINTL_DEP=''
LIBOBJS=''
LIBS=''
LTLIBICONV=''
LTLIBINTL=''
LTLIBOBJS=''
MAINT='#'
MKINSTALLDIRS='$(top_builddir)/./../mkinstalldirs'
MSGFMT='/usr/bin/msgfmt'
MSGMERGE='/usr/bin/msgmerge'
OBJEXT='o'
PACKAGE_BUGREPORT=''
PACKAGE_NAME=''
PACKAGE_STRING=''
PACKAGE_TARNAME=''
PACKAGE_URL=''
PACKAGE_VERSION=''
PATH_SEPARATOR=':'
PICFLAG='-fpic'
POSUB=''
RANLIB='ranlib --plugin /usr/lib/gcc/x86_64-linux-gnu/9/liblto_plugin.so'
SET_MAKE=''
SHELL='/usr/bin/env bash'
USE_INCLUDED_LIBINTL='no'
USE_NLS='no'
XGETTEXT='/usr/bin/xgettext'
ac_ct_CC=''
bindir='${exec_prefix}/bin'
build='x86_64-pc-linux-gnu'
build_alias='x86_64-pc-linux-gnu'
build_cpu='x86_64'
build_os='linux-gnu'
build_vendor='pc'
datadir='${datarootdir}'
datarootdir='${prefix}/share'
docdir='${datarootdir}/doc/${PACKAGE}'
dvidir='${docdir}'
exec_prefix='${prefix}'
host='x86_64-pc-linux-gnu'
host_alias='x86_64-pc-linux-gnu'
host_cpu='x86_64'
host_os='linux-gnu'
host_vendor='pc'
htmldir='${docdir}'
includedir='${prefix}/include'
infodir='${datarootdir}/info'
libdir='${exec_prefix}/lib'
libexecdir='${exec_prefix}/libexec'
localedir='${datarootdir}/locale'
localstatedir='${prefix}/var'
mandir='${datarootdir}/man'
oldincludedir='/usr/include'
pdfdir='${docdir}'
prefix='/home/user/workdir/openwrt-fs/openwrt-23.05.5/staging_dir/toolchain-aarch64_cortex-a53_gcc-12.3.0_musl'
program_transform_name='s&^&aarch64-openwrt-linux-musl-&'
psdir='${docdir}'
sbindir='${exec_prefix}/sbin'
sharedstatedir='${prefix}/com'
sysconfdir='${prefix}/etc'
target_alias='aarch64-openwrt-linux-musl'

## ----------- ##
## confdefs.h. ##
## ----------- ##

/* confdefs.h */
#define PACKAGE_NAME ""
#define PACKAGE_TARNAME ""
#define PACKAGE_VERSION ""
#define PACKAGE_STRING ""
#define PACKAGE_BUGREPORT ""
#define PACKAGE_URL ""
#define STDC_HEADERS 1
#define HAVE_SYS_TYPES_H 1
#define HAVE_SYS_STAT_H 1
#define HAVE_STDLIB_H 1
#define HAVE_STRING_H 1
#define HAVE_MEMORY_H 1
#define HAVE_STRINGS_H 1
#define HAVE_INTTYPES_H 1
#define HAVE_STDINT_H 1
#define HAVE_UNISTD_H 1
#define __EXTENSIONS__ 1
#define _ALL_SOURCE 1
#define _GNU_SOURCE 1
#define _POSIX_PTHREAD_SEMANTICS 1
#define _TANDEM_SOURCE 1
#define HAVE_ALLOCA_H 1
#define HAVE_ALLOCA 1
#define HAVE_STDLIB_H 1
#define HAVE_UNISTD_H 1
#define HAVE_SYS_PARAM_H 1
#define HAVE_GETPAGESIZE 1
#define HAVE_MMAP 1
#define INTDIV0_RAISES_SIGFPE 1
#define HAVE_INTTYPES_H_WITH_UINTMAX 1
#define HAVE_STDINT_H_WITH_UINTMAX 1
#define HAVE_UNSIGNED_LONG_LONG 1
#define HAVE_UINTMAX_T 1
#define HAVE_INTTYPES_H 1
#define HAVE_ARGZ_H 1
#define HAVE_LIMITS_H 1
#define HAVE_LOCALE_H 1
#define HAVE_NL_TYPES_H 1
#define HAVE_MALLOC_H 1
#define HAVE_STDDEF_H 1
#define HAVE_STDLIB_H 1
#define HAVE_STRING_H 1
#define HAVE_UNISTD_H 1
#define HAVE_SYS_PARAM_H 1
#define HAVE_FEOF_UNLOCKED 1
#define HAVE_FGETS_UNLOCKED 1
#define HAVE_GETC_UNLOCKED 1
#define HAVE_GETCWD 1
#define HAVE_GETEGID 1
#define HAVE_GETEUID 1
#define HAVE_GETGID 1
#define HAVE_GETUID 1
#define HAVE_MEMPCPY 1
#define HAVE_MUNMAP 1
#define HAVE_PUTENV 1
#define HAVE_SETENV 1
#define HAVE_SETLOCALE 1
#define HAVE_STPCPY 1
#define HAVE_STRCASECMP 1
#define HAVE_STRDUP 1
#define HAVE_STRTOUL 1
#define HAVE_TSEARCH 1
#define HAVE___ARGZ_COUNT 1
#define HAVE___ARGZ_STRINGIFY 1
#define HAVE___ARGZ_NEXT 1
#define HAVE___FSETLOCKING 1
#define HAVE_ICONV 1
#define ICONV_CONST 
#define HAVE_LANGINFO_CODESET 1
#define HAVE_LC_MESSAGES 1
#define IN_LIBINTL 1
#define IN_LIBRARY 1
#define DEPENDS_ON_LIBICONV 1
#define ENABLE_RELOCATABLE 1
#define NO_XMALLOC 1
#define set_relocation_prefix libintl_set_relocation_prefix
#define relocate libintl_relocate

configure: exit 0
