This file contains any messages produced by compilers while
running configure, to aid debugging if configure makes a mistake.

It was created by configure, which was
generated by GNU Autoconf 2.69.  Invocation command line was

  $ ./configure --prefix=/home/user/workdir/openwrt-fs/openwrt-23.05.5/staging_dir/toolchain-aarch64_cortex-a53_gcc-12.3.0_musl --build=x86_64-pc-linux-gnu --host=x86_64-pc-linux-gnu --target=aarch64-openwrt-linux-musl --with-sysroot=/home/user/workdir/openwrt-fs/openwrt-23.05.5/staging_dir/toolchain-aarch64_cortex-a53_gcc-12.3.0_musl --with-system-zlib --with-zstd --enable-deterministic-archives --enable-plugins --enable-lto --disable-gprofng --disable-multilib --disable-werror --disable-nls --disable-sim --disable-gdb --without-isl --without-cloog --enable-libssp

## --------- ##
## Platform. ##
## --------- ##

hostname = e6fd6bfc75d4
uname -m = x86_64
uname -r = 6.10.11-linuxkit
uname -s = Linux
uname -v = #1 SMP PREEMPT_DYNAMIC Thu Oct  3 10:19:48 UTC 2024

/usr/bin/uname -p = x86_64
/bin/uname -X     = unknown

/bin/arch              = x86_64
/usr/bin/arch -k       = unknown
/usr/convex/getsysinfo = unknown
/usr/bin/hostinfo      = unknown
/bin/machine           = unknown
/usr/bin/oslevel       = unknown
/bin/universe          = unknown

PATH: /home/user/workdir/openwrt-fs/openwrt-23.05.5/staging_dir/toolchain-aarch64_cortex-a53_gcc-12.3.0_musl/bin
PATH: /home/user/workdir/openwrt-fs/openwrt-23.05.5/staging_dir/toolchain-aarch64_cortex-a53_gcc-12.3.0_musl/bin
PATH: /home/user/workdir/openwrt-fs/openwrt-23.05.5/staging_dir/host/bin
PATH: /home/user/workdir/openwrt-fs/openwrt-23.05.5/staging_dir/toolchain-aarch64_cortex-a53_gcc-12.3.0_musl/bin
PATH: /home/user/workdir/openwrt-fs/openwrt-23.05.5/staging_dir/host/bin
PATH: /home/user/workdir/openwrt-fs/openwrt-23.05.5/staging_dir/host/bin
PATH: /usr/local/sbin
PATH: /usr/local/bin
PATH: /usr/sbin
PATH: /usr/bin
PATH: /sbin
PATH: /bin


## ----------- ##
## Core tests. ##
## ----------- ##

configure:2388: checking build system type
configure:2402: result: x86_64-pc-linux-gnu
configure:2449: checking host system type
configure:2462: result: x86_64-pc-linux-gnu
configure:2482: checking target system type
configure:2495: result: aarch64-openwrt-linux-musl
configure:2549: checking for a BSD-compatible install
configure:2617: result: /home/user/workdir/openwrt-fs/openwrt-23.05.5/staging_dir/host/bin/install -c
configure:2628: checking whether ln works
configure:2650: result: yes
configure:2654: checking whether ln -s works
configure:2658: result: yes
configure:2665: checking for a sed that does not truncate output
configure:2729: result: /home/user/workdir/openwrt-fs/openwrt-23.05.5/staging_dir/host/bin/sed
configure:2738: checking for gawk
configure:2754: found /usr/bin/gawk
configure:2765: result: gawk
configure:4206: checking for x86_64-pc-linux-gnu-gcc
configure:4233: result: gcc
configure:4502: checking for C compiler version
configure:4511: gcc --version >&5
gcc (Ubuntu 9.4.0-1ubuntu1~20.04.2) 9.4.0
Copyright (C) 2019 Free Software Foundation, Inc.
This is free software; see the source for copying conditions.  There is NO
warranty; not even for MERCHANTABILITY or FITNESS FOR A PARTICULAR PURPOSE.

configure:4522: $? = 0
configure:4511: gcc -v >&5
Using built-in specs.
COLLECT_GCC=gcc
COLLECT_LTO_WRAPPER=/usr/lib/gcc/x86_64-linux-gnu/9/lto-wrapper
OFFLOAD_TARGET_NAMES=nvptx-none:hsa
OFFLOAD_TARGET_DEFAULT=1
Target: x86_64-linux-gnu
Configured with: ../src/configure -v --with-pkgversion='Ubuntu 9.4.0-1ubuntu1~20.04.2' --with-bugurl=file:///usr/share/doc/gcc-9/README.Bugs --enable-languages=c,ada,c++,go,brig,d,fortran,objc,obj-c++,gm2 --prefix=/usr --with-gcc-major-version-only --program-suffix=-9 --program-prefix=x86_64-linux-gnu- --enable-shared --enable-linker-build-id --libexecdir=/usr/lib --without-included-gettext --enable-threads=posix --libdir=/usr/lib --enable-nls --enable-clocale=gnu --enable-libstdcxx-debug --enable-libstdcxx-time=yes --with-default-libstdcxx-abi=new --enable-gnu-unique-object --disable-vtable-verify --enable-plugin --enable-default-pie --with-system-zlib --with-target-system-zlib=auto --enable-objc-gc=auto --enable-multiarch --disable-werror --with-arch-32=i686 --with-abi=m64 --with-multilib-list=m32,m64,mx32 --enable-multilib --with-tune=generic --enable-offload-targets=nvptx-none=/build/gcc-9-9QDOt0/gcc-9-9.4.0/debian/tmp-nvptx/usr,hsa --without-cuda-driver --enable-checking=release --build=x86_64-linux-gnu --host=x86_64-linux-gnu --target=x86_64-linux-gnu
Thread model: posix
gcc version 9.4.0 (Ubuntu 9.4.0-1ubuntu1~20.04.2) 
configure:4522: $? = 0
configure:4511: gcc -V >&5
gcc: error: unrecognized command line option '-V'
gcc: fatal error: no input files
compilation terminated.
configure:4522: $? = 1
configure:4511: gcc -qversion >&5
gcc: error: unrecognized command line option '-qversion'; did you mean '--version'?
gcc: fatal error: no input files
compilation terminated.
configure:4522: $? = 1
configure:4542: checking whether the C compiler works
configure:4564: gcc -O2 -I/home/user/workdir/openwrt-fs/openwrt-23.05.5/staging_dir/host/include  -I/home/user/workdir/openwrt-fs/openwrt-23.05.5/staging_dir/host/include  -L/home/user/workdir/openwrt-fs/openwrt-23.05.5/staging_dir/host/lib  conftest.c  >&5
configure:4568: $? = 0
configure:4616: result: yes
configure:4619: checking for C compiler default output file name
configure:4621: result: a.out
configure:4627: checking for suffix of executables
configure:4634: gcc -o conftest -O2 -I/home/user/workdir/openwrt-fs/openwrt-23.05.5/staging_dir/host/include  -I/home/user/workdir/openwrt-fs/openwrt-23.05.5/staging_dir/host/include  -L/home/user/workdir/openwrt-fs/openwrt-23.05.5/staging_dir/host/lib  conftest.c  >&5
configure:4638: $? = 0
configure:4660: result: 
configure:4682: checking whether we are cross compiling
configure:4690: gcc -o conftest -O2 -I/home/user/workdir/openwrt-fs/openwrt-23.05.5/staging_dir/host/include  -I/home/user/workdir/openwrt-fs/openwrt-23.05.5/staging_dir/host/include  -L/home/user/workdir/openwrt-fs/openwrt-23.05.5/staging_dir/host/lib  conftest.c  >&5
configure:4694: $? = 0
configure:4701: ./conftest
configure:4705: $? = 0
configure:4693: result: no
configure:4698: checking for suffix of object files
configure:4720: gcc -c -O2 -I/home/user/workdir/openwrt-fs/openwrt-23.05.5/staging_dir/host/include  -I/home/user/workdir/openwrt-fs/openwrt-23.05.5/staging_dir/host/include  conftest.c >&5
configure:4724: $? = 0
configure:4745: result: o
configure:4749: checking whether we are using the GNU C compiler
configure:4768: gcc -c -O2 -I/home/user/workdir/openwrt-fs/openwrt-23.05.5/staging_dir/host/include  -I/home/user/workdir/openwrt-fs/openwrt-23.05.5/staging_dir/host/include  conftest.c >&5
configure:4768: $? = 0
configure:4777: result: yes
configure:4786: checking whether gcc accepts -g
configure:4806: gcc -c -g -I/home/user/workdir/openwrt-fs/openwrt-23.05.5/staging_dir/host/include  conftest.c >&5
configure:4806: $? = 0
configure:4847: result: yes
configure:4864: checking for gcc option to accept ISO C89
configure:4927: gcc  -c -O2 -I/home/user/workdir/openwrt-fs/openwrt-23.05.5/staging_dir/host/include  -I/home/user/workdir/openwrt-fs/openwrt-23.05.5/staging_dir/host/include  conftest.c >&5
configure:4927: $? = 0
configure:4940: result: none needed
configure:4960: checking for gcc option to accept ISO C99
configure:5109: gcc  -c -O2 -I/home/user/workdir/openwrt-fs/openwrt-23.05.5/staging_dir/host/include  -I/home/user/workdir/openwrt-fs/openwrt-23.05.5/staging_dir/host/include  conftest.c >&5
configure:5109: $? = 0
configure:5122: result: none needed
configure:5249: checking for C++ compiler version
configure:5258: g++ --version >&5
g++ (Ubuntu 9.4.0-1ubuntu1~20.04.2) 9.4.0
Copyright (C) 2019 Free Software Foundation, Inc.
This is free software; see the source for copying conditions.  There is NO
warranty; not even for MERCHANTABILITY or FITNESS FOR A PARTICULAR PURPOSE.

configure:5269: $? = 0
configure:5258: g++ -v >&5
Using built-in specs.
COLLECT_GCC=g++
COLLECT_LTO_WRAPPER=/usr/lib/gcc/x86_64-linux-gnu/9/lto-wrapper
OFFLOAD_TARGET_NAMES=nvptx-none:hsa
OFFLOAD_TARGET_DEFAULT=1
Target: x86_64-linux-gnu
Configured with: ../src/configure -v --with-pkgversion='Ubuntu 9.4.0-1ubuntu1~20.04.2' --with-bugurl=file:///usr/share/doc/gcc-9/README.Bugs --enable-languages=c,ada,c++,go,brig,d,fortran,objc,obj-c++,gm2 --prefix=/usr --with-gcc-major-version-only --program-suffix=-9 --program-prefix=x86_64-linux-gnu- --enable-shared --enable-linker-build-id --libexecdir=/usr/lib --without-included-gettext --enable-threads=posix --libdir=/usr/lib --enable-nls --enable-clocale=gnu --enable-libstdcxx-debug --enable-libstdcxx-time=yes --with-default-libstdcxx-abi=new --enable-gnu-unique-object --disable-vtable-verify --enable-plugin --enable-default-pie --with-system-zlib --with-target-system-zlib=auto --enable-objc-gc=auto --enable-multiarch --disable-werror --with-arch-32=i686 --with-abi=m64 --with-multilib-list=m32,m64,mx32 --enable-multilib --with-tune=generic --enable-offload-targets=nvptx-none=/build/gcc-9-9QDOt0/gcc-9-9.4.0/debian/tmp-nvptx/usr,hsa --without-cuda-driver --enable-checking=release --build=x86_64-linux-gnu --host=x86_64-linux-gnu --target=x86_64-linux-gnu
Thread model: posix
gcc version 9.4.0 (Ubuntu 9.4.0-1ubuntu1~20.04.2) 
configure:5269: $? = 0
configure:5258: g++ -V >&5
g++: error: unrecognized command line option '-V'
g++: fatal error: no input files
compilation terminated.
configure:5269: $? = 1
configure:5258: g++ -qversion >&5
g++: error: unrecognized command line option '-qversion'; did you mean '--version'?
g++: fatal error: no input files
compilation terminated.
configure:5269: $? = 1
configure:5273: checking whether we are using the GNU C++ compiler
configure:5292: g++ -c  -I/home/user/workdir/openwrt-fs/openwrt-23.05.5/staging_dir/host/include  conftest.cpp >&5
configure:5292: $? = 0
configure:5301: result: yes
configure:5310: checking whether g++ accepts -g
configure:5330: g++ -c -g -I/home/user/workdir/openwrt-fs/openwrt-23.05.5/staging_dir/host/include  conftest.cpp >&5
configure:5330: $? = 0
configure:5371: result: yes
configure:5420: checking whether g++ accepts -static-libstdc++ -static-libgcc
configure:5437: g++ -o conftest  -I/home/user/workdir/openwrt-fs/openwrt-23.05.5/staging_dir/host/include  -L/home/user/workdir/openwrt-fs/openwrt-23.05.5/staging_dir/host/lib  -static-libstdc++ -static-libgcc conftest.cpp  >&5
configure:5437: $? = 0
configure:5438: result: yes
configure:5462: checking for x86_64-pc-linux-gnu-gnatbind
configure:5492: result: no
configure:5502: checking for gnatbind
configure:5532: result: no
configure:5554: checking for x86_64-pc-linux-gnu-gnatmake
configure:5584: result: no
configure:5594: checking for gnatmake
configure:5624: result: no
configure:5643: checking whether compiler driver understands Ada and is recent enough
configure:5670: result: false
configure:5684: checking for x86_64-pc-linux-gnu-gdc
configure:5714: result: no
configure:5724: checking for gdc
configure:5754: result: no
configure:5773: checking whether the D compiler works
configure:5790: result: no
configure:5798: checking how to compare bootstrapped objects
configure:5823: result: cmp --ignore-initial=16 $$f1 $$f2
configure:7967: checking for objdir
configure:7982: result: .libs
configure:9751: checking for default BUILD_CONFIG
configure:9783: result: 
configure:9788: checking for --enable-vtable-verify
configure:9801: result: no
configure:10454: checking for bison
configure:10470: found /home/user/workdir/openwrt-fs/openwrt-23.05.5/staging_dir/host/bin/bison
configure:10481: result: bison -y
configure:10501: checking for bison
configure:10517: found /home/user/workdir/openwrt-fs/openwrt-23.05.5/staging_dir/host/bin/bison
configure:10528: result: bison
configure:10548: checking for gm4
configure:10575: result: /home/user/workdir/openwrt-fs/openwrt-23.05.5/staging_dir/host/bin/m4
configure:10595: checking for flex
configure:10611: found /home/user/workdir/openwrt-fs/openwrt-23.05.5/staging_dir/host/bin/flex
configure:10622: result: flex
configure:10643: checking for flex
configure:10659: found /home/user/workdir/openwrt-fs/openwrt-23.05.5/staging_dir/host/bin/flex
configure:10670: result: flex
configure:10690: checking for makeinfo
configure:10706: found /home/user/workdir/openwrt-fs/openwrt-23.05.5/staging_dir/host/bin/makeinfo
configure:10717: result: makeinfo
configure:10751: checking for expect
configure:10781: result: no
configure:10800: checking for runtest
configure:10830: result: no
configure:10906: checking for x86_64-pc-linux-gnu-ar
configure:10936: result: no
configure:10945: checking for ar
configure:10961: found /usr/bin/ar
configure:10972: result: ar
configure:11047: checking for x86_64-pc-linux-gnu-as
configure:11077: result: no
configure:11086: checking for as
configure:11102: found /usr/bin/as
configure:11113: result: as
configure:11188: checking for x86_64-pc-linux-gnu-dlltool
configure:11218: result: no
configure:11227: checking for dlltool
configure:11257: result: no
configure:11329: checking for x86_64-pc-linux-gnu-dsymutil
configure:11359: result: no
configure:11368: checking for dsymutil
configure:11398: result: no
configure:11470: checking for x86_64-pc-linux-gnu-ld
configure:11500: result: no
configure:11509: checking for ld
configure:11525: found /usr/bin/ld
configure:11536: result: ld
configure:11611: checking for x86_64-pc-linux-gnu-lipo
configure:11641: result: no
configure:11650: checking for lipo
configure:11680: result: no
configure:11752: checking for x86_64-pc-linux-gnu-nm
configure:11782: result: no
configure:11791: checking for nm
configure:11807: found /usr/bin/nm
configure:11818: result: nm
configure:11893: checking for x86_64-pc-linux-gnu-ranlib
configure:11923: result: no
configure:11932: checking for ranlib
configure:11948: found /usr/bin/ranlib
configure:11959: result: ranlib
configure:12029: checking for x86_64-pc-linux-gnu-strip
configure:12059: result: no
configure:12068: checking for strip
configure:12084: found /usr/bin/strip
configure:12095: result: strip
configure:12165: checking for x86_64-pc-linux-gnu-windres
configure:12195: result: no
configure:12204: checking for windres
configure:12234: result: no
configure:12306: checking for x86_64-pc-linux-gnu-windmc
configure:12336: result: no
configure:12345: checking for windmc
configure:12375: result: no
configure:12447: checking for x86_64-pc-linux-gnu-objcopy
configure:12477: result: no
configure:12486: checking for objcopy
configure:12502: found /usr/bin/objcopy
configure:12513: result: objcopy
configure:12588: checking for x86_64-pc-linux-gnu-objdump
configure:12618: result: no
configure:12627: checking for objdump
configure:12643: found /usr/bin/objdump
configure:12654: result: objdump
configure:12729: checking for x86_64-pc-linux-gnu-otool
configure:12759: result: no
configure:12768: checking for otool
configure:12798: result: no
configure:12870: checking for x86_64-pc-linux-gnu-readelf
configure:12900: result: no
configure:12909: checking for readelf
configure:12925: found /usr/bin/readelf
configure:12936: result: readelf
configure:12965: checking for -plugin option
configure:12983: checking for x86_64-pc-linux-gnu-ar
configure:13010: result: ar
configure:13085: result: --plugin /usr/lib/gcc/x86_64-linux-gnu/9/liblto_plugin.so
configure:13193: checking for aarch64-openwrt-linux-musl-cc
configure:13223: result: no
configure:13193: checking for aarch64-openwrt-linux-musl-gcc
configure:13223: result: no
configure:13354: checking for aarch64-openwrt-linux-musl-c++
configure:13384: result: no
configure:13354: checking for aarch64-openwrt-linux-musl-g++
configure:13384: result: no
configure:13354: checking for aarch64-openwrt-linux-musl-cxx
configure:13384: result: no
configure:13354: checking for aarch64-openwrt-linux-musl-gxx
configure:13384: result: no
configure:13515: checking for aarch64-openwrt-linux-musl-gcc
configure:13545: result: no
configure:13671: checking for aarch64-openwrt-linux-musl-gfortran
configure:13701: result: no
configure:13832: checking for aarch64-openwrt-linux-musl-gccgo
configure:13862: result: no
configure:13993: checking for aarch64-openwrt-linux-musl-gdc
configure:14023: result: no
configure:14234: checking for aarch64-openwrt-linux-musl-ar
configure:14264: result: no
configure:14464: checking for aarch64-openwrt-linux-musl-as
configure:14494: result: no
configure:14694: checking for aarch64-openwrt-linux-musl-dlltool
configure:14724: result: no
configure:14924: checking for aarch64-openwrt-linux-musl-dsymutil
configure:14954: result: no
configure:15154: checking for aarch64-openwrt-linux-musl-ld
configure:15184: result: no
configure:15384: checking for aarch64-openwrt-linux-musl-lipo
configure:15414: result: no
configure:15614: checking for aarch64-openwrt-linux-musl-nm
configure:15644: result: no
configure:15844: checking for aarch64-openwrt-linux-musl-objcopy
configure:15874: result: no
configure:16074: checking for aarch64-openwrt-linux-musl-objdump
configure:16104: result: no
configure:16304: checking for aarch64-openwrt-linux-musl-otool
configure:16334: result: no
configure:16534: checking for aarch64-openwrt-linux-musl-ranlib
configure:16564: result: no
configure:16764: checking for aarch64-openwrt-linux-musl-readelf
configure:16794: result: no
configure:16994: checking for aarch64-openwrt-linux-musl-strip
configure:17024: result: no
configure:17224: checking for aarch64-openwrt-linux-musl-windres
configure:17254: result: no
configure:17454: checking for aarch64-openwrt-linux-musl-windmc
configure:17484: result: no
configure:17551: checking where to find the target ar
configure:17574: result: just compiled
configure:17593: checking where to find the target as
configure:17616: result: just compiled
configure:17635: checking where to find the target cc
configure:17672: result: pre-installed
configure:17677: checking where to find the target c++
configure:17717: result: pre-installed
configure:17722: checking where to find the target c++ for libstdc++
configure:17762: result: pre-installed
configure:17767: checking where to find the target dlltool
configure:17790: result: just compiled
configure:17809: checking where to find the target dsymutil
configure:17835: result: pre-installed
configure:17840: checking where to find the target gcc
configure:17877: result: pre-installed
configure:17882: checking where to find the target gfortran
configure:17922: result: pre-installed
configure:17927: checking where to find the target gccgo
configure:17967: result: pre-installed
configure:17972: checking where to find the target gdc
configure:18012: result: pre-installed
configure:18017: checking where to find the target ld
configure:18040: result: just compiled
configure:18059: checking where to find the target lipo
configure:18085: result: pre-installed
configure:18090: checking where to find the target nm
configure:18113: result: just compiled
configure:18132: checking where to find the target objcopy
configure:18155: result: just compiled
configure:18174: checking where to find the target objdump
configure:18197: result: just compiled
configure:18216: checking where to find the target otool
configure:18242: result: pre-installed
configure:18247: checking where to find the target ranlib
configure:18270: result: just compiled
configure:18289: checking where to find the target readelf
configure:18312: result: just compiled
configure:18331: checking where to find the target strip
configure:18354: result: just compiled
configure:18373: checking where to find the target windres
configure:18396: result: just compiled
configure:18415: checking where to find the target windmc
configure:18438: result: just compiled
configure:18485: checking whether to enable maintainer-specific portions of Makefiles
configure:18494: result: no
configure:18729: creating ./config.status

## ---------------------- ##
## Running config.status. ##
## ---------------------- ##

This file was extended by config.status, which was
generated by GNU Autoconf 2.69.  Invocation command line was

  CONFIG_FILES    = 
  CONFIG_HEADERS  = 
  CONFIG_LINKS    = 
  CONFIG_COMMANDS = 
  $ ./config.status 

on e6fd6bfc75d4

config.status:1002: creating Makefile

## ---------------- ##
## Cache variables. ##
## ---------------- ##

ac_cv_build=x86_64-pc-linux-gnu
ac_cv_c_compiler_gnu=yes
ac_cv_cxx_compiler_gnu=yes
ac_cv_env_AR_FOR_TARGET_set=
ac_cv_env_AR_FOR_TARGET_value=
ac_cv_env_AR_set=
ac_cv_env_AR_value=
ac_cv_env_AS_FOR_TARGET_set=
ac_cv_env_AS_FOR_TARGET_value=
ac_cv_env_AS_set=
ac_cv_env_AS_value=
ac_cv_env_CCC_set=
ac_cv_env_CCC_value=
ac_cv_env_CC_FOR_TARGET_set=
ac_cv_env_CC_FOR_TARGET_value=
ac_cv_env_CC_set=set
ac_cv_env_CC_value=gcc
ac_cv_env_CFLAGS_set=set
ac_cv_env_CFLAGS_value='-O2 -I/home/user/workdir/openwrt-fs/openwrt-23.05.5/staging_dir/host/include '
ac_cv_env_CPPFLAGS_set=set
ac_cv_env_CPPFLAGS_value='-I/home/user/workdir/openwrt-fs/openwrt-23.05.5/staging_dir/host/include '
ac_cv_env_CXXFLAGS_set=set
ac_cv_env_CXXFLAGS_value=
ac_cv_env_CXX_FOR_TARGET_set=
ac_cv_env_CXX_FOR_TARGET_value=
ac_cv_env_CXX_set=set
ac_cv_env_CXX_value=g++
ac_cv_env_DLLTOOL_FOR_TARGET_set=
ac_cv_env_DLLTOOL_FOR_TARGET_value=
ac_cv_env_DLLTOOL_set=
ac_cv_env_DLLTOOL_value=
ac_cv_env_DSYMUTIL_FOR_TARGET_set=
ac_cv_env_DSYMUTIL_FOR_TARGET_value=
ac_cv_env_DSYMUTIL_set=
ac_cv_env_DSYMUTIL_value=
ac_cv_env_GCC_FOR_TARGET_set=
ac_cv_env_GCC_FOR_TARGET_value=
ac_cv_env_GDC_FOR_TARGET_set=
ac_cv_env_GDC_FOR_TARGET_value=
ac_cv_env_GFORTRAN_FOR_TARGET_set=
ac_cv_env_GFORTRAN_FOR_TARGET_value=
ac_cv_env_GOC_FOR_TARGET_set=
ac_cv_env_GOC_FOR_TARGET_value=
ac_cv_env_LDFLAGS_set=set
ac_cv_env_LDFLAGS_value='-L/home/user/workdir/openwrt-fs/openwrt-23.05.5/staging_dir/host/lib '
ac_cv_env_LD_FOR_TARGET_set=
ac_cv_env_LD_FOR_TARGET_value=
ac_cv_env_LD_set=
ac_cv_env_LD_value=
ac_cv_env_LIBS_set=
ac_cv_env_LIBS_value=
ac_cv_env_LIPO_FOR_TARGET_set=
ac_cv_env_LIPO_FOR_TARGET_value=
ac_cv_env_LIPO_set=
ac_cv_env_LIPO_value=
ac_cv_env_NM_FOR_TARGET_set=
ac_cv_env_NM_FOR_TARGET_value=
ac_cv_env_NM_set=
ac_cv_env_NM_value=
ac_cv_env_OBJCOPY_FOR_TARGET_set=
ac_cv_env_OBJCOPY_FOR_TARGET_value=
ac_cv_env_OBJCOPY_set=
ac_cv_env_OBJCOPY_value=
ac_cv_env_OBJDUMP_FOR_TARGET_set=
ac_cv_env_OBJDUMP_FOR_TARGET_value=
ac_cv_env_OBJDUMP_set=
ac_cv_env_OBJDUMP_value=
ac_cv_env_OTOOL_FOR_TARGET_set=
ac_cv_env_OTOOL_FOR_TARGET_value=
ac_cv_env_OTOOL_set=
ac_cv_env_OTOOL_value=
ac_cv_env_RANLIB_FOR_TARGET_set=
ac_cv_env_RANLIB_FOR_TARGET_value=
ac_cv_env_RANLIB_set=
ac_cv_env_RANLIB_value=
ac_cv_env_READELF_FOR_TARGET_set=
ac_cv_env_READELF_FOR_TARGET_value=
ac_cv_env_READELF_set=
ac_cv_env_READELF_value=
ac_cv_env_STRIP_FOR_TARGET_set=
ac_cv_env_STRIP_FOR_TARGET_value=
ac_cv_env_STRIP_set=
ac_cv_env_STRIP_value=
ac_cv_env_WINDMC_FOR_TARGET_set=
ac_cv_env_WINDMC_FOR_TARGET_value=
ac_cv_env_WINDMC_set=
ac_cv_env_WINDMC_value=
ac_cv_env_WINDRES_FOR_TARGET_set=
ac_cv_env_WINDRES_FOR_TARGET_value=
ac_cv_env_WINDRES_set=
ac_cv_env_WINDRES_value=
ac_cv_env_build_alias_set=set
ac_cv_env_build_alias_value=x86_64-pc-linux-gnu
ac_cv_env_build_configargs_set=
ac_cv_env_build_configargs_value=
ac_cv_env_host_alias_set=set
ac_cv_env_host_alias_value=x86_64-pc-linux-gnu
ac_cv_env_host_configargs_set=
ac_cv_env_host_configargs_value=
ac_cv_env_target_alias_set=set
ac_cv_env_target_alias_value=aarch64-openwrt-linux-musl
ac_cv_env_target_configargs_set=
ac_cv_env_target_configargs_value=
ac_cv_host=x86_64-pc-linux-gnu
ac_cv_objext=o
ac_cv_path_SED=/home/user/workdir/openwrt-fs/openwrt-23.05.5/staging_dir/host/bin/sed
ac_cv_path_install='/home/user/workdir/openwrt-fs/openwrt-23.05.5/staging_dir/host/bin/install -c'
ac_cv_prog_AR=ar
ac_cv_prog_AS=as
ac_cv_prog_AWK=gawk
ac_cv_prog_BISON=bison
ac_cv_prog_CC=gcc
ac_cv_prog_FLEX=flex
ac_cv_prog_LD=ld
ac_cv_prog_LEX=flex
ac_cv_prog_M4=/home/user/workdir/openwrt-fs/openwrt-23.05.5/staging_dir/host/bin/m4
ac_cv_prog_MAKEINFO=makeinfo
ac_cv_prog_NM=nm
ac_cv_prog_OBJCOPY=objcopy
ac_cv_prog_OBJDUMP=objdump
ac_cv_prog_RANLIB=ranlib
ac_cv_prog_READELF=readelf
ac_cv_prog_STRIP=strip
ac_cv_prog_YACC='bison -y'
ac_cv_prog_cc_c89=
ac_cv_prog_cc_c99=
ac_cv_prog_cc_g=yes
ac_cv_prog_cxx_g=yes
ac_cv_target=aarch64-openwrt-linux-musl
acx_cv_cc_gcc_supports_ada=false
acx_cv_d_compiler_works=no
acx_cv_prog_LN=ln
gcc_cv_prog_cmp_skip='cmp --ignore-initial=16 $$f1 $$f2'
gcc_cv_tool_dirs=
gcc_cv_tool_prefix=/home/user/workdir/openwrt-fs/openwrt-23.05.5/staging_dir/toolchain-aarch64_cortex-a53_gcc-12.3.0_musl
lt_cv_objdir=.libs

## ----------------- ##
## Output variables. ##
## ----------------- ##

AR='ar'
AR_FOR_BUILD='$(AR)'
AR_FOR_TARGET='$$r/$(HOST_SUBDIR)/binutils/ar'
AR_PLUGIN_OPTION='--plugin /usr/lib/gcc/x86_64-linux-gnu/9/liblto_plugin.so'
AS='as'
AS_FOR_BUILD='$(AS)'
AS_FOR_TARGET='$$r/$(HOST_SUBDIR)/gas/as-new'
AWK='gawk'
BISON='bison'
BUILD_CONFIG=''
CC='gcc'
CC_FOR_BUILD='$(CC)'
CC_FOR_TARGET='aarch64-openwrt-linux-musl-cc'
CFLAGS='-O2 -I/home/user/workdir/openwrt-fs/openwrt-23.05.5/staging_dir/host/include '
CFLAGS_FOR_BUILD='-O2 -I/home/user/workdir/openwrt-fs/openwrt-23.05.5/staging_dir/host/include '
CFLAGS_FOR_TARGET='-g -O2'
COMPILER_AS_FOR_TARGET='$(AS_FOR_TARGET)'
COMPILER_LD_FOR_TARGET='$(LD_FOR_TARGET)'
COMPILER_NM_FOR_TARGET='$(NM_FOR_TARGET)'
CONFIGURE_GDB_TK=''
CPPFLAGS='-I/home/user/workdir/openwrt-fs/openwrt-23.05.5/staging_dir/host/include '
CPPFLAGS_FOR_BUILD='-I/home/user/workdir/openwrt-fs/openwrt-23.05.5/staging_dir/host/include '
CPP_FOR_BUILD=''
CXX='g++'
CXXFLAGS=''
CXXFLAGS_FOR_BUILD=''
CXXFLAGS_FOR_TARGET='-g -O2'
CXX_FOR_BUILD='$(CXX)'
CXX_FOR_TARGET='aarch64-openwrt-linux-musl-c++'
DEBUG_PREFIX_CFLAGS_FOR_TARGET=''
DEFS='-DPACKAGE_NAME=\"\" -DPACKAGE_TARNAME=\"\" -DPACKAGE_VERSION=\"\" -DPACKAGE_STRING=\"\" -DPACKAGE_BUGREPORT=\"\" -DPACKAGE_URL=\"\" -DLT_OBJDIR=\".libs/\"'
DLLTOOL='dlltool'
DLLTOOL_FOR_BUILD='$(DLLTOOL)'
DLLTOOL_FOR_TARGET='$$r/$(HOST_SUBDIR)/binutils/dlltool'
DSYMUTIL='dsymutil'
DSYMUTIL_FOR_BUILD='$(DSYMUTIL)'
DSYMUTIL_FOR_TARGET='aarch64-openwrt-linux-musl-dsymutil'
ECHO_C=''
ECHO_N='-n'
ECHO_T=''
EXEEXT=''
EXPECT='expect'
FLAGS_FOR_TARGET=' -L$$r/$(HOST_SUBDIR)/ld'
FLEX='flex'
GCC_FOR_TARGET='aarch64-openwrt-linux-musl-gcc'
GCC_SHLIB_SUBDIR=''
GDB_TK=''
GDC='no'
GDCFLAGS=''
GDC_FOR_BUILD='$(GDC)'
GDC_FOR_TARGET='aarch64-openwrt-linux-musl-gdc'
GFORTRAN_FOR_BUILD='$(GFORTRAN)'
GFORTRAN_FOR_TARGET='aarch64-openwrt-linux-musl-gfortran'
GNATBIND='no'
GNATMAKE='no'
GOC_FOR_BUILD='$(GOC)'
GOC_FOR_TARGET='aarch64-openwrt-linux-musl-gccgo'
HAVE_CXX11=''
HAVE_CXX11_FOR_BUILD=''
INSTALL_DATA='${INSTALL} -m 644'
INSTALL_GDB_TK=''
INSTALL_PROGRAM='${INSTALL}'
INSTALL_SCRIPT='${INSTALL}'
LD='ld'
LDFLAGS='-L/home/user/workdir/openwrt-fs/openwrt-23.05.5/staging_dir/host/lib '
LDFLAGS_FOR_BUILD='-L/home/user/workdir/openwrt-fs/openwrt-23.05.5/staging_dir/host/lib '
LDFLAGS_FOR_TARGET=''
LD_FOR_BUILD='$(LD)'
LD_FOR_TARGET='$$r/$(HOST_SUBDIR)/ld/ld-new'
LEX='flex'
LIBOBJS=''
LIBS=''
LIPO='lipo'
LIPO_FOR_TARGET='aarch64-openwrt-linux-musl-lipo'
LN='ln'
LN_S='ln -s'
LTLIBOBJS=''
M4='/home/user/workdir/openwrt-fs/openwrt-23.05.5/staging_dir/host/bin/m4'
MAINT='#'
MAINTAINER_MODE_FALSE=''
MAINTAINER_MODE_TRUE='#'
MAKEINFO='/home/user/workdir/openwrt-fs/openwrt-23.05.5/build_dir/toolchain-aarch64_cortex-a53_gcc-12.3.0_musl/binutils-2.40/missing makeinfo'
NM='nm'
NM_FOR_BUILD='$(NM)'
NM_FOR_TARGET='$$r/$(HOST_SUBDIR)/binutils/nm-new'
OBJCOPY='objcopy'
OBJCOPY_FOR_TARGET='$$r/$(HOST_SUBDIR)/binutils/objcopy'
OBJDUMP='objdump'
OBJDUMP_FOR_TARGET='$$r/$(HOST_SUBDIR)/binutils/objdump'
OBJEXT='o'
OTOOL='otool'
OTOOL_FOR_TARGET='aarch64-openwrt-linux-musl-otool'
PACKAGE_BUGREPORT=''
PACKAGE_NAME=''
PACKAGE_STRING=''
PACKAGE_TARNAME=''
PACKAGE_URL=''
PACKAGE_VERSION=''
PATH_SEPARATOR=':'
PGO_BUILD_GEN_CFLAGS=''
PGO_BUILD_LTO_CFLAGS=''
PGO_BUILD_USE_CFLAGS=''
PKG_CONFIG_PATH='/home/user/workdir/openwrt-fs/openwrt-23.05.5/staging_dir/host/lib/pkgconfig:/home/user/workdir/openwrt-fs/openwrt-23.05.5/staging_dir/toolchain-aarch64_cortex-a53_gcc-12.3.0_musl/lib/pkgconfig'
RANLIB='ranlib'
RANLIB_FOR_BUILD='$(RANLIB)'
RANLIB_FOR_TARGET='$$r/$(HOST_SUBDIR)/binutils/ranlib'
RANLIB_PLUGIN_OPTION='--plugin /usr/lib/gcc/x86_64-linux-gnu/9/liblto_plugin.so'
RAW_CXX_FOR_TARGET='aarch64-openwrt-linux-musl-c++'
READELF='readelf'
READELF_FOR_TARGET='$$r/$(HOST_SUBDIR)/binutils/readelf'
RPATH_ENVVAR='LD_LIBRARY_PATH'
RUNTEST='runtest'
SED='/home/user/workdir/openwrt-fs/openwrt-23.05.5/staging_dir/host/bin/sed'
SHELL='/usr/bin/env bash'
STRIP='strip'
STRIP_FOR_TARGET='$$r/$(HOST_SUBDIR)/binutils/strip-new'
SYSROOT_CFLAGS_FOR_TARGET=''
TOPLEVEL_CONFIGURE_ARGUMENTS='./configure --prefix=/home/user/workdir/openwrt-fs/openwrt-23.05.5/staging_dir/toolchain-aarch64_cortex-a53_gcc-12.3.0_musl --build=x86_64-pc-linux-gnu --host=x86_64-pc-linux-gnu --target=aarch64-openwrt-linux-musl --with-sysroot=/home/user/workdir/openwrt-fs/openwrt-23.05.5/staging_dir/toolchain-aarch64_cortex-a53_gcc-12.3.0_musl --with-system-zlib --with-zstd --enable-deterministic-archives --enable-plugins --enable-lto --disable-gprofng --disable-multilib --disable-werror --disable-nls --disable-sim --disable-gdb --without-isl --without-cloog --enable-libssp'
WINDMC='windmc'
WINDMC_FOR_BUILD='$(WINDMC)'
WINDMC_FOR_TARGET='$$r/$(HOST_SUBDIR)/binutils/windmc'
WINDRES='windres'
WINDRES_FOR_BUILD='$(WINDRES)'
WINDRES_FOR_TARGET='$$r/$(HOST_SUBDIR)/binutils/windres'
YACC='bison -y'
ac_ct_CC=''
ac_ct_CXX=''
bindir='${exec_prefix}/bin'
build='x86_64-pc-linux-gnu'
build_alias='x86_64-pc-linux-gnu'
build_configargs=' --cache-file=./config.cache '\''--prefix=/home/user/workdir/openwrt-fs/openwrt-23.05.5/staging_dir/toolchain-aarch64_cortex-a53_gcc-12.3.0_musl'\'' '\''--with-sysroot=/home/user/workdir/openwrt-fs/openwrt-23.05.5/staging_dir/toolchain-aarch64_cortex-a53_gcc-12.3.0_musl'\'' '\''--with-system-zlib'\'' '\''--with-zstd'\'' '\''--enable-deterministic-archives'\'' '\''--enable-plugins'\'' '\''--enable-lto'\'' '\''--disable-gprofng'\'' '\''--disable-multilib'\'' '\''--disable-werror'\'' '\''--disable-nls'\'' '\''--disable-sim'\'' '\''--disable-gdb'\'' '\''--without-isl'\'' '\''--without-cloog'\'' '\''--enable-libssp'\'' --program-transform-name='\''s&^&aarch64-openwrt-linux-musl-&'\'' --disable-option-checking --disable-year2038'
build_configdirs=' libiberty'
build_cpu='x86_64'
build_libsubdir='build-x86_64-pc-linux-gnu'
build_noncanonical='x86_64-pc-linux-gnu'
build_os='linux-gnu'
build_subdir='build-x86_64-pc-linux-gnu'
build_tooldir='${exec_prefix}/aarch64-openwrt-linux-musl'
build_vendor='pc'
compare_exclusions='gcc/cc*-checksum$(objext) | gcc/ada/*tools/*'
configdirs=' intl libiberty opcodes bfd libctf libsframe binutils gas ld gprof etc'
datadir='${datarootdir}'
datarootdir='${prefix}/share'
do_compare='cmp --ignore-initial=16 $$f1 $$f2'
docdir='${datarootdir}/doc/${PACKAGE}'
dvidir='${docdir}'
exec_prefix='${prefix}'
extra_host_libiberty_configure_flags=''
extra_host_zlib_configure_flags=''
extra_isl_gmp_configure_flags=''
extra_liboffloadmic_configure_flags=''
extra_linker_plugin_configure_flags=''
extra_linker_plugin_flags=''
extra_mpc_gmp_configure_flags=''
extra_mpc_mpfr_configure_flags=''
extra_mpfr_configure_flags=''
get_gcc_base_ver='cat'
gmpinc=''
gmplibs='-lmpfr -lgmp'
host='x86_64-pc-linux-gnu'
host_alias='x86_64-pc-linux-gnu'
host_configargs=' --cache-file=./config.cache  --with-gnu-as --with-gnu-ld --with-system-zlib '\''--prefix=/home/user/workdir/openwrt-fs/openwrt-23.05.5/staging_dir/toolchain-aarch64_cortex-a53_gcc-12.3.0_musl'\'' '\''--with-sysroot=/home/user/workdir/openwrt-fs/openwrt-23.05.5/staging_dir/toolchain-aarch64_cortex-a53_gcc-12.3.0_musl'\'' '\''--with-system-zlib'\'' '\''--with-zstd'\'' '\''--enable-deterministic-archives'\'' '\''--enable-plugins'\'' '\''--enable-lto'\'' '\''--disable-gprofng'\'' '\''--disable-multilib'\'' '\''--disable-werror'\'' '\''--disable-nls'\'' '\''--disable-sim'\'' '\''--disable-gdb'\'' '\''--without-isl'\'' '\''--without-cloog'\'' '\''--enable-libssp'\'' --program-transform-name='\''s&^&aarch64-openwrt-linux-musl-&'\'' --disable-option-checking --disable-year2038'
host_cpu='x86_64'
host_noncanonical='x86_64-pc-linux-gnu'
host_os='linux-gnu'
host_shared='no'
host_subdir='.'
host_vendor='pc'
htmldir='${docdir}'
includedir='${prefix}/include'
infodir='${datarootdir}/info'
islinc=''
isllibs=''
libdir='${exec_prefix}/lib'
libexecdir='${exec_prefix}/libexec'
localedir='${datarootdir}/locale'
localstatedir='${prefix}/var'
mandir='${datarootdir}/man'
oldincludedir='/usr/include'
pdfdir='${docdir}'
poststage1_ldflags='-static-libstdc++ -static-libgcc'
poststage1_libs=''
prefix='/home/user/workdir/openwrt-fs/openwrt-23.05.5/staging_dir/toolchain-aarch64_cortex-a53_gcc-12.3.0_musl'
program_transform_name='s&^&aarch64-openwrt-linux-musl-&'
psdir='${docdir}'
sbindir='${exec_prefix}/sbin'
sharedstatedir='${prefix}/com'
stage1_cflags='-g'
stage1_checking='--enable-checking=yes,types'
stage1_languages=',c,'
stage1_ldflags=''
stage1_libs=''
stage2_werror_flag=''
sysconfdir='${prefix}/etc'
target='aarch64-openwrt-linux-musl'
target_alias='aarch64-openwrt-linux-musl'
target_configargs='--cache-file=./config.cache --with-cross-host=x86_64-pc-linux-gnu   '\''--prefix=/home/user/workdir/openwrt-fs/openwrt-23.05.5/staging_dir/toolchain-aarch64_cortex-a53_gcc-12.3.0_musl'\'' '\''--with-sysroot=/home/user/workdir/openwrt-fs/openwrt-23.05.5/staging_dir/toolchain-aarch64_cortex-a53_gcc-12.3.0_musl'\'' '\''--with-system-zlib'\'' '\''--with-zstd'\'' '\''--enable-deterministic-archives'\'' '\''--enable-plugins'\'' '\''--enable-lto'\'' '\''--disable-gprofng'\'' '\''--disable-multilib'\'' '\''--disable-werror'\'' '\''--disable-nls'\'' '\''--disable-sim'\'' '\''--disable-gdb'\'' '\''--without-cloog'\'' '\''--enable-libssp'\'' --program-transform-name='\''s&^&aarch64-openwrt-linux-musl-&'\'' --disable-option-checking --disable-year2038'
target_configdirs=''
target_cpu='aarch64'
target_noncanonical='aarch64-openwrt-linux-musl'
target_os='linux-musl'
target_subdir='aarch64-openwrt-linux-musl'
target_vendor='openwrt'
tooldir='${exec_prefix}/aarch64-openwrt-linux-musl'

## ------------------- ##
## File substitutions. ##
## ------------------- ##

alphaieee_frag='/dev/null'
host_makefile_frag='/dev/null'
ospace_frag='/dev/null'
serialization_dependencies='serdep.tmp'
target_makefile_frag='./config/mt-gnu'

## ----------- ##
## confdefs.h. ##
## ----------- ##

/* confdefs.h */
#define PACKAGE_NAME ""
#define PACKAGE_TARNAME ""
#define PACKAGE_VERSION ""
#define PACKAGE_STRING ""
#define PACKAGE_BUGREPORT ""
#define PACKAGE_URL ""
#define LT_OBJDIR ".libs/"

configure: exit 0
