This file contains any messages produced by compilers while
running configure, to aid debugging if configure makes a mistake.

It was created by package-unused configure version-unused, which was
generated by GNU Autoconf 2.69.  Invocation command line was

  $ /home/user/workdir/openwrt-fs/openwrt-23.05.5/build_dir/toolchain-aarch64_cortex-a53_gcc-12.3.0_musl/gdb-12.1/libbacktrace/configure --srcdir=.././libbacktrace --cache-file=./config.cache --prefix=/home/user/workdir/openwrt-fs/openwrt-23.05.5/staging_dir/toolchain-aarch64_cortex-a53_gcc-12.3.0_musl --with-gmp=/home/user/workdir/openwrt-fs/openwrt-23.05.5/staging_dir/host --with-mpfr=/home/user/workdir/openwrt-fs/openwrt-23.05.5/staging_dir/host --with-mpc=/home/user/workdir/openwrt-fs/openwrt-23.05.5/staging_dir/host --with-expat=/home/user/workdir/openwrt-fs/openwrt-23.05.5/staging_dir/host --disable-werror --without-uiout --enable-tui --disable-gdbtk --without-x --without-included-gettext --enable-threads --disable-unit-tests --disable-ubsan --disable-binutils --disable-ld --disable-gas --disable-sim --without-python --program-transform-name=s&^&aarch64-openwrt-linux-musl-& --disable-option-checking --build=x86_64-pc-linux-gnu --host=x86_64-pc-linux-gnu --target=aarch64-openwrt-linux-musl

## --------- ##
## Platform. ##
## --------- ##

hostname = e6fd6bfc75d4
uname -m = x86_64
uname -r = 6.10.11-linuxkit
uname -s = Linux
uname -v = #1 SMP PREEMPT_DYNAMIC Thu Oct  3 10:19:48 UTC 2024

/usr/bin/uname -p = x86_64
/bin/uname -X     = unknown

/bin/arch              = x86_64
/usr/bin/arch -k       = unknown
/usr/convex/getsysinfo = unknown
/usr/bin/hostinfo      = unknown
/bin/machine           = unknown
/usr/bin/oslevel       = unknown
/bin/universe          = unknown

PATH: /home/user/workdir/openwrt-fs/openwrt-23.05.5/staging_dir/toolchain-aarch64_cortex-a53_gcc-12.3.0_musl/bin
PATH: /home/user/workdir/openwrt-fs/openwrt-23.05.5/staging_dir/toolchain-aarch64_cortex-a53_gcc-12.3.0_musl/bin
PATH: /home/user/workdir/openwrt-fs/openwrt-23.05.5/staging_dir/host/bin
PATH: /home/user/workdir/openwrt-fs/openwrt-23.05.5/staging_dir/toolchain-aarch64_cortex-a53_gcc-12.3.0_musl/bin
PATH: /home/user/workdir/openwrt-fs/openwrt-23.05.5/staging_dir/host/bin
PATH: /home/user/workdir/openwrt-fs/openwrt-23.05.5/staging_dir/host/bin
PATH: /usr/local/sbin
PATH: /usr/local/bin
PATH: /usr/sbin
PATH: /usr/bin
PATH: /sbin
PATH: /bin


## ----------- ##
## Core tests. ##
## ----------- ##

configure:2461: creating cache ./config.cache
configure:2614: checking build system type
configure:2628: result: x86_64-pc-linux-gnu
configure:2648: checking host system type
configure:2661: result: x86_64-pc-linux-gnu
configure:2681: checking target system type
configure:2694: result: aarch64-openwrt-linux-musl
configure:2734: checking for x86_64-pc-linux-gnu-gcc
configure:2761: result: gcc
configure:3030: checking for C compiler version
configure:3039: gcc --version >&5
gcc (Ubuntu 9.4.0-1ubuntu1~20.04.2) 9.4.0
Copyright (C) 2019 Free Software Foundation, Inc.
This is free software; see the source for copying conditions.  There is NO
warranty; not even for MERCHANTABILITY or FITNESS FOR A PARTICULAR PURPOSE.

configure:3050: $? = 0
configure:3039: gcc -v >&5
Using built-in specs.
COLLECT_GCC=gcc
COLLECT_LTO_WRAPPER=/usr/lib/gcc/x86_64-linux-gnu/9/lto-wrapper
OFFLOAD_TARGET_NAMES=nvptx-none:hsa
OFFLOAD_TARGET_DEFAULT=1
Target: x86_64-linux-gnu
Configured with: ../src/configure -v --with-pkgversion='Ubuntu 9.4.0-1ubuntu1~20.04.2' --with-bugurl=file:///usr/share/doc/gcc-9/README.Bugs --enable-languages=c,ada,c++,go,brig,d,fortran,objc,obj-c++,gm2 --prefix=/usr --with-gcc-major-version-only --program-suffix=-9 --program-prefix=x86_64-linux-gnu- --enable-shared --enable-linker-build-id --libexecdir=/usr/lib --without-included-gettext --enable-threads=posix --libdir=/usr/lib --enable-nls --enable-clocale=gnu --enable-libstdcxx-debug --enable-libstdcxx-time=yes --with-default-libstdcxx-abi=new --enable-gnu-unique-object --disable-vtable-verify --enable-plugin --enable-default-pie --with-system-zlib --with-target-system-zlib=auto --enable-objc-gc=auto --enable-multiarch --disable-werror --with-arch-32=i686 --with-abi=m64 --with-multilib-list=m32,m64,mx32 --enable-multilib --with-tune=generic --enable-offload-targets=nvptx-none=/build/gcc-9-9QDOt0/gcc-9-9.4.0/debian/tmp-nvptx/usr,hsa --without-cuda-driver --enable-checking=release --build=x86_64-linux-gnu --host=x86_64-linux-gnu --target=x86_64-linux-gnu
Thread model: posix
gcc version 9.4.0 (Ubuntu 9.4.0-1ubuntu1~20.04.2) 
configure:3050: $? = 0
configure:3039: gcc -V >&5
gcc: error: unrecognized command line option '-V'
gcc: fatal error: no input files
compilation terminated.
configure:3050: $? = 1
configure:3039: gcc -qversion >&5
gcc: error: unrecognized command line option '-qversion'; did you mean '--version'?
gcc: fatal error: no input files
compilation terminated.
configure:3050: $? = 1
configure:3070: checking whether the C compiler works
configure:3092: gcc -O2 -I/home/user/workdir/openwrt-fs/openwrt-23.05.5/staging_dir/host/include      -I/home/user/workdir/openwrt-fs/openwrt-23.05.5/staging_dir/host/include   -L/home/user/workdir/openwrt-fs/openwrt-23.05.5/staging_dir/host/lib  conftest.c  >&5
configure:3096: $? = 0
configure:3144: result: yes
configure:3147: checking for C compiler default output file name
configure:3149: result: a.out
configure:3155: checking for suffix of executables
configure:3162: gcc -o conftest -O2 -I/home/user/workdir/openwrt-fs/openwrt-23.05.5/staging_dir/host/include      -I/home/user/workdir/openwrt-fs/openwrt-23.05.5/staging_dir/host/include   -L/home/user/workdir/openwrt-fs/openwrt-23.05.5/staging_dir/host/lib  conftest.c  >&5
configure:3166: $? = 0
configure:3188: result: 
configure:3210: checking whether we are cross compiling
configure:3218: gcc -o conftest -O2 -I/home/user/workdir/openwrt-fs/openwrt-23.05.5/staging_dir/host/include      -I/home/user/workdir/openwrt-fs/openwrt-23.05.5/staging_dir/host/include   -L/home/user/workdir/openwrt-fs/openwrt-23.05.5/staging_dir/host/lib  conftest.c  >&5
configure:3222: $? = 0
configure:3229: ./conftest
configure:3233: $? = 0
configure:3221: result: no
configure:3226: checking for suffix of object files
configure:3248: gcc -c -O2 -I/home/user/workdir/openwrt-fs/openwrt-23.05.5/staging_dir/host/include      -I/home/user/workdir/openwrt-fs/openwrt-23.05.5/staging_dir/host/include  conftest.c >&5
configure:3252: $? = 0
configure:3273: result: o
configure:3277: checking whether we are using the GNU C compiler
configure:3296: gcc -c -O2 -I/home/user/workdir/openwrt-fs/openwrt-23.05.5/staging_dir/host/include      -I/home/user/workdir/openwrt-fs/openwrt-23.05.5/staging_dir/host/include  conftest.c >&5
configure:3296: $? = 0
configure:3305: result: yes
configure:3314: checking whether gcc accepts -g
configure:3334: gcc -c -g -I/home/user/workdir/openwrt-fs/openwrt-23.05.5/staging_dir/host/include  conftest.c >&5
configure:3334: $? = 0
configure:3375: result: yes
configure:3392: checking for gcc option to accept ISO C89
configure:3455: gcc  -c -O2 -I/home/user/workdir/openwrt-fs/openwrt-23.05.5/staging_dir/host/include      -I/home/user/workdir/openwrt-fs/openwrt-23.05.5/staging_dir/host/include  conftest.c >&5
configure:3455: $? = 0
configure:3468: result: none needed
configure:3493: checking whether gcc understands -c and -o together
configure:3515: gcc -c conftest.c -o conftest2.o
configure:3518: $? = 0
configure:3515: gcc -c conftest.c -o conftest2.o
configure:3518: $? = 0
configure:3530: result: yes
configure:3553: checking how to run the C preprocessor
configure:3584: gcc -E -I/home/user/workdir/openwrt-fs/openwrt-23.05.5/staging_dir/host/include  conftest.c
configure:3584: $? = 0
configure:3598: gcc -E -I/home/user/workdir/openwrt-fs/openwrt-23.05.5/staging_dir/host/include  conftest.c
conftest.c:9:10: fatal error: ac_nonexistent.h: No such file or directory
    9 | #include <ac_nonexistent.h>
      |          ^~~~~~~~~~~~~~~~~~
compilation terminated.
configure:3598: $? = 1
configure: failed program was:
| /* confdefs.h */
| #define PACKAGE_NAME "package-unused"
| #define PACKAGE_TARNAME "libbacktrace"
| #define PACKAGE_VERSION "version-unused"
| #define PACKAGE_STRING "package-unused version-unused"
| #define PACKAGE_BUGREPORT ""
| #define PACKAGE_URL ""
| /* end confdefs.h.  */
| #include <ac_nonexistent.h>
configure:3623: result: gcc -E
configure:3643: gcc -E -I/home/user/workdir/openwrt-fs/openwrt-23.05.5/staging_dir/host/include  conftest.c
configure:3643: $? = 0
configure:3657: gcc -E -I/home/user/workdir/openwrt-fs/openwrt-23.05.5/staging_dir/host/include  conftest.c
conftest.c:9:10: fatal error: ac_nonexistent.h: No such file or directory
    9 | #include <ac_nonexistent.h>
      |          ^~~~~~~~~~~~~~~~~~
compilation terminated.
configure:3657: $? = 1
configure: failed program was:
| /* confdefs.h */
| #define PACKAGE_NAME "package-unused"
| #define PACKAGE_TARNAME "libbacktrace"
| #define PACKAGE_VERSION "version-unused"
| #define PACKAGE_STRING "package-unused version-unused"
| #define PACKAGE_BUGREPORT ""
| #define PACKAGE_URL ""
| /* end confdefs.h.  */
| #include <ac_nonexistent.h>
configure:3686: checking for grep that handles long lines and -e
configure:3744: result: /home/user/workdir/openwrt-fs/openwrt-23.05.5/staging_dir/host/bin/grep
configure:3749: checking for egrep
configure:3811: result: /home/user/workdir/openwrt-fs/openwrt-23.05.5/staging_dir/host/bin/grep -E
configure:3816: checking for ANSI C header files
configure:3836: gcc -c -O2 -I/home/user/workdir/openwrt-fs/openwrt-23.05.5/staging_dir/host/include      -I/home/user/workdir/openwrt-fs/openwrt-23.05.5/staging_dir/host/include  conftest.c >&5
configure:3836: $? = 0
configure:3909: gcc -o conftest -O2 -I/home/user/workdir/openwrt-fs/openwrt-23.05.5/staging_dir/host/include      -I/home/user/workdir/openwrt-fs/openwrt-23.05.5/staging_dir/host/include   -L/home/user/workdir/openwrt-fs/openwrt-23.05.5/staging_dir/host/lib  conftest.c  >&5
configure:3909: $? = 0
configure:3909: ./conftest
configure:3909: $? = 0
configure:3920: result: yes
configure:3933: checking for sys/types.h
configure:3933: gcc -c -O2 -I/home/user/workdir/openwrt-fs/openwrt-23.05.5/staging_dir/host/include      -I/home/user/workdir/openwrt-fs/openwrt-23.05.5/staging_dir/host/include  conftest.c >&5
configure:3933: $? = 0
configure:3933: result: yes
configure:3933: checking for sys/stat.h
configure:3933: gcc -c -O2 -I/home/user/workdir/openwrt-fs/openwrt-23.05.5/staging_dir/host/include      -I/home/user/workdir/openwrt-fs/openwrt-23.05.5/staging_dir/host/include  conftest.c >&5
configure:3933: $? = 0
configure:3933: result: yes
configure:3933: checking for stdlib.h
configure:3933: gcc -c -O2 -I/home/user/workdir/openwrt-fs/openwrt-23.05.5/staging_dir/host/include      -I/home/user/workdir/openwrt-fs/openwrt-23.05.5/staging_dir/host/include  conftest.c >&5
configure:3933: $? = 0
configure:3933: result: yes
configure:3933: checking for string.h
configure:3933: gcc -c -O2 -I/home/user/workdir/openwrt-fs/openwrt-23.05.5/staging_dir/host/include      -I/home/user/workdir/openwrt-fs/openwrt-23.05.5/staging_dir/host/include  conftest.c >&5
configure:3933: $? = 0
configure:3933: result: yes
configure:3933: checking for memory.h
configure:3933: gcc -c -O2 -I/home/user/workdir/openwrt-fs/openwrt-23.05.5/staging_dir/host/include      -I/home/user/workdir/openwrt-fs/openwrt-23.05.5/staging_dir/host/include  conftest.c >&5
configure:3933: $? = 0
configure:3933: result: yes
configure:3933: checking for strings.h
configure:3933: gcc -c -O2 -I/home/user/workdir/openwrt-fs/openwrt-23.05.5/staging_dir/host/include      -I/home/user/workdir/openwrt-fs/openwrt-23.05.5/staging_dir/host/include  conftest.c >&5
configure:3933: $? = 0
configure:3933: result: yes
configure:3933: checking for inttypes.h
configure:3933: gcc -c -O2 -I/home/user/workdir/openwrt-fs/openwrt-23.05.5/staging_dir/host/include      -I/home/user/workdir/openwrt-fs/openwrt-23.05.5/staging_dir/host/include  conftest.c >&5
configure:3933: $? = 0
configure:3933: result: yes
configure:3933: checking for stdint.h
configure:3933: gcc -c -O2 -I/home/user/workdir/openwrt-fs/openwrt-23.05.5/staging_dir/host/include      -I/home/user/workdir/openwrt-fs/openwrt-23.05.5/staging_dir/host/include  conftest.c >&5
configure:3933: $? = 0
configure:3933: result: yes
configure:3933: checking for unistd.h
configure:3933: gcc -c -O2 -I/home/user/workdir/openwrt-fs/openwrt-23.05.5/staging_dir/host/include      -I/home/user/workdir/openwrt-fs/openwrt-23.05.5/staging_dir/host/include  conftest.c >&5
configure:3933: $? = 0
configure:3933: result: yes
configure:3946: checking minix/config.h usability
configure:3946: gcc -c -O2 -I/home/user/workdir/openwrt-fs/openwrt-23.05.5/staging_dir/host/include      -I/home/user/workdir/openwrt-fs/openwrt-23.05.5/staging_dir/host/include  conftest.c >&5
conftest.c:52:10: fatal error: minix/config.h: No such file or directory
   52 | #include <minix/config.h>
      |          ^~~~~~~~~~~~~~~~
compilation terminated.
configure:3946: $? = 1
configure: failed program was:
| /* confdefs.h */
| #define PACKAGE_NAME "package-unused"
| #define PACKAGE_TARNAME "libbacktrace"
| #define PACKAGE_VERSION "version-unused"
| #define PACKAGE_STRING "package-unused version-unused"
| #define PACKAGE_BUGREPORT ""
| #define PACKAGE_URL ""
| #define STDC_HEADERS 1
| #define HAVE_SYS_TYPES_H 1
| #define HAVE_SYS_STAT_H 1
| #define HAVE_STDLIB_H 1
| #define HAVE_STRING_H 1
| #define HAVE_MEMORY_H 1
| #define HAVE_STRINGS_H 1
| #define HAVE_INTTYPES_H 1
| #define HAVE_STDINT_H 1
| #define HAVE_UNISTD_H 1
| /* end confdefs.h.  */
| #include <stdio.h>
| #ifdef HAVE_SYS_TYPES_H
| # include <sys/types.h>
| #endif
| #ifdef HAVE_SYS_STAT_H
| # include <sys/stat.h>
| #endif
| #ifdef STDC_HEADERS
| # include <stdlib.h>
| # include <stddef.h>
| #else
| # ifdef HAVE_STDLIB_H
| #  include <stdlib.h>
| # endif
| #endif
| #ifdef HAVE_STRING_H
| # if !defined STDC_HEADERS && defined HAVE_MEMORY_H
| #  include <memory.h>
| # endif
| # include <string.h>
| #endif
| #ifdef HAVE_STRINGS_H
| # include <strings.h>
| #endif
| #ifdef HAVE_INTTYPES_H
| # include <inttypes.h>
| #endif
| #ifdef HAVE_STDINT_H
| # include <stdint.h>
| #endif
| #ifdef HAVE_UNISTD_H
| # include <unistd.h>
| #endif
| #include <minix/config.h>
configure:3946: result: no
configure:3946: checking minix/config.h presence
configure:3946: gcc -E -I/home/user/workdir/openwrt-fs/openwrt-23.05.5/staging_dir/host/include  conftest.c
conftest.c:19:10: fatal error: minix/config.h: No such file or directory
   19 | #include <minix/config.h>
      |          ^~~~~~~~~~~~~~~~
compilation terminated.
configure:3946: $? = 1
configure: failed program was:
| /* confdefs.h */
| #define PACKAGE_NAME "package-unused"
| #define PACKAGE_TARNAME "libbacktrace"
| #define PACKAGE_VERSION "version-unused"
| #define PACKAGE_STRING "package-unused version-unused"
| #define PACKAGE_BUGREPORT ""
| #define PACKAGE_URL ""
| #define STDC_HEADERS 1
| #define HAVE_SYS_TYPES_H 1
| #define HAVE_SYS_STAT_H 1
| #define HAVE_STDLIB_H 1
| #define HAVE_STRING_H 1
| #define HAVE_MEMORY_H 1
| #define HAVE_STRINGS_H 1
| #define HAVE_INTTYPES_H 1
| #define HAVE_STDINT_H 1
| #define HAVE_UNISTD_H 1
| /* end confdefs.h.  */
| #include <minix/config.h>
configure:3946: result: no
configure:3946: checking for minix/config.h
configure:3946: result: no
configure:3967: checking whether it is safe to define __EXTENSIONS__
configure:3985: gcc -c -O2 -I/home/user/workdir/openwrt-fs/openwrt-23.05.5/staging_dir/host/include      -I/home/user/workdir/openwrt-fs/openwrt-23.05.5/staging_dir/host/include  conftest.c >&5
configure:3985: $? = 0
configure:3992: result: yes
configure:4035: checking for a BSD-compatible install
configure:4103: result: /home/user/workdir/openwrt-fs/openwrt-23.05.5/staging_dir/host/bin/install -c
configure:4114: checking whether build environment is sane
configure:4169: result: yes
configure:4315: checking for a thread-safe mkdir -p
configure:4354: result: /usr/bin/mkdir -p
configure:4361: checking for gawk
configure:4388: result: gawk
configure:4399: checking whether make sets $(MAKE)
configure:4421: result: yes
configure:4450: checking whether make supports nested variables
configure:4467: result: yes
configure:4586: checking whether to enable maintainer-specific portions of Makefiles
configure:4595: result: no
configure:4629: checking for x86_64-pc-linux-gnu-gcc
configure:4656: result: gcc
configure:4925: checking for C compiler version
configure:4934: gcc --version >&5
gcc (Ubuntu 9.4.0-1ubuntu1~20.04.2) 9.4.0
Copyright (C) 2019 Free Software Foundation, Inc.
This is free software; see the source for copying conditions.  There is NO
warranty; not even for MERCHANTABILITY or FITNESS FOR A PARTICULAR PURPOSE.

configure:4945: $? = 0
configure:4934: gcc -v >&5
Using built-in specs.
COLLECT_GCC=gcc
COLLECT_LTO_WRAPPER=/usr/lib/gcc/x86_64-linux-gnu/9/lto-wrapper
OFFLOAD_TARGET_NAMES=nvptx-none:hsa
OFFLOAD_TARGET_DEFAULT=1
Target: x86_64-linux-gnu
Configured with: ../src/configure -v --with-pkgversion='Ubuntu 9.4.0-1ubuntu1~20.04.2' --with-bugurl=file:///usr/share/doc/gcc-9/README.Bugs --enable-languages=c,ada,c++,go,brig,d,fortran,objc,obj-c++,gm2 --prefix=/usr --with-gcc-major-version-only --program-suffix=-9 --program-prefix=x86_64-linux-gnu- --enable-shared --enable-linker-build-id --libexecdir=/usr/lib --without-included-gettext --enable-threads=posix --libdir=/usr/lib --enable-nls --enable-clocale=gnu --enable-libstdcxx-debug --enable-libstdcxx-time=yes --with-default-libstdcxx-abi=new --enable-gnu-unique-object --disable-vtable-verify --enable-plugin --enable-default-pie --with-system-zlib --with-target-system-zlib=auto --enable-objc-gc=auto --enable-multiarch --disable-werror --with-arch-32=i686 --with-abi=m64 --with-multilib-list=m32,m64,mx32 --enable-multilib --with-tune=generic --enable-offload-targets=nvptx-none=/build/gcc-9-9QDOt0/gcc-9-9.4.0/debian/tmp-nvptx/usr,hsa --without-cuda-driver --enable-checking=release --build=x86_64-linux-gnu --host=x86_64-linux-gnu --target=x86_64-linux-gnu
Thread model: posix
gcc version 9.4.0 (Ubuntu 9.4.0-1ubuntu1~20.04.2) 
configure:4945: $? = 0
configure:4934: gcc -V >&5
gcc: error: unrecognized command line option '-V'
gcc: fatal error: no input files
compilation terminated.
configure:4945: $? = 1
configure:4934: gcc -qversion >&5
gcc: error: unrecognized command line option '-qversion'; did you mean '--version'?
gcc: fatal error: no input files
compilation terminated.
configure:4945: $? = 1
configure:4949: checking whether we are using the GNU C compiler
configure:4977: result: yes
configure:4986: checking whether gcc accepts -g
configure:5047: result: yes
configure:5064: checking for gcc option to accept ISO C89
configure:5140: result: none needed
configure:5165: checking whether gcc understands -c and -o together
configure:5202: result: yes
configure:5226: checking for x86_64-pc-linux-gnu-ranlib
configure:5253: result: ranlib --plugin /usr/lib/gcc/x86_64-linux-gnu/9/liblto_plugin.so
configure:5320: checking for gawk
configure:5347: result: gawk
configure:5364: checking for dwz
configure:5394: result: no
configure:5454: checking how to print strings
configure:5481: result: printf
configure:5502: checking for a sed that does not truncate output
configure:5566: result: /home/user/workdir/openwrt-fs/openwrt-23.05.5/staging_dir/host/bin/sed
configure:5584: checking for fgrep
configure:5646: result: /home/user/workdir/openwrt-fs/openwrt-23.05.5/staging_dir/host/bin/grep -F
configure:5681: checking for ld used by gcc
configure:5748: result: ld
configure:5755: checking if the linker (ld) is GNU ld
configure:5770: result: yes
configure:5782: checking for BSD- or MS-compatible name lister (nm)
configure:5831: result: nm
configure:5961: checking the name lister (nm) interface
configure:5968: gcc -c -O2 -I/home/user/workdir/openwrt-fs/openwrt-23.05.5/staging_dir/host/include      -I/home/user/workdir/openwrt-fs/openwrt-23.05.5/staging_dir/host/include  conftest.c >&5
configure:5971: nm "conftest.o"
configure:5974: output
0000000000000000 B some_variable
configure:5975: result: BSD nm
configure:5978: checking whether ln -s works
configure:5982: result: yes
configure:5990: checking the maximum length of command line arguments
configure:6115: result: 1572864
configure:6132: checking whether the shell understands some XSI constructs
configure:6141: result: yes
configure:6145: checking whether the shell understands "+="
configure:6149: result: yes
configure:6184: checking for ld option to reload object files
configure:6191: result: -r
configure:6220: checking for x86_64-pc-linux-gnu-objdump
configure:6247: result: objdump
configure:6319: checking how to recognize dependent libraries
configure:6520: result: pass_all
configure:6540: checking for x86_64-pc-linux-gnu-ar
configure:6567: result: ar --plugin /usr/lib/gcc/x86_64-linux-gnu/9/liblto_plugin.so
configure:6645: checking for x86_64-pc-linux-gnu-strip
configure:6675: result: no
configure:6685: checking for strip
configure:6701: found /usr/bin/strip
configure:6712: result: strip
configure:6744: checking for x86_64-pc-linux-gnu-ranlib
configure:6771: result: ranlib --plugin /usr/lib/gcc/x86_64-linux-gnu/9/liblto_plugin.so
configure:6913: checking command to parse nm output from gcc object
configure:7031: gcc -c -O2 -I/home/user/workdir/openwrt-fs/openwrt-23.05.5/staging_dir/host/include      -I/home/user/workdir/openwrt-fs/openwrt-23.05.5/staging_dir/host/include  conftest.c >&5
configure:7034: $? = 0
configure:7038: nm conftest.o \| sed -n -e 's/^.*[ ]\([ABCDGIRSTW][ABCDGIRSTW]*\)[ ][ ]*\([_A-Za-z][_A-Za-z0-9]*\)$/\1 \2 \2/p' \> conftest.nm
configure:7041: $? = 0
configure:7095: gcc -o conftest -O2 -I/home/user/workdir/openwrt-fs/openwrt-23.05.5/staging_dir/host/include      -I/home/user/workdir/openwrt-fs/openwrt-23.05.5/staging_dir/host/include   -L/home/user/workdir/openwrt-fs/openwrt-23.05.5/staging_dir/host/lib  conftest.c conftstm.o >&5
configure:7098: $? = 0
configure:7136: result: ok
configure:7231: gcc -c -O2 -I/home/user/workdir/openwrt-fs/openwrt-23.05.5/staging_dir/host/include      -I/home/user/workdir/openwrt-fs/openwrt-23.05.5/staging_dir/host/include  conftest.c >&5
configure:7234: $? = 0
configure:7986: checking for dlfcn.h
configure:7986: gcc -c -O2 -I/home/user/workdir/openwrt-fs/openwrt-23.05.5/staging_dir/host/include      -I/home/user/workdir/openwrt-fs/openwrt-23.05.5/staging_dir/host/include  conftest.c >&5
configure:7986: $? = 0
configure:7986: result: yes
configure:8173: checking for objdir
configure:8188: result: .libs
configure:8459: checking if gcc supports -fno-rtti -fno-exceptions
configure:8477: gcc -c -O2 -I/home/user/workdir/openwrt-fs/openwrt-23.05.5/staging_dir/host/include      -I/home/user/workdir/openwrt-fs/openwrt-23.05.5/staging_dir/host/include  -fno-rtti -fno-exceptions conftest.c >&5
cc1: warning: command line option '-fno-rtti' is valid for C++/D/ObjC++ but not for C
configure:8481: $? = 0
configure:8494: result: no
configure:8514: checking for gcc option to produce PIC
configure:8800: result: -fPIC -DPIC
configure:8812: checking if gcc PIC flag -fPIC -DPIC works
configure:8830: gcc -c -O2 -I/home/user/workdir/openwrt-fs/openwrt-23.05.5/staging_dir/host/include      -I/home/user/workdir/openwrt-fs/openwrt-23.05.5/staging_dir/host/include  -fPIC -DPIC -DPIC conftest.c >&5
configure:8834: $? = 0
configure:8847: result: yes
configure:8871: checking if gcc static flag -static works
configure:8899: result: yes
configure:8914: checking if gcc supports -c -o file.o
configure:8935: gcc -c -O2 -I/home/user/workdir/openwrt-fs/openwrt-23.05.5/staging_dir/host/include      -I/home/user/workdir/openwrt-fs/openwrt-23.05.5/staging_dir/host/include  -o out/conftest2.o conftest.c >&5
configure:8939: $? = 0
configure:8961: result: yes
configure:8969: checking if gcc supports -c -o file.o
configure:9016: result: yes
configure:9049: checking whether the gcc linker (ld -m elf_x86_64) supports shared libraries
configure:10120: result: yes
configure:10157: checking whether -lc should be explicitly linked in
configure:10165: gcc -c -O2 -I/home/user/workdir/openwrt-fs/openwrt-23.05.5/staging_dir/host/include      -I/home/user/workdir/openwrt-fs/openwrt-23.05.5/staging_dir/host/include  conftest.c >&5
configure:10168: $? = 0
configure:10183: gcc -shared  -fPIC -DPIC conftest.o  -v -Wl,-soname -Wl,conftest -o conftest 2\>\&1 \| /home/user/workdir/openwrt-fs/openwrt-23.05.5/staging_dir/host/bin/grep  -lc  \>/dev/null 2\>\&1
configure:10186: $? = 0
configure:10200: result: no
configure:10365: checking dynamic linker characteristics
configure:10811: gcc -o conftest -O2 -I/home/user/workdir/openwrt-fs/openwrt-23.05.5/staging_dir/host/include      -I/home/user/workdir/openwrt-fs/openwrt-23.05.5/staging_dir/host/include   -L/home/user/workdir/openwrt-fs/openwrt-23.05.5/staging_dir/host/lib  -Wl,-rpath -Wl,/foo conftest.c  >&5
configure:10811: $? = 0
configure:11033: result: GNU/Linux ld.so
configure:11140: checking how to hardcode library paths into programs
configure:11165: result: immediate
configure:11705: checking whether stripping libraries is possible
configure:11710: result: yes
configure:11745: checking if libtool supports shared libraries
configure:11747: result: yes
configure:11750: checking whether to build shared libraries
configure:11771: result: yes
configure:11774: checking whether to build static libraries
configure:11778: result: yes
configure:8974: checking for special C compiler options needed for large files
configure:9019: result: no
configure:9025: checking for _FILE_OFFSET_BITS value needed for large files
configure:9050: gcc -c -O2 -I/home/user/workdir/openwrt-fs/openwrt-23.05.5/staging_dir/host/include      -I/home/user/workdir/openwrt-fs/openwrt-23.05.5/staging_dir/host/include  conftest.c >&5
configure:9050: $? = 0
configure:9082: result: no
configure:9175: checking unwind.h usability
configure:9175: gcc -c -O2 -I/home/user/workdir/openwrt-fs/openwrt-23.05.5/staging_dir/host/include      -I/home/user/workdir/openwrt-fs/openwrt-23.05.5/staging_dir/host/include  conftest.c >&5
configure:9175: $? = 0
configure:9175: result: yes
configure:9175: checking unwind.h presence
configure:9175: gcc -E -I/home/user/workdir/openwrt-fs/openwrt-23.05.5/staging_dir/host/include  conftest.c
configure:9175: $? = 0
configure:9175: result: yes
configure:9175: checking for unwind.h
configure:9175: result: yes
configure:9177: checking for _Unwind_Backtrace
configure:9177: gcc -o conftest -O2 -I/home/user/workdir/openwrt-fs/openwrt-23.05.5/staging_dir/host/include      -I/home/user/workdir/openwrt-fs/openwrt-23.05.5/staging_dir/host/include   -L/home/user/workdir/openwrt-fs/openwrt-23.05.5/staging_dir/host/lib  conftest.c  >&5
configure:9177: $? = 0
configure:9177: result: yes
configure:9198: checking for -funwind-tables option
configure:9216: gcc -c -O2 -I/home/user/workdir/openwrt-fs/openwrt-23.05.5/staging_dir/host/include      -funwind-tables -I/home/user/workdir/openwrt-fs/openwrt-23.05.5/staging_dir/host/include  conftest.c >&5
configure:9216: $? = 0
configure:9224: result: yes
configure:9229: checking for -frandom-seed=string option
configure:9247: gcc -c -O2 -I/home/user/workdir/openwrt-fs/openwrt-23.05.5/staging_dir/host/include      -frandom-seed=conftest.lo -I/home/user/workdir/openwrt-fs/openwrt-23.05.5/staging_dir/host/include  conftest.c >&5
configure:9247: $? = 0
configure:9255: result: yes
configure:9372: checking whether gcc supports -W
configure:9389: gcc -c -W -I/home/user/workdir/openwrt-fs/openwrt-23.05.5/staging_dir/host/include  conftest.c >&5
configure:9389: $? = 0
configure:9398: result: yes
configure:9372: checking whether gcc supports -Wall
configure:9389: gcc -c -Wall -I/home/user/workdir/openwrt-fs/openwrt-23.05.5/staging_dir/host/include  conftest.c >&5
configure:9389: $? = 0
configure:9398: result: yes
configure:9372: checking whether gcc supports -Wwrite-strings
configure:9389: gcc -c -Wwrite-strings -I/home/user/workdir/openwrt-fs/openwrt-23.05.5/staging_dir/host/include  conftest.c >&5
configure:9389: $? = 0
configure:9398: result: yes
configure:9372: checking whether gcc supports -Wstrict-prototypes
configure:9389: gcc -c -Wstrict-prototypes -I/home/user/workdir/openwrt-fs/openwrt-23.05.5/staging_dir/host/include  conftest.c >&5
conftest.c:28:1: warning: function declaration isn't a prototype [-Wstrict-prototypes]
   28 | main ()
      | ^~~~
configure:9389: $? = 0
configure:9398: result: yes
configure:9372: checking whether gcc supports -Wmissing-prototypes
configure:9389: gcc -c -Wmissing-prototypes -I/home/user/workdir/openwrt-fs/openwrt-23.05.5/staging_dir/host/include  conftest.c >&5
configure:9389: $? = 0
configure:9398: result: yes
configure:9372: checking whether gcc supports -Wold-style-definition
configure:9389: gcc -c -Wold-style-definition -I/home/user/workdir/openwrt-fs/openwrt-23.05.5/staging_dir/host/include  conftest.c >&5
conftest.c: In function 'main':
conftest.c:28:1: warning: old-style function definition [-Wold-style-definition]
   28 | main ()
      | ^~~~
configure:9389: $? = 0
configure:9398: result: yes
configure:9372: checking whether gcc supports -Wmissing-format-attribute
configure:9389: gcc -c -Wmissing-format-attribute -I/home/user/workdir/openwrt-fs/openwrt-23.05.5/staging_dir/host/include  conftest.c >&5
configure:9389: $? = 0
configure:9398: result: yes
configure:9372: checking whether gcc supports -Wcast-qual
configure:9389: gcc -c -Wcast-qual -I/home/user/workdir/openwrt-fs/openwrt-23.05.5/staging_dir/host/include  conftest.c >&5
configure:9389: $? = 0
configure:9398: result: yes
configure:9459: checking for _Unwind_GetIPInfo
configure:9474: gcc -o conftest -O2 -I/home/user/workdir/openwrt-fs/openwrt-23.05.5/staging_dir/host/include      -Werror-implicit-function-declaration -I/home/user/workdir/openwrt-fs/openwrt-23.05.5/staging_dir/host/include   -L/home/user/workdir/openwrt-fs/openwrt-23.05.5/staging_dir/host/lib  conftest.c  >&5
configure:9474: $? = 0
configure:9482: result: yes
configure:9515: checking for CET support
configure:9544: gcc -c -O2 -I/home/user/workdir/openwrt-fs/openwrt-23.05.5/staging_dir/host/include      -fcf-protection -I/home/user/workdir/openwrt-fs/openwrt-23.05.5/staging_dir/host/include  conftest.c >&5
configure:9544: $? = 0
configure:9610: gcc -o conftest -O2 -I/home/user/workdir/openwrt-fs/openwrt-23.05.5/staging_dir/host/include      -fcf-protection=none -I/home/user/workdir/openwrt-fs/openwrt-23.05.5/staging_dir/host/include   -L/home/user/workdir/openwrt-fs/openwrt-23.05.5/staging_dir/host/lib  -Wl,-z,ibt,-z,shstk conftest.c  >&5
configure:9610: $? = 0
configure:9638: gcc -o conftest -O2 -I/home/user/workdir/openwrt-fs/openwrt-23.05.5/staging_dir/host/include      -fcf-protection=none -I/home/user/workdir/openwrt-fs/openwrt-23.05.5/staging_dir/host/include   -L/home/user/workdir/openwrt-fs/openwrt-23.05.5/staging_dir/host/lib  -Wl,-z,ibt,-z,shstk conftest.c  >&5
configure:9638: $? = 0
configure:9638: ./conftest
configure:9638: $? = 0
configure:9685: gcc -o conftest -O2 -I/home/user/workdir/openwrt-fs/openwrt-23.05.5/staging_dir/host/include      -fcf-protection=none -I/home/user/workdir/openwrt-fs/openwrt-23.05.5/staging_dir/host/include   -L/home/user/workdir/openwrt-fs/openwrt-23.05.5/staging_dir/host/lib  -Wl,-z,ibt,-z,shstk conftest.c  >&5
configure:9685: $? = 0
configure:9685: ./conftest
configure:9685: $? = 0
configure:9706: result: yes
configure:9725: checking __sync extensions
configure:9749: gcc -o conftest -O2 -I/home/user/workdir/openwrt-fs/openwrt-23.05.5/staging_dir/host/include      -I/home/user/workdir/openwrt-fs/openwrt-23.05.5/staging_dir/host/include   -L/home/user/workdir/openwrt-fs/openwrt-23.05.5/staging_dir/host/lib  conftest.c  >&5
configure:9749: $? = 0
configure:9758: result: yes
configure:9770: checking __atomic extensions
configure:9790: gcc -o conftest -O2 -I/home/user/workdir/openwrt-fs/openwrt-23.05.5/staging_dir/host/include      -I/home/user/workdir/openwrt-fs/openwrt-23.05.5/staging_dir/host/include   -L/home/user/workdir/openwrt-fs/openwrt-23.05.5/staging_dir/host/lib  conftest.c  >&5
configure:9790: $? = 0
configure:9799: result: yes
configure:9810: checking output filetype
configure:9827: gcc -c -O2 -I/home/user/workdir/openwrt-fs/openwrt-23.05.5/staging_dir/host/include      -I/home/user/workdir/openwrt-fs/openwrt-23.05.5/staging_dir/host/include  conftest.c >&5
configure:9827: $? = 0
configure:9838: result: elf64
configure:9920: checking for uintmax_t
configure:9920: gcc -c -O2 -I/home/user/workdir/openwrt-fs/openwrt-23.05.5/staging_dir/host/include      -I/home/user/workdir/openwrt-fs/openwrt-23.05.5/staging_dir/host/include  conftest.c >&5
configure:9920: $? = 0
configure:9920: gcc -c -O2 -I/home/user/workdir/openwrt-fs/openwrt-23.05.5/staging_dir/host/include      -I/home/user/workdir/openwrt-fs/openwrt-23.05.5/staging_dir/host/include  conftest.c >&5
conftest.c: In function 'main':
conftest.c:37:24: error: expected expression before ')' token
   37 | if (sizeof ((uintmax_t)))
      |                        ^
configure:9920: $? = 1
configure: failed program was:
| /* confdefs.h */
| #define PACKAGE_NAME "package-unused"
| #define PACKAGE_TARNAME "libbacktrace"
| #define PACKAGE_VERSION "version-unused"
| #define PACKAGE_STRING "package-unused version-unused"
| #define PACKAGE_BUGREPORT ""
| #define PACKAGE_URL ""
| #define STDC_HEADERS 1
| #define HAVE_SYS_TYPES_H 1
| #define HAVE_SYS_STAT_H 1
| #define HAVE_STDLIB_H 1
| #define HAVE_STRING_H 1
| #define HAVE_MEMORY_H 1
| #define HAVE_STRINGS_H 1
| #define HAVE_INTTYPES_H 1
| #define HAVE_STDINT_H 1
| #define HAVE_UNISTD_H 1
| #define __EXTENSIONS__ 1
| #define _ALL_SOURCE 1
| #define _GNU_SOURCE 1
| #define _POSIX_PTHREAD_SEMANTICS 1
| #define _TANDEM_SOURCE 1
| #define HAVE_DLFCN_H 1
| #define LT_OBJDIR ".libs/"
| #define HAVE_GETIPINFO 1
| #define HAVE_SYNC_FUNCTIONS 1
| #define HAVE_ATOMIC_FUNCTIONS 1
| #define BACKTRACE_ELF_SIZE 64
| #define BACKTRACE_XCOFF_SIZE unused
| /* end confdefs.h.  */
| #include <sys/types.h>
| #include <stdint.h>
| 
| int
| main ()
| {
| if (sizeof ((uintmax_t)))
| 	    return 0;
|   ;
|   return 0;
| }
configure:9920: result: yes
configure:9929: checking for uintptr_t
configure:9929: gcc -c -O2 -I/home/user/workdir/openwrt-fs/openwrt-23.05.5/staging_dir/host/include      -I/home/user/workdir/openwrt-fs/openwrt-23.05.5/staging_dir/host/include  conftest.c >&5
configure:9929: $? = 0
configure:9929: gcc -c -O2 -I/home/user/workdir/openwrt-fs/openwrt-23.05.5/staging_dir/host/include      -I/home/user/workdir/openwrt-fs/openwrt-23.05.5/staging_dir/host/include  conftest.c >&5
conftest.c: In function 'main':
conftest.c:37:24: error: expected expression before ')' token
   37 | if (sizeof ((uintptr_t)))
      |                        ^
configure:9929: $? = 1
configure: failed program was:
| /* confdefs.h */
| #define PACKAGE_NAME "package-unused"
| #define PACKAGE_TARNAME "libbacktrace"
| #define PACKAGE_VERSION "version-unused"
| #define PACKAGE_STRING "package-unused version-unused"
| #define PACKAGE_BUGREPORT ""
| #define PACKAGE_URL ""
| #define STDC_HEADERS 1
| #define HAVE_SYS_TYPES_H 1
| #define HAVE_SYS_STAT_H 1
| #define HAVE_STDLIB_H 1
| #define HAVE_STRING_H 1
| #define HAVE_MEMORY_H 1
| #define HAVE_STRINGS_H 1
| #define HAVE_INTTYPES_H 1
| #define HAVE_STDINT_H 1
| #define HAVE_UNISTD_H 1
| #define __EXTENSIONS__ 1
| #define _ALL_SOURCE 1
| #define _GNU_SOURCE 1
| #define _POSIX_PTHREAD_SEMANTICS 1
| #define _TANDEM_SOURCE 1
| #define HAVE_DLFCN_H 1
| #define LT_OBJDIR ".libs/"
| #define HAVE_GETIPINFO 1
| #define HAVE_SYNC_FUNCTIONS 1
| #define HAVE_ATOMIC_FUNCTIONS 1
| #define BACKTRACE_ELF_SIZE 64
| #define BACKTRACE_XCOFF_SIZE unused
| /* end confdefs.h.  */
| #include <sys/types.h>
| #include <stdint.h>
| 
| int
| main ()
| {
| if (sizeof ((uintptr_t)))
| 	    return 0;
|   ;
|   return 0;
| }
configure:9929: result: yes
configure:9938: checking for int_least32_t
configure:9938: gcc -c -O2 -I/home/user/workdir/openwrt-fs/openwrt-23.05.5/staging_dir/host/include      -I/home/user/workdir/openwrt-fs/openwrt-23.05.5/staging_dir/host/include  conftest.c >&5
configure:9938: $? = 0
configure:9938: gcc -c -O2 -I/home/user/workdir/openwrt-fs/openwrt-23.05.5/staging_dir/host/include      -I/home/user/workdir/openwrt-fs/openwrt-23.05.5/staging_dir/host/include  conftest.c >&5
conftest.c: In function 'main':
conftest.c:37:28: error: expected expression before ')' token
   37 | if (sizeof ((int_least32_t)))
      |                            ^
configure:9938: $? = 1
configure: failed program was:
| /* confdefs.h */
| #define PACKAGE_NAME "package-unused"
| #define PACKAGE_TARNAME "libbacktrace"
| #define PACKAGE_VERSION "version-unused"
| #define PACKAGE_STRING "package-unused version-unused"
| #define PACKAGE_BUGREPORT ""
| #define PACKAGE_URL ""
| #define STDC_HEADERS 1
| #define HAVE_SYS_TYPES_H 1
| #define HAVE_SYS_STAT_H 1
| #define HAVE_STDLIB_H 1
| #define HAVE_STRING_H 1
| #define HAVE_MEMORY_H 1
| #define HAVE_STRINGS_H 1
| #define HAVE_INTTYPES_H 1
| #define HAVE_STDINT_H 1
| #define HAVE_UNISTD_H 1
| #define __EXTENSIONS__ 1
| #define _ALL_SOURCE 1
| #define _GNU_SOURCE 1
| #define _POSIX_PTHREAD_SEMANTICS 1
| #define _TANDEM_SOURCE 1
| #define HAVE_DLFCN_H 1
| #define LT_OBJDIR ".libs/"
| #define HAVE_GETIPINFO 1
| #define HAVE_SYNC_FUNCTIONS 1
| #define HAVE_ATOMIC_FUNCTIONS 1
| #define BACKTRACE_ELF_SIZE 64
| #define BACKTRACE_XCOFF_SIZE unused
| /* end confdefs.h.  */
| #include <sys/types.h>
| #include <stdint.h>
| 
| int
| main ()
| {
| if (sizeof ((int_least32_t)))
| 	    return 0;
|   ;
|   return 0;
| }
configure:9938: result: yes
configure:9947: checking for int_fast32_t
configure:9947: gcc -c -O2 -I/home/user/workdir/openwrt-fs/openwrt-23.05.5/staging_dir/host/include      -I/home/user/workdir/openwrt-fs/openwrt-23.05.5/staging_dir/host/include  conftest.c >&5
configure:9947: $? = 0
configure:9947: gcc -c -O2 -I/home/user/workdir/openwrt-fs/openwrt-23.05.5/staging_dir/host/include      -I/home/user/workdir/openwrt-fs/openwrt-23.05.5/staging_dir/host/include  conftest.c >&5
conftest.c: In function 'main':
conftest.c:37:27: error: expected expression before ')' token
   37 | if (sizeof ((int_fast32_t)))
      |                           ^
configure:9947: $? = 1
configure: failed program was:
| /* confdefs.h */
| #define PACKAGE_NAME "package-unused"
| #define PACKAGE_TARNAME "libbacktrace"
| #define PACKAGE_VERSION "version-unused"
| #define PACKAGE_STRING "package-unused version-unused"
| #define PACKAGE_BUGREPORT ""
| #define PACKAGE_URL ""
| #define STDC_HEADERS 1
| #define HAVE_SYS_TYPES_H 1
| #define HAVE_SYS_STAT_H 1
| #define HAVE_STDLIB_H 1
| #define HAVE_STRING_H 1
| #define HAVE_MEMORY_H 1
| #define HAVE_STRINGS_H 1
| #define HAVE_INTTYPES_H 1
| #define HAVE_STDINT_H 1
| #define HAVE_UNISTD_H 1
| #define __EXTENSIONS__ 1
| #define _ALL_SOURCE 1
| #define _GNU_SOURCE 1
| #define _POSIX_PTHREAD_SEMANTICS 1
| #define _TANDEM_SOURCE 1
| #define HAVE_DLFCN_H 1
| #define LT_OBJDIR ".libs/"
| #define HAVE_GETIPINFO 1
| #define HAVE_SYNC_FUNCTIONS 1
| #define HAVE_ATOMIC_FUNCTIONS 1
| #define BACKTRACE_ELF_SIZE 64
| #define BACKTRACE_XCOFF_SIZE unused
| /* end confdefs.h.  */
| #include <sys/types.h>
| #include <stdint.h>
| 
| int
| main ()
| {
| if (sizeof ((int_fast32_t)))
| 	    return 0;
|   ;
|   return 0;
| }
configure:9947: result: yes
configure:9956: checking for uint64_t
configure:9956: gcc -c -O2 -I/home/user/workdir/openwrt-fs/openwrt-23.05.5/staging_dir/host/include      -I/home/user/workdir/openwrt-fs/openwrt-23.05.5/staging_dir/host/include  conftest.c >&5
configure:9956: $? = 0
configure:9956: gcc -c -O2 -I/home/user/workdir/openwrt-fs/openwrt-23.05.5/staging_dir/host/include      -I/home/user/workdir/openwrt-fs/openwrt-23.05.5/staging_dir/host/include  conftest.c >&5
conftest.c: In function 'main':
conftest.c:37:23: error: expected expression before ')' token
   37 | if (sizeof ((uint64_t)))
      |                       ^
configure:9956: $? = 1
configure: failed program was:
| /* confdefs.h */
| #define PACKAGE_NAME "package-unused"
| #define PACKAGE_TARNAME "libbacktrace"
| #define PACKAGE_VERSION "version-unused"
| #define PACKAGE_STRING "package-unused version-unused"
| #define PACKAGE_BUGREPORT ""
| #define PACKAGE_URL ""
| #define STDC_HEADERS 1
| #define HAVE_SYS_TYPES_H 1
| #define HAVE_SYS_STAT_H 1
| #define HAVE_STDLIB_H 1
| #define HAVE_STRING_H 1
| #define HAVE_MEMORY_H 1
| #define HAVE_STRINGS_H 1
| #define HAVE_INTTYPES_H 1
| #define HAVE_STDINT_H 1
| #define HAVE_UNISTD_H 1
| #define __EXTENSIONS__ 1
| #define _ALL_SOURCE 1
| #define _GNU_SOURCE 1
| #define _POSIX_PTHREAD_SEMANTICS 1
| #define _TANDEM_SOURCE 1
| #define HAVE_DLFCN_H 1
| #define LT_OBJDIR ".libs/"
| #define HAVE_GETIPINFO 1
| #define HAVE_SYNC_FUNCTIONS 1
| #define HAVE_ATOMIC_FUNCTIONS 1
| #define BACKTRACE_ELF_SIZE 64
| #define BACKTRACE_XCOFF_SIZE unused
| /* end confdefs.h.  */
| #include <sys/types.h>
| #include <stdint.h>
| 
| int
| main ()
| {
| if (sizeof ((uint64_t)))
| 	    return 0;
|   ;
|   return 0;
| }
configure:9956: result: yes
configure:10037: checking what to include in gstdint.h
configure:10065: result: stdint.h (already complete)
configure:10311: checking sys/mman.h usability
configure:10311: gcc -c -O2 -I/home/user/workdir/openwrt-fs/openwrt-23.05.5/staging_dir/host/include      -I/home/user/workdir/openwrt-fs/openwrt-23.05.5/staging_dir/host/include  conftest.c >&5
configure:10311: $? = 0
configure:10311: result: yes
configure:10311: checking sys/mman.h presence
configure:10311: gcc -E -I/home/user/workdir/openwrt-fs/openwrt-23.05.5/staging_dir/host/include  conftest.c
configure:10311: $? = 0
configure:10311: result: yes
configure:10311: checking for sys/mman.h
configure:10311: result: yes
configure:10334: checking for mmap
configure:10334: gcc -o conftest -O2 -I/home/user/workdir/openwrt-fs/openwrt-23.05.5/staging_dir/host/include      -I/home/user/workdir/openwrt-fs/openwrt-23.05.5/staging_dir/host/include   -L/home/user/workdir/openwrt-fs/openwrt-23.05.5/staging_dir/host/lib  conftest.c  >&5
configure:10334: $? = 0
configure:10334: result: yes
configure:10357: gcc -E -I/home/user/workdir/openwrt-fs/openwrt-23.05.5/staging_dir/host/include  conftest.c
configure:10357: $? = 0
configure:10376: checking link.h usability
configure:10376: gcc -c -O2 -I/home/user/workdir/openwrt-fs/openwrt-23.05.5/staging_dir/host/include      -I/home/user/workdir/openwrt-fs/openwrt-23.05.5/staging_dir/host/include  conftest.c >&5
configure:10376: $? = 0
configure:10376: result: yes
configure:10376: checking link.h presence
configure:10376: gcc -E -I/home/user/workdir/openwrt-fs/openwrt-23.05.5/staging_dir/host/include  conftest.c
configure:10376: $? = 0
configure:10376: result: yes
configure:10376: checking for link.h
configure:10376: result: yes
configure:10405: checking for dl_iterate_phdr
configure:10405: gcc -o conftest -O2 -I/home/user/workdir/openwrt-fs/openwrt-23.05.5/staging_dir/host/include      -I/home/user/workdir/openwrt-fs/openwrt-23.05.5/staging_dir/host/include   -L/home/user/workdir/openwrt-fs/openwrt-23.05.5/staging_dir/host/lib  conftest.c  >&5
configure:10405: $? = 0
configure:10405: result: yes
configure:10423: checking mach-o/dyld.h usability
configure:10423: gcc -c -O2 -I/home/user/workdir/openwrt-fs/openwrt-23.05.5/staging_dir/host/include      -I/home/user/workdir/openwrt-fs/openwrt-23.05.5/staging_dir/host/include  conftest.c >&5
conftest.c:67:10: fatal error: mach-o/dyld.h: No such file or directory
   67 | #include <mach-o/dyld.h>
      |          ^~~~~~~~~~~~~~~
compilation terminated.
configure:10423: $? = 1
configure: failed program was:
| /* confdefs.h */
| #define PACKAGE_NAME "package-unused"
| #define PACKAGE_TARNAME "libbacktrace"
| #define PACKAGE_VERSION "version-unused"
| #define PACKAGE_STRING "package-unused version-unused"
| #define PACKAGE_BUGREPORT ""
| #define PACKAGE_URL ""
| #define STDC_HEADERS 1
| #define HAVE_SYS_TYPES_H 1
| #define HAVE_SYS_STAT_H 1
| #define HAVE_STDLIB_H 1
| #define HAVE_STRING_H 1
| #define HAVE_MEMORY_H 1
| #define HAVE_STRINGS_H 1
| #define HAVE_INTTYPES_H 1
| #define HAVE_STDINT_H 1
| #define HAVE_UNISTD_H 1
| #define __EXTENSIONS__ 1
| #define _ALL_SOURCE 1
| #define _GNU_SOURCE 1
| #define _POSIX_PTHREAD_SEMANTICS 1
| #define _TANDEM_SOURCE 1
| #define HAVE_DLFCN_H 1
| #define LT_OBJDIR ".libs/"
| #define HAVE_GETIPINFO 1
| #define HAVE_SYNC_FUNCTIONS 1
| #define HAVE_ATOMIC_FUNCTIONS 1
| #define BACKTRACE_ELF_SIZE 64
| #define BACKTRACE_XCOFF_SIZE unused
| #define HAVE_SYS_MMAN_H 1
| #define HAVE_LINK_H 1
| #define HAVE_DL_ITERATE_PHDR 1
| /* end confdefs.h.  */
| #include <stdio.h>
| #ifdef HAVE_SYS_TYPES_H
| # include <sys/types.h>
| #endif
| #ifdef HAVE_SYS_STAT_H
| # include <sys/stat.h>
| #endif
| #ifdef STDC_HEADERS
| # include <stdlib.h>
| # include <stddef.h>
| #else
| # ifdef HAVE_STDLIB_H
| #  include <stdlib.h>
| # endif
| #endif
| #ifdef HAVE_STRING_H
| # if !defined STDC_HEADERS && defined HAVE_MEMORY_H
| #  include <memory.h>
| # endif
| # include <string.h>
| #endif
| #ifdef HAVE_STRINGS_H
| # include <strings.h>
| #endif
| #ifdef HAVE_INTTYPES_H
| # include <inttypes.h>
| #endif
| #ifdef HAVE_STDINT_H
| # include <stdint.h>
| #endif
| #ifdef HAVE_UNISTD_H
| # include <unistd.h>
| #endif
| #include <mach-o/dyld.h>
configure:10423: result: no
configure:10423: checking mach-o/dyld.h presence
configure:10423: gcc -E -I/home/user/workdir/openwrt-fs/openwrt-23.05.5/staging_dir/host/include  conftest.c
conftest.c:34:10: fatal error: mach-o/dyld.h: No such file or directory
   34 | #include <mach-o/dyld.h>
      |          ^~~~~~~~~~~~~~~
compilation terminated.
configure:10423: $? = 1
configure: failed program was:
| /* confdefs.h */
| #define PACKAGE_NAME "package-unused"
| #define PACKAGE_TARNAME "libbacktrace"
| #define PACKAGE_VERSION "version-unused"
| #define PACKAGE_STRING "package-unused version-unused"
| #define PACKAGE_BUGREPORT ""
| #define PACKAGE_URL ""
| #define STDC_HEADERS 1
| #define HAVE_SYS_TYPES_H 1
| #define HAVE_SYS_STAT_H 1
| #define HAVE_STDLIB_H 1
| #define HAVE_STRING_H 1
| #define HAVE_MEMORY_H 1
| #define HAVE_STRINGS_H 1
| #define HAVE_INTTYPES_H 1
| #define HAVE_STDINT_H 1
| #define HAVE_UNISTD_H 1
| #define __EXTENSIONS__ 1
| #define _ALL_SOURCE 1
| #define _GNU_SOURCE 1
| #define _POSIX_PTHREAD_SEMANTICS 1
| #define _TANDEM_SOURCE 1
| #define HAVE_DLFCN_H 1
| #define LT_OBJDIR ".libs/"
| #define HAVE_GETIPINFO 1
| #define HAVE_SYNC_FUNCTIONS 1
| #define HAVE_ATOMIC_FUNCTIONS 1
| #define BACKTRACE_ELF_SIZE 64
| #define BACKTRACE_XCOFF_SIZE unused
| #define HAVE_SYS_MMAN_H 1
| #define HAVE_LINK_H 1
| #define HAVE_DL_ITERATE_PHDR 1
| /* end confdefs.h.  */
| #include <mach-o/dyld.h>
configure:10423: result: no
configure:10423: checking for mach-o/dyld.h
configure:10423: result: no
configure:10437: checking sys/ldr.h usability
configure:10437: gcc -c -O2 -I/home/user/workdir/openwrt-fs/openwrt-23.05.5/staging_dir/host/include      -I/home/user/workdir/openwrt-fs/openwrt-23.05.5/staging_dir/host/include  conftest.c >&5
conftest.c:67:10: fatal error: sys/ldr.h: No such file or directory
   67 | #include <sys/ldr.h>
      |          ^~~~~~~~~~~
compilation terminated.
configure:10437: $? = 1
configure: failed program was:
| /* confdefs.h */
| #define PACKAGE_NAME "package-unused"
| #define PACKAGE_TARNAME "libbacktrace"
| #define PACKAGE_VERSION "version-unused"
| #define PACKAGE_STRING "package-unused version-unused"
| #define PACKAGE_BUGREPORT ""
| #define PACKAGE_URL ""
| #define STDC_HEADERS 1
| #define HAVE_SYS_TYPES_H 1
| #define HAVE_SYS_STAT_H 1
| #define HAVE_STDLIB_H 1
| #define HAVE_STRING_H 1
| #define HAVE_MEMORY_H 1
| #define HAVE_STRINGS_H 1
| #define HAVE_INTTYPES_H 1
| #define HAVE_STDINT_H 1
| #define HAVE_UNISTD_H 1
| #define __EXTENSIONS__ 1
| #define _ALL_SOURCE 1
| #define _GNU_SOURCE 1
| #define _POSIX_PTHREAD_SEMANTICS 1
| #define _TANDEM_SOURCE 1
| #define HAVE_DLFCN_H 1
| #define LT_OBJDIR ".libs/"
| #define HAVE_GETIPINFO 1
| #define HAVE_SYNC_FUNCTIONS 1
| #define HAVE_ATOMIC_FUNCTIONS 1
| #define BACKTRACE_ELF_SIZE 64
| #define BACKTRACE_XCOFF_SIZE unused
| #define HAVE_SYS_MMAN_H 1
| #define HAVE_LINK_H 1
| #define HAVE_DL_ITERATE_PHDR 1
| /* end confdefs.h.  */
| #include <stdio.h>
| #ifdef HAVE_SYS_TYPES_H
| # include <sys/types.h>
| #endif
| #ifdef HAVE_SYS_STAT_H
| # include <sys/stat.h>
| #endif
| #ifdef STDC_HEADERS
| # include <stdlib.h>
| # include <stddef.h>
| #else
| # ifdef HAVE_STDLIB_H
| #  include <stdlib.h>
| # endif
| #endif
| #ifdef HAVE_STRING_H
| # if !defined STDC_HEADERS && defined HAVE_MEMORY_H
| #  include <memory.h>
| # endif
| # include <string.h>
| #endif
| #ifdef HAVE_STRINGS_H
| # include <strings.h>
| #endif
| #ifdef HAVE_INTTYPES_H
| # include <inttypes.h>
| #endif
| #ifdef HAVE_STDINT_H
| # include <stdint.h>
| #endif
| #ifdef HAVE_UNISTD_H
| # include <unistd.h>
| #endif
| #include <sys/ldr.h>
configure:10437: result: no
configure:10437: checking sys/ldr.h presence
configure:10437: gcc -E -I/home/user/workdir/openwrt-fs/openwrt-23.05.5/staging_dir/host/include  conftest.c
conftest.c:34:10: fatal error: sys/ldr.h: No such file or directory
   34 | #include <sys/ldr.h>
      |          ^~~~~~~~~~~
compilation terminated.
configure:10437: $? = 1
configure: failed program was:
| /* confdefs.h */
| #define PACKAGE_NAME "package-unused"
| #define PACKAGE_TARNAME "libbacktrace"
| #define PACKAGE_VERSION "version-unused"
| #define PACKAGE_STRING "package-unused version-unused"
| #define PACKAGE_BUGREPORT ""
| #define PACKAGE_URL ""
| #define STDC_HEADERS 1
| #define HAVE_SYS_TYPES_H 1
| #define HAVE_SYS_STAT_H 1
| #define HAVE_STDLIB_H 1
| #define HAVE_STRING_H 1
| #define HAVE_MEMORY_H 1
| #define HAVE_STRINGS_H 1
| #define HAVE_INTTYPES_H 1
| #define HAVE_STDINT_H 1
| #define HAVE_UNISTD_H 1
| #define __EXTENSIONS__ 1
| #define _ALL_SOURCE 1
| #define _GNU_SOURCE 1
| #define _POSIX_PTHREAD_SEMANTICS 1
| #define _TANDEM_SOURCE 1
| #define HAVE_DLFCN_H 1
| #define LT_OBJDIR ".libs/"
| #define HAVE_GETIPINFO 1
| #define HAVE_SYNC_FUNCTIONS 1
| #define HAVE_ATOMIC_FUNCTIONS 1
| #define BACKTRACE_ELF_SIZE 64
| #define BACKTRACE_XCOFF_SIZE unused
| #define HAVE_SYS_MMAN_H 1
| #define HAVE_LINK_H 1
| #define HAVE_DL_ITERATE_PHDR 1
| /* end confdefs.h.  */
| #include <sys/ldr.h>
configure:10437: result: no
configure:10437: checking for sys/ldr.h
configure:10437: result: no
configure:10488: checking for fcntl
configure:10488: gcc -o conftest -O2 -I/home/user/workdir/openwrt-fs/openwrt-23.05.5/staging_dir/host/include      -I/home/user/workdir/openwrt-fs/openwrt-23.05.5/staging_dir/host/include   -L/home/user/workdir/openwrt-fs/openwrt-23.05.5/staging_dir/host/lib  conftest.c  >&5
configure:10488: $? = 0
configure:10488: result: yes
configure:10502: checking whether strnlen is declared
configure:10502: gcc -c -O2 -I/home/user/workdir/openwrt-fs/openwrt-23.05.5/staging_dir/host/include      -I/home/user/workdir/openwrt-fs/openwrt-23.05.5/staging_dir/host/include  conftest.c >&5
configure:10502: $? = 0
configure:10502: result: yes
configure:10512: checking whether getpagesize is declared
configure:10512: gcc -c -O2 -I/home/user/workdir/openwrt-fs/openwrt-23.05.5/staging_dir/host/include      -I/home/user/workdir/openwrt-fs/openwrt-23.05.5/staging_dir/host/include  conftest.c >&5
configure:10512: $? = 0
configure:10512: result: yes
configure:10526: checking for lstat
configure:10526: gcc -o conftest -O2 -I/home/user/workdir/openwrt-fs/openwrt-23.05.5/staging_dir/host/include      -I/home/user/workdir/openwrt-fs/openwrt-23.05.5/staging_dir/host/include   -L/home/user/workdir/openwrt-fs/openwrt-23.05.5/staging_dir/host/lib  conftest.c  >&5
configure:10526: $? = 0
configure:10526: result: yes
configure:10526: checking for readlink
configure:10526: gcc -o conftest -O2 -I/home/user/workdir/openwrt-fs/openwrt-23.05.5/staging_dir/host/include      -I/home/user/workdir/openwrt-fs/openwrt-23.05.5/staging_dir/host/include   -L/home/user/workdir/openwrt-fs/openwrt-23.05.5/staging_dir/host/lib  conftest.c  >&5
configure:10526: $? = 0
configure:10526: result: yes
configure:10543: checking for getexecname
configure:10543: gcc -o conftest -O2 -I/home/user/workdir/openwrt-fs/openwrt-23.05.5/staging_dir/host/include      -I/home/user/workdir/openwrt-fs/openwrt-23.05.5/staging_dir/host/include   -L/home/user/workdir/openwrt-fs/openwrt-23.05.5/staging_dir/host/lib  conftest.c  >&5
/usr/bin/ld: /home/user/workdir/openwrt-fs/openwrt-23.05.5/tmp/ccG84k0x.o: in function `main':
conftest.c:(.text.startup+0xb): undefined reference to `getexecname'
collect2: error: ld returned 1 exit status
configure:10543: $? = 1
configure: failed program was:
| /* confdefs.h */
| #define PACKAGE_NAME "package-unused"
| #define PACKAGE_TARNAME "libbacktrace"
| #define PACKAGE_VERSION "version-unused"
| #define PACKAGE_STRING "package-unused version-unused"
| #define PACKAGE_BUGREPORT ""
| #define PACKAGE_URL ""
| #define STDC_HEADERS 1
| #define HAVE_SYS_TYPES_H 1
| #define HAVE_SYS_STAT_H 1
| #define HAVE_STDLIB_H 1
| #define HAVE_STRING_H 1
| #define HAVE_MEMORY_H 1
| #define HAVE_STRINGS_H 1
| #define HAVE_INTTYPES_H 1
| #define HAVE_STDINT_H 1
| #define HAVE_UNISTD_H 1
| #define __EXTENSIONS__ 1
| #define _ALL_SOURCE 1
| #define _GNU_SOURCE 1
| #define _POSIX_PTHREAD_SEMANTICS 1
| #define _TANDEM_SOURCE 1
| #define HAVE_DLFCN_H 1
| #define LT_OBJDIR ".libs/"
| #define HAVE_GETIPINFO 1
| #define HAVE_SYNC_FUNCTIONS 1
| #define HAVE_ATOMIC_FUNCTIONS 1
| #define BACKTRACE_ELF_SIZE 64
| #define BACKTRACE_XCOFF_SIZE unused
| #define HAVE_SYS_MMAN_H 1
| #define HAVE_LINK_H 1
| #define HAVE_DL_ITERATE_PHDR 1
| #define HAVE_FCNTL 1
| #define HAVE_DECL_STRNLEN 1
| #define HAVE_DECL_GETPAGESIZE 1
| #define HAVE_LSTAT 1
| #define HAVE_READLINK 1
| /* end confdefs.h.  */
| /* Define getexecname to an innocuous variant, in case <limits.h> declares getexecname.
|    For example, HP-UX 11i <limits.h> declares gettimeofday.  */
| #define getexecname innocuous_getexecname
| 
| /* System header to define __stub macros and hopefully few prototypes,
|     which can conflict with char getexecname (); below.
|     Prefer <limits.h> to <assert.h> if __STDC__ is defined, since
|     <limits.h> exists even on freestanding compilers.  */
| 
| #ifdef __STDC__
| # include <limits.h>
| #else
| # include <assert.h>
| #endif
| 
| #undef getexecname
| 
| /* Override any GCC internal prototype to avoid an error.
|    Use char because int might match the return type of a GCC
|    builtin and then its argument prototype would still apply.  */
| #ifdef __cplusplus
| extern "C"
| #endif
| char getexecname ();
| /* The GNU C library defines this for functions which it implements
|     to always fail with ENOSYS.  Some functions are actually named
|     something starting with __ and the normal name is an alias.  */
| #if defined __stub_getexecname || defined __stub___getexecname
| choke me
| #endif
| 
| int
| main ()
| {
| return getexecname ();
|   ;
|   return 0;
| }
configure:10543: result: no
configure:10559: checking for KERN_PROC
configure:10578: gcc -c -O2 -I/home/user/workdir/openwrt-fs/openwrt-23.05.5/staging_dir/host/include      -I/home/user/workdir/openwrt-fs/openwrt-23.05.5/staging_dir/host/include  conftest.c >&5
In file included from conftest.c:41:
/usr/include/x86_64-linux-gnu/sys/sysctl.h:21:2: warning: #warning "The <sys/sysctl.h> header is deprecated and will be removed." [-Wcpp]
   21 | #warning "The <sys/sysctl.h> header is deprecated and will be removed."
      |  ^~~~~~~
conftest.c: In function 'main':
conftest.c:46:33: error: 'KERN_PROC' undeclared (first use in this function); did you mean 'KERN_PROF'?
   46 | int mib0 = CTL_KERN; int mib1 = KERN_PROC; int mib2 = KERN_PROC_PATHNAME;
      |                                 ^~~~~~~~~
      |                                 KERN_PROF
conftest.c:46:33: note: each undeclared identifier is reported only once for each function it appears in
conftest.c:46:55: error: 'KERN_PROC_PATHNAME' undeclared (first use in this function)
   46 | int mib0 = CTL_KERN; int mib1 = KERN_PROC; int mib2 = KERN_PROC_PATHNAME;
      |                                                       ^~~~~~~~~~~~~~~~~~
configure:10578: $? = 1
configure: failed program was:
| /* confdefs.h */
| #define PACKAGE_NAME "package-unused"
| #define PACKAGE_TARNAME "libbacktrace"
| #define PACKAGE_VERSION "version-unused"
| #define PACKAGE_STRING "package-unused version-unused"
| #define PACKAGE_BUGREPORT ""
| #define PACKAGE_URL ""
| #define STDC_HEADERS 1
| #define HAVE_SYS_TYPES_H 1
| #define HAVE_SYS_STAT_H 1
| #define HAVE_STDLIB_H 1
| #define HAVE_STRING_H 1
| #define HAVE_MEMORY_H 1
| #define HAVE_STRINGS_H 1
| #define HAVE_INTTYPES_H 1
| #define HAVE_STDINT_H 1
| #define HAVE_UNISTD_H 1
| #define __EXTENSIONS__ 1
| #define _ALL_SOURCE 1
| #define _GNU_SOURCE 1
| #define _POSIX_PTHREAD_SEMANTICS 1
| #define _TANDEM_SOURCE 1
| #define HAVE_DLFCN_H 1
| #define LT_OBJDIR ".libs/"
| #define HAVE_GETIPINFO 1
| #define HAVE_SYNC_FUNCTIONS 1
| #define HAVE_ATOMIC_FUNCTIONS 1
| #define BACKTRACE_ELF_SIZE 64
| #define BACKTRACE_XCOFF_SIZE unused
| #define HAVE_SYS_MMAN_H 1
| #define HAVE_LINK_H 1
| #define HAVE_DL_ITERATE_PHDR 1
| #define HAVE_FCNTL 1
| #define HAVE_DECL_STRNLEN 1
| #define HAVE_DECL_GETPAGESIZE 1
| #define HAVE_LSTAT 1
| #define HAVE_READLINK 1
| /* end confdefs.h.  */
| 
| #include <sys/types.h>
| #include <sys/sysctl.h>
| 
| int
| main ()
| {
| int mib0 = CTL_KERN; int mib1 = KERN_PROC; int mib2 = KERN_PROC_PATHNAME;
|   ;
|   return 0;
| }
configure:10585: result: no
configure:10593: checking for KERN_PROG_ARGS
configure:10612: gcc -c -O2 -I/home/user/workdir/openwrt-fs/openwrt-23.05.5/staging_dir/host/include      -I/home/user/workdir/openwrt-fs/openwrt-23.05.5/staging_dir/host/include  conftest.c >&5
In file included from conftest.c:41:
/usr/include/x86_64-linux-gnu/sys/sysctl.h:21:2: warning: #warning "The <sys/sysctl.h> header is deprecated and will be removed." [-Wcpp]
   21 | #warning "The <sys/sysctl.h> header is deprecated and will be removed."
      |  ^~~~~~~
conftest.c: In function 'main':
conftest.c:46:33: error: 'KERN_PROC_ARGS' undeclared (first use in this function)
   46 | int mib0 = CTL_KERN; int mib1 = KERN_PROC_ARGS; int mib2 = KERN_PROC_PATHNAME;
      |                                 ^~~~~~~~~~~~~~
conftest.c:46:33: note: each undeclared identifier is reported only once for each function it appears in
conftest.c:46:60: error: 'KERN_PROC_PATHNAME' undeclared (first use in this function)
   46 | int mib0 = CTL_KERN; int mib1 = KERN_PROC_ARGS; int mib2 = KERN_PROC_PATHNAME;
      |                                                            ^~~~~~~~~~~~~~~~~~
configure:10612: $? = 1
configure: failed program was:
| /* confdefs.h */
| #define PACKAGE_NAME "package-unused"
| #define PACKAGE_TARNAME "libbacktrace"
| #define PACKAGE_VERSION "version-unused"
| #define PACKAGE_STRING "package-unused version-unused"
| #define PACKAGE_BUGREPORT ""
| #define PACKAGE_URL ""
| #define STDC_HEADERS 1
| #define HAVE_SYS_TYPES_H 1
| #define HAVE_SYS_STAT_H 1
| #define HAVE_STDLIB_H 1
| #define HAVE_STRING_H 1
| #define HAVE_MEMORY_H 1
| #define HAVE_STRINGS_H 1
| #define HAVE_INTTYPES_H 1
| #define HAVE_STDINT_H 1
| #define HAVE_UNISTD_H 1
| #define __EXTENSIONS__ 1
| #define _ALL_SOURCE 1
| #define _GNU_SOURCE 1
| #define _POSIX_PTHREAD_SEMANTICS 1
| #define _TANDEM_SOURCE 1
| #define HAVE_DLFCN_H 1
| #define LT_OBJDIR ".libs/"
| #define HAVE_GETIPINFO 1
| #define HAVE_SYNC_FUNCTIONS 1
| #define HAVE_ATOMIC_FUNCTIONS 1
| #define BACKTRACE_ELF_SIZE 64
| #define BACKTRACE_XCOFF_SIZE unused
| #define HAVE_SYS_MMAN_H 1
| #define HAVE_LINK_H 1
| #define HAVE_DL_ITERATE_PHDR 1
| #define HAVE_FCNTL 1
| #define HAVE_DECL_STRNLEN 1
| #define HAVE_DECL_GETPAGESIZE 1
| #define HAVE_LSTAT 1
| #define HAVE_READLINK 1
| /* end confdefs.h.  */
| 
| #include <sys/types.h>
| #include <sys/sysctl.h>
| 
| int
| main ()
| {
| int mib0 = CTL_KERN; int mib1 = KERN_PROC_ARGS; int mib2 = KERN_PROC_PATHNAME;
|   ;
|   return 0;
| }
configure:10619: result: no
configure:10630: checking for clock_gettime
configure:10630: gcc -o conftest -O2 -I/home/user/workdir/openwrt-fs/openwrt-23.05.5/staging_dir/host/include      -I/home/user/workdir/openwrt-fs/openwrt-23.05.5/staging_dir/host/include   -L/home/user/workdir/openwrt-fs/openwrt-23.05.5/staging_dir/host/lib  conftest.c  >&5
configure:10630: $? = 0
configure:10630: result: yes
configure:10691: checking whether -pthread is supported
configure:10702: gcc -c -O2 -I/home/user/workdir/openwrt-fs/openwrt-23.05.5/staging_dir/host/include      -pthread -I/home/user/workdir/openwrt-fs/openwrt-23.05.5/staging_dir/host/include  conftest.c >&5
configure:10702: $? = 0
configure:10710: result: yes
configure:10727: checking whether -gdwarf-5 is supported
configure:10745: gcc -o conftest -O2 -I/home/user/workdir/openwrt-fs/openwrt-23.05.5/staging_dir/host/include      -gdwarf-5 -I/home/user/workdir/openwrt-fs/openwrt-23.05.5/staging_dir/host/include   -L/home/user/workdir/openwrt-fs/openwrt-23.05.5/staging_dir/host/lib  conftest.c  >&5
configure:10745: $? = 0
configure:10754: result: yes
configure:10765: checking for compress in -lz
configure:10790: gcc -o conftest -O2 -I/home/user/workdir/openwrt-fs/openwrt-23.05.5/staging_dir/host/include      -I/home/user/workdir/openwrt-fs/openwrt-23.05.5/staging_dir/host/include   -L/home/user/workdir/openwrt-fs/openwrt-23.05.5/staging_dir/host/lib  conftest.c -lz   >&5
configure:10790: $? = 0
configure:10799: result: yes
configure:10816: checking whether --compress-debug-sections is supported
configure:10834: gcc -o conftest -O2 -I/home/user/workdir/openwrt-fs/openwrt-23.05.5/staging_dir/host/include      -I/home/user/workdir/openwrt-fs/openwrt-23.05.5/staging_dir/host/include   -L/home/user/workdir/openwrt-fs/openwrt-23.05.5/staging_dir/host/lib  -Wl,--compress-debug-sections=zlib-gnu conftest.c  >&5
configure:10834: $? = 0
configure:10843: result: yes
configure:10857: checking for objcopy
configure:10873: found /usr/bin/objcopy
configure:10884: result: objcopy
configure:10894: checking for readelf
configure:10921: result: readelf
configure:10929: checking whether objcopy supports debuglink
configure:10944: result: yes
configure:10958: checking for dsymutil
configure:10985: result: @DSYMUTIL@
configure:11005: checking for nm
configure:11032: result: nm
configure:11043: checking for xz
configure:11059: found /home/user/workdir/openwrt-fs/openwrt-23.05.5/staging_dir/host/bin/xz
configure:11070: result: xz
configure:11088: checking for comm
configure:11104: found /usr/bin/comm
configure:11115: result: comm
configure:11141: checking for lzma_auto_decoder in -llzma
configure:11166: gcc -o conftest -O2 -I/home/user/workdir/openwrt-fs/openwrt-23.05.5/staging_dir/host/include      -I/home/user/workdir/openwrt-fs/openwrt-23.05.5/staging_dir/host/include   -L/home/user/workdir/openwrt-fs/openwrt-23.05.5/staging_dir/host/lib  conftest.c -llzma   >&5
configure:11166: $? = 0
configure:11175: result: yes
configure:11192: checking whether tests can run
configure:11211: gcc -o conftest -O2 -I/home/user/workdir/openwrt-fs/openwrt-23.05.5/staging_dir/host/include      -I/home/user/workdir/openwrt-fs/openwrt-23.05.5/staging_dir/host/include   -L/home/user/workdir/openwrt-fs/openwrt-23.05.5/staging_dir/host/lib  conftest.c  >&5
configure:11211: $? = 0
configure:11211: ./conftest
configure:11211: $? = 0
configure:11221: result: yes
configure:11304: updating cache ./config.cache
configure:11348: checking that generated files are newer than configure
configure:11354: result: done
configure:11425: creating ./config.status

## ---------------------- ##
## Running config.status. ##
## ---------------------- ##

This file was extended by package-unused config.status version-unused, which was
generated by GNU Autoconf 2.69.  Invocation command line was

  CONFIG_FILES    = 
  CONFIG_HEADERS  = 
  CONFIG_LINKS    = 
  CONFIG_COMMANDS = 
  $ ./config.status 

on e6fd6bfc75d4

config.status:1166: creating Makefile
config.status:1166: creating backtrace-supported.h
config.status:1166: creating install-debuginfo-for-buildid.sh
config.status:1166: creating config.h
config.status:1395: executing libtool commands
config.status:1395: executing gstdint.h commands
config.status:1395: executing default commands

## ---------------- ##
## Cache variables. ##
## ---------------- ##

ac_cv_build=x86_64-pc-linux-gnu
ac_cv_c_compiler_gnu=yes
ac_cv_env_CC_set=set
ac_cv_env_CC_value=gcc
ac_cv_env_CFLAGS_set=set
ac_cv_env_CFLAGS_value='-O2 -I/home/user/workdir/openwrt-fs/openwrt-23.05.5/staging_dir/host/include     '
ac_cv_env_CPPFLAGS_set=set
ac_cv_env_CPPFLAGS_value='-I/home/user/workdir/openwrt-fs/openwrt-23.05.5/staging_dir/host/include '
ac_cv_env_CPP_set=
ac_cv_env_CPP_value=
ac_cv_env_DSYMUTIL_set=set
ac_cv_env_DSYMUTIL_value=@DSYMUTIL@
ac_cv_env_LDFLAGS_set=set
ac_cv_env_LDFLAGS_value=' -L/home/user/workdir/openwrt-fs/openwrt-23.05.5/staging_dir/host/lib '
ac_cv_env_LIBS_set=
ac_cv_env_LIBS_value=
ac_cv_env_NM_set=set
ac_cv_env_NM_value=nm
ac_cv_env_OBJCOPY_set=set
ac_cv_env_OBJCOPY_value=
ac_cv_env_build_alias_set=set
ac_cv_env_build_alias_value=x86_64-pc-linux-gnu
ac_cv_env_host_alias_set=set
ac_cv_env_host_alias_value=x86_64-pc-linux-gnu
ac_cv_env_target_alias_set=set
ac_cv_env_target_alias_value=aarch64-openwrt-linux-musl
ac_cv_func__Unwind_Backtrace=yes
ac_cv_func_clock_gettime=yes
ac_cv_func_dl_iterate_phdr=yes
ac_cv_func_fcntl=yes
ac_cv_func_getexecname=no
ac_cv_func_lstat=yes
ac_cv_func_mmap=yes
ac_cv_func_readlink=yes
ac_cv_have_decl_getpagesize=yes
ac_cv_have_decl_strnlen=yes
ac_cv_header_dlfcn_h=yes
ac_cv_header_inttypes_h=yes
ac_cv_header_link_h=yes
ac_cv_header_mach_o_dyld_h=no
ac_cv_header_memory_h=yes
ac_cv_header_minix_config_h=no
ac_cv_header_stdc=yes
ac_cv_header_stdint_h=yes
ac_cv_header_stdlib_h=yes
ac_cv_header_string_h=yes
ac_cv_header_strings_h=yes
ac_cv_header_sys_ldr_h=no
ac_cv_header_sys_mman_h=yes
ac_cv_header_sys_stat_h=yes
ac_cv_header_sys_types_h=yes
ac_cv_header_unistd_h=yes
ac_cv_header_unwind_h=yes
ac_cv_host=x86_64-pc-linux-gnu
ac_cv_lib_lzma_lzma_auto_decoder=yes
ac_cv_lib_z_compress=yes
ac_cv_objext=o
ac_cv_path_EGREP='/home/user/workdir/openwrt-fs/openwrt-23.05.5/staging_dir/host/bin/grep -E'
ac_cv_path_FGREP='/home/user/workdir/openwrt-fs/openwrt-23.05.5/staging_dir/host/bin/grep -F'
ac_cv_path_GREP=/home/user/workdir/openwrt-fs/openwrt-23.05.5/staging_dir/host/bin/grep
ac_cv_path_SED=/home/user/workdir/openwrt-fs/openwrt-23.05.5/staging_dir/host/bin/sed
ac_cv_path_mkdir=/usr/bin/mkdir
ac_cv_prog_AR='ar --plugin /usr/lib/gcc/x86_64-linux-gnu/9/liblto_plugin.so'
ac_cv_prog_AWK=gawk
ac_cv_prog_CC=gcc
ac_cv_prog_COMM=comm
ac_cv_prog_CPP='gcc -E'
ac_cv_prog_DSYMUTIL=@DSYMUTIL@
ac_cv_prog_NM=nm
ac_cv_prog_OBJCOPY=objcopy
ac_cv_prog_OBJDUMP=objdump
ac_cv_prog_RANLIB='ranlib --plugin /usr/lib/gcc/x86_64-linux-gnu/9/liblto_plugin.so'
ac_cv_prog_READELF=readelf
ac_cv_prog_XZ=xz
ac_cv_prog_ac_ct_STRIP=strip
ac_cv_prog_cc_c89=
ac_cv_prog_cc_g=yes
ac_cv_prog_make_make_set=yes
ac_cv_safe_to_define___extensions__=yes
ac_cv_sys_file_offset_bits=no
ac_cv_sys_largefile_CC=no
ac_cv_target=aarch64-openwrt-linux-musl
ac_cv_type_int_fast32_t=yes
ac_cv_type_int_least32_t=yes
ac_cv_type_u_int64_t=no
ac_cv_type_uint64_t=yes
ac_cv_type_uintmax_t=yes
ac_cv_type_uintptr_t=yes
acx_cv_header_stdint=stdint.h
acx_cv_header_stdint_kind='(already complete)'
acx_cv_prog_cc_warning__W=yes
acx_cv_prog_cc_warning__Wall=yes
acx_cv_prog_cc_warning__Wcast_qual=yes
acx_cv_prog_cc_warning__Wmissing_format_attribute=yes
acx_cv_prog_cc_warning__Wmissing_prototypes=yes
acx_cv_prog_cc_warning__Wold_style_definition=yes
acx_cv_prog_cc_warning__Wstrict_prototypes=yes
acx_cv_prog_cc_warning__Wwrite_strings=yes
am_cv_make_support_nested_variables=yes
am_cv_prog_cc_c_o=yes
libbacktrace_cv_c_random_seed_string=yes
libbacktrace_cv_c_unwind_tables=yes
libbacktrace_cv_lib_dwarf5=yes
libbacktrace_cv_objcopy_debuglink=yes
libbacktrace_cv_proc=no
libbacktrace_cv_procargs=no
libbacktrace_cv_sys_atomic=yes
libbacktrace_cv_sys_filetype=elf64
libbacktrace_cv_sys_native=yes
libbacktrace_cv_sys_sync=yes
libgo_cv_ld_compress=yes
libgo_cv_lib_pthread=yes
lt_cv_archive_cmds_need_lc=no
lt_cv_deplibs_check_method=pass_all
lt_cv_file_magic_cmd='$MAGIC_CMD'
lt_cv_file_magic_test_file=
lt_cv_ld_reload_flag=-r
lt_cv_nm_interface='BSD nm'
lt_cv_objdir=.libs
lt_cv_path_LD=ld
lt_cv_path_NM=nm
lt_cv_prog_compiler_c_o=yes
lt_cv_prog_compiler_pic_works=yes
lt_cv_prog_compiler_rtti_exceptions=no
lt_cv_prog_compiler_static_works=yes
lt_cv_prog_gnu_ld=yes
lt_cv_shlibpath_overrides_runpath=yes
lt_cv_sys_global_symbol_pipe='sed -n -e '\''s/^.*[	 ]\([ABCDGIRSTW][ABCDGIRSTW]*\)[	 ][	 ]*\([_A-Za-z][_A-Za-z0-9]*\)$/\1 \2 \2/p'\'''
lt_cv_sys_global_symbol_to_c_name_address='sed -n -e '\''s/^: \([^ ]*\) $/  {\"\1\", (void *) 0},/p'\'' -e '\''s/^[ABCDGIRSTW]* \([^ ]*\) \([^ ]*\)$/  {"\2", (void *) \&\2},/p'\'''
lt_cv_sys_global_symbol_to_c_name_address_lib_prefix='sed -n -e '\''s/^: \([^ ]*\) $/  {\"\1\", (void *) 0},/p'\'' -e '\''s/^[ABCDGIRSTW]* \([^ ]*\) \(lib[^ ]*\)$/  {"\2", (void *) \&\2},/p'\'' -e '\''s/^[ABCDGIRSTW]* \([^ ]*\) \([^ ]*\)$/  {"lib\2", (void *) \&\2},/p'\'''
lt_cv_sys_global_symbol_to_cdecl='sed -n -e '\''s/^T .* \(.*\)$/extern int \1();/p'\'' -e '\''s/^[ABCDGIRSTW]* .* \(.*\)$/extern char \1;/p'\'''
lt_cv_sys_max_cmd_len=1572864

## ----------------- ##
## Output variables. ##
## ----------------- ##

ACLOCAL='${SHELL} /home/user/workdir/openwrt-fs/openwrt-23.05.5/build_dir/toolchain-aarch64_cortex-a53_gcc-12.3.0_musl/gdb-12.1/missing aclocal-1.15'
ALLOC_FILE='mmap.lo'
AMTAR='$${TAR-tar}'
AM_BACKSLASH='\'
AM_DEFAULT_V='$(AM_DEFAULT_VERBOSITY)'
AM_DEFAULT_VERBOSITY='1'
AM_V='$(V)'
AR='ar --plugin /usr/lib/gcc/x86_64-linux-gnu/9/liblto_plugin.so'
AUTOCONF='${SHELL} /home/user/workdir/openwrt-fs/openwrt-23.05.5/build_dir/toolchain-aarch64_cortex-a53_gcc-12.3.0_musl/gdb-12.1/missing autoconf'
AUTOHEADER='${SHELL} /home/user/workdir/openwrt-fs/openwrt-23.05.5/build_dir/toolchain-aarch64_cortex-a53_gcc-12.3.0_musl/gdb-12.1/missing autoheader'
AUTOMAKE='${SHELL} /home/user/workdir/openwrt-fs/openwrt-23.05.5/build_dir/toolchain-aarch64_cortex-a53_gcc-12.3.0_musl/gdb-12.1/missing automake-1.15'
AWK='gawk'
BACKTRACE_FILE='backtrace.lo simple.lo'
BACKTRACE_SUPPORTED='1'
BACKTRACE_SUPPORTS_DATA='1'
BACKTRACE_SUPPORTS_THREADS='1'
BACKTRACE_USES_MALLOC='0'
CC='gcc'
CET_HOST_FLAGS=''
CFLAGS='-O2 -I/home/user/workdir/openwrt-fs/openwrt-23.05.5/staging_dir/host/include     '
CLOCK_GETTIME_LINK=''
COMM='comm'
CPP='gcc -E'
CPPFLAGS='-I/home/user/workdir/openwrt-fs/openwrt-23.05.5/staging_dir/host/include '
CYGPATH_W='echo'
DEFS='-DHAVE_CONFIG_H'
DSYMUTIL='@DSYMUTIL@'
DUMPBIN=''
DWZ=''
ECHO_C=''
ECHO_N='-n'
ECHO_T=''
EGREP='/home/user/workdir/openwrt-fs/openwrt-23.05.5/staging_dir/host/bin/grep -E'
EXEEXT=''
EXTRA_FLAGS='-funwind-tables -frandom-seed=$@'
FGREP='/home/user/workdir/openwrt-fs/openwrt-23.05.5/staging_dir/host/bin/grep -F'
FORMAT_FILE='elf.lo'
GREP='/home/user/workdir/openwrt-fs/openwrt-23.05.5/staging_dir/host/bin/grep'
HAVE_COMM_FALSE='#'
HAVE_COMM_TRUE=''
HAVE_COMPRESSED_DEBUG_FALSE='#'
HAVE_COMPRESSED_DEBUG_TRUE=''
HAVE_DWARF5_FALSE='#'
HAVE_DWARF5_TRUE=''
HAVE_DWZ_FALSE=''
HAVE_DWZ_TRUE='#'
HAVE_ELF_FALSE='#'
HAVE_ELF_TRUE=''
HAVE_LIBLZMA_FALSE='#'
HAVE_LIBLZMA_TRUE=''
HAVE_MINIDEBUG_FALSE='#'
HAVE_MINIDEBUG_TRUE=''
HAVE_OBJCOPY_DEBUGLINK_FALSE='#'
HAVE_OBJCOPY_DEBUGLINK_TRUE=''
HAVE_PTHREAD_FALSE='#'
HAVE_PTHREAD_TRUE=''
HAVE_XZ_FALSE='#'
HAVE_XZ_TRUE=''
HAVE_ZLIB_FALSE='#'
HAVE_ZLIB_TRUE=''
INSTALL_DATA='/home/user/workdir/openwrt-fs/openwrt-23.05.5/staging_dir/host/bin/install -c -m 644'
INSTALL_PROGRAM='/home/user/workdir/openwrt-fs/openwrt-23.05.5/staging_dir/host/bin/install -c'
INSTALL_SCRIPT='/home/user/workdir/openwrt-fs/openwrt-23.05.5/staging_dir/host/bin/install -c'
INSTALL_STRIP_PROGRAM='$(install_sh) -c -s'
LD='ld -m elf_x86_64'
LDFLAGS=' -L/home/user/workdir/openwrt-fs/openwrt-23.05.5/staging_dir/host/lib '
LIBOBJS=''
LIBS=''
LIBTOOL='$(SHELL) $(top_builddir)/libtool'
LIPO=''
LN_S='ln -s'
LTLIBOBJS=''
MAINT='#'
MAINTAINER_MODE_FALSE=''
MAINTAINER_MODE_TRUE='#'
MAKEINFO='/home/user/workdir/openwrt-fs/openwrt-23.05.5/build_dir/toolchain-aarch64_cortex-a53_gcc-12.3.0_musl/gdb-12.1/missing makeinfo --split-size=5000000'
MKDIR_P='/usr/bin/mkdir -p'
NATIVE_FALSE='#'
NATIVE_TRUE=''
NM='nm'
NMEDIT=''
OBJCOPY='objcopy'
OBJDUMP='objdump'
OBJEXT='o'
OTOOL64=''
OTOOL='@OTOOL@'
PACKAGE='libbacktrace'
PACKAGE_BUGREPORT=''
PACKAGE_NAME='package-unused'
PACKAGE_STRING='package-unused version-unused'
PACKAGE_TARNAME='libbacktrace'
PACKAGE_URL=''
PACKAGE_VERSION='version-unused'
PATH_SEPARATOR=':'
PIC_FLAG=''
PTHREAD_CFLAGS='-pthread'
RANLIB='ranlib --plugin /usr/lib/gcc/x86_64-linux-gnu/9/liblto_plugin.so'
READELF='readelf'
SED='/home/user/workdir/openwrt-fs/openwrt-23.05.5/staging_dir/host/bin/sed'
SET_MAKE=''
SHELL='/usr/bin/env bash'
STRIP='strip'
USE_DSYMUTIL_FALSE=''
USE_DSYMUTIL_TRUE='#'
VERSION='version-unused'
VIEW_FILE='mmapio.lo'
WARN_FLAGS='-W -Wall -Wwrite-strings -Wstrict-prototypes -Wmissing-prototypes -Wold-style-definition -Wmissing-format-attribute -Wcast-qual'
XZ='xz'
ac_ct_CC=''
ac_ct_DUMPBIN=''
am__EXEEXT_FALSE=''
am__EXEEXT_TRUE='#'
am__isrc=''
am__leading_dot='.'
am__tar='$${TAR-tar} chof - "$$tardir"'
am__untar='$${TAR-tar} xf -'
bindir='${exec_prefix}/bin'
build='x86_64-pc-linux-gnu'
build_alias='x86_64-pc-linux-gnu'
build_cpu='x86_64'
build_os='linux-gnu'
build_vendor='pc'
datadir='${datarootdir}'
datarootdir='${prefix}/share'
docdir='${datarootdir}/doc/${PACKAGE_TARNAME}'
dvidir='${docdir}'
exec_prefix='${prefix}'
host='x86_64-pc-linux-gnu'
host_alias='x86_64-pc-linux-gnu'
host_cpu='x86_64'
host_os='linux-gnu'
host_vendor='pc'
htmldir='${docdir}'
includedir='${prefix}/include'
infodir='${datarootdir}/info'
install_sh='${SHELL} /home/user/workdir/openwrt-fs/openwrt-23.05.5/build_dir/toolchain-aarch64_cortex-a53_gcc-12.3.0_musl/gdb-12.1/install-sh'
libdir='${exec_prefix}/lib'
libexecdir='${exec_prefix}/libexec'
libtool_VERSION='1:0:0'
localedir='${datarootdir}/locale'
localstatedir='${prefix}/var'
mandir='${datarootdir}/man'
mkdir_p='$(MKDIR_P)'
multi_basedir=''
oldincludedir='/usr/include'
pdfdir='${docdir}'
prefix='/home/user/workdir/openwrt-fs/openwrt-23.05.5/staging_dir/toolchain-aarch64_cortex-a53_gcc-12.3.0_musl'
program_transform_name='s&^&aarch64-openwrt-linux-musl-&'
psdir='${docdir}'
sbindir='${exec_prefix}/sbin'
sharedstatedir='${prefix}/com'
sysconfdir='${prefix}/etc'
target='aarch64-openwrt-linux-musl'
target_alias='aarch64-openwrt-linux-musl'
target_cpu='aarch64'
target_os='linux-musl'
target_vendor='openwrt'

## ----------- ##
## confdefs.h. ##
## ----------- ##

/* confdefs.h */
#define PACKAGE_NAME "package-unused"
#define PACKAGE_TARNAME "libbacktrace"
#define PACKAGE_VERSION "version-unused"
#define PACKAGE_STRING "package-unused version-unused"
#define PACKAGE_BUGREPORT ""
#define PACKAGE_URL ""
#define STDC_HEADERS 1
#define HAVE_SYS_TYPES_H 1
#define HAVE_SYS_STAT_H 1
#define HAVE_STDLIB_H 1
#define HAVE_STRING_H 1
#define HAVE_MEMORY_H 1
#define HAVE_STRINGS_H 1
#define HAVE_INTTYPES_H 1
#define HAVE_STDINT_H 1
#define HAVE_UNISTD_H 1
#define __EXTENSIONS__ 1
#define _ALL_SOURCE 1
#define _GNU_SOURCE 1
#define _POSIX_PTHREAD_SEMANTICS 1
#define _TANDEM_SOURCE 1
#define HAVE_DLFCN_H 1
#define LT_OBJDIR ".libs/"
#define HAVE_GETIPINFO 1
#define HAVE_SYNC_FUNCTIONS 1
#define HAVE_ATOMIC_FUNCTIONS 1
#define BACKTRACE_ELF_SIZE 64
#define BACKTRACE_XCOFF_SIZE unused
#define HAVE_SYS_MMAN_H 1
#define HAVE_LINK_H 1
#define HAVE_DL_ITERATE_PHDR 1
#define HAVE_FCNTL 1
#define HAVE_DECL_STRNLEN 1
#define HAVE_DECL_GETPAGESIZE 1
#define HAVE_LSTAT 1
#define HAVE_READLINK 1
#define HAVE_CLOCK_GETTIME 1
#define HAVE_ZLIB 1
#define HAVE_LIBLZMA 1

configure: exit 0
