This file contains any messages produced by compilers while
running configure, to aid debugging if configure makes a mistake.

It was created by libdecnumber configure  , which was
generated by GNU Autoconf 2.69.  Invocation command line was

  $ /home/user/workdir/openwrt-fs/openwrt-23.05.5/build_dir/toolchain-aarch64_cortex-a53_gcc-12.3.0_musl/gdb-12.1/libdecnumber/configure --srcdir=.././libdecnumber --cache-file=./config.cache --prefix=/home/user/workdir/openwrt-fs/openwrt-23.05.5/staging_dir/toolchain-aarch64_cortex-a53_gcc-12.3.0_musl --with-gmp=/home/user/workdir/openwrt-fs/openwrt-23.05.5/staging_dir/host --with-mpfr=/home/user/workdir/openwrt-fs/openwrt-23.05.5/staging_dir/host --with-mpc=/home/user/workdir/openwrt-fs/openwrt-23.05.5/staging_dir/host --with-expat=/home/user/workdir/openwrt-fs/openwrt-23.05.5/staging_dir/host --disable-werror --without-uiout --enable-tui --disable-gdbtk --without-x --without-included-gettext --enable-threads --disable-unit-tests --disable-ubsan --disable-binutils --disable-ld --disable-gas --disable-sim --without-python --program-transform-name=s&^&aarch64-openwrt-linux-musl-& --disable-option-checking --build=x86_64-pc-linux-gnu --host=x86_64-pc-linux-gnu --target=aarch64-openwrt-linux-musl

## --------- ##
## Platform. ##
## --------- ##

hostname = e6fd6bfc75d4
uname -m = x86_64
uname -r = 6.10.11-linuxkit
uname -s = Linux
uname -v = #1 SMP PREEMPT_DYNAMIC Thu Oct  3 10:19:48 UTC 2024

/usr/bin/uname -p = x86_64
/bin/uname -X     = unknown

/bin/arch              = x86_64
/usr/bin/arch -k       = unknown
/usr/convex/getsysinfo = unknown
/usr/bin/hostinfo      = unknown
/bin/machine           = unknown
/usr/bin/oslevel       = unknown
/bin/universe          = unknown

PATH: /home/user/workdir/openwrt-fs/openwrt-23.05.5/staging_dir/toolchain-aarch64_cortex-a53_gcc-12.3.0_musl/bin
PATH: /home/user/workdir/openwrt-fs/openwrt-23.05.5/staging_dir/toolchain-aarch64_cortex-a53_gcc-12.3.0_musl/bin
PATH: /home/user/workdir/openwrt-fs/openwrt-23.05.5/staging_dir/host/bin
PATH: /home/user/workdir/openwrt-fs/openwrt-23.05.5/staging_dir/toolchain-aarch64_cortex-a53_gcc-12.3.0_musl/bin
PATH: /home/user/workdir/openwrt-fs/openwrt-23.05.5/staging_dir/host/bin
PATH: /home/user/workdir/openwrt-fs/openwrt-23.05.5/staging_dir/host/bin
PATH: /usr/local/sbin
PATH: /usr/local/bin
PATH: /usr/sbin
PATH: /usr/bin
PATH: /sbin
PATH: /bin


## ----------- ##
## Core tests. ##
## ----------- ##

configure:2179: creating cache ./config.cache
configure:2285: checking whether make sets $(MAKE)
configure:2307: result: yes
configure:2324: checking for x86_64-pc-linux-gnu-gcc
configure:2351: result: gcc
configure:2620: checking for C compiler version
configure:2629: gcc --version >&5
gcc (Ubuntu 9.4.0-1ubuntu1~20.04.2) 9.4.0
Copyright (C) 2019 Free Software Foundation, Inc.
This is free software; see the source for copying conditions.  There is NO
warranty; not even for MERCHANTABILITY or FITNESS FOR A PARTICULAR PURPOSE.

configure:2640: $? = 0
configure:2629: gcc -v >&5
Using built-in specs.
COLLECT_GCC=gcc
COLLECT_LTO_WRAPPER=/usr/lib/gcc/x86_64-linux-gnu/9/lto-wrapper
OFFLOAD_TARGET_NAMES=nvptx-none:hsa
OFFLOAD_TARGET_DEFAULT=1
Target: x86_64-linux-gnu
Configured with: ../src/configure -v --with-pkgversion='Ubuntu 9.4.0-1ubuntu1~20.04.2' --with-bugurl=file:///usr/share/doc/gcc-9/README.Bugs --enable-languages=c,ada,c++,go,brig,d,fortran,objc,obj-c++,gm2 --prefix=/usr --with-gcc-major-version-only --program-suffix=-9 --program-prefix=x86_64-linux-gnu- --enable-shared --enable-linker-build-id --libexecdir=/usr/lib --without-included-gettext --enable-threads=posix --libdir=/usr/lib --enable-nls --enable-clocale=gnu --enable-libstdcxx-debug --enable-libstdcxx-time=yes --with-default-libstdcxx-abi=new --enable-gnu-unique-object --disable-vtable-verify --enable-plugin --enable-default-pie --with-system-zlib --with-target-system-zlib=auto --enable-objc-gc=auto --enable-multiarch --disable-werror --with-arch-32=i686 --with-abi=m64 --with-multilib-list=m32,m64,mx32 --enable-multilib --with-tune=generic --enable-offload-targets=nvptx-none=/build/gcc-9-9QDOt0/gcc-9-9.4.0/debian/tmp-nvptx/usr,hsa --without-cuda-driver --enable-checking=release --build=x86_64-linux-gnu --host=x86_64-linux-gnu --target=x86_64-linux-gnu
Thread model: posix
gcc version 9.4.0 (Ubuntu 9.4.0-1ubuntu1~20.04.2) 
configure:2640: $? = 0
configure:2629: gcc -V >&5
gcc: error: unrecognized command line option '-V'
gcc: fatal error: no input files
compilation terminated.
configure:2640: $? = 1
configure:2629: gcc -qversion >&5
gcc: error: unrecognized command line option '-qversion'; did you mean '--version'?
gcc: fatal error: no input files
compilation terminated.
configure:2640: $? = 1
configure:2660: checking whether the C compiler works
configure:2682: gcc -O2 -I/home/user/workdir/openwrt-fs/openwrt-23.05.5/staging_dir/host/include      -I/home/user/workdir/openwrt-fs/openwrt-23.05.5/staging_dir/host/include   -L/home/user/workdir/openwrt-fs/openwrt-23.05.5/staging_dir/host/lib  conftest.c  >&5
configure:2686: $? = 0
configure:2734: result: yes
configure:2737: checking for C compiler default output file name
configure:2739: result: a.out
configure:2745: checking for suffix of executables
configure:2752: gcc -o conftest -O2 -I/home/user/workdir/openwrt-fs/openwrt-23.05.5/staging_dir/host/include      -I/home/user/workdir/openwrt-fs/openwrt-23.05.5/staging_dir/host/include   -L/home/user/workdir/openwrt-fs/openwrt-23.05.5/staging_dir/host/lib  conftest.c  >&5
configure:2756: $? = 0
configure:2778: result: 
configure:2800: checking whether we are cross compiling
configure:2808: gcc -o conftest -O2 -I/home/user/workdir/openwrt-fs/openwrt-23.05.5/staging_dir/host/include      -I/home/user/workdir/openwrt-fs/openwrt-23.05.5/staging_dir/host/include   -L/home/user/workdir/openwrt-fs/openwrt-23.05.5/staging_dir/host/lib  conftest.c  >&5
configure:2812: $? = 0
configure:2819: ./conftest
configure:2823: $? = 0
configure:2811: result: no
configure:2816: checking for suffix of object files
configure:2838: gcc -c -O2 -I/home/user/workdir/openwrt-fs/openwrt-23.05.5/staging_dir/host/include      -I/home/user/workdir/openwrt-fs/openwrt-23.05.5/staging_dir/host/include  conftest.c >&5
configure:2842: $? = 0
configure:2863: result: o
configure:2867: checking whether we are using the GNU C compiler
configure:2886: gcc -c -O2 -I/home/user/workdir/openwrt-fs/openwrt-23.05.5/staging_dir/host/include      -I/home/user/workdir/openwrt-fs/openwrt-23.05.5/staging_dir/host/include  conftest.c >&5
configure:2886: $? = 0
configure:2895: result: yes
configure:2904: checking whether gcc accepts -g
configure:2924: gcc -c -g -I/home/user/workdir/openwrt-fs/openwrt-23.05.5/staging_dir/host/include  conftest.c >&5
configure:2924: $? = 0
configure:2965: result: yes
configure:2982: checking for gcc option to accept ISO C89
configure:3045: gcc  -c -O2 -I/home/user/workdir/openwrt-fs/openwrt-23.05.5/staging_dir/host/include      -I/home/user/workdir/openwrt-fs/openwrt-23.05.5/staging_dir/host/include  conftest.c >&5
configure:3045: $? = 0
configure:3058: result: none needed
configure:3081: checking for x86_64-pc-linux-gnu-ranlib
configure:3108: result: ranlib --plugin /usr/lib/gcc/x86_64-linux-gnu/9/liblto_plugin.so
configure:3176: checking for aclocal
configure:3192: found /home/user/workdir/openwrt-fs/openwrt-23.05.5/staging_dir/host/bin/aclocal
configure:3203: result: aclocal
configure:3219: checking for autoconf
configure:3235: found /home/user/workdir/openwrt-fs/openwrt-23.05.5/staging_dir/host/bin/autoconf
configure:3246: result: autoconf
configure:3262: checking for autoheader
configure:3278: found /home/user/workdir/openwrt-fs/openwrt-23.05.5/staging_dir/host/bin/autoheader
configure:3289: result: autoheader
configure:3325: checking whether gcc supports -W
configure:3342: gcc -c -W -I/home/user/workdir/openwrt-fs/openwrt-23.05.5/staging_dir/host/include  conftest.c >&5
configure:3342: $? = 0
configure:3351: result: yes
configure:3325: checking whether gcc supports -Wall
configure:3342: gcc -c -Wall -I/home/user/workdir/openwrt-fs/openwrt-23.05.5/staging_dir/host/include  conftest.c >&5
configure:3342: $? = 0
configure:3351: result: yes
configure:3325: checking whether gcc supports -Wwrite-strings
configure:3342: gcc -c -Wwrite-strings -I/home/user/workdir/openwrt-fs/openwrt-23.05.5/staging_dir/host/include  conftest.c >&5
configure:3342: $? = 0
configure:3351: result: yes
configure:3325: checking whether gcc supports -Wstrict-prototypes
configure:3342: gcc -c -Wstrict-prototypes -I/home/user/workdir/openwrt-fs/openwrt-23.05.5/staging_dir/host/include  conftest.c >&5
conftest.c:11:1: warning: function declaration isn't a prototype [-Wstrict-prototypes]
   11 | main ()
      | ^~~~
configure:3342: $? = 0
configure:3351: result: yes
configure:3325: checking whether gcc supports -Wmissing-prototypes
configure:3342: gcc -c -Wmissing-prototypes -I/home/user/workdir/openwrt-fs/openwrt-23.05.5/staging_dir/host/include  conftest.c >&5
configure:3342: $? = 0
configure:3351: result: yes
configure:3325: checking whether gcc supports -Wold-style-definition
configure:3342: gcc -c -Wold-style-definition -I/home/user/workdir/openwrt-fs/openwrt-23.05.5/staging_dir/host/include  conftest.c >&5
conftest.c: In function 'main':
conftest.c:11:1: warning: old-style function definition [-Wold-style-definition]
   11 | main ()
      | ^~~~
configure:3342: $? = 0
configure:3351: result: yes
configure:3325: checking whether gcc supports -Wmissing-format-attribute
configure:3342: gcc -c -Wmissing-format-attribute -I/home/user/workdir/openwrt-fs/openwrt-23.05.5/staging_dir/host/include  conftest.c >&5
configure:3342: $? = 0
configure:3351: result: yes
configure:3325: checking whether gcc supports -Wcast-qual
configure:3342: gcc -c -Wcast-qual -I/home/user/workdir/openwrt-fs/openwrt-23.05.5/staging_dir/host/include  conftest.c >&5
configure:3342: $? = 0
configure:3351: result: yes
configure:3375: checking whether gcc supports -pedantic -Wlong-long
configure:3393: gcc -c -pedantic -Wlong-long -I/home/user/workdir/openwrt-fs/openwrt-23.05.5/staging_dir/host/include  conftest.c >&5
configure:3393: $? = 0
configure:3401: result: yes
configure:3433: checking whether gcc supports -fno-lto
configure:3450: gcc -c -fno-lto -I/home/user/workdir/openwrt-fs/openwrt-23.05.5/staging_dir/host/include  conftest.c >&5
configure:3450: $? = 0
configure:3459: result: yes
configure:3508: checking how to run the C preprocessor
configure:3539: gcc -E -I/home/user/workdir/openwrt-fs/openwrt-23.05.5/staging_dir/host/include  conftest.c
configure:3539: $? = 0
configure:3553: gcc -E -I/home/user/workdir/openwrt-fs/openwrt-23.05.5/staging_dir/host/include  conftest.c
conftest.c:9:10: fatal error: ac_nonexistent.h: No such file or directory
    9 | #include <ac_nonexistent.h>
      |          ^~~~~~~~~~~~~~~~~~
compilation terminated.
configure:3553: $? = 1
configure: failed program was:
| /* confdefs.h */
| #define PACKAGE_NAME "libdecnumber"
| #define PACKAGE_TARNAME "libdecnumber"
| #define PACKAGE_VERSION " "
| #define PACKAGE_STRING "libdecnumber  "
| #define PACKAGE_BUGREPORT "gcc-bugs@gcc.gnu.org"
| #define PACKAGE_URL ""
| /* end confdefs.h.  */
| #include <ac_nonexistent.h>
configure:3578: result: gcc -E
configure:3598: gcc -E -I/home/user/workdir/openwrt-fs/openwrt-23.05.5/staging_dir/host/include  conftest.c
configure:3598: $? = 0
configure:3612: gcc -E -I/home/user/workdir/openwrt-fs/openwrt-23.05.5/staging_dir/host/include  conftest.c
conftest.c:9:10: fatal error: ac_nonexistent.h: No such file or directory
    9 | #include <ac_nonexistent.h>
      |          ^~~~~~~~~~~~~~~~~~
compilation terminated.
configure:3612: $? = 1
configure: failed program was:
| /* confdefs.h */
| #define PACKAGE_NAME "libdecnumber"
| #define PACKAGE_TARNAME "libdecnumber"
| #define PACKAGE_VERSION " "
| #define PACKAGE_STRING "libdecnumber  "
| #define PACKAGE_BUGREPORT "gcc-bugs@gcc.gnu.org"
| #define PACKAGE_URL ""
| /* end confdefs.h.  */
| #include <ac_nonexistent.h>
configure:3641: checking for grep that handles long lines and -e
configure:3699: result: /home/user/workdir/openwrt-fs/openwrt-23.05.5/staging_dir/host/bin/grep
configure:3704: checking for egrep
configure:3766: result: /home/user/workdir/openwrt-fs/openwrt-23.05.5/staging_dir/host/bin/grep -E
configure:3771: checking for ANSI C header files
configure:3791: gcc -c -O2 -I/home/user/workdir/openwrt-fs/openwrt-23.05.5/staging_dir/host/include      -I/home/user/workdir/openwrt-fs/openwrt-23.05.5/staging_dir/host/include  conftest.c >&5
configure:3791: $? = 0
configure:3864: gcc -o conftest -O2 -I/home/user/workdir/openwrt-fs/openwrt-23.05.5/staging_dir/host/include      -I/home/user/workdir/openwrt-fs/openwrt-23.05.5/staging_dir/host/include   -L/home/user/workdir/openwrt-fs/openwrt-23.05.5/staging_dir/host/lib  conftest.c  >&5
configure:3864: $? = 0
configure:3864: ./conftest
configure:3864: $? = 0
configure:3875: result: yes
configure:3888: checking for sys/types.h
configure:3888: gcc -c -O2 -I/home/user/workdir/openwrt-fs/openwrt-23.05.5/staging_dir/host/include      -I/home/user/workdir/openwrt-fs/openwrt-23.05.5/staging_dir/host/include  conftest.c >&5
configure:3888: $? = 0
configure:3888: result: yes
configure:3888: checking for sys/stat.h
configure:3888: gcc -c -O2 -I/home/user/workdir/openwrt-fs/openwrt-23.05.5/staging_dir/host/include      -I/home/user/workdir/openwrt-fs/openwrt-23.05.5/staging_dir/host/include  conftest.c >&5
configure:3888: $? = 0
configure:3888: result: yes
configure:3888: checking for stdlib.h
configure:3888: gcc -c -O2 -I/home/user/workdir/openwrt-fs/openwrt-23.05.5/staging_dir/host/include      -I/home/user/workdir/openwrt-fs/openwrt-23.05.5/staging_dir/host/include  conftest.c >&5
configure:3888: $? = 0
configure:3888: result: yes
configure:3888: checking for string.h
configure:3888: gcc -c -O2 -I/home/user/workdir/openwrt-fs/openwrt-23.05.5/staging_dir/host/include      -I/home/user/workdir/openwrt-fs/openwrt-23.05.5/staging_dir/host/include  conftest.c >&5
configure:3888: $? = 0
configure:3888: result: yes
configure:3888: checking for memory.h
configure:3888: gcc -c -O2 -I/home/user/workdir/openwrt-fs/openwrt-23.05.5/staging_dir/host/include      -I/home/user/workdir/openwrt-fs/openwrt-23.05.5/staging_dir/host/include  conftest.c >&5
configure:3888: $? = 0
configure:3888: result: yes
configure:3888: checking for strings.h
configure:3888: gcc -c -O2 -I/home/user/workdir/openwrt-fs/openwrt-23.05.5/staging_dir/host/include      -I/home/user/workdir/openwrt-fs/openwrt-23.05.5/staging_dir/host/include  conftest.c >&5
configure:3888: $? = 0
configure:3888: result: yes
configure:3888: checking for inttypes.h
configure:3888: gcc -c -O2 -I/home/user/workdir/openwrt-fs/openwrt-23.05.5/staging_dir/host/include      -I/home/user/workdir/openwrt-fs/openwrt-23.05.5/staging_dir/host/include  conftest.c >&5
configure:3888: $? = 0
configure:3888: result: yes
configure:3888: checking for stdint.h
configure:3888: gcc -c -O2 -I/home/user/workdir/openwrt-fs/openwrt-23.05.5/staging_dir/host/include      -I/home/user/workdir/openwrt-fs/openwrt-23.05.5/staging_dir/host/include  conftest.c >&5
configure:3888: $? = 0
configure:3888: result: yes
configure:3888: checking for unistd.h
configure:3888: gcc -c -O2 -I/home/user/workdir/openwrt-fs/openwrt-23.05.5/staging_dir/host/include      -I/home/user/workdir/openwrt-fs/openwrt-23.05.5/staging_dir/host/include  conftest.c >&5
configure:3888: $? = 0
configure:3888: result: yes
configure:3903: checking ctype.h usability
configure:3903: gcc -c -O2 -I/home/user/workdir/openwrt-fs/openwrt-23.05.5/staging_dir/host/include      -I/home/user/workdir/openwrt-fs/openwrt-23.05.5/staging_dir/host/include  conftest.c >&5
configure:3903: $? = 0
configure:3903: result: yes
configure:3903: checking ctype.h presence
configure:3903: gcc -E -I/home/user/workdir/openwrt-fs/openwrt-23.05.5/staging_dir/host/include  conftest.c
configure:3903: $? = 0
configure:3903: result: yes
configure:3903: checking for ctype.h
configure:3903: result: yes
configure:3903: checking stddef.h usability
configure:3903: gcc -c -O2 -I/home/user/workdir/openwrt-fs/openwrt-23.05.5/staging_dir/host/include      -I/home/user/workdir/openwrt-fs/openwrt-23.05.5/staging_dir/host/include  conftest.c >&5
configure:3903: $? = 0
configure:3903: result: yes
configure:3903: checking stddef.h presence
configure:3903: gcc -E -I/home/user/workdir/openwrt-fs/openwrt-23.05.5/staging_dir/host/include  conftest.c
configure:3903: $? = 0
configure:3903: result: yes
configure:3903: checking for stddef.h
configure:3903: result: yes
configure:3903: checking for string.h
configure:3903: result: yes
configure:3903: checking stdio.h usability
configure:3903: gcc -c -O2 -I/home/user/workdir/openwrt-fs/openwrt-23.05.5/staging_dir/host/include      -I/home/user/workdir/openwrt-fs/openwrt-23.05.5/staging_dir/host/include  conftest.c >&5
configure:3903: $? = 0
configure:3903: result: yes
configure:3903: checking stdio.h presence
configure:3903: gcc -E -I/home/user/workdir/openwrt-fs/openwrt-23.05.5/staging_dir/host/include  conftest.c
configure:3903: $? = 0
configure:3903: result: yes
configure:3903: checking for stdio.h
configure:3903: result: yes
configure:3926: checking for uintmax_t
configure:3926: gcc -c -O2 -I/home/user/workdir/openwrt-fs/openwrt-23.05.5/staging_dir/host/include      -I/home/user/workdir/openwrt-fs/openwrt-23.05.5/staging_dir/host/include  conftest.c >&5
configure:3926: $? = 0
configure:3926: gcc -c -O2 -I/home/user/workdir/openwrt-fs/openwrt-23.05.5/staging_dir/host/include      -I/home/user/workdir/openwrt-fs/openwrt-23.05.5/staging_dir/host/include  conftest.c >&5
conftest.c: In function 'main':
conftest.c:29:24: error: expected expression before ')' token
   29 | if (sizeof ((uintmax_t)))
      |                        ^
configure:3926: $? = 1
configure: failed program was:
| /* confdefs.h */
| #define PACKAGE_NAME "libdecnumber"
| #define PACKAGE_TARNAME "libdecnumber"
| #define PACKAGE_VERSION " "
| #define PACKAGE_STRING "libdecnumber  "
| #define PACKAGE_BUGREPORT "gcc-bugs@gcc.gnu.org"
| #define PACKAGE_URL ""
| #define STDC_HEADERS 1
| #define HAVE_SYS_TYPES_H 1
| #define HAVE_SYS_STAT_H 1
| #define HAVE_STDLIB_H 1
| #define HAVE_STRING_H 1
| #define HAVE_MEMORY_H 1
| #define HAVE_STRINGS_H 1
| #define HAVE_INTTYPES_H 1
| #define HAVE_STDINT_H 1
| #define HAVE_UNISTD_H 1
| #define HAVE_CTYPE_H 1
| #define HAVE_STDDEF_H 1
| #define HAVE_STRING_H 1
| #define HAVE_STDIO_H 1
| /* end confdefs.h.  */
| #include <sys/types.h>
| #include <stdint.h>
| 
| int
| main ()
| {
| if (sizeof ((uintmax_t)))
| 	    return 0;
|   ;
|   return 0;
| }
configure:3926: result: yes
configure:3935: checking for uintptr_t
configure:3935: gcc -c -O2 -I/home/user/workdir/openwrt-fs/openwrt-23.05.5/staging_dir/host/include      -I/home/user/workdir/openwrt-fs/openwrt-23.05.5/staging_dir/host/include  conftest.c >&5
configure:3935: $? = 0
configure:3935: gcc -c -O2 -I/home/user/workdir/openwrt-fs/openwrt-23.05.5/staging_dir/host/include      -I/home/user/workdir/openwrt-fs/openwrt-23.05.5/staging_dir/host/include  conftest.c >&5
conftest.c: In function 'main':
conftest.c:29:24: error: expected expression before ')' token
   29 | if (sizeof ((uintptr_t)))
      |                        ^
configure:3935: $? = 1
configure: failed program was:
| /* confdefs.h */
| #define PACKAGE_NAME "libdecnumber"
| #define PACKAGE_TARNAME "libdecnumber"
| #define PACKAGE_VERSION " "
| #define PACKAGE_STRING "libdecnumber  "
| #define PACKAGE_BUGREPORT "gcc-bugs@gcc.gnu.org"
| #define PACKAGE_URL ""
| #define STDC_HEADERS 1
| #define HAVE_SYS_TYPES_H 1
| #define HAVE_SYS_STAT_H 1
| #define HAVE_STDLIB_H 1
| #define HAVE_STRING_H 1
| #define HAVE_MEMORY_H 1
| #define HAVE_STRINGS_H 1
| #define HAVE_INTTYPES_H 1
| #define HAVE_STDINT_H 1
| #define HAVE_UNISTD_H 1
| #define HAVE_CTYPE_H 1
| #define HAVE_STDDEF_H 1
| #define HAVE_STRING_H 1
| #define HAVE_STDIO_H 1
| /* end confdefs.h.  */
| #include <sys/types.h>
| #include <stdint.h>
| 
| int
| main ()
| {
| if (sizeof ((uintptr_t)))
| 	    return 0;
|   ;
|   return 0;
| }
configure:3935: result: yes
configure:3944: checking for int_least32_t
configure:3944: gcc -c -O2 -I/home/user/workdir/openwrt-fs/openwrt-23.05.5/staging_dir/host/include      -I/home/user/workdir/openwrt-fs/openwrt-23.05.5/staging_dir/host/include  conftest.c >&5
configure:3944: $? = 0
configure:3944: gcc -c -O2 -I/home/user/workdir/openwrt-fs/openwrt-23.05.5/staging_dir/host/include      -I/home/user/workdir/openwrt-fs/openwrt-23.05.5/staging_dir/host/include  conftest.c >&5
conftest.c: In function 'main':
conftest.c:29:28: error: expected expression before ')' token
   29 | if (sizeof ((int_least32_t)))
      |                            ^
configure:3944: $? = 1
configure: failed program was:
| /* confdefs.h */
| #define PACKAGE_NAME "libdecnumber"
| #define PACKAGE_TARNAME "libdecnumber"
| #define PACKAGE_VERSION " "
| #define PACKAGE_STRING "libdecnumber  "
| #define PACKAGE_BUGREPORT "gcc-bugs@gcc.gnu.org"
| #define PACKAGE_URL ""
| #define STDC_HEADERS 1
| #define HAVE_SYS_TYPES_H 1
| #define HAVE_SYS_STAT_H 1
| #define HAVE_STDLIB_H 1
| #define HAVE_STRING_H 1
| #define HAVE_MEMORY_H 1
| #define HAVE_STRINGS_H 1
| #define HAVE_INTTYPES_H 1
| #define HAVE_STDINT_H 1
| #define HAVE_UNISTD_H 1
| #define HAVE_CTYPE_H 1
| #define HAVE_STDDEF_H 1
| #define HAVE_STRING_H 1
| #define HAVE_STDIO_H 1
| /* end confdefs.h.  */
| #include <sys/types.h>
| #include <stdint.h>
| 
| int
| main ()
| {
| if (sizeof ((int_least32_t)))
| 	    return 0;
|   ;
|   return 0;
| }
configure:3944: result: yes
configure:3953: checking for int_fast32_t
configure:3953: gcc -c -O2 -I/home/user/workdir/openwrt-fs/openwrt-23.05.5/staging_dir/host/include      -I/home/user/workdir/openwrt-fs/openwrt-23.05.5/staging_dir/host/include  conftest.c >&5
configure:3953: $? = 0
configure:3953: gcc -c -O2 -I/home/user/workdir/openwrt-fs/openwrt-23.05.5/staging_dir/host/include      -I/home/user/workdir/openwrt-fs/openwrt-23.05.5/staging_dir/host/include  conftest.c >&5
conftest.c: In function 'main':
conftest.c:29:27: error: expected expression before ')' token
   29 | if (sizeof ((int_fast32_t)))
      |                           ^
configure:3953: $? = 1
configure: failed program was:
| /* confdefs.h */
| #define PACKAGE_NAME "libdecnumber"
| #define PACKAGE_TARNAME "libdecnumber"
| #define PACKAGE_VERSION " "
| #define PACKAGE_STRING "libdecnumber  "
| #define PACKAGE_BUGREPORT "gcc-bugs@gcc.gnu.org"
| #define PACKAGE_URL ""
| #define STDC_HEADERS 1
| #define HAVE_SYS_TYPES_H 1
| #define HAVE_SYS_STAT_H 1
| #define HAVE_STDLIB_H 1
| #define HAVE_STRING_H 1
| #define HAVE_MEMORY_H 1
| #define HAVE_STRINGS_H 1
| #define HAVE_INTTYPES_H 1
| #define HAVE_STDINT_H 1
| #define HAVE_UNISTD_H 1
| #define HAVE_CTYPE_H 1
| #define HAVE_STDDEF_H 1
| #define HAVE_STRING_H 1
| #define HAVE_STDIO_H 1
| /* end confdefs.h.  */
| #include <sys/types.h>
| #include <stdint.h>
| 
| int
| main ()
| {
| if (sizeof ((int_fast32_t)))
| 	    return 0;
|   ;
|   return 0;
| }
configure:3953: result: yes
configure:3962: checking for uint64_t
configure:3962: gcc -c -O2 -I/home/user/workdir/openwrt-fs/openwrt-23.05.5/staging_dir/host/include      -I/home/user/workdir/openwrt-fs/openwrt-23.05.5/staging_dir/host/include  conftest.c >&5
configure:3962: $? = 0
configure:3962: gcc -c -O2 -I/home/user/workdir/openwrt-fs/openwrt-23.05.5/staging_dir/host/include      -I/home/user/workdir/openwrt-fs/openwrt-23.05.5/staging_dir/host/include  conftest.c >&5
conftest.c: In function 'main':
conftest.c:29:23: error: expected expression before ')' token
   29 | if (sizeof ((uint64_t)))
      |                       ^
configure:3962: $? = 1
configure: failed program was:
| /* confdefs.h */
| #define PACKAGE_NAME "libdecnumber"
| #define PACKAGE_TARNAME "libdecnumber"
| #define PACKAGE_VERSION " "
| #define PACKAGE_STRING "libdecnumber  "
| #define PACKAGE_BUGREPORT "gcc-bugs@gcc.gnu.org"
| #define PACKAGE_URL ""
| #define STDC_HEADERS 1
| #define HAVE_SYS_TYPES_H 1
| #define HAVE_SYS_STAT_H 1
| #define HAVE_STDLIB_H 1
| #define HAVE_STRING_H 1
| #define HAVE_MEMORY_H 1
| #define HAVE_STRINGS_H 1
| #define HAVE_INTTYPES_H 1
| #define HAVE_STDINT_H 1
| #define HAVE_UNISTD_H 1
| #define HAVE_CTYPE_H 1
| #define HAVE_STDDEF_H 1
| #define HAVE_STRING_H 1
| #define HAVE_STDIO_H 1
| /* end confdefs.h.  */
| #include <sys/types.h>
| #include <stdint.h>
| 
| int
| main ()
| {
| if (sizeof ((uint64_t)))
| 	    return 0;
|   ;
|   return 0;
| }
configure:3962: result: yes
configure:4043: checking what to include in gstdint.h
configure:4071: result: stdint.h (already complete)
configure:4316: checking for an ANSI C-conforming const
configure:4382: gcc -c -O2 -I/home/user/workdir/openwrt-fs/openwrt-23.05.5/staging_dir/host/include      -I/home/user/workdir/openwrt-fs/openwrt-23.05.5/staging_dir/host/include  conftest.c >&5
configure:4382: $? = 0
configure:4389: result: yes
configure:4397: checking for off_t
configure:4397: gcc -c -O2 -I/home/user/workdir/openwrt-fs/openwrt-23.05.5/staging_dir/host/include      -I/home/user/workdir/openwrt-fs/openwrt-23.05.5/staging_dir/host/include  conftest.c >&5
configure:4397: $? = 0
configure:4397: gcc -c -O2 -I/home/user/workdir/openwrt-fs/openwrt-23.05.5/staging_dir/host/include      -I/home/user/workdir/openwrt-fs/openwrt-23.05.5/staging_dir/host/include  conftest.c >&5
conftest.c: In function 'main':
conftest.c:59:20: error: expected expression before ')' token
   59 | if (sizeof ((off_t)))
      |                    ^
configure:4397: $? = 1
configure: failed program was:
| /* confdefs.h */
| #define PACKAGE_NAME "libdecnumber"
| #define PACKAGE_TARNAME "libdecnumber"
| #define PACKAGE_VERSION " "
| #define PACKAGE_STRING "libdecnumber  "
| #define PACKAGE_BUGREPORT "gcc-bugs@gcc.gnu.org"
| #define PACKAGE_URL ""
| #define STDC_HEADERS 1
| #define HAVE_SYS_TYPES_H 1
| #define HAVE_SYS_STAT_H 1
| #define HAVE_STDLIB_H 1
| #define HAVE_STRING_H 1
| #define HAVE_MEMORY_H 1
| #define HAVE_STRINGS_H 1
| #define HAVE_INTTYPES_H 1
| #define HAVE_STDINT_H 1
| #define HAVE_UNISTD_H 1
| #define HAVE_CTYPE_H 1
| #define HAVE_STDDEF_H 1
| #define HAVE_STRING_H 1
| #define HAVE_STDIO_H 1
| /* end confdefs.h.  */
| #include <stdio.h>
| #ifdef HAVE_SYS_TYPES_H
| # include <sys/types.h>
| #endif
| #ifdef HAVE_SYS_STAT_H
| # include <sys/stat.h>
| #endif
| #ifdef STDC_HEADERS
| # include <stdlib.h>
| # include <stddef.h>
| #else
| # ifdef HAVE_STDLIB_H
| #  include <stdlib.h>
| # endif
| #endif
| #ifdef HAVE_STRING_H
| # if !defined STDC_HEADERS && defined HAVE_MEMORY_H
| #  include <memory.h>
| # endif
| # include <string.h>
| #endif
| #ifdef HAVE_STRINGS_H
| # include <strings.h>
| #endif
| #ifdef HAVE_INTTYPES_H
| # include <inttypes.h>
| #endif
| #ifdef HAVE_STDINT_H
| # include <stdint.h>
| #endif
| #ifdef HAVE_UNISTD_H
| # include <unistd.h>
| #endif
| int
| main ()
| {
| if (sizeof ((off_t)))
| 	    return 0;
|   ;
|   return 0;
| }
configure:4397: result: yes
configure:4412: checking size of int
configure:4417: gcc -o conftest -O2 -I/home/user/workdir/openwrt-fs/openwrt-23.05.5/staging_dir/host/include      -I/home/user/workdir/openwrt-fs/openwrt-23.05.5/staging_dir/host/include   -L/home/user/workdir/openwrt-fs/openwrt-23.05.5/staging_dir/host/lib  conftest.c  >&5
configure:4417: $? = 0
configure:4417: ./conftest
configure:4417: $? = 0
configure:4431: result: 4
configure:4445: checking size of long
configure:4450: gcc -o conftest -O2 -I/home/user/workdir/openwrt-fs/openwrt-23.05.5/staging_dir/host/include      -I/home/user/workdir/openwrt-fs/openwrt-23.05.5/staging_dir/host/include   -L/home/user/workdir/openwrt-fs/openwrt-23.05.5/staging_dir/host/lib  conftest.c  >&5
configure:4450: $? = 0
configure:4450: ./conftest
configure:4450: $? = 0
configure:4464: result: 8
configure:4476: checking for ANSI C header files
configure:4580: result: yes
configure:4608: checking build system type
configure:4622: result: x86_64-pc-linux-gnu
configure:4642: checking host system type
configure:4655: result: x86_64-pc-linux-gnu
configure:4675: checking target system type
configure:4688: result: aarch64-openwrt-linux-musl
configure:4717: checking for decimal floating point
configure:4740: WARNING: decimal float is not supported for this target, ignored
configure:4782: result: dpd
configure:4787: checking whether byte ordering is bigendian
configure:4802: gcc -c -O2 -I/home/user/workdir/openwrt-fs/openwrt-23.05.5/staging_dir/host/include      -I/home/user/workdir/openwrt-fs/openwrt-23.05.5/staging_dir/host/include  conftest.c >&5
conftest.c:27:9: error: unknown type name 'not'
   27 |         not a universal capable compiler
      |         ^~~
conftest.c:27:15: error: expected '=', ',', ';', 'asm' or '__attribute__' before 'universal'
   27 |         not a universal capable compiler
      |               ^~~~~~~~~
conftest.c:27:15: error: unknown type name 'universal'
configure:4802: $? = 1
configure: failed program was:
| /* confdefs.h */
| #define PACKAGE_NAME "libdecnumber"
| #define PACKAGE_TARNAME "libdecnumber"
| #define PACKAGE_VERSION " "
| #define PACKAGE_STRING "libdecnumber  "
| #define PACKAGE_BUGREPORT "gcc-bugs@gcc.gnu.org"
| #define PACKAGE_URL ""
| #define STDC_HEADERS 1
| #define HAVE_SYS_TYPES_H 1
| #define HAVE_SYS_STAT_H 1
| #define HAVE_STDLIB_H 1
| #define HAVE_STRING_H 1
| #define HAVE_MEMORY_H 1
| #define HAVE_STRINGS_H 1
| #define HAVE_INTTYPES_H 1
| #define HAVE_STDINT_H 1
| #define HAVE_UNISTD_H 1
| #define HAVE_CTYPE_H 1
| #define HAVE_STDDEF_H 1
| #define HAVE_STRING_H 1
| #define HAVE_STDIO_H 1
| #define SIZEOF_INT 4
| #define SIZEOF_LONG 8
| #define STDC_HEADERS 1
| /* end confdefs.h.  */
| #ifndef __APPLE_CC__
| 	       not a universal capable compiler
| 	     #endif
| 	     typedef int dummy;
| 
configure:4847: gcc -c -O2 -I/home/user/workdir/openwrt-fs/openwrt-23.05.5/staging_dir/host/include      -I/home/user/workdir/openwrt-fs/openwrt-23.05.5/staging_dir/host/include  conftest.c >&5
configure:4847: $? = 0
configure:4865: gcc -c -O2 -I/home/user/workdir/openwrt-fs/openwrt-23.05.5/staging_dir/host/include      -I/home/user/workdir/openwrt-fs/openwrt-23.05.5/staging_dir/host/include  conftest.c >&5
conftest.c: In function 'main':
conftest.c:33:4: error: unknown type name 'not'; did you mean 'ino_t'?
   33 |    not big endian
      |    ^~~
      |    ino_t
conftest.c:33:12: error: expected '=', ',', ';', 'asm' or '__attribute__' before 'endian'
   33 |    not big endian
      |            ^~~~~~
configure:4865: $? = 1
configure: failed program was:
| /* confdefs.h */
| #define PACKAGE_NAME "libdecnumber"
| #define PACKAGE_TARNAME "libdecnumber"
| #define PACKAGE_VERSION " "
| #define PACKAGE_STRING "libdecnumber  "
| #define PACKAGE_BUGREPORT "gcc-bugs@gcc.gnu.org"
| #define PACKAGE_URL ""
| #define STDC_HEADERS 1
| #define HAVE_SYS_TYPES_H 1
| #define HAVE_SYS_STAT_H 1
| #define HAVE_STDLIB_H 1
| #define HAVE_STRING_H 1
| #define HAVE_MEMORY_H 1
| #define HAVE_STRINGS_H 1
| #define HAVE_INTTYPES_H 1
| #define HAVE_STDINT_H 1
| #define HAVE_UNISTD_H 1
| #define HAVE_CTYPE_H 1
| #define HAVE_STDDEF_H 1
| #define HAVE_STRING_H 1
| #define HAVE_STDIO_H 1
| #define SIZEOF_INT 4
| #define SIZEOF_LONG 8
| #define STDC_HEADERS 1
| /* end confdefs.h.  */
| #include <sys/types.h>
| 		#include <sys/param.h>
| 
| int
| main ()
| {
| #if BYTE_ORDER != BIG_ENDIAN
| 		 not big endian
| 		#endif
| 
|   ;
|   return 0;
| }
configure:4993: result: no
configure:5085: updating cache ./config.cache
configure:5135: creating ./config.status

## ---------------------- ##
## Running config.status. ##
## ---------------------- ##

This file was extended by libdecnumber config.status  , which was
generated by GNU Autoconf 2.69.  Invocation command line was

  CONFIG_FILES    = 
  CONFIG_HEADERS  = 
  CONFIG_LINKS    = 
  CONFIG_COMMANDS = 
  $ ./config.status 

on e6fd6bfc75d4

config.status:853: creating Makefile
config.status:853: creating config.h
config.status:1037: executing gstdint.h commands

## ---------------- ##
## Cache variables. ##
## ---------------- ##

ac_cv_build=x86_64-pc-linux-gnu
ac_cv_c_bigendian=no
ac_cv_c_compiler_gnu=yes
ac_cv_c_const=yes
ac_cv_env_CC_set=set
ac_cv_env_CC_value=gcc
ac_cv_env_CFLAGS_set=set
ac_cv_env_CFLAGS_value='-O2 -I/home/user/workdir/openwrt-fs/openwrt-23.05.5/staging_dir/host/include     '
ac_cv_env_CPPFLAGS_set=set
ac_cv_env_CPPFLAGS_value='-I/home/user/workdir/openwrt-fs/openwrt-23.05.5/staging_dir/host/include '
ac_cv_env_CPP_set=
ac_cv_env_CPP_value=
ac_cv_env_LDFLAGS_set=set
ac_cv_env_LDFLAGS_value=' -L/home/user/workdir/openwrt-fs/openwrt-23.05.5/staging_dir/host/lib '
ac_cv_env_LIBS_set=
ac_cv_env_LIBS_value=
ac_cv_env_build_alias_set=set
ac_cv_env_build_alias_value=x86_64-pc-linux-gnu
ac_cv_env_host_alias_set=set
ac_cv_env_host_alias_value=x86_64-pc-linux-gnu
ac_cv_env_target_alias_set=set
ac_cv_env_target_alias_value=aarch64-openwrt-linux-musl
ac_cv_header_ctype_h=yes
ac_cv_header_inttypes_h=yes
ac_cv_header_memory_h=yes
ac_cv_header_stdc=yes
ac_cv_header_stddef_h=yes
ac_cv_header_stdint_h=yes
ac_cv_header_stdio_h=yes
ac_cv_header_stdlib_h=yes
ac_cv_header_string_h=yes
ac_cv_header_strings_h=yes
ac_cv_header_sys_stat_h=yes
ac_cv_header_sys_types_h=yes
ac_cv_header_unistd_h=yes
ac_cv_host=x86_64-pc-linux-gnu
ac_cv_objext=o
ac_cv_path_EGREP='/home/user/workdir/openwrt-fs/openwrt-23.05.5/staging_dir/host/bin/grep -E'
ac_cv_path_GREP=/home/user/workdir/openwrt-fs/openwrt-23.05.5/staging_dir/host/bin/grep
ac_cv_prog_ACLOCAL=aclocal
ac_cv_prog_AUTOCONF=autoconf
ac_cv_prog_AUTOHEADER=autoheader
ac_cv_prog_CC=gcc
ac_cv_prog_CPP='gcc -E'
ac_cv_prog_RANLIB='ranlib --plugin /usr/lib/gcc/x86_64-linux-gnu/9/liblto_plugin.so'
ac_cv_prog_cc_c89=
ac_cv_prog_cc_g=yes
ac_cv_prog_make_make_set=yes
ac_cv_sizeof_int=4
ac_cv_sizeof_long=8
ac_cv_target=aarch64-openwrt-linux-musl
ac_cv_type_int_fast32_t=yes
ac_cv_type_int_least32_t=yes
ac_cv_type_off_t=yes
ac_cv_type_u_int64_t=no
ac_cv_type_uint64_t=yes
ac_cv_type_uintmax_t=yes
ac_cv_type_uintptr_t=yes
acx_cv_header_stdint=stdint.h
acx_cv_header_stdint_kind='(already complete)'
acx_cv_prog_cc_pedantic__Wlong_long=yes
acx_cv_prog_cc_warning__W=yes
acx_cv_prog_cc_warning__Wall=yes
acx_cv_prog_cc_warning__Wcast_qual=yes
acx_cv_prog_cc_warning__Wmissing_format_attribute=yes
acx_cv_prog_cc_warning__Wmissing_prototypes=yes
acx_cv_prog_cc_warning__Wold_style_definition=yes
acx_cv_prog_cc_warning__Wstrict_prototypes=yes
acx_cv_prog_cc_warning__Wwrite_strings=yes
acx_cv_prog_cc_warning__fno_lto=yes

## ----------------- ##
## Output variables. ##
## ----------------- ##

ACLOCAL='aclocal'
ADDITIONAL_OBJS=''
AUTOCONF='autoconf'
AUTOHEADER='autoheader'
CC='gcc'
CFLAGS='-O2 -I/home/user/workdir/openwrt-fs/openwrt-23.05.5/staging_dir/host/include     '
CPP='gcc -E'
CPPFLAGS='-I/home/user/workdir/openwrt-fs/openwrt-23.05.5/staging_dir/host/include '
DEFS='-DHAVE_CONFIG_H'
ECHO_C=''
ECHO_N='-n'
ECHO_T=''
EGREP='/home/user/workdir/openwrt-fs/openwrt-23.05.5/staging_dir/host/bin/grep -E'
EXEEXT=''
GREP='/home/user/workdir/openwrt-fs/openwrt-23.05.5/staging_dir/host/bin/grep'
LDFLAGS=' -L/home/user/workdir/openwrt-fs/openwrt-23.05.5/staging_dir/host/lib '
LIBOBJS=''
LIBS=''
LTLIBOBJS=''
MAINT='#'
OBJEXT='o'
PACKAGE_BUGREPORT='gcc-bugs@gcc.gnu.org'
PACKAGE_NAME='libdecnumber'
PACKAGE_STRING='libdecnumber  '
PACKAGE_TARNAME='libdecnumber'
PACKAGE_URL=''
PACKAGE_VERSION=' '
PATH_SEPARATOR=':'
PICFLAG=''
RANLIB='ranlib --plugin /usr/lib/gcc/x86_64-linux-gnu/9/liblto_plugin.so'
SET_MAKE=''
SHELL='/usr/bin/env bash'
WARN_CFLAGS='-W -Wall -Wwrite-strings -Wstrict-prototypes -Wmissing-prototypes -Wold-style-definition -Wmissing-format-attribute -Wcast-qual'
WARN_PEDANTIC='-pedantic -Wno-long-long'
WERROR=''
ac_ct_CC=''
bindir='${exec_prefix}/bin'
build='x86_64-pc-linux-gnu'
build_alias='x86_64-pc-linux-gnu'
build_cpu='x86_64'
build_os='linux-gnu'
build_vendor='pc'
datadir='${datarootdir}'
datarootdir='${prefix}/share'
docdir='${datarootdir}/doc/${PACKAGE_TARNAME}'
dvidir='${docdir}'
enable_decimal_float='dpd'
exec_prefix='${prefix}'
host='x86_64-pc-linux-gnu'
host_alias='x86_64-pc-linux-gnu'
host_cpu='x86_64'
host_os='linux-gnu'
host_vendor='pc'
htmldir='${docdir}'
includedir='${prefix}/include'
infodir='${datarootdir}/info'
libdir='${exec_prefix}/lib'
libexecdir='${exec_prefix}/libexec'
localedir='${datarootdir}/locale'
localstatedir='${prefix}/var'
mandir='${datarootdir}/man'
nolto_flags='-fno-lto'
oldincludedir='/usr/include'
pdfdir='${docdir}'
prefix='/home/user/workdir/openwrt-fs/openwrt-23.05.5/staging_dir/toolchain-aarch64_cortex-a53_gcc-12.3.0_musl'
program_transform_name='s&^&aarch64-openwrt-linux-musl-&'
psdir='${docdir}'
sbindir='${exec_prefix}/sbin'
sharedstatedir='${prefix}/com'
sysconfdir='${prefix}/etc'
target='aarch64-openwrt-linux-musl'
target_alias='aarch64-openwrt-linux-musl'
target_cpu='aarch64'
target_os='linux-musl'
target_vendor='openwrt'

## ----------- ##
## confdefs.h. ##
## ----------- ##

/* confdefs.h */
#define PACKAGE_NAME "libdecnumber"
#define PACKAGE_TARNAME "libdecnumber"
#define PACKAGE_VERSION " "
#define PACKAGE_STRING "libdecnumber  "
#define PACKAGE_BUGREPORT "gcc-bugs@gcc.gnu.org"
#define PACKAGE_URL ""
#define STDC_HEADERS 1
#define HAVE_SYS_TYPES_H 1
#define HAVE_SYS_STAT_H 1
#define HAVE_STDLIB_H 1
#define HAVE_STRING_H 1
#define HAVE_MEMORY_H 1
#define HAVE_STRINGS_H 1
#define HAVE_INTTYPES_H 1
#define HAVE_STDINT_H 1
#define HAVE_UNISTD_H 1
#define HAVE_CTYPE_H 1
#define HAVE_STDDEF_H 1
#define HAVE_STRING_H 1
#define HAVE_STDIO_H 1
#define SIZEOF_INT 4
#define SIZEOF_LONG 8
#define STDC_HEADERS 1

configure: exit 0
