This file contains any messages produced by compilers while
running configure, to aid debugging if configure makes a mistake.

It was created by configure, which was
generated by GNU Autoconf 2.69.  Invocation command line was

  $ ./configure --prefix=/home/user/workdir/openwrt-fs/openwrt-23.05.5/staging_dir/toolchain-aarch64_cortex-a53_gcc-12.3.0_musl --build=x86_64-pc-linux-gnu --host=x86_64-pc-linux-gnu --target=aarch64-openwrt-linux-musl --with-gmp=/home/user/workdir/openwrt-fs/openwrt-23.05.5/staging_dir/host --with-mpfr=/home/user/workdir/openwrt-fs/openwrt-23.05.5/staging_dir/host --with-mpc=/home/user/workdir/openwrt-fs/openwrt-23.05.5/staging_dir/host --with-expat=/home/user/workdir/openwrt-fs/openwrt-23.05.5/staging_dir/host --disable-werror --without-uiout --enable-tui --disable-gdbtk --without-x --without-included-gettext --enable-threads --disable-unit-tests --disable-ubsan --disable-binutils --disable-ld --disable-gas --disable-sim --without-python

## --------- ##
## Platform. ##
## --------- ##

hostname = e6fd6bfc75d4
uname -m = x86_64
uname -r = 6.10.11-linuxkit
uname -s = Linux
uname -v = #1 SMP PREEMPT_DYNAMIC Thu Oct  3 10:19:48 UTC 2024

/usr/bin/uname -p = x86_64
/bin/uname -X     = unknown

/bin/arch              = x86_64
/usr/bin/arch -k       = unknown
/usr/convex/getsysinfo = unknown
/usr/bin/hostinfo      = unknown
/bin/machine           = unknown
/usr/bin/oslevel       = unknown
/bin/universe          = unknown

PATH: /home/user/workdir/openwrt-fs/openwrt-23.05.5/staging_dir/toolchain-aarch64_cortex-a53_gcc-12.3.0_musl/bin
PATH: /home/user/workdir/openwrt-fs/openwrt-23.05.5/staging_dir/toolchain-aarch64_cortex-a53_gcc-12.3.0_musl/bin
PATH: /home/user/workdir/openwrt-fs/openwrt-23.05.5/staging_dir/host/bin
PATH: /home/user/workdir/openwrt-fs/openwrt-23.05.5/staging_dir/toolchain-aarch64_cortex-a53_gcc-12.3.0_musl/bin
PATH: /home/user/workdir/openwrt-fs/openwrt-23.05.5/staging_dir/host/bin
PATH: /home/user/workdir/openwrt-fs/openwrt-23.05.5/staging_dir/host/bin
PATH: /usr/local/sbin
PATH: /usr/local/bin
PATH: /usr/sbin
PATH: /usr/bin
PATH: /sbin
PATH: /bin


## ----------- ##
## Core tests. ##
## ----------- ##

configure:2350: checking build system type
configure:2364: result: x86_64-pc-linux-gnu
configure:2411: checking host system type
configure:2424: result: x86_64-pc-linux-gnu
configure:2444: checking target system type
configure:2457: result: aarch64-openwrt-linux-musl
configure:2511: checking for a BSD-compatible install
configure:2579: result: /home/user/workdir/openwrt-fs/openwrt-23.05.5/staging_dir/host/bin/install -c
configure:2590: checking whether ln works
configure:2612: result: yes
configure:2616: checking whether ln -s works
configure:2620: result: yes
configure:2627: checking for a sed that does not truncate output
configure:2691: result: /home/user/workdir/openwrt-fs/openwrt-23.05.5/staging_dir/host/bin/sed
configure:2700: checking for gawk
configure:2716: found /usr/bin/gawk
configure:2727: result: gawk
configure:3063: WARNING: neither ld nor gold are enabled
configure:3513: checking for gdbserver support
configure:3519: result: no
configure:4039: checking for x86_64-pc-linux-gnu-gcc
configure:4066: result: gcc
configure:4335: checking for C compiler version
configure:4344: gcc --version >&5
gcc (Ubuntu 9.4.0-1ubuntu1~20.04.2) 9.4.0
Copyright (C) 2019 Free Software Foundation, Inc.
This is free software; see the source for copying conditions.  There is NO
warranty; not even for MERCHANTABILITY or FITNESS FOR A PARTICULAR PURPOSE.

configure:4355: $? = 0
configure:4344: gcc -v >&5
Using built-in specs.
COLLECT_GCC=gcc
COLLECT_LTO_WRAPPER=/usr/lib/gcc/x86_64-linux-gnu/9/lto-wrapper
OFFLOAD_TARGET_NAMES=nvptx-none:hsa
OFFLOAD_TARGET_DEFAULT=1
Target: x86_64-linux-gnu
Configured with: ../src/configure -v --with-pkgversion='Ubuntu 9.4.0-1ubuntu1~20.04.2' --with-bugurl=file:///usr/share/doc/gcc-9/README.Bugs --enable-languages=c,ada,c++,go,brig,d,fortran,objc,obj-c++,gm2 --prefix=/usr --with-gcc-major-version-only --program-suffix=-9 --program-prefix=x86_64-linux-gnu- --enable-shared --enable-linker-build-id --libexecdir=/usr/lib --without-included-gettext --enable-threads=posix --libdir=/usr/lib --enable-nls --enable-clocale=gnu --enable-libstdcxx-debug --enable-libstdcxx-time=yes --with-default-libstdcxx-abi=new --enable-gnu-unique-object --disable-vtable-verify --enable-plugin --enable-default-pie --with-system-zlib --with-target-system-zlib=auto --enable-objc-gc=auto --enable-multiarch --disable-werror --with-arch-32=i686 --with-abi=m64 --with-multilib-list=m32,m64,mx32 --enable-multilib --with-tune=generic --enable-offload-targets=nvptx-none=/build/gcc-9-9QDOt0/gcc-9-9.4.0/debian/tmp-nvptx/usr,hsa --without-cuda-driver --enable-checking=release --build=x86_64-linux-gnu --host=x86_64-linux-gnu --target=x86_64-linux-gnu
Thread model: posix
gcc version 9.4.0 (Ubuntu 9.4.0-1ubuntu1~20.04.2) 
configure:4355: $? = 0
configure:4344: gcc -V >&5
gcc: error: unrecognized command line option '-V'
gcc: fatal error: no input files
compilation terminated.
configure:4355: $? = 1
configure:4344: gcc -qversion >&5
gcc: error: unrecognized command line option '-qversion'; did you mean '--version'?
gcc: fatal error: no input files
compilation terminated.
configure:4355: $? = 1
configure:4375: checking whether the C compiler works
configure:4397: gcc -O2 -I/home/user/workdir/openwrt-fs/openwrt-23.05.5/staging_dir/host/include  -I/home/user/workdir/openwrt-fs/openwrt-23.05.5/staging_dir/host/include  -L/home/user/workdir/openwrt-fs/openwrt-23.05.5/staging_dir/host/lib  conftest.c  >&5
configure:4401: $? = 0
configure:4449: result: yes
configure:4452: checking for C compiler default output file name
configure:4454: result: a.out
configure:4460: checking for suffix of executables
configure:4467: gcc -o conftest -O2 -I/home/user/workdir/openwrt-fs/openwrt-23.05.5/staging_dir/host/include  -I/home/user/workdir/openwrt-fs/openwrt-23.05.5/staging_dir/host/include  -L/home/user/workdir/openwrt-fs/openwrt-23.05.5/staging_dir/host/lib  conftest.c  >&5
configure:4471: $? = 0
configure:4493: result: 
configure:4515: checking whether we are cross compiling
configure:4523: gcc -o conftest -O2 -I/home/user/workdir/openwrt-fs/openwrt-23.05.5/staging_dir/host/include  -I/home/user/workdir/openwrt-fs/openwrt-23.05.5/staging_dir/host/include  -L/home/user/workdir/openwrt-fs/openwrt-23.05.5/staging_dir/host/lib  conftest.c  >&5
configure:4527: $? = 0
configure:4534: ./conftest
configure:4538: $? = 0
configure:4526: result: no
configure:4531: checking for suffix of object files
configure:4553: gcc -c -O2 -I/home/user/workdir/openwrt-fs/openwrt-23.05.5/staging_dir/host/include  -I/home/user/workdir/openwrt-fs/openwrt-23.05.5/staging_dir/host/include  conftest.c >&5
configure:4557: $? = 0
configure:4578: result: o
configure:4582: checking whether we are using the GNU C compiler
configure:4601: gcc -c -O2 -I/home/user/workdir/openwrt-fs/openwrt-23.05.5/staging_dir/host/include  -I/home/user/workdir/openwrt-fs/openwrt-23.05.5/staging_dir/host/include  conftest.c >&5
configure:4601: $? = 0
configure:4610: result: yes
configure:4619: checking whether gcc accepts -g
configure:4639: gcc -c -g -I/home/user/workdir/openwrt-fs/openwrt-23.05.5/staging_dir/host/include  conftest.c >&5
configure:4639: $? = 0
configure:4680: result: yes
configure:4697: checking for gcc option to accept ISO C89
configure:4760: gcc  -c -O2 -I/home/user/workdir/openwrt-fs/openwrt-23.05.5/staging_dir/host/include  -I/home/user/workdir/openwrt-fs/openwrt-23.05.5/staging_dir/host/include  conftest.c >&5
configure:4760: $? = 0
configure:4773: result: none needed
configure:4793: checking for gcc option to accept ISO C99
configure:4942: gcc  -c -O2 -I/home/user/workdir/openwrt-fs/openwrt-23.05.5/staging_dir/host/include  -I/home/user/workdir/openwrt-fs/openwrt-23.05.5/staging_dir/host/include  conftest.c >&5
configure:4942: $? = 0
configure:4955: result: none needed
configure:5082: checking for C++ compiler version
configure:5091: g++ --version >&5
g++ (Ubuntu 9.4.0-1ubuntu1~20.04.2) 9.4.0
Copyright (C) 2019 Free Software Foundation, Inc.
This is free software; see the source for copying conditions.  There is NO
warranty; not even for MERCHANTABILITY or FITNESS FOR A PARTICULAR PURPOSE.

configure:5102: $? = 0
configure:5091: g++ -v >&5
Using built-in specs.
COLLECT_GCC=g++
COLLECT_LTO_WRAPPER=/usr/lib/gcc/x86_64-linux-gnu/9/lto-wrapper
OFFLOAD_TARGET_NAMES=nvptx-none:hsa
OFFLOAD_TARGET_DEFAULT=1
Target: x86_64-linux-gnu
Configured with: ../src/configure -v --with-pkgversion='Ubuntu 9.4.0-1ubuntu1~20.04.2' --with-bugurl=file:///usr/share/doc/gcc-9/README.Bugs --enable-languages=c,ada,c++,go,brig,d,fortran,objc,obj-c++,gm2 --prefix=/usr --with-gcc-major-version-only --program-suffix=-9 --program-prefix=x86_64-linux-gnu- --enable-shared --enable-linker-build-id --libexecdir=/usr/lib --without-included-gettext --enable-threads=posix --libdir=/usr/lib --enable-nls --enable-clocale=gnu --enable-libstdcxx-debug --enable-libstdcxx-time=yes --with-default-libstdcxx-abi=new --enable-gnu-unique-object --disable-vtable-verify --enable-plugin --enable-default-pie --with-system-zlib --with-target-system-zlib=auto --enable-objc-gc=auto --enable-multiarch --disable-werror --with-arch-32=i686 --with-abi=m64 --with-multilib-list=m32,m64,mx32 --enable-multilib --with-tune=generic --enable-offload-targets=nvptx-none=/build/gcc-9-9QDOt0/gcc-9-9.4.0/debian/tmp-nvptx/usr,hsa --without-cuda-driver --enable-checking=release --build=x86_64-linux-gnu --host=x86_64-linux-gnu --target=x86_64-linux-gnu
Thread model: posix
gcc version 9.4.0 (Ubuntu 9.4.0-1ubuntu1~20.04.2) 
configure:5102: $? = 0
configure:5091: g++ -V >&5
g++: error: unrecognized command line option '-V'
g++: fatal error: no input files
compilation terminated.
configure:5102: $? = 1
configure:5091: g++ -qversion >&5
g++: error: unrecognized command line option '-qversion'; did you mean '--version'?
g++: fatal error: no input files
compilation terminated.
configure:5102: $? = 1
configure:5106: checking whether we are using the GNU C++ compiler
configure:5125: g++ -c  -I/home/user/workdir/openwrt-fs/openwrt-23.05.5/staging_dir/host/include  conftest.cpp >&5
configure:5125: $? = 0
configure:5134: result: yes
configure:5143: checking whether g++ accepts -g
configure:5163: g++ -c -g -I/home/user/workdir/openwrt-fs/openwrt-23.05.5/staging_dir/host/include  conftest.cpp >&5
configure:5163: $? = 0
configure:5204: result: yes
configure:5253: checking whether g++ accepts -static-libstdc++ -static-libgcc
configure:5270: g++ -o conftest  -I/home/user/workdir/openwrt-fs/openwrt-23.05.5/staging_dir/host/include  -L/home/user/workdir/openwrt-fs/openwrt-23.05.5/staging_dir/host/lib  -static-libstdc++ -static-libgcc conftest.cpp  >&5
configure:5270: $? = 0
configure:5271: result: yes
configure:5295: checking for x86_64-pc-linux-gnu-gnatbind
configure:5325: result: no
configure:5335: checking for gnatbind
configure:5365: result: no
configure:5387: checking for x86_64-pc-linux-gnu-gnatmake
configure:5417: result: no
configure:5427: checking for gnatmake
configure:5457: result: no
configure:5476: checking whether compiler driver understands Ada
configure:5499: result: false
configure:5508: checking how to compare bootstrapped objects
configure:5533: result: cmp --ignore-initial=16 $$f1 $$f2
configure:5678: checking for objdir
configure:5693: result: .libs
configure:6258: checking for isl 0.15 or later
configure:6271: gcc -o conftest -O2 -I/home/user/workdir/openwrt-fs/openwrt-23.05.5/staging_dir/host/include   -I/home/user/workdir/openwrt-fs/openwrt-23.05.5/staging_dir/host/include -I/home/user/workdir/openwrt-fs/openwrt-23.05.5/staging_dir/host/include -I/home/user/workdir/openwrt-fs/openwrt-23.05.5/staging_dir/host/include  -I/home/user/workdir/openwrt-fs/openwrt-23.05.5/staging_dir/host/include  -L/home/user/workdir/openwrt-fs/openwrt-23.05.5/staging_dir/host/lib   -lisl -L/home/user/workdir/openwrt-fs/openwrt-23.05.5/staging_dir/host/lib -L/home/user/workdir/openwrt-fs/openwrt-23.05.5/staging_dir/host/lib -L/home/user/workdir/openwrt-fs/openwrt-23.05.5/staging_dir/host/lib -lmpc -lmpfr -lgmp conftest.c  -lisl -lgmp >&5
conftest.c:10:10: fatal error: isl/schedule.h: No such file or directory
   10 | #include <isl/schedule.h>
      |          ^~~~~~~~~~~~~~~~
compilation terminated.
configure:6271: $? = 1
configure: failed program was:
| /* confdefs.h */
| #define PACKAGE_NAME ""
| #define PACKAGE_TARNAME ""
| #define PACKAGE_VERSION ""
| #define PACKAGE_STRING ""
| #define PACKAGE_BUGREPORT ""
| #define PACKAGE_URL ""
| #define LT_OBJDIR ".libs/"
| /* end confdefs.h.  */
| #include <isl/schedule.h>
| int
| main ()
| {
| isl_options_set_schedule_serialize_sccs (NULL, 0);
|   ;
|   return 0;
| }
configure:6278: result: no
configure:6282: result: required isl version is 0.15 or later
configure:7385: checking for default BUILD_CONFIG
configure:7417: result: 
configure:7422: checking for --enable-vtable-verify
configure:7435: result: no
configure:8056: checking for bison
configure:8072: found /home/user/workdir/openwrt-fs/openwrt-23.05.5/staging_dir/host/bin/bison
configure:8083: result: bison -y
configure:8103: checking for bison
configure:8119: found /home/user/workdir/openwrt-fs/openwrt-23.05.5/staging_dir/host/bin/bison
configure:8130: result: bison
configure:8150: checking for gm4
configure:8177: result: /home/user/workdir/openwrt-fs/openwrt-23.05.5/staging_dir/host/bin/m4
configure:8197: checking for flex
configure:8213: found /home/user/workdir/openwrt-fs/openwrt-23.05.5/staging_dir/host/bin/flex
configure:8224: result: flex
configure:8245: checking for flex
configure:8261: found /home/user/workdir/openwrt-fs/openwrt-23.05.5/staging_dir/host/bin/flex
configure:8272: result: flex
configure:8292: checking for makeinfo
configure:8308: found /home/user/workdir/openwrt-fs/openwrt-23.05.5/staging_dir/host/bin/makeinfo
configure:8319: result: makeinfo
configure:8353: checking for expect
configure:8383: result: no
configure:8402: checking for runtest
configure:8432: result: no
configure:8508: checking for x86_64-pc-linux-gnu-ar
configure:8538: result: no
configure:8547: checking for ar
configure:8563: found /usr/bin/ar
configure:8574: result: ar
configure:8649: checking for x86_64-pc-linux-gnu-as
configure:8679: result: no
configure:8688: checking for as
configure:8704: found /usr/bin/as
configure:8715: result: as
configure:8790: checking for x86_64-pc-linux-gnu-dlltool
configure:8820: result: no
configure:8829: checking for dlltool
configure:8859: result: no
configure:8931: checking for x86_64-pc-linux-gnu-ld
configure:8961: result: no
configure:8970: checking for ld
configure:8986: found /usr/bin/ld
configure:8997: result: ld
configure:9072: checking for x86_64-pc-linux-gnu-lipo
configure:9102: result: no
configure:9111: checking for lipo
configure:9141: result: no
configure:9213: checking for x86_64-pc-linux-gnu-nm
configure:9243: result: no
configure:9252: checking for nm
configure:9268: found /usr/bin/nm
configure:9279: result: nm
configure:9354: checking for x86_64-pc-linux-gnu-ranlib
configure:9384: result: no
configure:9393: checking for ranlib
configure:9409: found /usr/bin/ranlib
configure:9420: result: ranlib
configure:9490: checking for x86_64-pc-linux-gnu-strip
configure:9520: result: no
configure:9529: checking for strip
configure:9545: found /usr/bin/strip
configure:9556: result: strip
configure:9626: checking for x86_64-pc-linux-gnu-windres
configure:9656: result: no
configure:9665: checking for windres
configure:9695: result: no
configure:9767: checking for x86_64-pc-linux-gnu-windmc
configure:9797: result: no
configure:9806: checking for windmc
configure:9836: result: no
configure:9908: checking for x86_64-pc-linux-gnu-objcopy
configure:9938: result: no
configure:9947: checking for objcopy
configure:9963: found /usr/bin/objcopy
configure:9974: result: objcopy
configure:10049: checking for x86_64-pc-linux-gnu-objdump
configure:10079: result: no
configure:10088: checking for objdump
configure:10104: found /usr/bin/objdump
configure:10115: result: objdump
configure:10190: checking for x86_64-pc-linux-gnu-readelf
configure:10220: result: no
configure:10229: checking for readelf
configure:10245: found /usr/bin/readelf
configure:10256: result: readelf
configure:10282: checking for -plugin option
configure:10300: checking for x86_64-pc-linux-gnu-ar
configure:10327: result: ar
configure:10402: result: --plugin /usr/lib/gcc/x86_64-linux-gnu/9/liblto_plugin.so
configure:10514: checking for aarch64-openwrt-linux-musl-cc
configure:10544: result: no
configure:10514: checking for aarch64-openwrt-linux-musl-gcc
configure:10544: result: no
configure:10675: checking for aarch64-openwrt-linux-musl-c++
configure:10705: result: no
configure:10675: checking for aarch64-openwrt-linux-musl-g++
configure:10705: result: no
configure:10675: checking for aarch64-openwrt-linux-musl-cxx
configure:10705: result: no
configure:10675: checking for aarch64-openwrt-linux-musl-gxx
configure:10705: result: no
configure:10836: checking for aarch64-openwrt-linux-musl-gcc
configure:10866: result: no
configure:10992: checking for aarch64-openwrt-linux-musl-gfortran
configure:11022: result: no
configure:11153: checking for aarch64-openwrt-linux-musl-gccgo
configure:11183: result: no
configure:11394: checking for aarch64-openwrt-linux-musl-ar
configure:11424: result: no
configure:11624: checking for aarch64-openwrt-linux-musl-as
configure:11654: result: no
configure:11854: checking for aarch64-openwrt-linux-musl-dlltool
configure:11884: result: no
configure:12084: checking for aarch64-openwrt-linux-musl-ld
configure:12114: result: no
configure:12314: checking for aarch64-openwrt-linux-musl-lipo
configure:12344: result: no
configure:12544: checking for aarch64-openwrt-linux-musl-nm
configure:12574: result: no
configure:12774: checking for aarch64-openwrt-linux-musl-objcopy
configure:12804: result: no
configure:13004: checking for aarch64-openwrt-linux-musl-objdump
configure:13034: result: no
configure:13234: checking for aarch64-openwrt-linux-musl-ranlib
configure:13264: result: no
configure:13464: checking for aarch64-openwrt-linux-musl-readelf
configure:13494: result: no
configure:13694: checking for aarch64-openwrt-linux-musl-strip
configure:13724: result: no
configure:13924: checking for aarch64-openwrt-linux-musl-windres
configure:13954: result: no
configure:14154: checking for aarch64-openwrt-linux-musl-windmc
configure:14184: result: no
configure:14251: checking where to find the target ar
configure:14288: result: pre-installed
configure:14293: checking where to find the target as
configure:14330: result: pre-installed
configure:14335: checking where to find the target cc
configure:14372: result: pre-installed
configure:14377: checking where to find the target c++
configure:14417: result: pre-installed
configure:14422: checking where to find the target c++ for libstdc++
configure:14462: result: pre-installed
configure:14467: checking where to find the target dlltool
configure:14504: result: pre-installed
configure:14509: checking where to find the target gcc
configure:14546: result: pre-installed
configure:14551: checking where to find the target gfortran
configure:14591: result: pre-installed
configure:14596: checking where to find the target gccgo
configure:14636: result: pre-installed
configure:14641: checking where to find the target ld
configure:14678: result: pre-installed
configure:14683: checking where to find the target lipo
configure:14709: result: pre-installed
configure:14714: checking where to find the target nm
configure:14751: result: pre-installed
configure:14756: checking where to find the target objcopy
configure:14793: result: pre-installed
configure:14798: checking where to find the target objdump
configure:14835: result: pre-installed
configure:14840: checking where to find the target ranlib
configure:14877: result: pre-installed
configure:14882: checking where to find the target readelf
configure:14919: result: pre-installed
configure:14924: checking where to find the target strip
configure:14961: result: pre-installed
configure:14966: checking where to find the target windres
configure:15003: result: pre-installed
configure:15008: checking where to find the target windmc
configure:15045: result: pre-installed
configure:15078: checking whether to enable maintainer-specific portions of Makefiles
configure:15087: result: no
configure:15322: creating ./config.status

## ---------------------- ##
## Running config.status. ##
## ---------------------- ##

This file was extended by config.status, which was
generated by GNU Autoconf 2.69.  Invocation command line was

  CONFIG_FILES    = 
  CONFIG_HEADERS  = 
  CONFIG_LINKS    = 
  CONFIG_COMMANDS = 
  $ ./config.status 

on e6fd6bfc75d4

config.status:1005: creating Makefile

## ---------------- ##
## Cache variables. ##
## ---------------- ##

ac_cv_build=x86_64-pc-linux-gnu
ac_cv_c_compiler_gnu=yes
ac_cv_cxx_compiler_gnu=yes
ac_cv_env_AR_FOR_TARGET_set=
ac_cv_env_AR_FOR_TARGET_value=
ac_cv_env_AR_set=
ac_cv_env_AR_value=
ac_cv_env_AS_FOR_TARGET_set=
ac_cv_env_AS_FOR_TARGET_value=
ac_cv_env_AS_set=
ac_cv_env_AS_value=
ac_cv_env_CCC_set=
ac_cv_env_CCC_value=
ac_cv_env_CC_FOR_TARGET_set=
ac_cv_env_CC_FOR_TARGET_value=
ac_cv_env_CC_set=set
ac_cv_env_CC_value=gcc
ac_cv_env_CFLAGS_set=set
ac_cv_env_CFLAGS_value='-O2 -I/home/user/workdir/openwrt-fs/openwrt-23.05.5/staging_dir/host/include '
ac_cv_env_CPPFLAGS_set=set
ac_cv_env_CPPFLAGS_value='-I/home/user/workdir/openwrt-fs/openwrt-23.05.5/staging_dir/host/include '
ac_cv_env_CXXFLAGS_set=set
ac_cv_env_CXXFLAGS_value=
ac_cv_env_CXX_FOR_TARGET_set=
ac_cv_env_CXX_FOR_TARGET_value=
ac_cv_env_CXX_set=set
ac_cv_env_CXX_value=g++
ac_cv_env_DLLTOOL_FOR_TARGET_set=
ac_cv_env_DLLTOOL_FOR_TARGET_value=
ac_cv_env_DLLTOOL_set=
ac_cv_env_DLLTOOL_value=
ac_cv_env_GCC_FOR_TARGET_set=
ac_cv_env_GCC_FOR_TARGET_value=
ac_cv_env_GFORTRAN_FOR_TARGET_set=
ac_cv_env_GFORTRAN_FOR_TARGET_value=
ac_cv_env_GOC_FOR_TARGET_set=
ac_cv_env_GOC_FOR_TARGET_value=
ac_cv_env_LDFLAGS_set=set
ac_cv_env_LDFLAGS_value='-L/home/user/workdir/openwrt-fs/openwrt-23.05.5/staging_dir/host/lib '
ac_cv_env_LD_FOR_TARGET_set=
ac_cv_env_LD_FOR_TARGET_value=
ac_cv_env_LD_set=
ac_cv_env_LD_value=
ac_cv_env_LIBS_set=
ac_cv_env_LIBS_value=
ac_cv_env_LIPO_FOR_TARGET_set=
ac_cv_env_LIPO_FOR_TARGET_value=
ac_cv_env_LIPO_set=
ac_cv_env_LIPO_value=
ac_cv_env_NM_FOR_TARGET_set=
ac_cv_env_NM_FOR_TARGET_value=
ac_cv_env_NM_set=
ac_cv_env_NM_value=
ac_cv_env_OBJCOPY_FOR_TARGET_set=
ac_cv_env_OBJCOPY_FOR_TARGET_value=
ac_cv_env_OBJCOPY_set=
ac_cv_env_OBJCOPY_value=
ac_cv_env_OBJDUMP_FOR_TARGET_set=
ac_cv_env_OBJDUMP_FOR_TARGET_value=
ac_cv_env_OBJDUMP_set=
ac_cv_env_OBJDUMP_value=
ac_cv_env_RANLIB_FOR_TARGET_set=
ac_cv_env_RANLIB_FOR_TARGET_value=
ac_cv_env_RANLIB_set=
ac_cv_env_RANLIB_value=
ac_cv_env_READELF_FOR_TARGET_set=
ac_cv_env_READELF_FOR_TARGET_value=
ac_cv_env_READELF_set=
ac_cv_env_READELF_value=
ac_cv_env_STRIP_FOR_TARGET_set=
ac_cv_env_STRIP_FOR_TARGET_value=
ac_cv_env_STRIP_set=
ac_cv_env_STRIP_value=
ac_cv_env_WINDMC_FOR_TARGET_set=
ac_cv_env_WINDMC_FOR_TARGET_value=
ac_cv_env_WINDMC_set=
ac_cv_env_WINDMC_value=
ac_cv_env_WINDRES_FOR_TARGET_set=
ac_cv_env_WINDRES_FOR_TARGET_value=
ac_cv_env_WINDRES_set=
ac_cv_env_WINDRES_value=
ac_cv_env_build_alias_set=set
ac_cv_env_build_alias_value=x86_64-pc-linux-gnu
ac_cv_env_build_configargs_set=
ac_cv_env_build_configargs_value=
ac_cv_env_host_alias_set=set
ac_cv_env_host_alias_value=x86_64-pc-linux-gnu
ac_cv_env_host_configargs_set=
ac_cv_env_host_configargs_value=
ac_cv_env_target_alias_set=set
ac_cv_env_target_alias_value=aarch64-openwrt-linux-musl
ac_cv_env_target_configargs_set=
ac_cv_env_target_configargs_value=
ac_cv_host=x86_64-pc-linux-gnu
ac_cv_objext=o
ac_cv_path_SED=/home/user/workdir/openwrt-fs/openwrt-23.05.5/staging_dir/host/bin/sed
ac_cv_path_install='/home/user/workdir/openwrt-fs/openwrt-23.05.5/staging_dir/host/bin/install -c'
ac_cv_prog_AR=ar
ac_cv_prog_AS=as
ac_cv_prog_AWK=gawk
ac_cv_prog_BISON=bison
ac_cv_prog_CC=gcc
ac_cv_prog_FLEX=flex
ac_cv_prog_LD=ld
ac_cv_prog_LEX=flex
ac_cv_prog_M4=/home/user/workdir/openwrt-fs/openwrt-23.05.5/staging_dir/host/bin/m4
ac_cv_prog_MAKEINFO=makeinfo
ac_cv_prog_NM=nm
ac_cv_prog_OBJCOPY=objcopy
ac_cv_prog_OBJDUMP=objdump
ac_cv_prog_RANLIB=ranlib
ac_cv_prog_READELF=readelf
ac_cv_prog_STRIP=strip
ac_cv_prog_YACC='bison -y'
ac_cv_prog_cc_c89=
ac_cv_prog_cc_c99=
ac_cv_prog_cc_g=yes
ac_cv_prog_cxx_g=yes
ac_cv_target=aarch64-openwrt-linux-musl
acx_cv_cc_gcc_supports_ada=false
acx_cv_prog_LN=ln
gcc_cv_isl=no
gcc_cv_prog_cmp_skip='cmp --ignore-initial=16 $$f1 $$f2'
gcc_cv_tool_dirs=
gcc_cv_tool_prefix=/home/user/workdir/openwrt-fs/openwrt-23.05.5/staging_dir/toolchain-aarch64_cortex-a53_gcc-12.3.0_musl
gdb_cv_func_sigsetjmp=yes
lt_cv_objdir=.libs

## ----------------- ##
## Output variables. ##
## ----------------- ##

AR='ar'
AR_FOR_BUILD='$(AR)'
AR_FOR_TARGET='aarch64-openwrt-linux-musl-ar'
AR_PLUGIN_OPTION='--plugin /usr/lib/gcc/x86_64-linux-gnu/9/liblto_plugin.so'
AS='as'
AS_FOR_BUILD='$(AS)'
AS_FOR_TARGET='aarch64-openwrt-linux-musl-as'
AWK='gawk'
BISON='bison'
BUILD_CONFIG=''
CC='gcc'
CC_FOR_BUILD='$(CC)'
CC_FOR_TARGET='aarch64-openwrt-linux-musl-cc'
CFLAGS='-O2 -I/home/user/workdir/openwrt-fs/openwrt-23.05.5/staging_dir/host/include '
CFLAGS_FOR_BUILD='-O2 -I/home/user/workdir/openwrt-fs/openwrt-23.05.5/staging_dir/host/include '
CFLAGS_FOR_TARGET='-g -O2'
COMPILER_AS_FOR_TARGET='$(AS_FOR_TARGET)'
COMPILER_LD_FOR_TARGET='$(LD_FOR_TARGET)'
COMPILER_NM_FOR_TARGET='$(NM_FOR_TARGET)'
CONFIGURE_GDB_TK=''
CPPFLAGS='-I/home/user/workdir/openwrt-fs/openwrt-23.05.5/staging_dir/host/include '
CXX='g++'
CXXFLAGS=''
CXXFLAGS_FOR_BUILD=''
CXXFLAGS_FOR_TARGET='-g -O2'
CXX_FOR_BUILD='$(CXX)'
CXX_FOR_TARGET='aarch64-openwrt-linux-musl-c++'
DEBUG_PREFIX_CFLAGS_FOR_TARGET=''
DEFS='-DPACKAGE_NAME=\"\" -DPACKAGE_TARNAME=\"\" -DPACKAGE_VERSION=\"\" -DPACKAGE_STRING=\"\" -DPACKAGE_BUGREPORT=\"\" -DPACKAGE_URL=\"\" -DLT_OBJDIR=\".libs/\"'
DLLTOOL='dlltool'
DLLTOOL_FOR_BUILD='$(DLLTOOL)'
DLLTOOL_FOR_TARGET='aarch64-openwrt-linux-musl-dlltool'
ECHO_C=''
ECHO_N='-n'
ECHO_T=''
EXEEXT=''
EXPECT='expect'
FLAGS_FOR_TARGET=''
FLEX='flex'
GCC_FOR_TARGET='aarch64-openwrt-linux-musl-gcc'
GCC_SHLIB_SUBDIR=''
GDB_TK=''
GFORTRAN_FOR_BUILD='$(GFORTRAN)'
GFORTRAN_FOR_TARGET='aarch64-openwrt-linux-musl-gfortran'
GNATBIND='no'
GNATMAKE='no'
GOC_FOR_BUILD='$(GOC)'
GOC_FOR_TARGET='aarch64-openwrt-linux-musl-gccgo'
INSTALL_DATA='${INSTALL} -m 644'
INSTALL_GDB_TK=''
INSTALL_PROGRAM='${INSTALL}'
INSTALL_SCRIPT='${INSTALL}'
LD='ld'
LDFLAGS='-L/home/user/workdir/openwrt-fs/openwrt-23.05.5/staging_dir/host/lib '
LDFLAGS_FOR_BUILD='-L/home/user/workdir/openwrt-fs/openwrt-23.05.5/staging_dir/host/lib '
LDFLAGS_FOR_TARGET=''
LD_FOR_BUILD='$(LD)'
LD_FOR_TARGET='aarch64-openwrt-linux-musl-ld'
LEX='flex'
LIBOBJS=''
LIBS=''
LIPO='lipo'
LIPO_FOR_TARGET='aarch64-openwrt-linux-musl-lipo'
LN='ln'
LN_S='ln -s'
LTLIBOBJS=''
M4='/home/user/workdir/openwrt-fs/openwrt-23.05.5/staging_dir/host/bin/m4'
MAINT='#'
MAINTAINER_MODE_FALSE=''
MAINTAINER_MODE_TRUE='#'
MAKEINFO='/home/user/workdir/openwrt-fs/openwrt-23.05.5/build_dir/toolchain-aarch64_cortex-a53_gcc-12.3.0_musl/gdb-12.1/missing makeinfo'
NM='nm'
NM_FOR_BUILD='$(NM)'
NM_FOR_TARGET='aarch64-openwrt-linux-musl-nm'
OBJCOPY='objcopy'
OBJCOPY_FOR_TARGET='aarch64-openwrt-linux-musl-objcopy'
OBJDUMP='objdump'
OBJDUMP_FOR_TARGET='aarch64-openwrt-linux-musl-objdump'
OBJEXT='o'
PACKAGE_BUGREPORT=''
PACKAGE_NAME=''
PACKAGE_STRING=''
PACKAGE_TARNAME=''
PACKAGE_URL=''
PACKAGE_VERSION=''
PATH_SEPARATOR=':'
PGO_BUILD_GEN_CFLAGS=''
PGO_BUILD_LTO_CFLAGS=''
PGO_BUILD_USE_CFLAGS=''
RANLIB='ranlib'
RANLIB_FOR_BUILD='$(RANLIB)'
RANLIB_FOR_TARGET='aarch64-openwrt-linux-musl-ranlib'
RANLIB_PLUGIN_OPTION='--plugin /usr/lib/gcc/x86_64-linux-gnu/9/liblto_plugin.so'
RAW_CXX_FOR_TARGET='aarch64-openwrt-linux-musl-c++'
READELF='readelf'
READELF_FOR_TARGET='aarch64-openwrt-linux-musl-readelf'
RPATH_ENVVAR='LD_LIBRARY_PATH'
RUNTEST='runtest'
SED='/home/user/workdir/openwrt-fs/openwrt-23.05.5/staging_dir/host/bin/sed'
SHELL='/usr/bin/env bash'
STRIP='strip'
STRIP_FOR_TARGET='aarch64-openwrt-linux-musl-strip'
SYSROOT_CFLAGS_FOR_TARGET=''
TOPLEVEL_CONFIGURE_ARGUMENTS='./configure --prefix=/home/user/workdir/openwrt-fs/openwrt-23.05.5/staging_dir/toolchain-aarch64_cortex-a53_gcc-12.3.0_musl --build=x86_64-pc-linux-gnu --host=x86_64-pc-linux-gnu --target=aarch64-openwrt-linux-musl --with-gmp=/home/user/workdir/openwrt-fs/openwrt-23.05.5/staging_dir/host --with-mpfr=/home/user/workdir/openwrt-fs/openwrt-23.05.5/staging_dir/host --with-mpc=/home/user/workdir/openwrt-fs/openwrt-23.05.5/staging_dir/host --with-expat=/home/user/workdir/openwrt-fs/openwrt-23.05.5/staging_dir/host --disable-werror --without-uiout --enable-tui --disable-gdbtk --without-x --without-included-gettext --enable-threads --disable-unit-tests --disable-ubsan --disable-binutils --disable-ld --disable-gas --disable-sim --without-python'
WINDMC='windmc'
WINDMC_FOR_BUILD='$(WINDMC)'
WINDMC_FOR_TARGET='aarch64-openwrt-linux-musl-windmc'
WINDRES='windres'
WINDRES_FOR_BUILD='$(WINDRES)'
WINDRES_FOR_TARGET='aarch64-openwrt-linux-musl-windres'
YACC='bison -y'
ac_ct_CC=''
ac_ct_CXX=''
bindir='${exec_prefix}/bin'
build='x86_64-pc-linux-gnu'
build_alias='x86_64-pc-linux-gnu'
build_configargs=' --cache-file=./config.cache '\''--prefix=/home/user/workdir/openwrt-fs/openwrt-23.05.5/staging_dir/toolchain-aarch64_cortex-a53_gcc-12.3.0_musl'\'' '\''--with-gmp=/home/user/workdir/openwrt-fs/openwrt-23.05.5/staging_dir/host'\'' '\''--with-mpfr=/home/user/workdir/openwrt-fs/openwrt-23.05.5/staging_dir/host'\'' '\''--with-mpc=/home/user/workdir/openwrt-fs/openwrt-23.05.5/staging_dir/host'\'' '\''--with-expat=/home/user/workdir/openwrt-fs/openwrt-23.05.5/staging_dir/host'\'' '\''--disable-werror'\'' '\''--without-uiout'\'' '\''--enable-tui'\'' '\''--disable-gdbtk'\'' '\''--without-x'\'' '\''--without-included-gettext'\'' '\''--enable-threads'\'' '\''--disable-unit-tests'\'' '\''--disable-ubsan'\'' '\''--disable-binutils'\'' '\''--disable-ld'\'' '\''--disable-gas'\'' '\''--disable-sim'\'' '\''--without-python'\'' --program-transform-name='\''s&^&aarch64-openwrt-linux-musl-&'\'' --disable-option-checking'
build_configdirs=' libiberty'
build_cpu='x86_64'
build_libsubdir='build-x86_64-pc-linux-gnu'
build_noncanonical='x86_64-pc-linux-gnu'
build_os='linux-gnu'
build_subdir='build-x86_64-pc-linux-gnu'
build_tooldir='${exec_prefix}/aarch64-openwrt-linux-musl'
build_vendor='pc'
compare_exclusions='gcc/cc*-checksum$(objext) | gcc/ada/*tools/*'
configdirs=' intl libiberty opcodes bfd readline zlib libbacktrace libdecnumber libctf gdb etc gnulib gdbsupport'
datadir='${datarootdir}'
datarootdir='${prefix}/share'
do_compare='cmp --ignore-initial=16 $$f1 $$f2'
docdir='${datarootdir}/doc/${PACKAGE}'
dvidir='${docdir}'
exec_prefix='${prefix}'
extra_host_libiberty_configure_flags=''
extra_host_zlib_configure_flags=''
extra_isl_gmp_configure_flags=''
extra_liboffloadmic_configure_flags=''
extra_linker_plugin_configure_flags=''
extra_linker_plugin_flags=''
extra_mpc_gmp_configure_flags=''
extra_mpc_mpfr_configure_flags=''
extra_mpfr_configure_flags=''
get_gcc_base_ver='cat'
gmpinc='-I/home/user/workdir/openwrt-fs/openwrt-23.05.5/staging_dir/host/include -I/home/user/workdir/openwrt-fs/openwrt-23.05.5/staging_dir/host/include -I/home/user/workdir/openwrt-fs/openwrt-23.05.5/staging_dir/host/include '
gmplibs='-L/home/user/workdir/openwrt-fs/openwrt-23.05.5/staging_dir/host/lib -L/home/user/workdir/openwrt-fs/openwrt-23.05.5/staging_dir/host/lib -L/home/user/workdir/openwrt-fs/openwrt-23.05.5/staging_dir/host/lib -lmpc -lmpfr -lgmp'
host='x86_64-pc-linux-gnu'
host_alias='x86_64-pc-linux-gnu'
host_configargs=' --cache-file=./config.cache  '\''--prefix=/home/user/workdir/openwrt-fs/openwrt-23.05.5/staging_dir/toolchain-aarch64_cortex-a53_gcc-12.3.0_musl'\'' '\''--with-gmp=/home/user/workdir/openwrt-fs/openwrt-23.05.5/staging_dir/host'\'' '\''--with-mpfr=/home/user/workdir/openwrt-fs/openwrt-23.05.5/staging_dir/host'\'' '\''--with-mpc=/home/user/workdir/openwrt-fs/openwrt-23.05.5/staging_dir/host'\'' '\''--with-expat=/home/user/workdir/openwrt-fs/openwrt-23.05.5/staging_dir/host'\'' '\''--disable-werror'\'' '\''--without-uiout'\'' '\''--enable-tui'\'' '\''--disable-gdbtk'\'' '\''--without-x'\'' '\''--without-included-gettext'\'' '\''--enable-threads'\'' '\''--disable-unit-tests'\'' '\''--disable-ubsan'\'' '\''--disable-binutils'\'' '\''--disable-ld'\'' '\''--disable-gas'\'' '\''--disable-sim'\'' '\''--without-python'\'' --program-transform-name='\''s&^&aarch64-openwrt-linux-musl-&'\'' --disable-option-checking'
host_cpu='x86_64'
host_noncanonical='x86_64-pc-linux-gnu'
host_os='linux-gnu'
host_shared='no'
host_subdir='.'
host_vendor='pc'
htmldir='${docdir}'
includedir='${prefix}/include'
infodir='${datarootdir}/info'
islinc=''
isllibs=''
libdir='${exec_prefix}/lib'
libexecdir='${exec_prefix}/libexec'
localedir='${datarootdir}/locale'
localstatedir='${prefix}/var'
mandir='${datarootdir}/man'
oldincludedir='/usr/include'
pdfdir='${docdir}'
poststage1_ldflags='-static-libstdc++ -static-libgcc'
poststage1_libs=''
prefix='/home/user/workdir/openwrt-fs/openwrt-23.05.5/staging_dir/toolchain-aarch64_cortex-a53_gcc-12.3.0_musl'
program_transform_name='s&^&aarch64-openwrt-linux-musl-&'
psdir='${docdir}'
sbindir='${exec_prefix}/sbin'
sharedstatedir='${prefix}/com'
stage1_cflags='-g'
stage1_checking='--enable-checking=yes,types'
stage1_languages=',c,'
stage1_ldflags=''
stage1_libs=''
stage2_werror_flag=''
sysconfdir='${prefix}/etc'
target='aarch64-openwrt-linux-musl'
target_alias='aarch64-openwrt-linux-musl'
target_configargs='--cache-file=./config.cache --enable-multilib --with-cross-host=x86_64-pc-linux-gnu   '\''--prefix=/home/user/workdir/openwrt-fs/openwrt-23.05.5/staging_dir/toolchain-aarch64_cortex-a53_gcc-12.3.0_musl'\'' '\''--with-expat=/home/user/workdir/openwrt-fs/openwrt-23.05.5/staging_dir/host'\'' '\''--disable-werror'\'' '\''--without-uiout'\'' '\''--enable-tui'\'' '\''--disable-gdbtk'\'' '\''--without-x'\'' '\''--without-included-gettext'\'' '\''--enable-threads'\'' '\''--disable-unit-tests'\'' '\''--disable-ubsan'\'' '\''--disable-binutils'\'' '\''--disable-ld'\'' '\''--disable-gas'\'' '\''--disable-sim'\'' '\''--without-python'\'' --program-transform-name='\''s&^&aarch64-openwrt-linux-musl-&'\'' --disable-option-checking'
target_configdirs=''
target_cpu='aarch64'
target_noncanonical='aarch64-openwrt-linux-musl'
target_os='linux-musl'
target_subdir='aarch64-openwrt-linux-musl'
target_vendor='openwrt'
tooldir='${exec_prefix}/aarch64-openwrt-linux-musl'

## ------------------- ##
## File substitutions. ##
## ------------------- ##

alphaieee_frag='/dev/null'
host_makefile_frag='/dev/null'
ospace_frag='/dev/null'
serialization_dependencies='serdep.tmp'
target_makefile_frag='./config/mt-gnu'

## ----------- ##
## confdefs.h. ##
## ----------- ##

/* confdefs.h */
#define PACKAGE_NAME ""
#define PACKAGE_TARNAME ""
#define PACKAGE_VERSION ""
#define PACKAGE_STRING ""
#define PACKAGE_BUGREPORT ""
#define PACKAGE_URL ""
#define LT_OBJDIR ".libs/"

configure: exit 0
