This file contains any messages produced by compilers while
running configure, to aid debugging if configure makes a mistake.

It was created by configure, which was
generated by GNU Autoconf 2.69.  Invocation command line was

  $ /home/user/workdir/openwrt-fs/openwrt-23.05.5/build_dir/toolchain-aarch64_cortex-a53_gcc-12.3.0_musl/gcc-12.3.0/c++tools/configure --srcdir=/home/user/workdir/openwrt-fs/openwrt-23.05.5/build_dir/toolchain-aarch64_cortex-a53_gcc-12.3.0_musl/gcc-12.3.0/c++tools --cache-file=./config.cache --with-bugurl=http://bugs.openwrt.org/ --with-pkgversion=OpenWrt GCC 12.3.0 r24106-10cc5fcd00 --prefix=/home/user/workdir/openwrt-fs/openwrt-23.05.5/staging_dir/toolchain-aarch64_cortex-a53_gcc-12.3.0_musl --with-gnu-ld --enable-target-optspace --disable-libgomp --disable-libmudflap --disable-multilib --disable-libmpx --disable-nls --disable-libssp --without-isl --without-cloog --with-host-libstdcxx=-lstdc++ --with-system-zlib=/home/user/workdir/openwrt-fs/openwrt-23.05.5/staging_dir/host --with-zstd=/home/user/workdir/openwrt-fs/openwrt-23.05.5/staging_dir/host --with-gmp=/home/user/workdir/openwrt-fs/openwrt-23.05.5/staging_dir/host --with-mpfr=/home/user/workdir/openwrt-fs/openwrt-23.05.5/staging_dir/host --with-mpc=/home/user/workdir/openwrt-fs/openwrt-23.05.5/staging_dir/host --disable-decimal-float --with-diagnostics-color=auto-if-env --enable-__cxa_atexit --enable-libstdcxx-dual-abi --with-default-libstdcxx-abi=new --with-headers=/home/user/workdir/openwrt-fs/openwrt-23.05.5/staging_dir/toolchain-aarch64_cortex-a53_gcc-12.3.0_musl/include --enable-shared --enable-threads --with-slibdir=/home/user/workdir/openwrt-fs/openwrt-23.05.5/staging_dir/toolchain-aarch64_cortex-a53_gcc-12.3.0_musl/lib --enable-plugins --enable-lto --with-libelf=/home/user/workdir/openwrt-fs/openwrt-23.05.5/staging_dir/host --disable-libsanitizer --enable-languages=c,c++,lto --program-transform-name=s&^&aarch64-openwrt-linux-musl-& --disable-option-checking --build=x86_64-pc-linux-gnu --host=x86_64-pc-linux-gnu --target=aarch64-openwrt-linux-musl

## --------- ##
## Platform. ##
## --------- ##

hostname = e6fd6bfc75d4
uname -m = x86_64
uname -r = 6.10.11-linuxkit
uname -s = Linux
uname -v = #1 SMP PREEMPT_DYNAMIC Thu Oct  3 10:19:48 UTC 2024

/usr/bin/uname -p = x86_64
/bin/uname -X     = unknown

/bin/arch              = x86_64
/usr/bin/arch -k       = unknown
/usr/convex/getsysinfo = unknown
/usr/bin/hostinfo      = unknown
/bin/machine           = unknown
/usr/bin/oslevel       = unknown
/bin/universe          = unknown

PATH: /home/user/workdir/openwrt-fs/openwrt-23.05.5/staging_dir/toolchain-aarch64_cortex-a53_gcc-12.3.0_musl/bin
PATH: /home/user/workdir/openwrt-fs/openwrt-23.05.5/staging_dir/toolchain-aarch64_cortex-a53_gcc-12.3.0_musl/bin
PATH: /home/user/workdir/openwrt-fs/openwrt-23.05.5/staging_dir/host/bin
PATH: /home/user/workdir/openwrt-fs/openwrt-23.05.5/staging_dir/toolchain-aarch64_cortex-a53_gcc-12.3.0_musl/bin
PATH: /home/user/workdir/openwrt-fs/openwrt-23.05.5/staging_dir/host/bin
PATH: /home/user/workdir/openwrt-fs/openwrt-23.05.5/staging_dir/host/bin
PATH: /usr/local/sbin
PATH: /usr/local/bin
PATH: /usr/sbin
PATH: /usr/bin
PATH: /sbin
PATH: /bin


## ----------- ##
## Core tests. ##
## ----------- ##

configure:1988: creating cache ./config.cache
configure:2098: checking build system type
configure:2112: result: x86_64-pc-linux-gnu
configure:2150: checking host system type
configure:2163: result: x86_64-pc-linux-gnu
configure:2183: checking target system type
configure:2196: result: aarch64-openwrt-linux-musl
configure:2237: checking for a BSD-compatible install
configure:2305: result: /home/user/workdir/openwrt-fs/openwrt-23.05.5/staging_dir/host/bin/install -c
configure:2431: checking for C++ compiler version
configure:2440: g++ --version >&5
g++ (Ubuntu 9.4.0-1ubuntu1~20.04.2) 9.4.0
Copyright (C) 2019 Free Software Foundation, Inc.
This is free software; see the source for copying conditions.  There is NO
warranty; not even for MERCHANTABILITY or FITNESS FOR A PARTICULAR PURPOSE.

configure:2451: $? = 0
configure:2440: g++ -v >&5
Using built-in specs.
COLLECT_GCC=g++
COLLECT_LTO_WRAPPER=/usr/lib/gcc/x86_64-linux-gnu/9/lto-wrapper
OFFLOAD_TARGET_NAMES=nvptx-none:hsa
OFFLOAD_TARGET_DEFAULT=1
Target: x86_64-linux-gnu
Configured with: ../src/configure -v --with-pkgversion='Ubuntu 9.4.0-1ubuntu1~20.04.2' --with-bugurl=file:///usr/share/doc/gcc-9/README.Bugs --enable-languages=c,ada,c++,go,brig,d,fortran,objc,obj-c++,gm2 --prefix=/usr --with-gcc-major-version-only --program-suffix=-9 --program-prefix=x86_64-linux-gnu- --enable-shared --enable-linker-build-id --libexecdir=/usr/lib --without-included-gettext --enable-threads=posix --libdir=/usr/lib --enable-nls --enable-clocale=gnu --enable-libstdcxx-debug --enable-libstdcxx-time=yes --with-default-libstdcxx-abi=new --enable-gnu-unique-object --disable-vtable-verify --enable-plugin --enable-default-pie --with-system-zlib --with-target-system-zlib=auto --enable-objc-gc=auto --enable-multiarch --disable-werror --with-arch-32=i686 --with-abi=m64 --with-multilib-list=m32,m64,mx32 --enable-multilib --with-tune=generic --enable-offload-targets=nvptx-none=/build/gcc-9-9QDOt0/gcc-9-9.4.0/debian/tmp-nvptx/usr,hsa --without-cuda-driver --enable-checking=release --build=x86_64-linux-gnu --host=x86_64-linux-gnu --target=x86_64-linux-gnu
Thread model: posix
gcc version 9.4.0 (Ubuntu 9.4.0-1ubuntu1~20.04.2) 
configure:2451: $? = 0
configure:2440: g++ -V >&5
g++: error: unrecognized command line option '-V'
g++: fatal error: no input files
compilation terminated.
configure:2451: $? = 1
configure:2440: g++ -qversion >&5
g++: error: unrecognized command line option '-qversion'; did you mean '--version'?
g++: fatal error: no input files
compilation terminated.
configure:2451: $? = 1
configure:2471: checking whether the C++ compiler works
configure:2493: g++ -O2 -I/home/user/workdir/openwrt-fs/openwrt-23.05.5/staging_dir/host/include  -pipe      -static-libstdc++ -static-libgcc  conftest.cpp  >&5
configure:2497: $? = 0
configure:2545: result: yes
configure:2548: checking for C++ compiler default output file name
configure:2550: result: a.out
configure:2556: checking for suffix of executables
configure:2563: g++ -o conftest -O2 -I/home/user/workdir/openwrt-fs/openwrt-23.05.5/staging_dir/host/include  -pipe      -static-libstdc++ -static-libgcc  conftest.cpp  >&5
configure:2567: $? = 0
configure:2589: result: 
configure:2611: checking whether we are cross compiling
configure:2619: g++ -o conftest -O2 -I/home/user/workdir/openwrt-fs/openwrt-23.05.5/staging_dir/host/include  -pipe      -static-libstdc++ -static-libgcc  conftest.cpp  >&5
configure:2623: $? = 0
configure:2630: ./conftest
configure:2634: $? = 0
configure:2622: result: no
configure:2627: checking for suffix of object files
configure:2649: g++ -c -O2 -I/home/user/workdir/openwrt-fs/openwrt-23.05.5/staging_dir/host/include  -pipe      conftest.cpp >&5
configure:2653: $? = 0
configure:2674: result: o
configure:2678: checking whether we are using the GNU C++ compiler
configure:2697: g++ -c -O2 -I/home/user/workdir/openwrt-fs/openwrt-23.05.5/staging_dir/host/include  -pipe      conftest.cpp >&5
configure:2697: $? = 0
configure:2706: result: yes
configure:2715: checking whether g++ accepts -g
configure:2735: g++ -c -g  conftest.cpp >&5
configure:2735: $? = 0
configure:2776: result: yes
configure:2804: checking for autoconf
configure:2820: found /home/user/workdir/openwrt-fs/openwrt-23.05.5/staging_dir/host/bin/autoconf
configure:2831: result: autoconf
configure:2847: checking for autoheader
configure:2863: found /home/user/workdir/openwrt-fs/openwrt-23.05.5/staging_dir/host/bin/autoheader
configure:2874: result: autoheader
configure:2894: checking whether to build C++ tools
configure:2904: result: yes
configure:2921: checking maintainer-mode
configure:2923: result: no
configure:2971: checking for O_CLOEXEC
configure:2990: g++ -c -O2 -I/home/user/workdir/openwrt-fs/openwrt-23.05.5/staging_dir/host/include  -pipe      conftest.cpp >&5
configure:2990: $? = 0
configure:2997: result: yes
configure:3010: checking how to run the C++ preprocessor
configure:3037: g++ -E  conftest.cpp
configure:3037: $? = 0
configure:3051: g++ -E  conftest.cpp
conftest.cpp:11:10: fatal error: ac_nonexistent.h: No such file or directory
   11 | #include <ac_nonexistent.h>
      |          ^~~~~~~~~~~~~~~~~~
compilation terminated.
configure:3051: $? = 1
configure: failed program was:
| /* confdefs.h */
| #define PACKAGE_NAME ""
| #define PACKAGE_TARNAME ""
| #define PACKAGE_VERSION ""
| #define PACKAGE_STRING ""
| #define PACKAGE_BUGREPORT ""
| #define PACKAGE_URL ""
| #define ENABLE_ASSERT_CHECKING 1
| #define HOST_HAS_O_CLOEXEC 1
| /* end confdefs.h.  */
| #include <ac_nonexistent.h>
configure:3076: result: g++ -E
configure:3096: g++ -E  conftest.cpp
configure:3096: $? = 0
configure:3110: g++ -E  conftest.cpp
conftest.cpp:11:10: fatal error: ac_nonexistent.h: No such file or directory
   11 | #include <ac_nonexistent.h>
      |          ^~~~~~~~~~~~~~~~~~
compilation terminated.
configure:3110: $? = 1
configure: failed program was:
| /* confdefs.h */
| #define PACKAGE_NAME ""
| #define PACKAGE_TARNAME ""
| #define PACKAGE_VERSION ""
| #define PACKAGE_STRING ""
| #define PACKAGE_BUGREPORT ""
| #define PACKAGE_URL ""
| #define ENABLE_ASSERT_CHECKING 1
| #define HOST_HAS_O_CLOEXEC 1
| /* end confdefs.h.  */
| #include <ac_nonexistent.h>
configure:3139: checking for grep that handles long lines and -e
configure:3197: result: /home/user/workdir/openwrt-fs/openwrt-23.05.5/staging_dir/host/bin/grep
configure:3202: checking for egrep
configure:3264: result: /home/user/workdir/openwrt-fs/openwrt-23.05.5/staging_dir/host/bin/grep -E
configure:3269: checking for ANSI C header files
configure:3289: g++ -c -O2 -I/home/user/workdir/openwrt-fs/openwrt-23.05.5/staging_dir/host/include  -pipe      conftest.cpp >&5
configure:3289: $? = 0
configure:3362: g++ -o conftest -O2 -I/home/user/workdir/openwrt-fs/openwrt-23.05.5/staging_dir/host/include  -pipe      -static-libstdc++ -static-libgcc  conftest.cpp  >&5
configure:3362: $? = 0
configure:3362: ./conftest
configure:3362: $? = 0
configure:3373: result: yes
configure:3386: checking for sys/types.h
configure:3386: g++ -c -O2 -I/home/user/workdir/openwrt-fs/openwrt-23.05.5/staging_dir/host/include  -pipe      conftest.cpp >&5
configure:3386: $? = 0
configure:3386: result: yes
configure:3386: checking for sys/stat.h
configure:3386: g++ -c -O2 -I/home/user/workdir/openwrt-fs/openwrt-23.05.5/staging_dir/host/include  -pipe      conftest.cpp >&5
configure:3386: $? = 0
configure:3386: result: yes
configure:3386: checking for stdlib.h
configure:3386: g++ -c -O2 -I/home/user/workdir/openwrt-fs/openwrt-23.05.5/staging_dir/host/include  -pipe      conftest.cpp >&5
configure:3386: $? = 0
configure:3386: result: yes
configure:3386: checking for string.h
configure:3386: g++ -c -O2 -I/home/user/workdir/openwrt-fs/openwrt-23.05.5/staging_dir/host/include  -pipe      conftest.cpp >&5
configure:3386: $? = 0
configure:3386: result: yes
configure:3386: checking for memory.h
configure:3386: g++ -c -O2 -I/home/user/workdir/openwrt-fs/openwrt-23.05.5/staging_dir/host/include  -pipe      conftest.cpp >&5
configure:3386: $? = 0
configure:3386: result: yes
configure:3386: checking for strings.h
configure:3386: g++ -c -O2 -I/home/user/workdir/openwrt-fs/openwrt-23.05.5/staging_dir/host/include  -pipe      conftest.cpp >&5
configure:3386: $? = 0
configure:3386: result: yes
configure:3386: checking for inttypes.h
configure:3386: g++ -c -O2 -I/home/user/workdir/openwrt-fs/openwrt-23.05.5/staging_dir/host/include  -pipe      conftest.cpp >&5
configure:3386: $? = 0
configure:3386: result: yes
configure:3386: checking for stdint.h
configure:3386: g++ -c -O2 -I/home/user/workdir/openwrt-fs/openwrt-23.05.5/staging_dir/host/include  -pipe      conftest.cpp >&5
configure:3386: $? = 0
configure:3386: result: yes
configure:3386: checking for unistd.h
configure:3386: g++ -c -O2 -I/home/user/workdir/openwrt-fs/openwrt-23.05.5/staging_dir/host/include  -pipe      conftest.cpp >&5
configure:3386: $? = 0
configure:3386: result: yes
configure:3400: checking sys/mman.h usability
configure:3400: g++ -c -O2 -I/home/user/workdir/openwrt-fs/openwrt-23.05.5/staging_dir/host/include  -pipe      conftest.cpp >&5
configure:3400: $? = 0
configure:3400: result: yes
configure:3400: checking sys/mman.h presence
configure:3400: g++ -E  conftest.cpp
configure:3400: $? = 0
configure:3400: result: yes
configure:3400: checking for sys/mman.h
configure:3400: result: yes
configure:3418: checking for AF_UNIX
configure:3443: g++ -c -O2 -I/home/user/workdir/openwrt-fs/openwrt-23.05.5/staging_dir/host/include  -pipe      conftest.cpp >&5
configure:3443: $? = 0
configure:3450: result: yes
configure:3460: checking for AF_INET6
configure:3497: g++ -c -O2 -I/home/user/workdir/openwrt-fs/openwrt-23.05.5/staging_dir/host/include  -pipe      conftest.cpp >&5
configure:3497: $? = 0
configure:3504: result: yes
configure:3514: checking for epoll
configure:3538: g++ -c -O2 -I/home/user/workdir/openwrt-fs/openwrt-23.05.5/staging_dir/host/include  -pipe      conftest.cpp >&5
configure:3538: $? = 0
configure:3545: result: yes
configure:3555: checking for pselect
configure:3574: g++ -c -O2 -I/home/user/workdir/openwrt-fs/openwrt-23.05.5/staging_dir/host/include  -pipe      conftest.cpp >&5
configure:3574: $? = 0
configure:3581: result: yes
configure:3592: checking for select
configure:3611: g++ -c -O2 -I/home/user/workdir/openwrt-fs/openwrt-23.05.5/staging_dir/host/include  -pipe      conftest.cpp >&5
configure:3611: $? = 0
configure:3618: result: yes
configure:3628: checking for accept4
configure:3647: g++ -c -O2 -I/home/user/workdir/openwrt-fs/openwrt-23.05.5/staging_dir/host/include  -pipe      conftest.cpp >&5
configure:3647: $? = 0
configure:3654: result: yes
configure:3664: checking for inet_ntop
configure:3686: g++ -c -O2 -I/home/user/workdir/openwrt-fs/openwrt-23.05.5/staging_dir/host/include  -pipe      conftest.cpp >&5
configure:3686: $? = 0
configure:3693: result: yes
configure:3721: checking for library containing gethostbyname
configure:3752: g++ -o conftest -O2 -I/home/user/workdir/openwrt-fs/openwrt-23.05.5/staging_dir/host/include  -pipe      -static-libstdc++ -static-libgcc  conftest.cpp  >&5
configure:3752: $? = 0
configure:3769: result: none required
configure:3777: checking for library containing socket
configure:3808: g++ -o conftest -O2 -I/home/user/workdir/openwrt-fs/openwrt-23.05.5/staging_dir/host/include  -pipe      -static-libstdc++ -static-libgcc  conftest.cpp  >&5
configure:3808: $? = 0
configure:3825: result: none required
configure:3942: updating cache ./config.cache
configure:3991: creating ./config.status

## ---------------------- ##
## Running config.status. ##
## ---------------------- ##

This file was extended by config.status, which was
generated by GNU Autoconf 2.69.  Invocation command line was

  CONFIG_FILES    = 
  CONFIG_HEADERS  = 
  CONFIG_LINKS    = 
  CONFIG_COMMANDS = 
  $ ./config.status 

on e6fd6bfc75d4

config.status:827: creating Makefile
config.status:827: creating config.h

## ---------------- ##
## Cache variables. ##
## ---------------- ##

ac_cv_accept4=yes
ac_cv_af_inet6=yes
ac_cv_af_unix=yes
ac_cv_build=x86_64-pc-linux-gnu
ac_cv_cxx_compiler_gnu=yes
ac_cv_env_CCC_set=
ac_cv_env_CCC_value=
ac_cv_env_CPPFLAGS_set=
ac_cv_env_CPPFLAGS_value=
ac_cv_env_CXXCPP_set=
ac_cv_env_CXXCPP_value=
ac_cv_env_CXXFLAGS_set=set
ac_cv_env_CXXFLAGS_value='-O2 -I/home/user/workdir/openwrt-fs/openwrt-23.05.5/staging_dir/host/include  -pipe    '
ac_cv_env_CXX_set=set
ac_cv_env_CXX_value=g++
ac_cv_env_LDFLAGS_set=set
ac_cv_env_LDFLAGS_value='-static-libstdc++ -static-libgcc '
ac_cv_env_LIBS_set=
ac_cv_env_LIBS_value=
ac_cv_env_build_alias_set=set
ac_cv_env_build_alias_value=x86_64-pc-linux-gnu
ac_cv_env_host_alias_set=set
ac_cv_env_host_alias_value=x86_64-pc-linux-gnu
ac_cv_env_target_alias_set=set
ac_cv_env_target_alias_value=aarch64-openwrt-linux-musl
ac_cv_epoll=yes
ac_cv_header_inttypes_h=yes
ac_cv_header_memory_h=yes
ac_cv_header_stdc=yes
ac_cv_header_stdint_h=yes
ac_cv_header_stdlib_h=yes
ac_cv_header_string_h=yes
ac_cv_header_strings_h=yes
ac_cv_header_sys_mman_h=yes
ac_cv_header_sys_stat_h=yes
ac_cv_header_sys_types_h=yes
ac_cv_header_unistd_h=yes
ac_cv_host=x86_64-pc-linux-gnu
ac_cv_inet_ntop=yes
ac_cv_o_cloexec=yes
ac_cv_objext=o
ac_cv_path_EGREP='/home/user/workdir/openwrt-fs/openwrt-23.05.5/staging_dir/host/bin/grep -E'
ac_cv_path_GREP=/home/user/workdir/openwrt-fs/openwrt-23.05.5/staging_dir/host/bin/grep
ac_cv_prog_AUTOCONF=autoconf
ac_cv_prog_AUTOHEADER=autoheader
ac_cv_prog_CXXCPP='g++ -E'
ac_cv_prog_cxx_g=yes
ac_cv_pselect=yes
ac_cv_search_ZSTD_compress='/home/user/workdir/openwrt-fs/openwrt-23.05.5/staging_dir/host/lib/libzstd.a -pthread'
ac_cv_search_gethostbyname='none required'
ac_cv_search_socket='none required'
ac_cv_select=yes
ac_cv_target=aarch64-openwrt-linux-musl
gcc_cv_libc_provides_ssp=yes
libgcc_cv_fixed_point=no

## ----------------- ##
## Output variables. ##
## ----------------- ##

AUTOCONF='autoconf'
AUTOHEADER='autoheader'
CPPFLAGS=''
CXX='g++'
CXXCPP='g++ -E'
CXXFLAGS='-O2 -I/home/user/workdir/openwrt-fs/openwrt-23.05.5/staging_dir/host/include  -pipe    '
CXX_AUX_TOOLS='yes'
DEFS='-DHAVE_CONFIG_H'
ECHO_C=''
ECHO_N='-n'
ECHO_T=''
EGREP='/home/user/workdir/openwrt-fs/openwrt-23.05.5/staging_dir/host/bin/grep -E'
EXEEXT=''
GREP='/home/user/workdir/openwrt-fs/openwrt-23.05.5/staging_dir/host/bin/grep'
INSTALL_DATA='/home/user/workdir/openwrt-fs/openwrt-23.05.5/staging_dir/host/bin/install -c -m 644'
INSTALL_PROGRAM='/home/user/workdir/openwrt-fs/openwrt-23.05.5/staging_dir/host/bin/install -c'
INSTALL_SCRIPT='/home/user/workdir/openwrt-fs/openwrt-23.05.5/staging_dir/host/bin/install -c'
LDFLAGS='-static-libstdc++ -static-libgcc '
LIBOBJS=''
LIBS=''
LTLIBOBJS=''
MAINTAINER=''
NETLIBS=''
OBJEXT='o'
PACKAGE_BUGREPORT=''
PACKAGE_NAME=''
PACKAGE_STRING=''
PACKAGE_TARNAME=''
PACKAGE_URL=''
PACKAGE_VERSION=''
PATH_SEPARATOR=':'
PIEFLAG=''
SHELL='/bin/bash'
ac_ct_CXX=''
bindir='${exec_prefix}/bin'
build='x86_64-pc-linux-gnu'
build_alias='x86_64-pc-linux-gnu'
build_cpu='x86_64'
build_os='linux-gnu'
build_vendor='pc'
datadir='${datarootdir}'
datarootdir='${prefix}/share'
docdir='${datarootdir}/doc/${PACKAGE}'
dvidir='${docdir}'
exec_prefix='${prefix}'
get_gcc_base_ver='cat'
host='x86_64-pc-linux-gnu'
host_alias='x86_64-pc-linux-gnu'
host_cpu='x86_64'
host_os='linux-gnu'
host_vendor='pc'
htmldir='${docdir}'
includedir='${prefix}/include'
infodir='${datarootdir}/info'
libdir='${exec_prefix}/lib'
libexecdir='${exec_prefix}/libexec'
localedir='${datarootdir}/locale'
localstatedir='${prefix}/var'
mandir='${datarootdir}/man'
oldincludedir='/usr/include'
pdfdir='${docdir}'
prefix='/home/user/workdir/openwrt-fs/openwrt-23.05.5/staging_dir/toolchain-aarch64_cortex-a53_gcc-12.3.0_musl'
program_transform_name='s&^&aarch64-openwrt-linux-musl-&'
psdir='${docdir}'
sbindir='${exec_prefix}/sbin'
sharedstatedir='${prefix}/com'
sysconfdir='${prefix}/etc'
target='aarch64-openwrt-linux-musl'
target_alias='aarch64-openwrt-linux-musl'
target_cpu='aarch64'
target_noncanonical='aarch64-openwrt-linux-musl'
target_os='linux-musl'
target_vendor='openwrt'

## ----------- ##
## confdefs.h. ##
## ----------- ##

/* confdefs.h */
#define PACKAGE_NAME ""
#define PACKAGE_TARNAME ""
#define PACKAGE_VERSION ""
#define PACKAGE_STRING ""
#define PACKAGE_BUGREPORT ""
#define PACKAGE_URL ""
#define ENABLE_ASSERT_CHECKING 1
#define HOST_HAS_O_CLOEXEC 1
#define STDC_HEADERS 1
#define HAVE_SYS_TYPES_H 1
#define HAVE_SYS_STAT_H 1
#define HAVE_STDLIB_H 1
#define HAVE_STRING_H 1
#define HAVE_MEMORY_H 1
#define HAVE_STRINGS_H 1
#define HAVE_INTTYPES_H 1
#define HAVE_STDINT_H 1
#define HAVE_UNISTD_H 1
#define HAVE_SYS_MMAN_H 1
#define HAVE_AF_UNIX 1
#define HAVE_AF_INET6 1
#define HAVE_EPOLL 1
#define HAVE_PSELECT 1
#define HAVE_SELECT 1
#define HAVE_ACCEPT4 1
#define HAVE_INET_NTOP 1

configure: exit 0
