This file contains any messages produced by compilers while
running configure, to aid debugging if configure makes a mistake.

It was created by configure, which was
generated by GNU Autoconf 2.69.  Invocation command line was

  $ /home/user/workdir/openwrt-fs/openwrt-23.05.5/build_dir/toolchain-aarch64_cortex-a53_gcc-12.3.0_musl/gcc-12.3.0/configure --with-bugurl=http://bugs.openwrt.org/ --with-pkgversion=OpenWrt GCC 12.3.0 r24106-10cc5fcd00 --prefix=/home/user/workdir/openwrt-fs/openwrt-23.05.5/staging_dir/toolchain-aarch64_cortex-a53_gcc-12.3.0_musl --build=x86_64-pc-linux-gnu --host=x86_64-pc-linux-gnu --target=aarch64-openwrt-linux-musl --with-gnu-ld --enable-target-optspace --disable-libgomp --disable-libmudflap --disable-multilib --disable-libmpx --disable-nls --disable-libssp --without-isl --without-cloog --with-host-libstdcxx=-lstdc++ --with-system-zlib=/home/user/workdir/openwrt-fs/openwrt-23.05.5/staging_dir/host --with-zstd=/home/user/workdir/openwrt-fs/openwrt-23.05.5/staging_dir/host --with-gmp=/home/user/workdir/openwrt-fs/openwrt-23.05.5/staging_dir/host --with-mpfr=/home/user/workdir/openwrt-fs/openwrt-23.05.5/staging_dir/host --with-mpc=/home/user/workdir/openwrt-fs/openwrt-23.05.5/staging_dir/host --disable-decimal-float --with-diagnostics-color=auto-if-env --enable-__cxa_atexit --enable-libstdcxx-dual-abi --with-default-libstdcxx-abi=new CFLAGS=-O2 -I/home/user/workdir/openwrt-fs/openwrt-23.05.5/staging_dir/host/include  -pipe CXXFLAGS=-O2 -I/home/user/workdir/openwrt-fs/openwrt-23.05.5/staging_dir/host/include  -pipe CFLAGS_FOR_TARGET=-Os -pipe -mcpu=cortex-a53 -fno-caller-saves -fno-plt -fhonour-copts -Wformat -Werror=format-security -fstack-protector -D_FORTIFY_SOURCE=1 -Wl,-z,now -Wl,-z,relro CXXFLAGS_FOR_TARGET=-Os -pipe -mcpu=cortex-a53 -fno-caller-saves -fno-plt -fhonour-copts -Wformat -Werror=format-security -fstack-protector -D_FORTIFY_SOURCE=1 -Wl,-z,now -Wl,-z,relro GOCFLAGS_FOR_TARGET=-Os -pipe -mcpu=cortex-a53 -fno-caller-saves -fno-plt -fhonour-copts -Wformat -Werror=format-security -fstack-protector -D_FORTIFY_SOURCE=1 -Wl,-z,now -Wl,-z,relro --with-newlib --with-sysroot=/home/user/workdir/openwrt-fs/openwrt-23.05.5/staging_dir/toolchain-aarch64_cortex-a53_gcc-12.3.0_musl --enable-languages=c --disable-shared --disable-threads

## --------- ##
## Platform. ##
## --------- ##

hostname = e6fd6bfc75d4
uname -m = x86_64
uname -r = 6.10.11-linuxkit
uname -s = Linux
uname -v = #1 SMP PREEMPT_DYNAMIC Thu Oct  3 10:19:48 UTC 2024

/usr/bin/uname -p = x86_64
/bin/uname -X     = unknown

/bin/arch              = x86_64
/usr/bin/arch -k       = unknown
/usr/convex/getsysinfo = unknown
/usr/bin/hostinfo      = unknown
/bin/machine           = unknown
/usr/bin/oslevel       = unknown
/bin/universe          = unknown

PATH: /home/user/workdir/openwrt-fs/openwrt-23.05.5/staging_dir/toolchain-aarch64_cortex-a53_gcc-12.3.0_musl/bin
PATH: /home/user/workdir/openwrt-fs/openwrt-23.05.5/staging_dir/toolchain-aarch64_cortex-a53_gcc-12.3.0_musl/bin
PATH: /home/user/workdir/openwrt-fs/openwrt-23.05.5/staging_dir/host/bin
PATH: /home/user/workdir/openwrt-fs/openwrt-23.05.5/staging_dir/toolchain-aarch64_cortex-a53_gcc-12.3.0_musl/bin
PATH: /home/user/workdir/openwrt-fs/openwrt-23.05.5/staging_dir/host/bin
PATH: /home/user/workdir/openwrt-fs/openwrt-23.05.5/staging_dir/host/bin
PATH: /usr/local/sbin
PATH: /usr/local/bin
PATH: /usr/sbin
PATH: /usr/bin
PATH: /sbin
PATH: /bin


## ----------- ##
## Core tests. ##
## ----------- ##

configure:2374: checking build system type
configure:2388: result: x86_64-pc-linux-gnu
configure:2435: checking host system type
configure:2448: result: x86_64-pc-linux-gnu
configure:2468: checking target system type
configure:2481: result: aarch64-openwrt-linux-musl
configure:2535: checking for a BSD-compatible install
configure:2603: result: /home/user/workdir/openwrt-fs/openwrt-23.05.5/staging_dir/host/bin/install -c
configure:2614: checking whether ln works
configure:2636: result: yes
configure:2640: checking whether ln -s works
configure:2644: result: yes
configure:2651: checking for a sed that does not truncate output
configure:2715: result: /home/user/workdir/openwrt-fs/openwrt-23.05.5/staging_dir/host/bin/sed
configure:2724: checking for gawk
configure:2740: found /usr/bin/gawk
configure:2751: result: gawk
configure:3252: checking for libatomic support
configure:3262: result: yes
configure:3290: checking for libitm support
configure:3300: result: yes
configure:3309: checking for libsanitizer support
configure:3319: result: yes
configure:3328: checking for libvtv support
configure:3338: result: yes
configure:3458: checking for libphobos support
configure:3468: result: yes
configure:4140: checking for x86_64-pc-linux-gnu-gcc
configure:4170: result: no
configure:4180: checking for gcc
configure:4196: found /home/user/workdir/openwrt-fs/openwrt-23.05.5/staging_dir/host/bin/gcc
configure:4207: result: gcc
configure:4436: checking for C compiler version
configure:4445: gcc --version >&5
gcc (Ubuntu 9.4.0-1ubuntu1~20.04.2) 9.4.0
Copyright (C) 2019 Free Software Foundation, Inc.
This is free software; see the source for copying conditions.  There is NO
warranty; not even for MERCHANTABILITY or FITNESS FOR A PARTICULAR PURPOSE.

configure:4456: $? = 0
configure:4445: gcc -v >&5
Using built-in specs.
COLLECT_GCC=gcc
COLLECT_LTO_WRAPPER=/usr/lib/gcc/x86_64-linux-gnu/9/lto-wrapper
OFFLOAD_TARGET_NAMES=nvptx-none:hsa
OFFLOAD_TARGET_DEFAULT=1
Target: x86_64-linux-gnu
Configured with: ../src/configure -v --with-pkgversion='Ubuntu 9.4.0-1ubuntu1~20.04.2' --with-bugurl=file:///usr/share/doc/gcc-9/README.Bugs --enable-languages=c,ada,c++,go,brig,d,fortran,objc,obj-c++,gm2 --prefix=/usr --with-gcc-major-version-only --program-suffix=-9 --program-prefix=x86_64-linux-gnu- --enable-shared --enable-linker-build-id --libexecdir=/usr/lib --without-included-gettext --enable-threads=posix --libdir=/usr/lib --enable-nls --enable-clocale=gnu --enable-libstdcxx-debug --enable-libstdcxx-time=yes --with-default-libstdcxx-abi=new --enable-gnu-unique-object --disable-vtable-verify --enable-plugin --enable-default-pie --with-system-zlib --with-target-system-zlib=auto --enable-objc-gc=auto --enable-multiarch --disable-werror --with-arch-32=i686 --with-abi=m64 --with-multilib-list=m32,m64,mx32 --enable-multilib --with-tune=generic --enable-offload-targets=nvptx-none=/build/gcc-9-9QDOt0/gcc-9-9.4.0/debian/tmp-nvptx/usr,hsa --without-cuda-driver --enable-checking=release --build=x86_64-linux-gnu --host=x86_64-linux-gnu --target=x86_64-linux-gnu
Thread model: posix
gcc version 9.4.0 (Ubuntu 9.4.0-1ubuntu1~20.04.2) 
configure:4456: $? = 0
configure:4445: gcc -V >&5
gcc: error: unrecognized command line option '-V'
gcc: fatal error: no input files
compilation terminated.
configure:4456: $? = 1
configure:4445: gcc -qversion >&5
gcc: error: unrecognized command line option '-qversion'; did you mean '--version'?
gcc: fatal error: no input files
compilation terminated.
configure:4456: $? = 1
configure:4476: checking whether the C compiler works
configure:4498: gcc -O2 -I/home/user/workdir/openwrt-fs/openwrt-23.05.5/staging_dir/host/include  -pipe   conftest.c  >&5
configure:4502: $? = 0
configure:4550: result: yes
configure:4553: checking for C compiler default output file name
configure:4555: result: a.out
configure:4561: checking for suffix of executables
configure:4568: gcc -o conftest -O2 -I/home/user/workdir/openwrt-fs/openwrt-23.05.5/staging_dir/host/include  -pipe   conftest.c  >&5
configure:4572: $? = 0
configure:4594: result: 
configure:4616: checking whether we are cross compiling
configure:4624: gcc -o conftest -O2 -I/home/user/workdir/openwrt-fs/openwrt-23.05.5/staging_dir/host/include  -pipe   conftest.c  >&5
configure:4628: $? = 0
configure:4635: ./conftest
configure:4639: $? = 0
configure:4627: result: no
configure:4632: checking for suffix of object files
configure:4654: gcc -c -O2 -I/home/user/workdir/openwrt-fs/openwrt-23.05.5/staging_dir/host/include  -pipe  conftest.c >&5
configure:4658: $? = 0
configure:4679: result: o
configure:4683: checking whether we are using the GNU C compiler
configure:4702: gcc -c -O2 -I/home/user/workdir/openwrt-fs/openwrt-23.05.5/staging_dir/host/include  -pipe  conftest.c >&5
configure:4702: $? = 0
configure:4711: result: yes
configure:4720: checking whether gcc accepts -g
configure:4740: gcc -c -g  conftest.c >&5
configure:4740: $? = 0
configure:4781: result: yes
configure:4798: checking for gcc option to accept ISO C89
configure:4861: gcc  -c -O2 -I/home/user/workdir/openwrt-fs/openwrt-23.05.5/staging_dir/host/include  -pipe  conftest.c >&5
configure:4861: $? = 0
configure:4874: result: none needed
configure:4894: checking for gcc option to accept ISO C99
configure:5043: gcc  -c -O2 -I/home/user/workdir/openwrt-fs/openwrt-23.05.5/staging_dir/host/include  -pipe  conftest.c >&5
configure:5043: $? = 0
configure:5056: result: none needed
configure:5085: checking for x86_64-pc-linux-gnu-g++
configure:5115: result: no
configure:5085: checking for x86_64-pc-linux-gnu-c++
configure:5115: result: no
configure:5085: checking for x86_64-pc-linux-gnu-gpp
configure:5115: result: no
configure:5085: checking for x86_64-pc-linux-gnu-aCC
configure:5115: result: no
configure:5085: checking for x86_64-pc-linux-gnu-CC
configure:5115: result: no
configure:5085: checking for x86_64-pc-linux-gnu-cxx
configure:5115: result: no
configure:5085: checking for x86_64-pc-linux-gnu-cc++
configure:5115: result: no
configure:5085: checking for x86_64-pc-linux-gnu-cl.exe
configure:5115: result: no
configure:5085: checking for x86_64-pc-linux-gnu-FCC
configure:5115: result: no
configure:5085: checking for x86_64-pc-linux-gnu-KCC
configure:5115: result: no
configure:5085: checking for x86_64-pc-linux-gnu-RCC
configure:5115: result: no
configure:5085: checking for x86_64-pc-linux-gnu-xlC_r
configure:5115: result: no
configure:5085: checking for x86_64-pc-linux-gnu-xlC
configure:5115: result: no
configure:5129: checking for g++
configure:5145: found /home/user/workdir/openwrt-fs/openwrt-23.05.5/staging_dir/host/bin/g++
configure:5156: result: g++
configure:5183: checking for C++ compiler version
configure:5192: g++ --version >&5
g++ (Ubuntu 9.4.0-1ubuntu1~20.04.2) 9.4.0
Copyright (C) 2019 Free Software Foundation, Inc.
This is free software; see the source for copying conditions.  There is NO
warranty; not even for MERCHANTABILITY or FITNESS FOR A PARTICULAR PURPOSE.

configure:5203: $? = 0
configure:5192: g++ -v >&5
Using built-in specs.
COLLECT_GCC=g++
COLLECT_LTO_WRAPPER=/usr/lib/gcc/x86_64-linux-gnu/9/lto-wrapper
OFFLOAD_TARGET_NAMES=nvptx-none:hsa
OFFLOAD_TARGET_DEFAULT=1
Target: x86_64-linux-gnu
Configured with: ../src/configure -v --with-pkgversion='Ubuntu 9.4.0-1ubuntu1~20.04.2' --with-bugurl=file:///usr/share/doc/gcc-9/README.Bugs --enable-languages=c,ada,c++,go,brig,d,fortran,objc,obj-c++,gm2 --prefix=/usr --with-gcc-major-version-only --program-suffix=-9 --program-prefix=x86_64-linux-gnu- --enable-shared --enable-linker-build-id --libexecdir=/usr/lib --without-included-gettext --enable-threads=posix --libdir=/usr/lib --enable-nls --enable-clocale=gnu --enable-libstdcxx-debug --enable-libstdcxx-time=yes --with-default-libstdcxx-abi=new --enable-gnu-unique-object --disable-vtable-verify --enable-plugin --enable-default-pie --with-system-zlib --with-target-system-zlib=auto --enable-objc-gc=auto --enable-multiarch --disable-werror --with-arch-32=i686 --with-abi=m64 --with-multilib-list=m32,m64,mx32 --enable-multilib --with-tune=generic --enable-offload-targets=nvptx-none=/build/gcc-9-9QDOt0/gcc-9-9.4.0/debian/tmp-nvptx/usr,hsa --without-cuda-driver --enable-checking=release --build=x86_64-linux-gnu --host=x86_64-linux-gnu --target=x86_64-linux-gnu
Thread model: posix
gcc version 9.4.0 (Ubuntu 9.4.0-1ubuntu1~20.04.2) 
configure:5203: $? = 0
configure:5192: g++ -V >&5
g++: error: unrecognized command line option '-V'
g++: fatal error: no input files
compilation terminated.
configure:5203: $? = 1
configure:5192: g++ -qversion >&5
g++: error: unrecognized command line option '-qversion'; did you mean '--version'?
g++: fatal error: no input files
compilation terminated.
configure:5203: $? = 1
configure:5207: checking whether we are using the GNU C++ compiler
configure:5226: g++ -c -O2 -I/home/user/workdir/openwrt-fs/openwrt-23.05.5/staging_dir/host/include  -pipe  conftest.cpp >&5
configure:5226: $? = 0
configure:5235: result: yes
configure:5244: checking whether g++ accepts -g
configure:5264: g++ -c -g  conftest.cpp >&5
configure:5264: $? = 0
configure:5305: result: yes
configure:5354: checking whether g++ accepts -static-libstdc++ -static-libgcc
configure:5371: g++ -o conftest -O2 -I/home/user/workdir/openwrt-fs/openwrt-23.05.5/staging_dir/host/include  -pipe   -static-libstdc++ -static-libgcc conftest.cpp  >&5
configure:5371: $? = 0
configure:5372: result: yes
configure:5396: checking for x86_64-pc-linux-gnu-gnatbind
configure:5426: result: no
configure:5436: checking for gnatbind
configure:5466: result: no
configure:5488: checking for x86_64-pc-linux-gnu-gnatmake
configure:5518: result: no
configure:5528: checking for gnatmake
configure:5558: result: no
configure:5577: checking whether compiler driver understands Ada
configure:5600: result: no
configure:5614: checking for x86_64-pc-linux-gnu-gdc
configure:5644: result: no
configure:5654: checking for gdc
configure:5684: result: no
configure:5703: checking whether the D compiler works
configure:5720: result: no
configure:5728: checking how to compare bootstrapped objects
configure:5753: result: cmp --ignore-initial=16 $$f1 $$f2
configure:5820: checking whether g++ supports C++11 features by default
configure:6116: g++ -c -O2 -I/home/user/workdir/openwrt-fs/openwrt-23.05.5/staging_dir/host/include  -pipe  conftest.cpp >&5
configure:6116: $? = 0
configure:6123: result: yes
configure:7897: checking for objdir
configure:7912: result: .libs
configure:8067: checking for the correct version of gmp.h
configure:8086: gcc -c -O2 -I/home/user/workdir/openwrt-fs/openwrt-23.05.5/staging_dir/host/include  -pipe -I/home/user/workdir/openwrt-fs/openwrt-23.05.5/staging_dir/host/include -I/home/user/workdir/openwrt-fs/openwrt-23.05.5/staging_dir/host/include -I/home/user/workdir/openwrt-fs/openwrt-23.05.5/staging_dir/host/include   conftest.c >&5
configure:8086: $? = 0
configure:8104: gcc -c -O2 -I/home/user/workdir/openwrt-fs/openwrt-23.05.5/staging_dir/host/include  -pipe -I/home/user/workdir/openwrt-fs/openwrt-23.05.5/staging_dir/host/include -I/home/user/workdir/openwrt-fs/openwrt-23.05.5/staging_dir/host/include -I/home/user/workdir/openwrt-fs/openwrt-23.05.5/staging_dir/host/include   conftest.c >&5
configure:8104: $? = 0
configure:8105: result: yes
configure:8121: checking for the correct version of mpfr.h
configure:8139: gcc -c -O2 -I/home/user/workdir/openwrt-fs/openwrt-23.05.5/staging_dir/host/include  -pipe -I/home/user/workdir/openwrt-fs/openwrt-23.05.5/staging_dir/host/include -I/home/user/workdir/openwrt-fs/openwrt-23.05.5/staging_dir/host/include -I/home/user/workdir/openwrt-fs/openwrt-23.05.5/staging_dir/host/include   conftest.c >&5
configure:8139: $? = 0
configure:8156: gcc -c -O2 -I/home/user/workdir/openwrt-fs/openwrt-23.05.5/staging_dir/host/include  -pipe -I/home/user/workdir/openwrt-fs/openwrt-23.05.5/staging_dir/host/include -I/home/user/workdir/openwrt-fs/openwrt-23.05.5/staging_dir/host/include -I/home/user/workdir/openwrt-fs/openwrt-23.05.5/staging_dir/host/include   conftest.c >&5
configure:8156: $? = 0
configure:8157: result: yes
configure:8174: checking for the correct version of mpc.h
configure:8191: gcc -c -O2 -I/home/user/workdir/openwrt-fs/openwrt-23.05.5/staging_dir/host/include  -pipe -I/home/user/workdir/openwrt-fs/openwrt-23.05.5/staging_dir/host/include -I/home/user/workdir/openwrt-fs/openwrt-23.05.5/staging_dir/host/include -I/home/user/workdir/openwrt-fs/openwrt-23.05.5/staging_dir/host/include   conftest.c >&5
configure:8191: $? = 0
configure:8207: gcc -c -O2 -I/home/user/workdir/openwrt-fs/openwrt-23.05.5/staging_dir/host/include  -pipe -I/home/user/workdir/openwrt-fs/openwrt-23.05.5/staging_dir/host/include -I/home/user/workdir/openwrt-fs/openwrt-23.05.5/staging_dir/host/include -I/home/user/workdir/openwrt-fs/openwrt-23.05.5/staging_dir/host/include   conftest.c >&5
configure:8207: $? = 0
configure:8208: result: yes
configure:8226: checking for the correct version of the gmp/mpfr/mpc libraries
configure:8257: gcc -o conftest -O2 -I/home/user/workdir/openwrt-fs/openwrt-23.05.5/staging_dir/host/include  -pipe -I/home/user/workdir/openwrt-fs/openwrt-23.05.5/staging_dir/host/include -I/home/user/workdir/openwrt-fs/openwrt-23.05.5/staging_dir/host/include -I/home/user/workdir/openwrt-fs/openwrt-23.05.5/staging_dir/host/include    conftest.c  -L/home/user/workdir/openwrt-fs/openwrt-23.05.5/staging_dir/host/lib -L/home/user/workdir/openwrt-fs/openwrt-23.05.5/staging_dir/host/lib -L/home/user/workdir/openwrt-fs/openwrt-23.05.5/staging_dir/host/lib -lmpc -lmpfr -lgmp >&5
configure:8257: $? = 0
configure:8258: result: yes
configure:9624: checking for default BUILD_CONFIG
configure:9656: result: 
configure:9661: checking for --enable-vtable-verify
configure:9674: result: no
configure:10310: checking for bison
configure:10326: found /home/user/workdir/openwrt-fs/openwrt-23.05.5/staging_dir/host/bin/bison
configure:10337: result: bison -y
configure:10357: checking for bison
configure:10373: found /home/user/workdir/openwrt-fs/openwrt-23.05.5/staging_dir/host/bin/bison
configure:10384: result: bison
configure:10404: checking for gm4
configure:10431: result: /home/user/workdir/openwrt-fs/openwrt-23.05.5/staging_dir/host/bin/m4
configure:10451: checking for flex
configure:10467: found /home/user/workdir/openwrt-fs/openwrt-23.05.5/staging_dir/host/bin/flex
configure:10478: result: flex
configure:10499: checking for flex
configure:10515: found /home/user/workdir/openwrt-fs/openwrt-23.05.5/staging_dir/host/bin/flex
configure:10526: result: flex
configure:10546: checking for makeinfo
configure:10562: found /home/user/workdir/openwrt-fs/openwrt-23.05.5/staging_dir/host/bin/makeinfo
configure:10573: result: makeinfo
configure:10607: checking for expect
configure:10637: result: no
configure:10656: checking for runtest
configure:10686: result: no
configure:10762: checking for x86_64-pc-linux-gnu-ar
configure:10792: result: no
configure:10801: checking for ar
configure:10817: found /usr/bin/ar
configure:10828: result: ar
configure:10903: checking for x86_64-pc-linux-gnu-as
configure:10933: result: no
configure:10942: checking for as
configure:10958: found /usr/bin/as
configure:10969: result: as
configure:11044: checking for x86_64-pc-linux-gnu-dlltool
configure:11074: result: no
configure:11083: checking for dlltool
configure:11113: result: no
configure:11185: checking for x86_64-pc-linux-gnu-dsymutil
configure:11215: result: no
configure:11224: checking for dsymutil
configure:11254: result: no
configure:11326: checking for x86_64-pc-linux-gnu-ld
configure:11356: result: no
configure:11365: checking for ld
configure:11381: found /usr/bin/ld
configure:11392: result: ld
configure:11467: checking for x86_64-pc-linux-gnu-lipo
configure:11497: result: no
configure:11506: checking for lipo
configure:11536: result: no
configure:11608: checking for x86_64-pc-linux-gnu-nm
configure:11638: result: no
configure:11647: checking for nm
configure:11663: found /usr/bin/nm
configure:11674: result: nm
configure:11749: checking for x86_64-pc-linux-gnu-ranlib
configure:11779: result: no
configure:11788: checking for ranlib
configure:11804: found /usr/bin/ranlib
configure:11815: result: ranlib
configure:11885: checking for x86_64-pc-linux-gnu-strip
configure:11915: result: no
configure:11924: checking for strip
configure:11940: found /usr/bin/strip
configure:11951: result: strip
configure:12021: checking for x86_64-pc-linux-gnu-windres
configure:12051: result: no
configure:12060: checking for windres
configure:12090: result: no
configure:12162: checking for x86_64-pc-linux-gnu-windmc
configure:12192: result: no
configure:12201: checking for windmc
configure:12231: result: no
configure:12303: checking for x86_64-pc-linux-gnu-objcopy
configure:12333: result: no
configure:12342: checking for objcopy
configure:12358: found /usr/bin/objcopy
configure:12369: result: objcopy
configure:12444: checking for x86_64-pc-linux-gnu-objdump
configure:12474: result: no
configure:12483: checking for objdump
configure:12499: found /usr/bin/objdump
configure:12510: result: objdump
configure:12585: checking for x86_64-pc-linux-gnu-otool
configure:12615: result: no
configure:12624: checking for otool
configure:12654: result: no
configure:12726: checking for x86_64-pc-linux-gnu-readelf
configure:12756: result: no
configure:12765: checking for readelf
configure:12781: found /home/user/workdir/openwrt-fs/openwrt-23.05.5/staging_dir/toolchain-aarch64_cortex-a53_gcc-12.3.0_musl/bin/readelf
configure:12792: result: readelf
configure:12908: checking for aarch64-openwrt-linux-musl-cc
configure:12938: result: no
configure:12908: checking for aarch64-openwrt-linux-musl-gcc
configure:12938: result: no
configure:13069: checking for aarch64-openwrt-linux-musl-c++
configure:13099: result: no
configure:13069: checking for aarch64-openwrt-linux-musl-g++
configure:13099: result: no
configure:13069: checking for aarch64-openwrt-linux-musl-cxx
configure:13099: result: no
configure:13069: checking for aarch64-openwrt-linux-musl-gxx
configure:13099: result: no
configure:13230: checking for aarch64-openwrt-linux-musl-gcc
configure:13260: result: no
configure:13386: checking for aarch64-openwrt-linux-musl-gfortran
configure:13416: result: no
configure:13547: checking for aarch64-openwrt-linux-musl-gccgo
configure:13577: result: no
configure:13708: checking for aarch64-openwrt-linux-musl-gdc
configure:13738: result: no
configure:13838: checking for ar
configure:13856: found /home/user/workdir/openwrt-fs/openwrt-23.05.5/staging_dir/toolchain-aarch64_cortex-a53_gcc-12.3.0_musl/aarch64-openwrt-linux-musl/bin/ar
configure:13868: result: /home/user/workdir/openwrt-fs/openwrt-23.05.5/staging_dir/toolchain-aarch64_cortex-a53_gcc-12.3.0_musl/aarch64-openwrt-linux-musl/bin/ar
configure:14068: checking for as
configure:14086: found /home/user/workdir/openwrt-fs/openwrt-23.05.5/staging_dir/toolchain-aarch64_cortex-a53_gcc-12.3.0_musl/aarch64-openwrt-linux-musl/bin/as
configure:14098: result: /home/user/workdir/openwrt-fs/openwrt-23.05.5/staging_dir/toolchain-aarch64_cortex-a53_gcc-12.3.0_musl/aarch64-openwrt-linux-musl/bin/as
configure:14298: checking for dlltool
configure:14331: result: no
configure:14409: checking for aarch64-openwrt-linux-musl-dlltool
configure:14439: result: no
configure:14528: checking for dsymutil
configure:14561: result: no
configure:14639: checking for aarch64-openwrt-linux-musl-dsymutil
configure:14669: result: no
configure:14758: checking for ld
configure:14776: found /home/user/workdir/openwrt-fs/openwrt-23.05.5/staging_dir/toolchain-aarch64_cortex-a53_gcc-12.3.0_musl/aarch64-openwrt-linux-musl/bin/ld
configure:14788: result: /home/user/workdir/openwrt-fs/openwrt-23.05.5/staging_dir/toolchain-aarch64_cortex-a53_gcc-12.3.0_musl/aarch64-openwrt-linux-musl/bin/ld
configure:14988: checking for lipo
configure:15021: result: no
configure:15099: checking for aarch64-openwrt-linux-musl-lipo
configure:15129: result: no
configure:15218: checking for nm
configure:15236: found /home/user/workdir/openwrt-fs/openwrt-23.05.5/staging_dir/toolchain-aarch64_cortex-a53_gcc-12.3.0_musl/aarch64-openwrt-linux-musl/bin/nm
configure:15248: result: /home/user/workdir/openwrt-fs/openwrt-23.05.5/staging_dir/toolchain-aarch64_cortex-a53_gcc-12.3.0_musl/aarch64-openwrt-linux-musl/bin/nm
configure:15448: checking for objcopy
configure:15466: found /home/user/workdir/openwrt-fs/openwrt-23.05.5/staging_dir/toolchain-aarch64_cortex-a53_gcc-12.3.0_musl/aarch64-openwrt-linux-musl/bin/objcopy
configure:15478: result: /home/user/workdir/openwrt-fs/openwrt-23.05.5/staging_dir/toolchain-aarch64_cortex-a53_gcc-12.3.0_musl/aarch64-openwrt-linux-musl/bin/objcopy
configure:15678: checking for objdump
configure:15696: found /home/user/workdir/openwrt-fs/openwrt-23.05.5/staging_dir/toolchain-aarch64_cortex-a53_gcc-12.3.0_musl/aarch64-openwrt-linux-musl/bin/objdump
configure:15708: result: /home/user/workdir/openwrt-fs/openwrt-23.05.5/staging_dir/toolchain-aarch64_cortex-a53_gcc-12.3.0_musl/aarch64-openwrt-linux-musl/bin/objdump
configure:15908: checking for otool
configure:15941: result: no
configure:16019: checking for aarch64-openwrt-linux-musl-otool
configure:16049: result: no
configure:16138: checking for ranlib
configure:16156: found /home/user/workdir/openwrt-fs/openwrt-23.05.5/staging_dir/toolchain-aarch64_cortex-a53_gcc-12.3.0_musl/aarch64-openwrt-linux-musl/bin/ranlib
configure:16168: result: /home/user/workdir/openwrt-fs/openwrt-23.05.5/staging_dir/toolchain-aarch64_cortex-a53_gcc-12.3.0_musl/aarch64-openwrt-linux-musl/bin/ranlib
configure:16368: checking for readelf
configure:16386: found /home/user/workdir/openwrt-fs/openwrt-23.05.5/staging_dir/toolchain-aarch64_cortex-a53_gcc-12.3.0_musl/aarch64-openwrt-linux-musl/bin/readelf
configure:16398: result: /home/user/workdir/openwrt-fs/openwrt-23.05.5/staging_dir/toolchain-aarch64_cortex-a53_gcc-12.3.0_musl/aarch64-openwrt-linux-musl/bin/readelf
configure:16598: checking for strip
configure:16616: found /home/user/workdir/openwrt-fs/openwrt-23.05.5/staging_dir/toolchain-aarch64_cortex-a53_gcc-12.3.0_musl/aarch64-openwrt-linux-musl/bin/strip
configure:16628: result: /home/user/workdir/openwrt-fs/openwrt-23.05.5/staging_dir/toolchain-aarch64_cortex-a53_gcc-12.3.0_musl/aarch64-openwrt-linux-musl/bin/strip
configure:16828: checking for windres
configure:16861: result: no
configure:16939: checking for aarch64-openwrt-linux-musl-windres
configure:16969: result: no
configure:17058: checking for windmc
configure:17091: result: no
configure:17169: checking for aarch64-openwrt-linux-musl-windmc
configure:17199: result: no
configure:17266: checking where to find the target ar
configure:17294: result: pre-installed in /home/user/workdir/openwrt-fs/openwrt-23.05.5/staging_dir/toolchain-aarch64_cortex-a53_gcc-12.3.0_musl/aarch64-openwrt-linux-musl/bin
configure:17308: checking where to find the target as
configure:17336: result: pre-installed in /home/user/workdir/openwrt-fs/openwrt-23.05.5/staging_dir/toolchain-aarch64_cortex-a53_gcc-12.3.0_musl/aarch64-openwrt-linux-musl/bin
configure:17350: checking where to find the target cc
configure:17373: result: just compiled
configure:17392: checking where to find the target c++
configure:17432: result: pre-installed
configure:17437: checking where to find the target c++ for libstdc++
configure:17477: result: pre-installed
configure:17482: checking where to find the target dlltool
configure:17519: result: pre-installed
configure:17524: checking where to find the target dsymutil
configure:17550: result: pre-installed
configure:17555: checking where to find the target gcc
configure:17578: result: just compiled
configure:17597: checking where to find the target gfortran
configure:17637: result: pre-installed
configure:17642: checking where to find the target gccgo
configure:17682: result: pre-installed
configure:17687: checking where to find the target gdc
configure:17727: result: pre-installed
configure:17732: checking where to find the target ld
configure:17760: result: pre-installed in /home/user/workdir/openwrt-fs/openwrt-23.05.5/staging_dir/toolchain-aarch64_cortex-a53_gcc-12.3.0_musl/aarch64-openwrt-linux-musl/bin
configure:17774: checking where to find the target lipo
configure:17800: result: pre-installed
configure:17805: checking where to find the target nm
configure:17833: result: pre-installed in /home/user/workdir/openwrt-fs/openwrt-23.05.5/staging_dir/toolchain-aarch64_cortex-a53_gcc-12.3.0_musl/aarch64-openwrt-linux-musl/bin
configure:17847: checking where to find the target objcopy
configure:17875: result: pre-installed in /home/user/workdir/openwrt-fs/openwrt-23.05.5/staging_dir/toolchain-aarch64_cortex-a53_gcc-12.3.0_musl/aarch64-openwrt-linux-musl/bin
configure:17889: checking where to find the target objdump
configure:17917: result: pre-installed in /home/user/workdir/openwrt-fs/openwrt-23.05.5/staging_dir/toolchain-aarch64_cortex-a53_gcc-12.3.0_musl/aarch64-openwrt-linux-musl/bin
configure:17931: checking where to find the target otool
configure:17957: result: pre-installed
configure:17962: checking where to find the target ranlib
configure:17990: result: pre-installed in /home/user/workdir/openwrt-fs/openwrt-23.05.5/staging_dir/toolchain-aarch64_cortex-a53_gcc-12.3.0_musl/aarch64-openwrt-linux-musl/bin
configure:18004: checking where to find the target readelf
configure:18032: result: pre-installed in /home/user/workdir/openwrt-fs/openwrt-23.05.5/staging_dir/toolchain-aarch64_cortex-a53_gcc-12.3.0_musl/aarch64-openwrt-linux-musl/bin
configure:18046: checking where to find the target strip
configure:18074: result: pre-installed in /home/user/workdir/openwrt-fs/openwrt-23.05.5/staging_dir/toolchain-aarch64_cortex-a53_gcc-12.3.0_musl/aarch64-openwrt-linux-musl/bin
configure:18088: checking where to find the target windres
configure:18125: result: pre-installed
configure:18130: checking where to find the target windmc
configure:18167: result: pre-installed
configure:18200: checking whether to enable maintainer-specific portions of Makefiles
configure:18209: result: no
configure:18444: creating ./config.status

## ---------------------- ##
## Running config.status. ##
## ---------------------- ##

This file was extended by config.status, which was
generated by GNU Autoconf 2.69.  Invocation command line was

  CONFIG_FILES    = 
  CONFIG_HEADERS  = 
  CONFIG_LINKS    = 
  CONFIG_COMMANDS = 
  $ ./config.status 

on e6fd6bfc75d4

config.status:1060: creating Makefile

## ---------------- ##
## Cache variables. ##
## ---------------- ##

ac_cv_build=x86_64-pc-linux-gnu
ac_cv_c_compiler_gnu=yes
ac_cv_cxx_compiler_gnu=yes
ac_cv_env_AR_FOR_TARGET_set=
ac_cv_env_AR_FOR_TARGET_value=
ac_cv_env_AR_set=
ac_cv_env_AR_value=
ac_cv_env_AS_FOR_TARGET_set=
ac_cv_env_AS_FOR_TARGET_value=
ac_cv_env_AS_set=
ac_cv_env_AS_value=
ac_cv_env_CCC_set=
ac_cv_env_CCC_value=
ac_cv_env_CC_FOR_TARGET_set=
ac_cv_env_CC_FOR_TARGET_value=
ac_cv_env_CC_set=
ac_cv_env_CC_value=
ac_cv_env_CFLAGS_set=set
ac_cv_env_CFLAGS_value='-O2 -I/home/user/workdir/openwrt-fs/openwrt-23.05.5/staging_dir/host/include  -pipe'
ac_cv_env_CPPFLAGS_set=
ac_cv_env_CPPFLAGS_value=
ac_cv_env_CXXFLAGS_set=set
ac_cv_env_CXXFLAGS_value='-O2 -I/home/user/workdir/openwrt-fs/openwrt-23.05.5/staging_dir/host/include  -pipe'
ac_cv_env_CXX_FOR_TARGET_set=
ac_cv_env_CXX_FOR_TARGET_value=
ac_cv_env_CXX_set=
ac_cv_env_CXX_value=
ac_cv_env_DLLTOOL_FOR_TARGET_set=
ac_cv_env_DLLTOOL_FOR_TARGET_value=
ac_cv_env_DLLTOOL_set=
ac_cv_env_DLLTOOL_value=
ac_cv_env_DSYMUTIL_FOR_TARGET_set=
ac_cv_env_DSYMUTIL_FOR_TARGET_value=
ac_cv_env_DSYMUTIL_set=
ac_cv_env_DSYMUTIL_value=
ac_cv_env_GCC_FOR_TARGET_set=
ac_cv_env_GCC_FOR_TARGET_value=
ac_cv_env_GDC_FOR_TARGET_set=
ac_cv_env_GDC_FOR_TARGET_value=
ac_cv_env_GFORTRAN_FOR_TARGET_set=
ac_cv_env_GFORTRAN_FOR_TARGET_value=
ac_cv_env_GOC_FOR_TARGET_set=
ac_cv_env_GOC_FOR_TARGET_value=
ac_cv_env_LDFLAGS_set=set
ac_cv_env_LDFLAGS_value=
ac_cv_env_LD_FOR_TARGET_set=
ac_cv_env_LD_FOR_TARGET_value=
ac_cv_env_LD_set=
ac_cv_env_LD_value=
ac_cv_env_LIBS_set=
ac_cv_env_LIBS_value=
ac_cv_env_LIPO_FOR_TARGET_set=
ac_cv_env_LIPO_FOR_TARGET_value=
ac_cv_env_LIPO_set=
ac_cv_env_LIPO_value=
ac_cv_env_NM_FOR_TARGET_set=
ac_cv_env_NM_FOR_TARGET_value=
ac_cv_env_NM_set=
ac_cv_env_NM_value=
ac_cv_env_OBJCOPY_FOR_TARGET_set=
ac_cv_env_OBJCOPY_FOR_TARGET_value=
ac_cv_env_OBJCOPY_set=
ac_cv_env_OBJCOPY_value=
ac_cv_env_OBJDUMP_FOR_TARGET_set=
ac_cv_env_OBJDUMP_FOR_TARGET_value=
ac_cv_env_OBJDUMP_set=
ac_cv_env_OBJDUMP_value=
ac_cv_env_OTOOL_FOR_TARGET_set=
ac_cv_env_OTOOL_FOR_TARGET_value=
ac_cv_env_OTOOL_set=
ac_cv_env_OTOOL_value=
ac_cv_env_RANLIB_FOR_TARGET_set=
ac_cv_env_RANLIB_FOR_TARGET_value=
ac_cv_env_RANLIB_set=
ac_cv_env_RANLIB_value=
ac_cv_env_READELF_FOR_TARGET_set=
ac_cv_env_READELF_FOR_TARGET_value=
ac_cv_env_READELF_set=
ac_cv_env_READELF_value=
ac_cv_env_STRIP_FOR_TARGET_set=
ac_cv_env_STRIP_FOR_TARGET_value=
ac_cv_env_STRIP_set=
ac_cv_env_STRIP_value=
ac_cv_env_WINDMC_FOR_TARGET_set=
ac_cv_env_WINDMC_FOR_TARGET_value=
ac_cv_env_WINDMC_set=
ac_cv_env_WINDMC_value=
ac_cv_env_WINDRES_FOR_TARGET_set=
ac_cv_env_WINDRES_FOR_TARGET_value=
ac_cv_env_WINDRES_set=
ac_cv_env_WINDRES_value=
ac_cv_env_build_alias_set=set
ac_cv_env_build_alias_value=x86_64-pc-linux-gnu
ac_cv_env_build_configargs_set=
ac_cv_env_build_configargs_value=
ac_cv_env_host_alias_set=set
ac_cv_env_host_alias_value=x86_64-pc-linux-gnu
ac_cv_env_host_configargs_set=
ac_cv_env_host_configargs_value=
ac_cv_env_target_alias_set=set
ac_cv_env_target_alias_value=aarch64-openwrt-linux-musl
ac_cv_env_target_configargs_set=
ac_cv_env_target_configargs_value=
ac_cv_host=x86_64-pc-linux-gnu
ac_cv_objext=o
ac_cv_path_AR_FOR_TARGET=/home/user/workdir/openwrt-fs/openwrt-23.05.5/staging_dir/toolchain-aarch64_cortex-a53_gcc-12.3.0_musl/aarch64-openwrt-linux-musl/bin/ar
ac_cv_path_AS_FOR_TARGET=/home/user/workdir/openwrt-fs/openwrt-23.05.5/staging_dir/toolchain-aarch64_cortex-a53_gcc-12.3.0_musl/aarch64-openwrt-linux-musl/bin/as
ac_cv_path_LD_FOR_TARGET=/home/user/workdir/openwrt-fs/openwrt-23.05.5/staging_dir/toolchain-aarch64_cortex-a53_gcc-12.3.0_musl/aarch64-openwrt-linux-musl/bin/ld
ac_cv_path_NM_FOR_TARGET=/home/user/workdir/openwrt-fs/openwrt-23.05.5/staging_dir/toolchain-aarch64_cortex-a53_gcc-12.3.0_musl/aarch64-openwrt-linux-musl/bin/nm
ac_cv_path_OBJCOPY_FOR_TARGET=/home/user/workdir/openwrt-fs/openwrt-23.05.5/staging_dir/toolchain-aarch64_cortex-a53_gcc-12.3.0_musl/aarch64-openwrt-linux-musl/bin/objcopy
ac_cv_path_OBJDUMP_FOR_TARGET=/home/user/workdir/openwrt-fs/openwrt-23.05.5/staging_dir/toolchain-aarch64_cortex-a53_gcc-12.3.0_musl/aarch64-openwrt-linux-musl/bin/objdump
ac_cv_path_RANLIB_FOR_TARGET=/home/user/workdir/openwrt-fs/openwrt-23.05.5/staging_dir/toolchain-aarch64_cortex-a53_gcc-12.3.0_musl/aarch64-openwrt-linux-musl/bin/ranlib
ac_cv_path_READELF_FOR_TARGET=/home/user/workdir/openwrt-fs/openwrt-23.05.5/staging_dir/toolchain-aarch64_cortex-a53_gcc-12.3.0_musl/aarch64-openwrt-linux-musl/bin/readelf
ac_cv_path_SED=/home/user/workdir/openwrt-fs/openwrt-23.05.5/staging_dir/host/bin/sed
ac_cv_path_STRIP_FOR_TARGET=/home/user/workdir/openwrt-fs/openwrt-23.05.5/staging_dir/toolchain-aarch64_cortex-a53_gcc-12.3.0_musl/aarch64-openwrt-linux-musl/bin/strip
ac_cv_path_install='/home/user/workdir/openwrt-fs/openwrt-23.05.5/staging_dir/host/bin/install -c'
ac_cv_prog_AR=ar
ac_cv_prog_AS=as
ac_cv_prog_AWK=gawk
ac_cv_prog_BISON=bison
ac_cv_prog_FLEX=flex
ac_cv_prog_LD=ld
ac_cv_prog_LEX=flex
ac_cv_prog_M4=/home/user/workdir/openwrt-fs/openwrt-23.05.5/staging_dir/host/bin/m4
ac_cv_prog_MAKEINFO=makeinfo
ac_cv_prog_NM=nm
ac_cv_prog_OBJCOPY=objcopy
ac_cv_prog_OBJDUMP=objdump
ac_cv_prog_RANLIB=ranlib
ac_cv_prog_READELF=readelf
ac_cv_prog_STRIP=strip
ac_cv_prog_YACC='bison -y'
ac_cv_prog_ac_ct_CC=gcc
ac_cv_prog_ac_ct_CXX=g++
ac_cv_prog_cc_c89=
ac_cv_prog_cc_c99=
ac_cv_prog_cc_g=yes
ac_cv_prog_cxx_g=yes
ac_cv_search_ZSTD_compress='/home/user/workdir/openwrt-fs/openwrt-23.05.5/staging_dir/host/lib/libzstd.a -pthread'
ac_cv_target=aarch64-openwrt-linux-musl
acx_cv_cc_gcc_supports_ada=no
acx_cv_d_compiler_works=no
acx_cv_prog_LN=ln
ax_cv_cxx_compile_cxx11=yes
gcc_cv_prog_cmp_skip='cmp --ignore-initial=16 $$f1 $$f2'
gcc_cv_tool_dirs=/home/user/workdir/openwrt-fs/openwrt-23.05.5/staging_dir/toolchain-aarch64_cortex-a53_gcc-12.3.0_musl/libexec/gcc/aarch64-openwrt-linux-musl/12.3.0:/home/user/workdir/openwrt-fs/openwrt-23.05.5/staging_dir/toolchain-aarch64_cortex-a53_gcc-12.3.0_musl/libexec/gcc/aarch64-openwrt-linux-musl:/usr/lib/gcc/aarch64-openwrt-linux-musl/12.3.0:/usr/lib/gcc/aarch64-openwrt-linux-musl:/home/user/workdir/openwrt-fs/openwrt-23.05.5/staging_dir/toolchain-aarch64_cortex-a53_gcc-12.3.0_musl/aarch64-openwrt-linux-musl/bin/aarch64-openwrt-linux-musl/12.3.0:/home/user/workdir/openwrt-fs/openwrt-23.05.5/staging_dir/toolchain-aarch64_cortex-a53_gcc-12.3.0_musl/aarch64-openwrt-linux-musl/bin:
gcc_cv_tool_prefix=/home/user/workdir/openwrt-fs/openwrt-23.05.5/staging_dir/toolchain-aarch64_cortex-a53_gcc-12.3.0_musl
libgcc_cv_fixed_point=no
lt_cv_objdir=.libs

## ----------------- ##
## Output variables. ##
## ----------------- ##

AR='ar'
AR_FOR_BUILD='$(AR)'
AR_FOR_TARGET='/home/user/workdir/openwrt-fs/openwrt-23.05.5/staging_dir/toolchain-aarch64_cortex-a53_gcc-12.3.0_musl/aarch64-openwrt-linux-musl/bin/ar'
AS='as'
AS_FOR_BUILD='$(AS)'
AS_FOR_TARGET='/home/user/workdir/openwrt-fs/openwrt-23.05.5/staging_dir/toolchain-aarch64_cortex-a53_gcc-12.3.0_musl/aarch64-openwrt-linux-musl/bin/as'
AWK='gawk'
BISON='bison'
BUILD_CONFIG=''
CC='gcc'
CC_FOR_BUILD='$(CC)'
CC_FOR_TARGET='$$r/$(HOST_SUBDIR)/gcc/xgcc -B$$r/$(HOST_SUBDIR)/gcc/'
CFLAGS='-O2 -I/home/user/workdir/openwrt-fs/openwrt-23.05.5/staging_dir/host/include  -pipe'
CFLAGS_FOR_BUILD='-O2 -I/home/user/workdir/openwrt-fs/openwrt-23.05.5/staging_dir/host/include  -pipe'
CFLAGS_FOR_TARGET='-Os -pipe -mcpu=cortex-a53 -fno-caller-saves -fno-plt -fhonour-copts -Wformat -Werror=format-security -fstack-protector -D_FORTIFY_SOURCE=1 -Wl,-z,now -Wl,-z,relro'
COMPILER_AS_FOR_TARGET='$$r/$(HOST_SUBDIR)/gcc/as'
COMPILER_LD_FOR_TARGET='$$r/$(HOST_SUBDIR)/gcc/collect-ld'
COMPILER_NM_FOR_TARGET='$$r/$(HOST_SUBDIR)/gcc/nm'
CONFIGURE_GDB_TK=''
CPPFLAGS=''
CPPFLAGS_FOR_BUILD=''
CPP_FOR_BUILD=''
CXX='g++'
CXXFLAGS='-O2 -I/home/user/workdir/openwrt-fs/openwrt-23.05.5/staging_dir/host/include  -pipe'
CXXFLAGS_FOR_BUILD='-O2 -I/home/user/workdir/openwrt-fs/openwrt-23.05.5/staging_dir/host/include  -pipe'
CXXFLAGS_FOR_TARGET='-Os -pipe -mcpu=cortex-a53 -fno-caller-saves -fno-plt -fhonour-copts -Wformat -Werror=format-security -fstack-protector -D_FORTIFY_SOURCE=1 -Wl,-z,now -Wl,-z,relro'
CXX_FOR_BUILD='$(CXX)'
CXX_FOR_TARGET='aarch64-openwrt-linux-musl-c++'
DEBUG_PREFIX_CFLAGS_FOR_TARGET=''
DEFS='-DPACKAGE_NAME=\"\" -DPACKAGE_TARNAME=\"\" -DPACKAGE_VERSION=\"\" -DPACKAGE_STRING=\"\" -DPACKAGE_BUGREPORT=\"\" -DPACKAGE_URL=\"\" -DHAVE_CXX11=1 -DLT_OBJDIR=\".libs/\"'
DLLTOOL='dlltool'
DLLTOOL_FOR_BUILD='$(DLLTOOL)'
DLLTOOL_FOR_TARGET='aarch64-openwrt-linux-musl-dlltool'
DSYMUTIL='dsymutil'
DSYMUTIL_FOR_BUILD='$(DSYMUTIL)'
DSYMUTIL_FOR_TARGET='aarch64-openwrt-linux-musl-dsymutil'
ECHO_C=''
ECHO_N='-n'
ECHO_T=''
EXEEXT=''
EXPECT='expect'
FLAGS_FOR_TARGET=' -B$(build_tooldir)/bin/ -B$(build_tooldir)/lib/ -isystem $(build_tooldir)/include -isystem $(build_tooldir)/sys-include'
FLEX='flex'
GCC_FOR_TARGET='$$r/$(HOST_SUBDIR)/gcc/xgcc -B$$r/$(HOST_SUBDIR)/gcc/'
GCC_SHLIB_SUBDIR=''
GDB_TK=''
GDC='no'
GDCFLAGS=''
GDC_FOR_BUILD='$(GDC)'
GDC_FOR_TARGET='aarch64-openwrt-linux-musl-gdc'
GFORTRAN_FOR_BUILD='$(GFORTRAN)'
GFORTRAN_FOR_TARGET='aarch64-openwrt-linux-musl-gfortran'
GNATBIND='no'
GNATMAKE='no'
GOC_FOR_BUILD='$(GOC)'
GOC_FOR_TARGET='aarch64-openwrt-linux-musl-gccgo'
HAVE_CXX11='1'
HAVE_CXX11_FOR_BUILD=''
INSTALL_DATA='${INSTALL} -m 644'
INSTALL_GDB_TK=''
INSTALL_PROGRAM='${INSTALL}'
INSTALL_SCRIPT='${INSTALL}'
LD='ld'
LDFLAGS=''
LDFLAGS_FOR_BUILD=''
LDFLAGS_FOR_TARGET=''
LD_FOR_BUILD='$(LD)'
LD_FOR_TARGET='/home/user/workdir/openwrt-fs/openwrt-23.05.5/staging_dir/toolchain-aarch64_cortex-a53_gcc-12.3.0_musl/aarch64-openwrt-linux-musl/bin/ld'
LEX='flex'
LIBOBJS=''
LIBS=''
LIPO='lipo'
LIPO_FOR_TARGET='aarch64-openwrt-linux-musl-lipo'
LN='ln'
LN_S='ln -s'
LTLIBOBJS=''
M4='/home/user/workdir/openwrt-fs/openwrt-23.05.5/staging_dir/host/bin/m4'
MAINT='#'
MAINTAINER_MODE_FALSE=''
MAINTAINER_MODE_TRUE='#'
MAKEINFO='/home/user/workdir/openwrt-fs/openwrt-23.05.5/build_dir/toolchain-aarch64_cortex-a53_gcc-12.3.0_musl/gcc-12.3.0/missing makeinfo'
NM='nm'
NM_FOR_BUILD='$(NM)'
NM_FOR_TARGET='/home/user/workdir/openwrt-fs/openwrt-23.05.5/staging_dir/toolchain-aarch64_cortex-a53_gcc-12.3.0_musl/aarch64-openwrt-linux-musl/bin/nm'
OBJCOPY='objcopy'
OBJCOPY_FOR_TARGET='/home/user/workdir/openwrt-fs/openwrt-23.05.5/staging_dir/toolchain-aarch64_cortex-a53_gcc-12.3.0_musl/aarch64-openwrt-linux-musl/bin/objcopy'
OBJDUMP='objdump'
OBJDUMP_FOR_TARGET='/home/user/workdir/openwrt-fs/openwrt-23.05.5/staging_dir/toolchain-aarch64_cortex-a53_gcc-12.3.0_musl/aarch64-openwrt-linux-musl/bin/objdump'
OBJEXT='o'
OTOOL='otool'
OTOOL_FOR_TARGET='aarch64-openwrt-linux-musl-otool'
PACKAGE_BUGREPORT=''
PACKAGE_NAME=''
PACKAGE_STRING=''
PACKAGE_TARNAME=''
PACKAGE_URL=''
PACKAGE_VERSION=''
PATH_SEPARATOR=':'
PGO_BUILD_GEN_CFLAGS=''
PGO_BUILD_LTO_CFLAGS=''
PGO_BUILD_USE_CFLAGS=''
RANLIB='ranlib'
RANLIB_FOR_BUILD='$(RANLIB)'
RANLIB_FOR_TARGET='/home/user/workdir/openwrt-fs/openwrt-23.05.5/staging_dir/toolchain-aarch64_cortex-a53_gcc-12.3.0_musl/aarch64-openwrt-linux-musl/bin/ranlib'
RAW_CXX_FOR_TARGET='aarch64-openwrt-linux-musl-c++'
READELF='readelf'
READELF_FOR_TARGET='/home/user/workdir/openwrt-fs/openwrt-23.05.5/staging_dir/toolchain-aarch64_cortex-a53_gcc-12.3.0_musl/aarch64-openwrt-linux-musl/bin/readelf'
RPATH_ENVVAR='LD_LIBRARY_PATH'
RUNTEST='runtest'
SED='/home/user/workdir/openwrt-fs/openwrt-23.05.5/staging_dir/host/bin/sed'
SHELL='/bin/bash'
STRIP='strip'
STRIP_FOR_TARGET='/home/user/workdir/openwrt-fs/openwrt-23.05.5/staging_dir/toolchain-aarch64_cortex-a53_gcc-12.3.0_musl/aarch64-openwrt-linux-musl/bin/strip'
SYSROOT_CFLAGS_FOR_TARGET=''
TOPLEVEL_CONFIGURE_ARGUMENTS='/home/user/workdir/openwrt-fs/openwrt-23.05.5/build_dir/toolchain-aarch64_cortex-a53_gcc-12.3.0_musl/gcc-12.3.0/configure --with-bugurl=http://bugs.openwrt.org/ --with-pkgversion='\''OpenWrt GCC 12.3.0 r24106-10cc5fcd00'\'' --prefix=/home/user/workdir/openwrt-fs/openwrt-23.05.5/staging_dir/toolchain-aarch64_cortex-a53_gcc-12.3.0_musl --build=x86_64-pc-linux-gnu --host=x86_64-pc-linux-gnu --target=aarch64-openwrt-linux-musl --with-gnu-ld --enable-target-optspace --disable-libgomp --disable-libmudflap --disable-multilib --disable-libmpx --disable-nls --disable-libssp --without-isl --without-cloog --with-host-libstdcxx=-lstdc++ --with-system-zlib=/home/user/workdir/openwrt-fs/openwrt-23.05.5/staging_dir/host --with-zstd=/home/user/workdir/openwrt-fs/openwrt-23.05.5/staging_dir/host --with-gmp=/home/user/workdir/openwrt-fs/openwrt-23.05.5/staging_dir/host --with-mpfr=/home/user/workdir/openwrt-fs/openwrt-23.05.5/staging_dir/host --with-mpc=/home/user/workdir/openwrt-fs/openwrt-23.05.5/staging_dir/host --disable-decimal-float --with-diagnostics-color=auto-if-env --enable-__cxa_atexit --enable-libstdcxx-dual-abi --with-default-libstdcxx-abi=new CFLAGS='\''-O2 -I/home/user/workdir/openwrt-fs/openwrt-23.05.5/staging_dir/host/include  -pipe'\'' CXXFLAGS='\''-O2 -I/home/user/workdir/openwrt-fs/openwrt-23.05.5/staging_dir/host/include  -pipe'\'' '\''CFLAGS_FOR_TARGET=-Os -pipe -mcpu=cortex-a53 -fno-caller-saves -fno-plt -fhonour-copts -Wformat -Werror=format-security -fstack-protector -D_FORTIFY_SOURCE=1 -Wl,-z,now -Wl,-z,relro'\'' '\''CXXFLAGS_FOR_TARGET=-Os -pipe -mcpu=cortex-a53 -fno-caller-saves -fno-plt -fhonour-copts -Wformat -Werror=format-security -fstack-protector -D_FORTIFY_SOURCE=1 -Wl,-z,now -Wl,-z,relro'\'' '\''GOCFLAGS_FOR_TARGET=-Os -pipe -mcpu=cortex-a53 -fno-caller-saves -fno-plt -fhonour-copts -Wformat -Werror=format-security -fstack-protector -D_FORTIFY_SOURCE=1 -Wl,-z,now -Wl,-z,relro'\'' --with-newlib --with-sysroot=/home/user/workdir/openwrt-fs/openwrt-23.05.5/staging_dir/toolchain-aarch64_cortex-a53_gcc-12.3.0_musl --enable-languages=c --disable-shared --disable-threads'
WINDMC='windmc'
WINDMC_FOR_BUILD='$(WINDMC)'
WINDMC_FOR_TARGET='aarch64-openwrt-linux-musl-windmc'
WINDRES='windres'
WINDRES_FOR_BUILD='$(WINDRES)'
WINDRES_FOR_TARGET='aarch64-openwrt-linux-musl-windres'
YACC='bison -y'
ac_ct_CC='gcc'
ac_ct_CXX='g++'
bindir='${exec_prefix}/bin'
build='x86_64-pc-linux-gnu'
build_alias='x86_64-pc-linux-gnu'
build_configargs=' --cache-file=./config.cache '\''--with-bugurl=http://bugs.openwrt.org/'\'' '\''--with-pkgversion=OpenWrt GCC 12.3.0 r24106-10cc5fcd00'\'' '\''--prefix=/home/user/workdir/openwrt-fs/openwrt-23.05.5/staging_dir/toolchain-aarch64_cortex-a53_gcc-12.3.0_musl'\'' '\''--with-gnu-ld'\'' '\''--enable-target-optspace'\'' '\''--disable-libgomp'\'' '\''--disable-libmudflap'\'' '\''--disable-multilib'\'' '\''--disable-libmpx'\'' '\''--disable-nls'\'' '\''--disable-libssp'\'' '\''--without-isl'\'' '\''--without-cloog'\'' '\''--with-host-libstdcxx=-lstdc++'\'' '\''--with-system-zlib=/home/user/workdir/openwrt-fs/openwrt-23.05.5/staging_dir/host'\'' '\''--with-zstd=/home/user/workdir/openwrt-fs/openwrt-23.05.5/staging_dir/host'\'' '\''--with-gmp=/home/user/workdir/openwrt-fs/openwrt-23.05.5/staging_dir/host'\'' '\''--with-mpfr=/home/user/workdir/openwrt-fs/openwrt-23.05.5/staging_dir/host'\'' '\''--with-mpc=/home/user/workdir/openwrt-fs/openwrt-23.05.5/staging_dir/host'\'' '\''--disable-decimal-float'\'' '\''--with-diagnostics-color=auto-if-env'\'' '\''--enable-__cxa_atexit'\'' '\''--enable-libstdcxx-dual-abi'\'' '\''--with-default-libstdcxx-abi=new'\'' '\''--with-newlib'\'' '\''--with-sysroot=/home/user/workdir/openwrt-fs/openwrt-23.05.5/staging_dir/toolchain-aarch64_cortex-a53_gcc-12.3.0_musl'\'' '\''--disable-shared'\'' '\''--disable-threads'\'' '\''--enable-languages=c,lto'\'' --program-transform-name='\''s&^&aarch64-openwrt-linux-musl-&'\'' --disable-option-checking'
build_configdirs=' libiberty libcpp fixincludes'
build_cpu='x86_64'
build_libsubdir='build-x86_64-pc-linux-gnu'
build_noncanonical='x86_64-pc-linux-gnu'
build_os='linux-gnu'
build_subdir='build-x86_64-pc-linux-gnu'
build_tooldir='${exec_prefix}/aarch64-openwrt-linux-musl'
build_vendor='pc'
compare_exclusions='gcc/cc*-checksum$(objext) | gcc/ada/*tools/*'
configdirs=' intl libiberty zlib libbacktrace libcpp libcody libdecnumber fixincludes gcc libcc1 c++tools lto-plugin'
datadir='${datarootdir}'
datarootdir='${prefix}/share'
do_compare='cmp --ignore-initial=16 $$f1 $$f2'
docdir='${datarootdir}/doc/${PACKAGE}'
dvidir='${docdir}'
exec_prefix='${prefix}'
extra_host_libiberty_configure_flags='--enable-shared'
extra_host_zlib_configure_flags=''
extra_isl_gmp_configure_flags=''
extra_liboffloadmic_configure_flags=''
extra_linker_plugin_configure_flags=''
extra_linker_plugin_flags=''
extra_mpc_gmp_configure_flags=''
extra_mpc_mpfr_configure_flags=''
extra_mpfr_configure_flags=''
get_gcc_base_ver='cat'
gmpinc='-I/home/user/workdir/openwrt-fs/openwrt-23.05.5/staging_dir/host/include -I/home/user/workdir/openwrt-fs/openwrt-23.05.5/staging_dir/host/include -I/home/user/workdir/openwrt-fs/openwrt-23.05.5/staging_dir/host/include '
gmplibs='-L/home/user/workdir/openwrt-fs/openwrt-23.05.5/staging_dir/host/lib -L/home/user/workdir/openwrt-fs/openwrt-23.05.5/staging_dir/host/lib -L/home/user/workdir/openwrt-fs/openwrt-23.05.5/staging_dir/host/lib -lmpc -lmpfr -lgmp'
host='x86_64-pc-linux-gnu'
host_alias='x86_64-pc-linux-gnu'
host_configargs=' --cache-file=./config.cache  '\''--with-bugurl=http://bugs.openwrt.org/'\'' '\''--with-pkgversion=OpenWrt GCC 12.3.0 r24106-10cc5fcd00'\'' '\''--prefix=/home/user/workdir/openwrt-fs/openwrt-23.05.5/staging_dir/toolchain-aarch64_cortex-a53_gcc-12.3.0_musl'\'' '\''--with-gnu-ld'\'' '\''--enable-target-optspace'\'' '\''--disable-libgomp'\'' '\''--disable-libmudflap'\'' '\''--disable-multilib'\'' '\''--disable-libmpx'\'' '\''--disable-nls'\'' '\''--disable-libssp'\'' '\''--without-isl'\'' '\''--without-cloog'\'' '\''--with-host-libstdcxx=-lstdc++'\'' '\''--with-system-zlib=/home/user/workdir/openwrt-fs/openwrt-23.05.5/staging_dir/host'\'' '\''--with-zstd=/home/user/workdir/openwrt-fs/openwrt-23.05.5/staging_dir/host'\'' '\''--with-gmp=/home/user/workdir/openwrt-fs/openwrt-23.05.5/staging_dir/host'\'' '\''--with-mpfr=/home/user/workdir/openwrt-fs/openwrt-23.05.5/staging_dir/host'\'' '\''--with-mpc=/home/user/workdir/openwrt-fs/openwrt-23.05.5/staging_dir/host'\'' '\''--disable-decimal-float'\'' '\''--with-diagnostics-color=auto-if-env'\'' '\''--enable-__cxa_atexit'\'' '\''--enable-libstdcxx-dual-abi'\'' '\''--with-default-libstdcxx-abi=new'\'' '\''--with-newlib'\'' '\''--with-sysroot=/home/user/workdir/openwrt-fs/openwrt-23.05.5/staging_dir/toolchain-aarch64_cortex-a53_gcc-12.3.0_musl'\'' '\''--disable-shared'\'' '\''--disable-threads'\'' '\''--enable-languages=c,lto'\'' --program-transform-name='\''s&^&aarch64-openwrt-linux-musl-&'\'' --disable-option-checking'
host_cpu='x86_64'
host_noncanonical='x86_64-pc-linux-gnu'
host_os='linux-gnu'
host_shared='no'
host_subdir='.'
host_vendor='pc'
htmldir='${docdir}'
includedir='${prefix}/include'
infodir='${datarootdir}/info'
islinc=''
isllibs=''
libdir='${exec_prefix}/lib'
libexecdir='${exec_prefix}/libexec'
localedir='${datarootdir}/locale'
localstatedir='${prefix}/var'
mandir='${datarootdir}/man'
oldincludedir='/usr/include'
pdfdir='${docdir}'
poststage1_ldflags='-static-libstdc++ -static-libgcc'
poststage1_libs=''
prefix='/home/user/workdir/openwrt-fs/openwrt-23.05.5/staging_dir/toolchain-aarch64_cortex-a53_gcc-12.3.0_musl'
program_transform_name='s&^&aarch64-openwrt-linux-musl-&'
psdir='${docdir}'
sbindir='${exec_prefix}/sbin'
sharedstatedir='${prefix}/com'
stage1_cflags='-g'
stage1_checking='--enable-checking=yes,types'
stage1_languages='c,lto'
stage1_ldflags='-static-libstdc++ -static-libgcc'
stage1_libs=''
stage2_werror_flag=''
sysconfdir='${prefix}/etc'
target='aarch64-openwrt-linux-musl'
target_alias='aarch64-openwrt-linux-musl'
target_configargs='--cache-file=./config.cache --with-cross-host=x86_64-pc-linux-gnu   '\''--with-bugurl=http://bugs.openwrt.org/'\'' '\''--with-pkgversion=OpenWrt GCC 12.3.0 r24106-10cc5fcd00'\'' '\''--prefix=/home/user/workdir/openwrt-fs/openwrt-23.05.5/staging_dir/toolchain-aarch64_cortex-a53_gcc-12.3.0_musl'\'' '\''--with-gnu-ld'\'' '\''--enable-target-optspace'\'' '\''--disable-libgomp'\'' '\''--disable-libmudflap'\'' '\''--disable-multilib'\'' '\''--disable-libmpx'\'' '\''--disable-nls'\'' '\''--disable-libssp'\'' '\''--without-cloog'\'' '\''--with-host-libstdcxx=-lstdc++'\'' '\''--with-system-zlib=/home/user/workdir/openwrt-fs/openwrt-23.05.5/staging_dir/host'\'' '\''--with-zstd=/home/user/workdir/openwrt-fs/openwrt-23.05.5/staging_dir/host'\'' '\''--disable-decimal-float'\'' '\''--with-diagnostics-color=auto-if-env'\'' '\''--enable-__cxa_atexit'\'' '\''--enable-libstdcxx-dual-abi'\'' '\''--with-default-libstdcxx-abi=new'\'' '\''--with-newlib'\'' '\''--with-sysroot=/home/user/workdir/openwrt-fs/openwrt-23.05.5/staging_dir/toolchain-aarch64_cortex-a53_gcc-12.3.0_musl'\'' '\''--disable-shared'\'' '\''--disable-threads'\'' '\''--enable-languages=c,lto'\'' --program-transform-name='\''s&^&aarch64-openwrt-linux-musl-&'\'' --disable-option-checking'
target_configdirs=' libgcc libatomic libquadmath'
target_cpu='aarch64'
target_noncanonical='aarch64-openwrt-linux-musl'
target_os='linux-musl'
target_subdir='aarch64-openwrt-linux-musl'
target_vendor='openwrt'
tooldir='${exec_prefix}/aarch64-openwrt-linux-musl'

## ------------------- ##
## File substitutions. ##
## ------------------- ##

alphaieee_frag='/dev/null'
host_makefile_frag='/dev/null'
ospace_frag='/home/user/workdir/openwrt-fs/openwrt-23.05.5/build_dir/toolchain-aarch64_cortex-a53_gcc-12.3.0_musl/gcc-12.3.0/config/mt-ospace'
serialization_dependencies='serdep.tmp'
target_makefile_frag='/home/user/workdir/openwrt-fs/openwrt-23.05.5/build_dir/toolchain-aarch64_cortex-a53_gcc-12.3.0_musl/gcc-12.3.0/config/mt-gnu'

## ----------- ##
## confdefs.h. ##
## ----------- ##

/* confdefs.h */
#define PACKAGE_NAME ""
#define PACKAGE_TARNAME ""
#define PACKAGE_VERSION ""
#define PACKAGE_STRING ""
#define PACKAGE_BUGREPORT ""
#define PACKAGE_URL ""
#define HAVE_CXX11 1
#define LT_OBJDIR ".libs/"

configure: exit 0
