This file contains any messages produced by compilers while
running configure, to aid debugging if configure makes a mistake.

It was created by bfd configure 2.38.50, which was
generated by GNU Autoconf 2.69.  Invocation command line was

  $ /home/user/workdir/openwrt-fs/openwrt-23.05.5/build_dir/toolchain-aarch64_cortex-a53_gcc-12.3.0_musl/gdb-12.1/bfd/configure --srcdir=.././bfd --cache-file=./config.cache --prefix=/home/user/workdir/openwrt-fs/openwrt-23.05.5/staging_dir/toolchain-aarch64_cortex-a53_gcc-12.3.0_musl --with-gmp=/home/user/workdir/openwrt-fs/openwrt-23.05.5/staging_dir/host --with-mpfr=/home/user/workdir/openwrt-fs/openwrt-23.05.5/staging_dir/host --with-mpc=/home/user/workdir/openwrt-fs/openwrt-23.05.5/staging_dir/host --with-expat=/home/user/workdir/openwrt-fs/openwrt-23.05.5/staging_dir/host --disable-werror --without-uiout --enable-tui --disable-gdbtk --without-x --without-included-gettext --enable-threads --disable-unit-tests --disable-ubsan --disable-binutils --disable-ld --disable-gas --disable-sim --without-python --program-transform-name=s&^&aarch64-openwrt-linux-musl-& --disable-option-checking --build=x86_64-pc-linux-gnu --host=x86_64-pc-linux-gnu --target=aarch64-openwrt-linux-musl

## --------- ##
## Platform. ##
## --------- ##

hostname = e6fd6bfc75d4
uname -m = x86_64
uname -r = 6.10.11-linuxkit
uname -s = Linux
uname -v = #1 SMP PREEMPT_DYNAMIC Thu Oct  3 10:19:48 UTC 2024

/usr/bin/uname -p = x86_64
/bin/uname -X     = unknown

/bin/arch              = x86_64
/usr/bin/arch -k       = unknown
/usr/convex/getsysinfo = unknown
/usr/bin/hostinfo      = unknown
/bin/machine           = unknown
/usr/bin/oslevel       = unknown
/bin/universe          = unknown

PATH: /home/user/workdir/openwrt-fs/openwrt-23.05.5/staging_dir/toolchain-aarch64_cortex-a53_gcc-12.3.0_musl/bin
PATH: /home/user/workdir/openwrt-fs/openwrt-23.05.5/staging_dir/toolchain-aarch64_cortex-a53_gcc-12.3.0_musl/bin
PATH: /home/user/workdir/openwrt-fs/openwrt-23.05.5/staging_dir/host/bin
PATH: /home/user/workdir/openwrt-fs/openwrt-23.05.5/staging_dir/toolchain-aarch64_cortex-a53_gcc-12.3.0_musl/bin
PATH: /home/user/workdir/openwrt-fs/openwrt-23.05.5/staging_dir/host/bin
PATH: /home/user/workdir/openwrt-fs/openwrt-23.05.5/staging_dir/host/bin
PATH: /usr/local/sbin
PATH: /usr/local/bin
PATH: /usr/sbin
PATH: /usr/bin
PATH: /sbin
PATH: /bin


## ----------- ##
## Core tests. ##
## ----------- ##

configure:2462: creating cache ./config.cache
configure:2576: checking build system type
configure:2590: result: x86_64-pc-linux-gnu
configure:2610: checking host system type
configure:2623: result: x86_64-pc-linux-gnu
configure:2643: checking target system type
configure:2656: result: aarch64-openwrt-linux-musl
configure:2699: checking for a BSD-compatible install
configure:2767: result: /home/user/workdir/openwrt-fs/openwrt-23.05.5/staging_dir/host/bin/install -c
configure:2778: checking whether build environment is sane
configure:2833: result: yes
configure:2982: checking for a thread-safe mkdir -p
configure:3021: result: /usr/bin/mkdir -p
configure:3028: checking for gawk
configure:3055: result: gawk
configure:3066: checking whether make sets $(MAKE)
configure:3088: result: yes
configure:3117: checking whether make supports nested variables
configure:3134: result: yes
configure:3271: checking whether make supports nested variables
configure:3288: result: yes
configure:3303: checking for x86_64-pc-linux-gnu-ar
configure:3330: result: ar --plugin /usr/lib/gcc/x86_64-linux-gnu/9/liblto_plugin.so
configure:3395: checking for x86_64-pc-linux-gnu-ranlib
configure:3422: result: ranlib --plugin /usr/lib/gcc/x86_64-linux-gnu/9/liblto_plugin.so
configure:3525: checking for x86_64-pc-linux-gnu-gcc
configure:3552: result: gcc
configure:3821: checking for C compiler version
configure:3830: gcc --version >&5
gcc (Ubuntu 9.4.0-1ubuntu1~20.04.2) 9.4.0
Copyright (C) 2019 Free Software Foundation, Inc.
This is free software; see the source for copying conditions.  There is NO
warranty; not even for MERCHANTABILITY or FITNESS FOR A PARTICULAR PURPOSE.

configure:3841: $? = 0
configure:3830: gcc -v >&5
Using built-in specs.
COLLECT_GCC=gcc
COLLECT_LTO_WRAPPER=/usr/lib/gcc/x86_64-linux-gnu/9/lto-wrapper
OFFLOAD_TARGET_NAMES=nvptx-none:hsa
OFFLOAD_TARGET_DEFAULT=1
Target: x86_64-linux-gnu
Configured with: ../src/configure -v --with-pkgversion='Ubuntu 9.4.0-1ubuntu1~20.04.2' --with-bugurl=file:///usr/share/doc/gcc-9/README.Bugs --enable-languages=c,ada,c++,go,brig,d,fortran,objc,obj-c++,gm2 --prefix=/usr --with-gcc-major-version-only --program-suffix=-9 --program-prefix=x86_64-linux-gnu- --enable-shared --enable-linker-build-id --libexecdir=/usr/lib --without-included-gettext --enable-threads=posix --libdir=/usr/lib --enable-nls --enable-clocale=gnu --enable-libstdcxx-debug --enable-libstdcxx-time=yes --with-default-libstdcxx-abi=new --enable-gnu-unique-object --disable-vtable-verify --enable-plugin --enable-default-pie --with-system-zlib --with-target-system-zlib=auto --enable-objc-gc=auto --enable-multiarch --disable-werror --with-arch-32=i686 --with-abi=m64 --with-multilib-list=m32,m64,mx32 --enable-multilib --with-tune=generic --enable-offload-targets=nvptx-none=/build/gcc-9-9QDOt0/gcc-9-9.4.0/debian/tmp-nvptx/usr,hsa --without-cuda-driver --enable-checking=release --build=x86_64-linux-gnu --host=x86_64-linux-gnu --target=x86_64-linux-gnu
Thread model: posix
gcc version 9.4.0 (Ubuntu 9.4.0-1ubuntu1~20.04.2) 
configure:3841: $? = 0
configure:3830: gcc -V >&5
gcc: error: unrecognized command line option '-V'
gcc: fatal error: no input files
compilation terminated.
configure:3841: $? = 1
configure:3830: gcc -qversion >&5
gcc: error: unrecognized command line option '-qversion'; did you mean '--version'?
gcc: fatal error: no input files
compilation terminated.
configure:3841: $? = 1
configure:3861: checking whether the C compiler works
configure:3883: gcc -O2 -I/home/user/workdir/openwrt-fs/openwrt-23.05.5/staging_dir/host/include      -I/home/user/workdir/openwrt-fs/openwrt-23.05.5/staging_dir/host/include   -L/home/user/workdir/openwrt-fs/openwrt-23.05.5/staging_dir/host/lib  conftest.c  >&5
configure:3887: $? = 0
configure:3935: result: yes
configure:3938: checking for C compiler default output file name
configure:3940: result: a.out
configure:3946: checking for suffix of executables
configure:3953: gcc -o conftest -O2 -I/home/user/workdir/openwrt-fs/openwrt-23.05.5/staging_dir/host/include      -I/home/user/workdir/openwrt-fs/openwrt-23.05.5/staging_dir/host/include   -L/home/user/workdir/openwrt-fs/openwrt-23.05.5/staging_dir/host/lib  conftest.c  >&5
configure:3957: $? = 0
configure:3979: result: 
configure:4001: checking whether we are cross compiling
configure:4009: gcc -o conftest -O2 -I/home/user/workdir/openwrt-fs/openwrt-23.05.5/staging_dir/host/include      -I/home/user/workdir/openwrt-fs/openwrt-23.05.5/staging_dir/host/include   -L/home/user/workdir/openwrt-fs/openwrt-23.05.5/staging_dir/host/lib  conftest.c  >&5
configure:4013: $? = 0
configure:4020: ./conftest
configure:4024: $? = 0
configure:4012: result: no
configure:4017: checking for suffix of object files
configure:4039: gcc -c -O2 -I/home/user/workdir/openwrt-fs/openwrt-23.05.5/staging_dir/host/include      -I/home/user/workdir/openwrt-fs/openwrt-23.05.5/staging_dir/host/include  conftest.c >&5
configure:4043: $? = 0
configure:4064: result: o
configure:4068: checking whether we are using the GNU C compiler
configure:4087: gcc -c -O2 -I/home/user/workdir/openwrt-fs/openwrt-23.05.5/staging_dir/host/include      -I/home/user/workdir/openwrt-fs/openwrt-23.05.5/staging_dir/host/include  conftest.c >&5
configure:4087: $? = 0
configure:4096: result: yes
configure:4105: checking whether gcc accepts -g
configure:4125: gcc -c -g -I/home/user/workdir/openwrt-fs/openwrt-23.05.5/staging_dir/host/include  conftest.c >&5
configure:4125: $? = 0
configure:4166: result: yes
configure:4183: checking for gcc option to accept ISO C89
configure:4246: gcc  -c -O2 -I/home/user/workdir/openwrt-fs/openwrt-23.05.5/staging_dir/host/include      -I/home/user/workdir/openwrt-fs/openwrt-23.05.5/staging_dir/host/include  conftest.c >&5
configure:4246: $? = 0
configure:4259: result: none needed
configure:4284: checking whether gcc understands -c and -o together
configure:4306: gcc -c conftest.c -o conftest2.o
configure:4309: $? = 0
configure:4306: gcc -c conftest.c -o conftest2.o
configure:4309: $? = 0
configure:4321: result: yes
configure:4349: checking for style of include used by make
configure:4377: result: GNU
configure:4403: checking dependency style of gcc
configure:4514: result: gcc3
configure:4535: checking how to run the C preprocessor
configure:4566: gcc -E -I/home/user/workdir/openwrt-fs/openwrt-23.05.5/staging_dir/host/include  conftest.c
configure:4566: $? = 0
configure:4580: gcc -E -I/home/user/workdir/openwrt-fs/openwrt-23.05.5/staging_dir/host/include  conftest.c
conftest.c:11:10: fatal error: ac_nonexistent.h: No such file or directory
   11 | #include <ac_nonexistent.h>
      |          ^~~~~~~~~~~~~~~~~~
compilation terminated.
configure:4580: $? = 1
configure: failed program was:
| /* confdefs.h */
| #define PACKAGE_NAME "bfd"
| #define PACKAGE_TARNAME "bfd"
| #define PACKAGE_VERSION "2.38.50"
| #define PACKAGE_STRING "bfd 2.38.50"
| #define PACKAGE_BUGREPORT ""
| #define PACKAGE_URL ""
| #define PACKAGE "bfd"
| #define VERSION "2.38.50"
| /* end confdefs.h.  */
| #include <ac_nonexistent.h>
configure:4605: result: gcc -E
configure:4625: gcc -E -I/home/user/workdir/openwrt-fs/openwrt-23.05.5/staging_dir/host/include  conftest.c
configure:4625: $? = 0
configure:4639: gcc -E -I/home/user/workdir/openwrt-fs/openwrt-23.05.5/staging_dir/host/include  conftest.c
conftest.c:11:10: fatal error: ac_nonexistent.h: No such file or directory
   11 | #include <ac_nonexistent.h>
      |          ^~~~~~~~~~~~~~~~~~
compilation terminated.
configure:4639: $? = 1
configure: failed program was:
| /* confdefs.h */
| #define PACKAGE_NAME "bfd"
| #define PACKAGE_TARNAME "bfd"
| #define PACKAGE_VERSION "2.38.50"
| #define PACKAGE_STRING "bfd 2.38.50"
| #define PACKAGE_BUGREPORT ""
| #define PACKAGE_URL ""
| #define PACKAGE "bfd"
| #define VERSION "2.38.50"
| /* end confdefs.h.  */
| #include <ac_nonexistent.h>
configure:4668: checking for grep that handles long lines and -e
configure:4726: result: /home/user/workdir/openwrt-fs/openwrt-23.05.5/staging_dir/host/bin/grep
configure:4731: checking for egrep
configure:4793: result: /home/user/workdir/openwrt-fs/openwrt-23.05.5/staging_dir/host/bin/grep -E
configure:4798: checking for ANSI C header files
configure:4818: gcc -c -O2 -I/home/user/workdir/openwrt-fs/openwrt-23.05.5/staging_dir/host/include      -I/home/user/workdir/openwrt-fs/openwrt-23.05.5/staging_dir/host/include  conftest.c >&5
configure:4818: $? = 0
configure:4891: gcc -o conftest -O2 -I/home/user/workdir/openwrt-fs/openwrt-23.05.5/staging_dir/host/include      -I/home/user/workdir/openwrt-fs/openwrt-23.05.5/staging_dir/host/include   -L/home/user/workdir/openwrt-fs/openwrt-23.05.5/staging_dir/host/lib  conftest.c  >&5
configure:4891: $? = 0
configure:4891: ./conftest
configure:4891: $? = 0
configure:4902: result: yes
configure:4915: checking for sys/types.h
configure:4915: gcc -c -O2 -I/home/user/workdir/openwrt-fs/openwrt-23.05.5/staging_dir/host/include      -I/home/user/workdir/openwrt-fs/openwrt-23.05.5/staging_dir/host/include  conftest.c >&5
configure:4915: $? = 0
configure:4915: result: yes
configure:4915: checking for sys/stat.h
configure:4915: gcc -c -O2 -I/home/user/workdir/openwrt-fs/openwrt-23.05.5/staging_dir/host/include      -I/home/user/workdir/openwrt-fs/openwrt-23.05.5/staging_dir/host/include  conftest.c >&5
configure:4915: $? = 0
configure:4915: result: yes
configure:4915: checking for stdlib.h
configure:4915: gcc -c -O2 -I/home/user/workdir/openwrt-fs/openwrt-23.05.5/staging_dir/host/include      -I/home/user/workdir/openwrt-fs/openwrt-23.05.5/staging_dir/host/include  conftest.c >&5
configure:4915: $? = 0
configure:4915: result: yes
configure:4915: checking for string.h
configure:4915: gcc -c -O2 -I/home/user/workdir/openwrt-fs/openwrt-23.05.5/staging_dir/host/include      -I/home/user/workdir/openwrt-fs/openwrt-23.05.5/staging_dir/host/include  conftest.c >&5
configure:4915: $? = 0
configure:4915: result: yes
configure:4915: checking for memory.h
configure:4915: gcc -c -O2 -I/home/user/workdir/openwrt-fs/openwrt-23.05.5/staging_dir/host/include      -I/home/user/workdir/openwrt-fs/openwrt-23.05.5/staging_dir/host/include  conftest.c >&5
configure:4915: $? = 0
configure:4915: result: yes
configure:4915: checking for strings.h
configure:4915: gcc -c -O2 -I/home/user/workdir/openwrt-fs/openwrt-23.05.5/staging_dir/host/include      -I/home/user/workdir/openwrt-fs/openwrt-23.05.5/staging_dir/host/include  conftest.c >&5
configure:4915: $? = 0
configure:4915: result: yes
configure:4915: checking for inttypes.h
configure:4915: gcc -c -O2 -I/home/user/workdir/openwrt-fs/openwrt-23.05.5/staging_dir/host/include      -I/home/user/workdir/openwrt-fs/openwrt-23.05.5/staging_dir/host/include  conftest.c >&5
configure:4915: $? = 0
configure:4915: result: yes
configure:4915: checking for stdint.h
configure:4915: gcc -c -O2 -I/home/user/workdir/openwrt-fs/openwrt-23.05.5/staging_dir/host/include      -I/home/user/workdir/openwrt-fs/openwrt-23.05.5/staging_dir/host/include  conftest.c >&5
configure:4915: $? = 0
configure:4915: result: yes
configure:4915: checking for unistd.h
configure:4915: gcc -c -O2 -I/home/user/workdir/openwrt-fs/openwrt-23.05.5/staging_dir/host/include      -I/home/user/workdir/openwrt-fs/openwrt-23.05.5/staging_dir/host/include  conftest.c >&5
configure:4915: $? = 0
configure:4915: result: yes
configure:4928: checking minix/config.h usability
configure:4928: gcc -c -O2 -I/home/user/workdir/openwrt-fs/openwrt-23.05.5/staging_dir/host/include      -I/home/user/workdir/openwrt-fs/openwrt-23.05.5/staging_dir/host/include  conftest.c >&5
conftest.c:54:10: fatal error: minix/config.h: No such file or directory
   54 | #include <minix/config.h>
      |          ^~~~~~~~~~~~~~~~
compilation terminated.
configure:4928: $? = 1
configure: failed program was:
| /* confdefs.h */
| #define PACKAGE_NAME "bfd"
| #define PACKAGE_TARNAME "bfd"
| #define PACKAGE_VERSION "2.38.50"
| #define PACKAGE_STRING "bfd 2.38.50"
| #define PACKAGE_BUGREPORT ""
| #define PACKAGE_URL ""
| #define PACKAGE "bfd"
| #define VERSION "2.38.50"
| #define STDC_HEADERS 1
| #define HAVE_SYS_TYPES_H 1
| #define HAVE_SYS_STAT_H 1
| #define HAVE_STDLIB_H 1
| #define HAVE_STRING_H 1
| #define HAVE_MEMORY_H 1
| #define HAVE_STRINGS_H 1
| #define HAVE_INTTYPES_H 1
| #define HAVE_STDINT_H 1
| #define HAVE_UNISTD_H 1
| /* end confdefs.h.  */
| #include <stdio.h>
| #ifdef HAVE_SYS_TYPES_H
| # include <sys/types.h>
| #endif
| #ifdef HAVE_SYS_STAT_H
| # include <sys/stat.h>
| #endif
| #ifdef STDC_HEADERS
| # include <stdlib.h>
| # include <stddef.h>
| #else
| # ifdef HAVE_STDLIB_H
| #  include <stdlib.h>
| # endif
| #endif
| #ifdef HAVE_STRING_H
| # if !defined STDC_HEADERS && defined HAVE_MEMORY_H
| #  include <memory.h>
| # endif
| # include <string.h>
| #endif
| #ifdef HAVE_STRINGS_H
| # include <strings.h>
| #endif
| #ifdef HAVE_INTTYPES_H
| # include <inttypes.h>
| #endif
| #ifdef HAVE_STDINT_H
| # include <stdint.h>
| #endif
| #ifdef HAVE_UNISTD_H
| # include <unistd.h>
| #endif
| #include <minix/config.h>
configure:4928: result: no
configure:4928: checking minix/config.h presence
configure:4928: gcc -E -I/home/user/workdir/openwrt-fs/openwrt-23.05.5/staging_dir/host/include  conftest.c
conftest.c:21:10: fatal error: minix/config.h: No such file or directory
   21 | #include <minix/config.h>
      |          ^~~~~~~~~~~~~~~~
compilation terminated.
configure:4928: $? = 1
configure: failed program was:
| /* confdefs.h */
| #define PACKAGE_NAME "bfd"
| #define PACKAGE_TARNAME "bfd"
| #define PACKAGE_VERSION "2.38.50"
| #define PACKAGE_STRING "bfd 2.38.50"
| #define PACKAGE_BUGREPORT ""
| #define PACKAGE_URL ""
| #define PACKAGE "bfd"
| #define VERSION "2.38.50"
| #define STDC_HEADERS 1
| #define HAVE_SYS_TYPES_H 1
| #define HAVE_SYS_STAT_H 1
| #define HAVE_STDLIB_H 1
| #define HAVE_STRING_H 1
| #define HAVE_MEMORY_H 1
| #define HAVE_STRINGS_H 1
| #define HAVE_INTTYPES_H 1
| #define HAVE_STDINT_H 1
| #define HAVE_UNISTD_H 1
| /* end confdefs.h.  */
| #include <minix/config.h>
configure:4928: result: no
configure:4928: checking for minix/config.h
configure:4928: result: no
configure:4949: checking whether it is safe to define __EXTENSIONS__
configure:4967: gcc -c -O2 -I/home/user/workdir/openwrt-fs/openwrt-23.05.5/staging_dir/host/include      -I/home/user/workdir/openwrt-fs/openwrt-23.05.5/staging_dir/host/include  conftest.c >&5
configure:4967: $? = 0
configure:4974: result: yes
configure:5037: checking how to print strings
configure:5064: result: printf
configure:5085: checking for a sed that does not truncate output
configure:5149: result: /home/user/workdir/openwrt-fs/openwrt-23.05.5/staging_dir/host/bin/sed
configure:5167: checking for fgrep
configure:5229: result: /home/user/workdir/openwrt-fs/openwrt-23.05.5/staging_dir/host/bin/grep -F
configure:5264: checking for ld used by gcc
configure:5331: result: ld
configure:5338: checking if the linker (ld) is GNU ld
configure:5353: result: yes
configure:5365: checking for BSD- or MS-compatible name lister (nm)
configure:5415: result: /usr/bin/nm -B
configure:5545: checking the name lister (/usr/bin/nm -B) interface
configure:5552: gcc -c -O2 -I/home/user/workdir/openwrt-fs/openwrt-23.05.5/staging_dir/host/include      -I/home/user/workdir/openwrt-fs/openwrt-23.05.5/staging_dir/host/include  conftest.c >&5
configure:5555: /usr/bin/nm -B "conftest.o"
configure:5558: output
0000000000000000 B some_variable
configure:5559: result: BSD nm
configure:5562: checking whether ln -s works
configure:5566: result: yes
configure:5574: checking the maximum length of command line arguments
configure:5699: result: 1572864
configure:5716: checking whether the shell understands some XSI constructs
configure:5725: result: yes
configure:5729: checking whether the shell understands "+="
configure:5733: result: yes
configure:5768: checking for ld option to reload object files
configure:5775: result: -r
configure:5804: checking for x86_64-pc-linux-gnu-objdump
configure:5831: result: objdump
configure:5903: checking how to recognize dependent libraries
configure:6104: result: pass_all
configure:6137: checking for x86_64-pc-linux-gnu-ar
configure:6164: result: ar --plugin /usr/lib/gcc/x86_64-linux-gnu/9/liblto_plugin.so
configure:6255: checking for x86_64-pc-linux-gnu-strip
configure:6285: result: no
configure:6295: checking for strip
configure:6311: found /usr/bin/strip
configure:6322: result: strip
configure:6354: checking for x86_64-pc-linux-gnu-ranlib
configure:6381: result: ranlib --plugin /usr/lib/gcc/x86_64-linux-gnu/9/liblto_plugin.so
configure:6528: checking command to parse /usr/bin/nm -B output from gcc object
configure:6646: gcc -c -O2 -I/home/user/workdir/openwrt-fs/openwrt-23.05.5/staging_dir/host/include      -I/home/user/workdir/openwrt-fs/openwrt-23.05.5/staging_dir/host/include  conftest.c >&5
configure:6649: $? = 0
configure:6653: /usr/bin/nm -B conftest.o \| sed -n -e 's/^.*[ ]\([ABCDGIRSTW][ABCDGIRSTW]*\)[ ][ ]*\([_A-Za-z][_A-Za-z0-9]*\)$/\1 \2 \2/p' \> conftest.nm
configure:6656: $? = 0
configure:6710: gcc -o conftest -O2 -I/home/user/workdir/openwrt-fs/openwrt-23.05.5/staging_dir/host/include      -I/home/user/workdir/openwrt-fs/openwrt-23.05.5/staging_dir/host/include   -L/home/user/workdir/openwrt-fs/openwrt-23.05.5/staging_dir/host/lib  conftest.c conftstm.o >&5
configure:6713: $? = 0
configure:6751: result: ok
configure:6846: gcc -c -O2 -I/home/user/workdir/openwrt-fs/openwrt-23.05.5/staging_dir/host/include      -I/home/user/workdir/openwrt-fs/openwrt-23.05.5/staging_dir/host/include  conftest.c >&5
configure:6849: $? = 0
configure:7599: checking for dlfcn.h
configure:7599: gcc -c -O2 -I/home/user/workdir/openwrt-fs/openwrt-23.05.5/staging_dir/host/include      -I/home/user/workdir/openwrt-fs/openwrt-23.05.5/staging_dir/host/include  conftest.c >&5
configure:7599: $? = 0
configure:7599: result: yes
configure:7755: checking for objdir
configure:7770: result: .libs
configure:8041: checking if gcc supports -fno-rtti -fno-exceptions
configure:8059: gcc -c -O2 -I/home/user/workdir/openwrt-fs/openwrt-23.05.5/staging_dir/host/include      -I/home/user/workdir/openwrt-fs/openwrt-23.05.5/staging_dir/host/include  -fno-rtti -fno-exceptions conftest.c >&5
cc1: warning: command line option '-fno-rtti' is valid for C++/D/ObjC++ but not for C
configure:8063: $? = 0
configure:8076: result: no
configure:8096: checking for gcc option to produce PIC
configure:8382: result: -fPIC -DPIC
configure:8394: checking if gcc PIC flag -fPIC -DPIC works
configure:8412: gcc -c -O2 -I/home/user/workdir/openwrt-fs/openwrt-23.05.5/staging_dir/host/include      -I/home/user/workdir/openwrt-fs/openwrt-23.05.5/staging_dir/host/include  -fPIC -DPIC -DPIC conftest.c >&5
configure:8416: $? = 0
configure:8429: result: yes
configure:8453: checking if gcc static flag -static works
configure:8481: result: yes
configure:8496: checking if gcc supports -c -o file.o
configure:8517: gcc -c -O2 -I/home/user/workdir/openwrt-fs/openwrt-23.05.5/staging_dir/host/include      -I/home/user/workdir/openwrt-fs/openwrt-23.05.5/staging_dir/host/include  -o out/conftest2.o conftest.c >&5
configure:8521: $? = 0
configure:8543: result: yes
configure:8551: checking if gcc supports -c -o file.o
configure:8598: result: yes
configure:8631: checking whether the gcc linker (ld -m elf_x86_64) supports shared libraries
configure:9702: result: yes
configure:9947: checking dynamic linker characteristics
configure:10388: gcc -o conftest -O2 -I/home/user/workdir/openwrt-fs/openwrt-23.05.5/staging_dir/host/include      -I/home/user/workdir/openwrt-fs/openwrt-23.05.5/staging_dir/host/include   -L/home/user/workdir/openwrt-fs/openwrt-23.05.5/staging_dir/host/lib  -Wl,-rpath -Wl,/foo conftest.c  >&5
configure:10388: $? = 0
configure:10610: result: GNU/Linux ld.so
configure:10717: checking how to hardcode library paths into programs
configure:10742: result: immediate
configure:10836: checking for shl_load
configure:10836: gcc -o conftest -O2 -I/home/user/workdir/openwrt-fs/openwrt-23.05.5/staging_dir/host/include      -I/home/user/workdir/openwrt-fs/openwrt-23.05.5/staging_dir/host/include   -L/home/user/workdir/openwrt-fs/openwrt-23.05.5/staging_dir/host/lib  conftest.c  >&5
/usr/bin/ld: /home/user/workdir/openwrt-fs/openwrt-23.05.5/tmp/cccCAZRk.o: in function `main':
conftest.c:(.text.startup+0xb): undefined reference to `shl_load'
collect2: error: ld returned 1 exit status
configure:10836: $? = 1
configure: failed program was:
| /* confdefs.h */
| #define PACKAGE_NAME "bfd"
| #define PACKAGE_TARNAME "bfd"
| #define PACKAGE_VERSION "2.38.50"
| #define PACKAGE_STRING "bfd 2.38.50"
| #define PACKAGE_BUGREPORT ""
| #define PACKAGE_URL ""
| #define PACKAGE "bfd"
| #define VERSION "2.38.50"
| #define STDC_HEADERS 1
| #define HAVE_SYS_TYPES_H 1
| #define HAVE_SYS_STAT_H 1
| #define HAVE_STDLIB_H 1
| #define HAVE_STRING_H 1
| #define HAVE_MEMORY_H 1
| #define HAVE_STRINGS_H 1
| #define HAVE_INTTYPES_H 1
| #define HAVE_STDINT_H 1
| #define HAVE_UNISTD_H 1
| #define __EXTENSIONS__ 1
| #define _ALL_SOURCE 1
| #define _GNU_SOURCE 1
| #define _POSIX_PTHREAD_SEMANTICS 1
| #define _TANDEM_SOURCE 1
| #define HAVE_DLFCN_H 1
| #define LT_OBJDIR ".libs/"
| /* end confdefs.h.  */
| /* Define shl_load to an innocuous variant, in case <limits.h> declares shl_load.
|    For example, HP-UX 11i <limits.h> declares gettimeofday.  */
| #define shl_load innocuous_shl_load
| 
| /* System header to define __stub macros and hopefully few prototypes,
|     which can conflict with char shl_load (); below.
|     Prefer <limits.h> to <assert.h> if __STDC__ is defined, since
|     <limits.h> exists even on freestanding compilers.  */
| 
| #ifdef __STDC__
| # include <limits.h>
| #else
| # include <assert.h>
| #endif
| 
| #undef shl_load
| 
| /* Override any GCC internal prototype to avoid an error.
|    Use char because int might match the return type of a GCC
|    builtin and then its argument prototype would still apply.  */
| #ifdef __cplusplus
| extern "C"
| #endif
| char shl_load ();
| /* The GNU C library defines this for functions which it implements
|     to always fail with ENOSYS.  Some functions are actually named
|     something starting with __ and the normal name is an alias.  */
| #if defined __stub_shl_load || defined __stub___shl_load
| choke me
| #endif
| 
| int
| main ()
| {
| return shl_load ();
|   ;
|   return 0;
| }
configure:10836: result: no
configure:10840: checking for shl_load in -ldld
configure:10865: gcc -o conftest -O2 -I/home/user/workdir/openwrt-fs/openwrt-23.05.5/staging_dir/host/include      -I/home/user/workdir/openwrt-fs/openwrt-23.05.5/staging_dir/host/include   -L/home/user/workdir/openwrt-fs/openwrt-23.05.5/staging_dir/host/lib  conftest.c -ldld   >&5
/usr/bin/ld: cannot find -ldld
collect2: error: ld returned 1 exit status
configure:10865: $? = 1
configure: failed program was:
| /* confdefs.h */
| #define PACKAGE_NAME "bfd"
| #define PACKAGE_TARNAME "bfd"
| #define PACKAGE_VERSION "2.38.50"
| #define PACKAGE_STRING "bfd 2.38.50"
| #define PACKAGE_BUGREPORT ""
| #define PACKAGE_URL ""
| #define PACKAGE "bfd"
| #define VERSION "2.38.50"
| #define STDC_HEADERS 1
| #define HAVE_SYS_TYPES_H 1
| #define HAVE_SYS_STAT_H 1
| #define HAVE_STDLIB_H 1
| #define HAVE_STRING_H 1
| #define HAVE_MEMORY_H 1
| #define HAVE_STRINGS_H 1
| #define HAVE_INTTYPES_H 1
| #define HAVE_STDINT_H 1
| #define HAVE_UNISTD_H 1
| #define __EXTENSIONS__ 1
| #define _ALL_SOURCE 1
| #define _GNU_SOURCE 1
| #define _POSIX_PTHREAD_SEMANTICS 1
| #define _TANDEM_SOURCE 1
| #define HAVE_DLFCN_H 1
| #define LT_OBJDIR ".libs/"
| /* end confdefs.h.  */
| 
| /* Override any GCC internal prototype to avoid an error.
|    Use char because int might match the return type of a GCC
|    builtin and then its argument prototype would still apply.  */
| #ifdef __cplusplus
| extern "C"
| #endif
| char shl_load ();
| int
| main ()
| {
| return shl_load ();
|   ;
|   return 0;
| }
configure:10874: result: no
configure:10879: checking for dlopen
configure:10879: gcc -o conftest -O2 -I/home/user/workdir/openwrt-fs/openwrt-23.05.5/staging_dir/host/include      -I/home/user/workdir/openwrt-fs/openwrt-23.05.5/staging_dir/host/include   -L/home/user/workdir/openwrt-fs/openwrt-23.05.5/staging_dir/host/lib  conftest.c  >&5
/usr/bin/ld: /home/user/workdir/openwrt-fs/openwrt-23.05.5/tmp/ccwaFEjM.o: in function `main':
conftest.c:(.text.startup+0xb): undefined reference to `dlopen'
collect2: error: ld returned 1 exit status
configure:10879: $? = 1
configure: failed program was:
| /* confdefs.h */
| #define PACKAGE_NAME "bfd"
| #define PACKAGE_TARNAME "bfd"
| #define PACKAGE_VERSION "2.38.50"
| #define PACKAGE_STRING "bfd 2.38.50"
| #define PACKAGE_BUGREPORT ""
| #define PACKAGE_URL ""
| #define PACKAGE "bfd"
| #define VERSION "2.38.50"
| #define STDC_HEADERS 1
| #define HAVE_SYS_TYPES_H 1
| #define HAVE_SYS_STAT_H 1
| #define HAVE_STDLIB_H 1
| #define HAVE_STRING_H 1
| #define HAVE_MEMORY_H 1
| #define HAVE_STRINGS_H 1
| #define HAVE_INTTYPES_H 1
| #define HAVE_STDINT_H 1
| #define HAVE_UNISTD_H 1
| #define __EXTENSIONS__ 1
| #define _ALL_SOURCE 1
| #define _GNU_SOURCE 1
| #define _POSIX_PTHREAD_SEMANTICS 1
| #define _TANDEM_SOURCE 1
| #define HAVE_DLFCN_H 1
| #define LT_OBJDIR ".libs/"
| /* end confdefs.h.  */
| /* Define dlopen to an innocuous variant, in case <limits.h> declares dlopen.
|    For example, HP-UX 11i <limits.h> declares gettimeofday.  */
| #define dlopen innocuous_dlopen
| 
| /* System header to define __stub macros and hopefully few prototypes,
|     which can conflict with char dlopen (); below.
|     Prefer <limits.h> to <assert.h> if __STDC__ is defined, since
|     <limits.h> exists even on freestanding compilers.  */
| 
| #ifdef __STDC__
| # include <limits.h>
| #else
| # include <assert.h>
| #endif
| 
| #undef dlopen
| 
| /* Override any GCC internal prototype to avoid an error.
|    Use char because int might match the return type of a GCC
|    builtin and then its argument prototype would still apply.  */
| #ifdef __cplusplus
| extern "C"
| #endif
| char dlopen ();
| /* The GNU C library defines this for functions which it implements
|     to always fail with ENOSYS.  Some functions are actually named
|     something starting with __ and the normal name is an alias.  */
| #if defined __stub_dlopen || defined __stub___dlopen
| choke me
| #endif
| 
| int
| main ()
| {
| return dlopen ();
|   ;
|   return 0;
| }
configure:10879: result: no
configure:10883: checking for dlopen in -ldl
configure:10908: gcc -o conftest -O2 -I/home/user/workdir/openwrt-fs/openwrt-23.05.5/staging_dir/host/include      -I/home/user/workdir/openwrt-fs/openwrt-23.05.5/staging_dir/host/include   -L/home/user/workdir/openwrt-fs/openwrt-23.05.5/staging_dir/host/lib  conftest.c -ldl   >&5
configure:10908: $? = 0
configure:10917: result: yes
configure:11036: checking whether a program can dlopen itself
configure:11116: gcc -o conftest -O2 -I/home/user/workdir/openwrt-fs/openwrt-23.05.5/staging_dir/host/include      -I/home/user/workdir/openwrt-fs/openwrt-23.05.5/staging_dir/host/include  -DHAVE_DLFCN_H  -L/home/user/workdir/openwrt-fs/openwrt-23.05.5/staging_dir/host/lib  -Wl,--export-dynamic conftest.c -ldl  >&5
configure:11119: $? = 0
configure:11137: result: yes
configure:11142: checking whether a statically linked program can dlopen itself
configure:11222: gcc -o conftest -O2 -I/home/user/workdir/openwrt-fs/openwrt-23.05.5/staging_dir/host/include      -I/home/user/workdir/openwrt-fs/openwrt-23.05.5/staging_dir/host/include  -DHAVE_DLFCN_H  -L/home/user/workdir/openwrt-fs/openwrt-23.05.5/staging_dir/host/lib  -Wl,--export-dynamic -static conftest.c -ldl  >&5
/usr/bin/ld: /home/user/workdir/openwrt-fs/openwrt-23.05.5/tmp/cc9ApYGu.o: in function `main':
conftest.c:(.text.startup+0xd): warning: Using 'dlopen' in statically linked applications requires at runtime the shared libraries from the glibc version used for linking
configure:11225: $? = 0
conftest: undefined symbol: _fnord
configure:11243: result: no
configure:11282: checking whether stripping libraries is possible
configure:11287: result: yes
configure:11322: checking if libtool supports shared libraries
configure:11324: result: yes
configure:11327: checking whether to build shared libraries
configure:11348: result: no
configure:11351: checking whether to build static libraries
configure:11355: result: yes
configure:8562: checking for dlfcn.h
configure:8562: result: yes
configure:8575: checking for windows.h
configure:8575: gcc -c -O2 -I/home/user/workdir/openwrt-fs/openwrt-23.05.5/staging_dir/host/include      -I/home/user/workdir/openwrt-fs/openwrt-23.05.5/staging_dir/host/include  conftest.c >&5
conftest.c:63:10: fatal error: windows.h: No such file or directory
   63 | #include <windows.h>
      |          ^~~~~~~~~~~
compilation terminated.
configure:8575: $? = 1
configure: failed program was:
| /* confdefs.h */
| #define PACKAGE_NAME "bfd"
| #define PACKAGE_TARNAME "bfd"
| #define PACKAGE_VERSION "2.38.50"
| #define PACKAGE_STRING "bfd 2.38.50"
| #define PACKAGE_BUGREPORT ""
| #define PACKAGE_URL ""
| #define PACKAGE "bfd"
| #define VERSION "2.38.50"
| #define STDC_HEADERS 1
| #define HAVE_SYS_TYPES_H 1
| #define HAVE_SYS_STAT_H 1
| #define HAVE_STDLIB_H 1
| #define HAVE_STRING_H 1
| #define HAVE_MEMORY_H 1
| #define HAVE_STRINGS_H 1
| #define HAVE_INTTYPES_H 1
| #define HAVE_STDINT_H 1
| #define HAVE_UNISTD_H 1
| #define __EXTENSIONS__ 1
| #define _ALL_SOURCE 1
| #define _GNU_SOURCE 1
| #define _POSIX_PTHREAD_SEMANTICS 1
| #define _TANDEM_SOURCE 1
| #define HAVE_DLFCN_H 1
| #define LT_OBJDIR ".libs/"
| #define HAVE_DLFCN_H 1
| /* end confdefs.h.  */
| #include <stdio.h>
| #ifdef HAVE_SYS_TYPES_H
| # include <sys/types.h>
| #endif
| #ifdef HAVE_SYS_STAT_H
| # include <sys/stat.h>
| #endif
| #ifdef STDC_HEADERS
| # include <stdlib.h>
| # include <stddef.h>
| #else
| # ifdef HAVE_STDLIB_H
| #  include <stdlib.h>
| # endif
| #endif
| #ifdef HAVE_STRING_H
| # if !defined STDC_HEADERS && defined HAVE_MEMORY_H
| #  include <memory.h>
| # endif
| # include <string.h>
| #endif
| #ifdef HAVE_STRINGS_H
| # include <strings.h>
| #endif
| #ifdef HAVE_INTTYPES_H
| # include <inttypes.h>
| #endif
| #ifdef HAVE_STDINT_H
| # include <stdint.h>
| #endif
| #ifdef HAVE_UNISTD_H
| # include <unistd.h>
| #endif
| 
| #include <windows.h>
configure:8575: result: no
configure:8602: checking for library containing dlsym
configure:8633: gcc -o conftest -O2 -I/home/user/workdir/openwrt-fs/openwrt-23.05.5/staging_dir/host/include      -I/home/user/workdir/openwrt-fs/openwrt-23.05.5/staging_dir/host/include   -L/home/user/workdir/openwrt-fs/openwrt-23.05.5/staging_dir/host/lib  conftest.c  >&5
/usr/bin/ld: /home/user/workdir/openwrt-fs/openwrt-23.05.5/tmp/ccsJeHGn.o: in function `main':
conftest.c:(.text.startup+0xb): undefined reference to `dlsym'
collect2: error: ld returned 1 exit status
configure:8633: $? = 1
configure: failed program was:
| /* confdefs.h */
| #define PACKAGE_NAME "bfd"
| #define PACKAGE_TARNAME "bfd"
| #define PACKAGE_VERSION "2.38.50"
| #define PACKAGE_STRING "bfd 2.38.50"
| #define PACKAGE_BUGREPORT ""
| #define PACKAGE_URL ""
| #define PACKAGE "bfd"
| #define VERSION "2.38.50"
| #define STDC_HEADERS 1
| #define HAVE_SYS_TYPES_H 1
| #define HAVE_SYS_STAT_H 1
| #define HAVE_STDLIB_H 1
| #define HAVE_STRING_H 1
| #define HAVE_MEMORY_H 1
| #define HAVE_STRINGS_H 1
| #define HAVE_INTTYPES_H 1
| #define HAVE_STDINT_H 1
| #define HAVE_UNISTD_H 1
| #define __EXTENSIONS__ 1
| #define _ALL_SOURCE 1
| #define _GNU_SOURCE 1
| #define _POSIX_PTHREAD_SEMANTICS 1
| #define _TANDEM_SOURCE 1
| #define HAVE_DLFCN_H 1
| #define LT_OBJDIR ".libs/"
| #define HAVE_DLFCN_H 1
| /* end confdefs.h.  */
| 
| /* Override any GCC internal prototype to avoid an error.
|    Use char because int might match the return type of a GCC
|    builtin and then its argument prototype would still apply.  */
| #ifdef __cplusplus
| extern "C"
| #endif
| char dlsym ();
| int
| main ()
| {
| return dlsym ();
|   ;
|   return 0;
| }
configure:8633: gcc -o conftest -O2 -I/home/user/workdir/openwrt-fs/openwrt-23.05.5/staging_dir/host/include      -I/home/user/workdir/openwrt-fs/openwrt-23.05.5/staging_dir/host/include   -L/home/user/workdir/openwrt-fs/openwrt-23.05.5/staging_dir/host/lib  conftest.c -ldl   >&5
configure:8633: $? = 0
configure:8650: result: -ldl
configure:8722: checking for special C compiler options needed for large files
configure:8767: result: no
configure:8773: checking for _FILE_OFFSET_BITS value needed for large files
configure:8798: gcc -c -O2 -I/home/user/workdir/openwrt-fs/openwrt-23.05.5/staging_dir/host/include      -I/home/user/workdir/openwrt-fs/openwrt-23.05.5/staging_dir/host/include  conftest.c >&5
configure:8798: $? = 0
configure:8830: result: no
configure:8985: checking size of void *
configure:8990: gcc -o conftest -O2 -I/home/user/workdir/openwrt-fs/openwrt-23.05.5/staging_dir/host/include      -I/home/user/workdir/openwrt-fs/openwrt-23.05.5/staging_dir/host/include   -L/home/user/workdir/openwrt-fs/openwrt-23.05.5/staging_dir/host/lib  conftest.c -ldl  >&5
configure:8990: $? = 0
configure:8990: ./conftest
configure:8990: $? = 0
configure:9004: result: 8
gcc: error: CPPFLAGS_FOR_BUILD@: No such file or directory
gcc: error: CPPFLAGS_FOR_BUILD@: No such file or directory
configure:9341: checking whether to enable maintainer-specific portions of Makefiles
configure:9350: result: no
configure:9386: checking whether to install libbfd
configure:9399: result: no
configure:9449: checking whether NLS is requested
configure:9455: result: yes
configure:9461: checking for catalogs to be installed
configure:9493: result:  da es fi fr hr id ja pt ro ru rw sr sv tr uk vi zh_CN da es fi fr hr id ja pt ro ru rw sr sv tr uk vi zh_CN
configure:9520: checking whether NLS is requested
configure:9529: result: yes
configure:9567: checking for msgfmt
configure:9598: result: /usr/bin/msgfmt
configure:9607: checking for gmsgfmt
configure:9638: result: /usr/bin/msgfmt
configure:9678: checking for xgettext
configure:9709: result: /usr/bin/xgettext
configure:9749: checking for msgmerge
configure:9779: result: /usr/bin/msgmerge
configure:9832: checking size of long long
configure:9837: gcc -o conftest -O2 -I/home/user/workdir/openwrt-fs/openwrt-23.05.5/staging_dir/host/include      -I/home/user/workdir/openwrt-fs/openwrt-23.05.5/staging_dir/host/include   -L/home/user/workdir/openwrt-fs/openwrt-23.05.5/staging_dir/host/lib  conftest.c -ldl  >&5
configure:9837: $? = 0
configure:9837: ./conftest
configure:9837: $? = 0
configure:9851: result: 8
configure:9865: checking size of void *
configure:9884: result: 8
configure:9898: checking size of long
configure:9903: gcc -o conftest -O2 -I/home/user/workdir/openwrt-fs/openwrt-23.05.5/staging_dir/host/include      -I/home/user/workdir/openwrt-fs/openwrt-23.05.5/staging_dir/host/include   -L/home/user/workdir/openwrt-fs/openwrt-23.05.5/staging_dir/host/lib  conftest.c -ldl  >&5
configure:9903: $? = 0
configure:9903: ./conftest
configure:9903: $? = 0
configure:9917: result: 8
configure:9931: checking size of int
configure:9936: gcc -o conftest -O2 -I/home/user/workdir/openwrt-fs/openwrt-23.05.5/staging_dir/host/include      -I/home/user/workdir/openwrt-fs/openwrt-23.05.5/staging_dir/host/include   -L/home/user/workdir/openwrt-fs/openwrt-23.05.5/staging_dir/host/lib  conftest.c -ldl  >&5
configure:9936: $? = 0
configure:9936: ./conftest
configure:9936: $? = 0
configure:9950: result: 4
configure:10033: checking fcntl.h usability
configure:10033: gcc -c -O2 -I/home/user/workdir/openwrt-fs/openwrt-23.05.5/staging_dir/host/include      -I/home/user/workdir/openwrt-fs/openwrt-23.05.5/staging_dir/host/include  conftest.c >&5
configure:10033: $? = 0
configure:10033: result: yes
configure:10033: checking fcntl.h presence
configure:10033: gcc -E -I/home/user/workdir/openwrt-fs/openwrt-23.05.5/staging_dir/host/include  conftest.c
configure:10033: $? = 0
configure:10033: result: yes
configure:10033: checking for fcntl.h
configure:10033: result: yes
configure:10033: checking sys/file.h usability
configure:10033: gcc -c -O2 -I/home/user/workdir/openwrt-fs/openwrt-23.05.5/staging_dir/host/include      -I/home/user/workdir/openwrt-fs/openwrt-23.05.5/staging_dir/host/include  conftest.c >&5
configure:10033: $? = 0
configure:10033: result: yes
configure:10033: checking sys/file.h presence
configure:10033: gcc -E -I/home/user/workdir/openwrt-fs/openwrt-23.05.5/staging_dir/host/include  conftest.c
configure:10033: $? = 0
configure:10033: result: yes
configure:10033: checking for sys/file.h
configure:10033: result: yes
configure:10033: checking sys/resource.h usability
configure:10033: gcc -c -O2 -I/home/user/workdir/openwrt-fs/openwrt-23.05.5/staging_dir/host/include      -I/home/user/workdir/openwrt-fs/openwrt-23.05.5/staging_dir/host/include  conftest.c >&5
configure:10033: $? = 0
configure:10033: result: yes
configure:10033: checking sys/resource.h presence
configure:10033: gcc -E -I/home/user/workdir/openwrt-fs/openwrt-23.05.5/staging_dir/host/include  conftest.c
configure:10033: $? = 0
configure:10033: result: yes
configure:10033: checking for sys/resource.h
configure:10033: result: yes
configure:10033: checking for sys/stat.h
configure:10033: result: yes
configure:10033: checking for sys/types.h
configure:10033: result: yes
configure:10033: checking for unistd.h
configure:10033: result: yes
configure:10048: checking for fcntl
configure:10048: gcc -o conftest -O2 -I/home/user/workdir/openwrt-fs/openwrt-23.05.5/staging_dir/host/include      -I/home/user/workdir/openwrt-fs/openwrt-23.05.5/staging_dir/host/include   -L/home/user/workdir/openwrt-fs/openwrt-23.05.5/staging_dir/host/lib  conftest.c -ldl  >&5
configure:10048: $? = 0
configure:10048: result: yes
configure:10048: checking for fdopen
configure:10048: gcc -o conftest -O2 -I/home/user/workdir/openwrt-fs/openwrt-23.05.5/staging_dir/host/include      -I/home/user/workdir/openwrt-fs/openwrt-23.05.5/staging_dir/host/include   -L/home/user/workdir/openwrt-fs/openwrt-23.05.5/staging_dir/host/lib  conftest.c -ldl  >&5
configure:10048: $? = 0
configure:10048: result: yes
configure:10048: checking for fileno
configure:10048: gcc -o conftest -O2 -I/home/user/workdir/openwrt-fs/openwrt-23.05.5/staging_dir/host/include      -I/home/user/workdir/openwrt-fs/openwrt-23.05.5/staging_dir/host/include   -L/home/user/workdir/openwrt-fs/openwrt-23.05.5/staging_dir/host/lib  conftest.c -ldl  >&5
configure:10048: $? = 0
configure:10048: result: yes
configure:10048: checking for fls
configure:10048: gcc -o conftest -O2 -I/home/user/workdir/openwrt-fs/openwrt-23.05.5/staging_dir/host/include      -I/home/user/workdir/openwrt-fs/openwrt-23.05.5/staging_dir/host/include   -L/home/user/workdir/openwrt-fs/openwrt-23.05.5/staging_dir/host/lib  conftest.c -ldl  >&5
/usr/bin/ld: /home/user/workdir/openwrt-fs/openwrt-23.05.5/tmp/ccSlqWSq.o: in function `main':
conftest.c:(.text.startup+0xb): undefined reference to `fls'
collect2: error: ld returned 1 exit status
configure:10048: $? = 1
configure: failed program was:
| /* confdefs.h */
| #define PACKAGE_NAME "bfd"
| #define PACKAGE_TARNAME "bfd"
| #define PACKAGE_VERSION "2.38.50"
| #define PACKAGE_STRING "bfd 2.38.50"
| #define PACKAGE_BUGREPORT ""
| #define PACKAGE_URL ""
| #define PACKAGE "bfd"
| #define VERSION "2.38.50"
| #define STDC_HEADERS 1
| #define HAVE_SYS_TYPES_H 1
| #define HAVE_SYS_STAT_H 1
| #define HAVE_STDLIB_H 1
| #define HAVE_STRING_H 1
| #define HAVE_MEMORY_H 1
| #define HAVE_STRINGS_H 1
| #define HAVE_INTTYPES_H 1
| #define HAVE_STDINT_H 1
| #define HAVE_UNISTD_H 1
| #define __EXTENSIONS__ 1
| #define _ALL_SOURCE 1
| #define _GNU_SOURCE 1
| #define _POSIX_PTHREAD_SEMANTICS 1
| #define _TANDEM_SOURCE 1
| #define HAVE_DLFCN_H 1
| #define LT_OBJDIR ".libs/"
| #define HAVE_DLFCN_H 1
| #define SIZEOF_VOID_P 8
| #define USE_SECUREPLT 1
| #define DEFAULT_LD_Z_SEPARATE_CODE 0
| #define ENABLE_NLS 1
| #define SIZEOF_LONG_LONG 8
| #define SIZEOF_VOID_P 8
| #define SIZEOF_LONG 8
| #define SIZEOF_INT 4
| #define HAVE_FCNTL_H 1
| #define HAVE_SYS_FILE_H 1
| #define HAVE_SYS_RESOURCE_H 1
| #define HAVE_SYS_STAT_H 1
| #define HAVE_SYS_TYPES_H 1
| #define HAVE_UNISTD_H 1
| #define HAVE_FCNTL 1
| #define HAVE_FDOPEN 1
| #define HAVE_FILENO 1
| /* end confdefs.h.  */
| /* Define fls to an innocuous variant, in case <limits.h> declares fls.
|    For example, HP-UX 11i <limits.h> declares gettimeofday.  */
| #define fls innocuous_fls
| 
| /* System header to define __stub macros and hopefully few prototypes,
|     which can conflict with char fls (); below.
|     Prefer <limits.h> to <assert.h> if __STDC__ is defined, since
|     <limits.h> exists even on freestanding compilers.  */
| 
| #ifdef __STDC__
| # include <limits.h>
| #else
| # include <assert.h>
| #endif
| 
| #undef fls
| 
| /* Override any GCC internal prototype to avoid an error.
|    Use char because int might match the return type of a GCC
|    builtin and then its argument prototype would still apply.  */
| #ifdef __cplusplus
| extern "C"
| #endif
| char fls ();
| /* The GNU C library defines this for functions which it implements
|     to always fail with ENOSYS.  Some functions are actually named
|     something starting with __ and the normal name is an alias.  */
| #if defined __stub_fls || defined __stub___fls
| choke me
| #endif
| 
| int
| main ()
| {
| return fls ();
|   ;
|   return 0;
| }
configure:10048: result: no
configure:10048: checking for getgid
configure:10048: gcc -o conftest -O2 -I/home/user/workdir/openwrt-fs/openwrt-23.05.5/staging_dir/host/include      -I/home/user/workdir/openwrt-fs/openwrt-23.05.5/staging_dir/host/include   -L/home/user/workdir/openwrt-fs/openwrt-23.05.5/staging_dir/host/lib  conftest.c -ldl  >&5
configure:10048: $? = 0
configure:10048: result: yes
configure:10048: checking for getpagesize
configure:10048: gcc -o conftest -O2 -I/home/user/workdir/openwrt-fs/openwrt-23.05.5/staging_dir/host/include      -I/home/user/workdir/openwrt-fs/openwrt-23.05.5/staging_dir/host/include   -L/home/user/workdir/openwrt-fs/openwrt-23.05.5/staging_dir/host/lib  conftest.c -ldl  >&5
configure:10048: $? = 0
configure:10048: result: yes
configure:10048: checking for getrlimit
configure:10048: gcc -o conftest -O2 -I/home/user/workdir/openwrt-fs/openwrt-23.05.5/staging_dir/host/include      -I/home/user/workdir/openwrt-fs/openwrt-23.05.5/staging_dir/host/include   -L/home/user/workdir/openwrt-fs/openwrt-23.05.5/staging_dir/host/lib  conftest.c -ldl  >&5
configure:10048: $? = 0
configure:10048: result: yes
configure:10048: checking for getuid
configure:10048: gcc -o conftest -O2 -I/home/user/workdir/openwrt-fs/openwrt-23.05.5/staging_dir/host/include      -I/home/user/workdir/openwrt-fs/openwrt-23.05.5/staging_dir/host/include   -L/home/user/workdir/openwrt-fs/openwrt-23.05.5/staging_dir/host/lib  conftest.c -ldl  >&5
configure:10048: $? = 0
configure:10048: result: yes
configure:10048: checking for sysconf
configure:10048: gcc -o conftest -O2 -I/home/user/workdir/openwrt-fs/openwrt-23.05.5/staging_dir/host/include      -I/home/user/workdir/openwrt-fs/openwrt-23.05.5/staging_dir/host/include   -L/home/user/workdir/openwrt-fs/openwrt-23.05.5/staging_dir/host/lib  conftest.c -ldl  >&5
configure:10048: $? = 0
configure:10048: result: yes
configure:10058: checking whether basename is declared
configure:10058: gcc -c -O2 -I/home/user/workdir/openwrt-fs/openwrt-23.05.5/staging_dir/host/include      -I/home/user/workdir/openwrt-fs/openwrt-23.05.5/staging_dir/host/include  conftest.c >&5
configure:10058: $? = 0
configure:10058: result: yes
configure:10068: checking whether ffs is declared
configure:10068: gcc -c -O2 -I/home/user/workdir/openwrt-fs/openwrt-23.05.5/staging_dir/host/include      -I/home/user/workdir/openwrt-fs/openwrt-23.05.5/staging_dir/host/include  conftest.c >&5
configure:10068: $? = 0
configure:10068: result: yes
configure:10078: checking whether stpcpy is declared
configure:10078: gcc -c -O2 -I/home/user/workdir/openwrt-fs/openwrt-23.05.5/staging_dir/host/include      -I/home/user/workdir/openwrt-fs/openwrt-23.05.5/staging_dir/host/include  conftest.c >&5
configure:10078: $? = 0
configure:10078: result: yes
configure:10088: checking whether asprintf is declared
configure:10088: gcc -c -O2 -I/home/user/workdir/openwrt-fs/openwrt-23.05.5/staging_dir/host/include      -I/home/user/workdir/openwrt-fs/openwrt-23.05.5/staging_dir/host/include  conftest.c >&5
configure:10088: $? = 0
configure:10088: result: yes
configure:10098: checking whether vasprintf is declared
configure:10098: gcc -c -O2 -I/home/user/workdir/openwrt-fs/openwrt-23.05.5/staging_dir/host/include      -I/home/user/workdir/openwrt-fs/openwrt-23.05.5/staging_dir/host/include  conftest.c >&5
configure:10098: $? = 0
configure:10098: result: yes
configure:10108: checking whether strnlen is declared
configure:10108: gcc -c -O2 -I/home/user/workdir/openwrt-fs/openwrt-23.05.5/staging_dir/host/include      -I/home/user/workdir/openwrt-fs/openwrt-23.05.5/staging_dir/host/include  conftest.c >&5
configure:10108: $? = 0
configure:10108: result: yes
configure:10150: checking compiler support for hidden visibility
configure:10168: gcc -c -O2 -I/home/user/workdir/openwrt-fs/openwrt-23.05.5/staging_dir/host/include      -Werror -I/home/user/workdir/openwrt-fs/openwrt-23.05.5/staging_dir/host/include  conftest.c >&5
configure:10168: $? = 0
configure:10175: result: yes
configure:10185: checking linker --as-needed support
configure:10196: result: yes
configure:10287: checking for cos in -lm
configure:10312: gcc -o conftest -O2 -I/home/user/workdir/openwrt-fs/openwrt-23.05.5/staging_dir/host/include      -I/home/user/workdir/openwrt-fs/openwrt-23.05.5/staging_dir/host/include   -L/home/user/workdir/openwrt-fs/openwrt-23.05.5/staging_dir/host/lib  conftest.c -lm  -ldl  >&5
conftest.c:65:6: warning: conflicting types for built-in function 'cos'; expected 'double(double)' [-Wbuiltin-declaration-mismatch]
   65 | char cos ();
      |      ^~~
conftest.c:1:1: note: 'cos' is declared in header '<math.h>'
    1 | /* confdefs.h */
configure:10312: $? = 0
configure:10321: result: yes
configure:10834: checking for gcc version with buggy 64-bit support
configure:10847: result: no
configure:11885: checking for ftello
configure:11885: gcc -o conftest -O2 -I/home/user/workdir/openwrt-fs/openwrt-23.05.5/staging_dir/host/include      -I/home/user/workdir/openwrt-fs/openwrt-23.05.5/staging_dir/host/include   -L/home/user/workdir/openwrt-fs/openwrt-23.05.5/staging_dir/host/lib  conftest.c -ldl  >&5
configure:11885: $? = 0
configure:11885: result: yes
configure:11885: checking for ftello64
configure:11885: gcc -o conftest -O2 -I/home/user/workdir/openwrt-fs/openwrt-23.05.5/staging_dir/host/include      -I/home/user/workdir/openwrt-fs/openwrt-23.05.5/staging_dir/host/include   -L/home/user/workdir/openwrt-fs/openwrt-23.05.5/staging_dir/host/lib  conftest.c -ldl  >&5
configure:11885: $? = 0
configure:11885: result: yes
configure:11885: checking for fseeko
configure:11885: gcc -o conftest -O2 -I/home/user/workdir/openwrt-fs/openwrt-23.05.5/staging_dir/host/include      -I/home/user/workdir/openwrt-fs/openwrt-23.05.5/staging_dir/host/include   -L/home/user/workdir/openwrt-fs/openwrt-23.05.5/staging_dir/host/lib  conftest.c -ldl  >&5
configure:11885: $? = 0
configure:11885: result: yes
configure:11885: checking for fseeko64
configure:11885: gcc -o conftest -O2 -I/home/user/workdir/openwrt-fs/openwrt-23.05.5/staging_dir/host/include      -I/home/user/workdir/openwrt-fs/openwrt-23.05.5/staging_dir/host/include   -L/home/user/workdir/openwrt-fs/openwrt-23.05.5/staging_dir/host/lib  conftest.c -ldl  >&5
configure:11885: $? = 0
configure:11885: result: yes
configure:11885: checking for fopen64
configure:11885: gcc -o conftest -O2 -I/home/user/workdir/openwrt-fs/openwrt-23.05.5/staging_dir/host/include      -I/home/user/workdir/openwrt-fs/openwrt-23.05.5/staging_dir/host/include   -L/home/user/workdir/openwrt-fs/openwrt-23.05.5/staging_dir/host/lib  conftest.c -ldl  >&5
configure:11885: $? = 0
configure:11885: result: yes
configure:11894: checking whether ftello is declared
configure:11894: gcc -c -O2 -I/home/user/workdir/openwrt-fs/openwrt-23.05.5/staging_dir/host/include      -I/home/user/workdir/openwrt-fs/openwrt-23.05.5/staging_dir/host/include  conftest.c >&5
configure:11894: $? = 0
configure:11894: result: yes
configure:11904: checking whether ftello64 is declared
configure:11904: gcc -c -O2 -I/home/user/workdir/openwrt-fs/openwrt-23.05.5/staging_dir/host/include      -I/home/user/workdir/openwrt-fs/openwrt-23.05.5/staging_dir/host/include  conftest.c >&5
configure:11904: $? = 0
configure:11904: result: yes
configure:11914: checking whether fseeko is declared
configure:11914: gcc -c -O2 -I/home/user/workdir/openwrt-fs/openwrt-23.05.5/staging_dir/host/include      -I/home/user/workdir/openwrt-fs/openwrt-23.05.5/staging_dir/host/include  conftest.c >&5
configure:11914: $? = 0
configure:11914: result: yes
configure:11924: checking whether fseeko64 is declared
configure:11924: gcc -c -O2 -I/home/user/workdir/openwrt-fs/openwrt-23.05.5/staging_dir/host/include      -I/home/user/workdir/openwrt-fs/openwrt-23.05.5/staging_dir/host/include  conftest.c >&5
configure:11924: $? = 0
configure:11924: result: yes
configure:11934: checking whether fopen64 is declared
configure:11934: gcc -c -O2 -I/home/user/workdir/openwrt-fs/openwrt-23.05.5/staging_dir/host/include      -I/home/user/workdir/openwrt-fs/openwrt-23.05.5/staging_dir/host/include  conftest.c >&5
configure:11934: $? = 0
configure:11934: result: yes
configure:11950: checking size of off_t
configure:11955: gcc -o conftest -O2 -I/home/user/workdir/openwrt-fs/openwrt-23.05.5/staging_dir/host/include      -I/home/user/workdir/openwrt-fs/openwrt-23.05.5/staging_dir/host/include   -L/home/user/workdir/openwrt-fs/openwrt-23.05.5/staging_dir/host/lib  conftest.c -ldl  >&5
configure:11955: $? = 0
configure:11955: ./conftest
configure:11955: $? = 0
configure:11969: result: 8
configure:11980: checking file_ptr type
configure:11989: result: BFD_HOST_64_BIT
configure:12000: checking for stdlib.h
configure:12000: result: yes
configure:12000: checking for unistd.h
configure:12000: result: yes
configure:12000: checking for sys/param.h
configure:12000: gcc -c -O2 -I/home/user/workdir/openwrt-fs/openwrt-23.05.5/staging_dir/host/include      -I/home/user/workdir/openwrt-fs/openwrt-23.05.5/staging_dir/host/include  conftest.c >&5
configure:12000: $? = 0
configure:12000: result: yes
configure:12020: checking for getpagesize
configure:12020: result: yes
configure:12029: checking for working mmap
configure:12176: gcc -o conftest -O2 -I/home/user/workdir/openwrt-fs/openwrt-23.05.5/staging_dir/host/include      -I/home/user/workdir/openwrt-fs/openwrt-23.05.5/staging_dir/host/include   -L/home/user/workdir/openwrt-fs/openwrt-23.05.5/staging_dir/host/lib  conftest.c -ldl  >&5
configure:12176: $? = 0
configure:12176: ./conftest
configure:12176: $? = 0
configure:12186: result: yes
configure:12198: checking for madvise
configure:12198: gcc -o conftest -O2 -I/home/user/workdir/openwrt-fs/openwrt-23.05.5/staging_dir/host/include      -I/home/user/workdir/openwrt-fs/openwrt-23.05.5/staging_dir/host/include   -L/home/user/workdir/openwrt-fs/openwrt-23.05.5/staging_dir/host/lib  conftest.c -ldl  >&5
configure:12198: $? = 0
configure:12198: result: yes
configure:12198: checking for mprotect
configure:12198: gcc -o conftest -O2 -I/home/user/workdir/openwrt-fs/openwrt-23.05.5/staging_dir/host/include      -I/home/user/workdir/openwrt-fs/openwrt-23.05.5/staging_dir/host/include   -L/home/user/workdir/openwrt-fs/openwrt-23.05.5/staging_dir/host/lib  conftest.c -ldl  >&5
configure:12198: $? = 0
configure:12198: result: yes
configure:12281: updating cache ./config.cache
configure:12325: checking that generated files are newer than configure
configure:12331: result: done
configure:12374: creating ./config.status

## ---------------------- ##
## Running config.status. ##
## ---------------------- ##

This file was extended by bfd config.status 2.38.50, which was
generated by GNU Autoconf 2.69.  Invocation command line was

  CONFIG_FILES    = 
  CONFIG_HEADERS  = 
  CONFIG_LINKS    = 
  CONFIG_COMMANDS = 
  $ ./config.status 

on e6fd6bfc75d4

config.status:1205: creating Makefile
config.status:1205: creating bfd-in3.h
config.status:1205: creating po/Makefile.in
config.status:1205: creating config.h
config.status:1434: executing depfiles commands
config.status:1434: executing libtool commands
config.status:1434: executing default-1 commands
config.status:1434: executing default commands

## ---------------- ##
## Cache variables. ##
## ---------------- ##

ac_cv_build=x86_64-pc-linux-gnu
ac_cv_c_compiler_gnu=yes
ac_cv_env_CC_set=set
ac_cv_env_CC_value=gcc
ac_cv_env_CFLAGS_set=set
ac_cv_env_CFLAGS_value='-O2 -I/home/user/workdir/openwrt-fs/openwrt-23.05.5/staging_dir/host/include     '
ac_cv_env_CPPFLAGS_set=set
ac_cv_env_CPPFLAGS_value='-I/home/user/workdir/openwrt-fs/openwrt-23.05.5/staging_dir/host/include '
ac_cv_env_CPP_set=
ac_cv_env_CPP_value=
ac_cv_env_LDFLAGS_set=set
ac_cv_env_LDFLAGS_value=' -L/home/user/workdir/openwrt-fs/openwrt-23.05.5/staging_dir/host/lib '
ac_cv_env_LIBS_set=
ac_cv_env_LIBS_value=
ac_cv_env_build_alias_set=set
ac_cv_env_build_alias_value=x86_64-pc-linux-gnu
ac_cv_env_host_alias_set=set
ac_cv_env_host_alias_value=x86_64-pc-linux-gnu
ac_cv_env_target_alias_set=set
ac_cv_env_target_alias_value=aarch64-openwrt-linux-musl
ac_cv_func_dlopen=no
ac_cv_func_fcntl=yes
ac_cv_func_fdopen=yes
ac_cv_func_fileno=yes
ac_cv_func_fls=no
ac_cv_func_fopen64=yes
ac_cv_func_fseeko64=yes
ac_cv_func_fseeko=yes
ac_cv_func_ftello64=yes
ac_cv_func_ftello=yes
ac_cv_func_getgid=yes
ac_cv_func_getpagesize=yes
ac_cv_func_getrlimit=yes
ac_cv_func_getuid=yes
ac_cv_func_madvise=yes
ac_cv_func_mmap_fixed_mapped=yes
ac_cv_func_mprotect=yes
ac_cv_func_shl_load=no
ac_cv_func_sysconf=yes
ac_cv_have_decl_asprintf=yes
ac_cv_have_decl_basename=yes
ac_cv_have_decl_ffs=yes
ac_cv_have_decl_fopen64=yes
ac_cv_have_decl_fseeko64=yes
ac_cv_have_decl_fseeko=yes
ac_cv_have_decl_ftello64=yes
ac_cv_have_decl_ftello=yes
ac_cv_have_decl_stpcpy=yes
ac_cv_have_decl_strnlen=yes
ac_cv_have_decl_vasprintf=yes
ac_cv_header_dlfcn_h=yes
ac_cv_header_fcntl_h=yes
ac_cv_header_inttypes_h=yes
ac_cv_header_memory_h=yes
ac_cv_header_minix_config_h=no
ac_cv_header_stdc=yes
ac_cv_header_stdint_h=yes
ac_cv_header_stdlib_h=yes
ac_cv_header_string_h=yes
ac_cv_header_strings_h=yes
ac_cv_header_sys_file_h=yes
ac_cv_header_sys_param_h=yes
ac_cv_header_sys_resource_h=yes
ac_cv_header_sys_stat_h=yes
ac_cv_header_sys_types_h=yes
ac_cv_header_unistd_h=yes
ac_cv_header_windows_h=no
ac_cv_host=x86_64-pc-linux-gnu
ac_cv_lib_dl_dlopen=yes
ac_cv_lib_dld_shl_load=no
ac_cv_lib_m_cos=yes
ac_cv_objext=o
ac_cv_path_EGREP='/home/user/workdir/openwrt-fs/openwrt-23.05.5/staging_dir/host/bin/grep -E'
ac_cv_path_FGREP='/home/user/workdir/openwrt-fs/openwrt-23.05.5/staging_dir/host/bin/grep -F'
ac_cv_path_GMSGFMT=/usr/bin/msgfmt
ac_cv_path_GREP=/home/user/workdir/openwrt-fs/openwrt-23.05.5/staging_dir/host/bin/grep
ac_cv_path_MSGFMT=/usr/bin/msgfmt
ac_cv_path_MSGMERGE=/usr/bin/msgmerge
ac_cv_path_SED=/home/user/workdir/openwrt-fs/openwrt-23.05.5/staging_dir/host/bin/sed
ac_cv_path_XGETTEXT=/usr/bin/xgettext
ac_cv_path_mkdir=/usr/bin/mkdir
ac_cv_prog_AR='ar --plugin /usr/lib/gcc/x86_64-linux-gnu/9/liblto_plugin.so'
ac_cv_prog_AWK=gawk
ac_cv_prog_CC=gcc
ac_cv_prog_CPP='gcc -E'
ac_cv_prog_OBJDUMP=objdump
ac_cv_prog_RANLIB='ranlib --plugin /usr/lib/gcc/x86_64-linux-gnu/9/liblto_plugin.so'
ac_cv_prog_ac_ct_STRIP=strip
ac_cv_prog_cc_c89=
ac_cv_prog_cc_g=yes
ac_cv_prog_make_make_set=yes
ac_cv_safe_to_define___extensions__=yes
ac_cv_search_dlsym=-ldl
ac_cv_sizeof_int=4
ac_cv_sizeof_long=8
ac_cv_sizeof_long_long=8
ac_cv_sizeof_off_t=8
ac_cv_sizeof_void_p=8
ac_cv_sys_file_offset_bits=no
ac_cv_sys_largefile_CC=no
ac_cv_target=aarch64-openwrt-linux-musl
am_cv_CC_dependencies_compiler_type=gcc3
am_cv_make_support_nested_variables=yes
am_cv_prog_cc_c_o=yes
bfd_cv_hidden=yes
bfd_cv_ld_as_needed=yes
lt_cv_deplibs_check_method=pass_all
lt_cv_dlopen=dlopen
lt_cv_dlopen_libs=-ldl
lt_cv_dlopen_self=yes
lt_cv_dlopen_self_static=no
lt_cv_file_magic_cmd='$MAGIC_CMD'
lt_cv_file_magic_test_file=
lt_cv_ld_reload_flag=-r
lt_cv_nm_interface='BSD nm'
lt_cv_objdir=.libs
lt_cv_path_LD=ld
lt_cv_path_NM='/usr/bin/nm -B'
lt_cv_prog_compiler_c_o=yes
lt_cv_prog_compiler_pic_works=yes
lt_cv_prog_compiler_rtti_exceptions=no
lt_cv_prog_compiler_static_works=yes
lt_cv_prog_gnu_ld=yes
lt_cv_shlibpath_overrides_runpath=yes
lt_cv_sys_global_symbol_pipe='sed -n -e '\''s/^.*[	 ]\([ABCDGIRSTW][ABCDGIRSTW]*\)[	 ][	 ]*\([_A-Za-z][_A-Za-z0-9]*\)$/\1 \2 \2/p'\'''
lt_cv_sys_global_symbol_to_c_name_address='sed -n -e '\''s/^: \([^ ]*\) $/  {\"\1\", (void *) 0},/p'\'' -e '\''s/^[ABCDGIRSTW]* \([^ ]*\) \([^ ]*\)$/  {"\2", (void *) \&\2},/p'\'''
lt_cv_sys_global_symbol_to_c_name_address_lib_prefix='sed -n -e '\''s/^: \([^ ]*\) $/  {\"\1\", (void *) 0},/p'\'' -e '\''s/^[ABCDGIRSTW]* \([^ ]*\) \(lib[^ ]*\)$/  {"\2", (void *) \&\2},/p'\'' -e '\''s/^[ABCDGIRSTW]* \([^ ]*\) \([^ ]*\)$/  {"lib\2", (void *) \&\2},/p'\'''
lt_cv_sys_global_symbol_to_cdecl='sed -n -e '\''s/^T .* \(.*\)$/extern int \1();/p'\'' -e '\''s/^[ABCDGIRSTW]* .* \(.*\)$/extern char \1;/p'\'''
lt_cv_sys_max_cmd_len=1572864

## ----------------- ##
## Output variables. ##
## ----------------- ##

ACLOCAL='${SHELL} /home/user/workdir/openwrt-fs/openwrt-23.05.5/build_dir/toolchain-aarch64_cortex-a53_gcc-12.3.0_musl/gdb-12.1/missing aclocal-1.15'
AMDEPBACKSLASH='\'
AMDEP_FALSE='#'
AMDEP_TRUE=''
AMTAR='$${TAR-tar}'
AM_BACKSLASH='\'
AM_DEFAULT_V='$(AM_DEFAULT_VERBOSITY)'
AM_DEFAULT_VERBOSITY='0'
AM_V='$(V)'
AR='ar --plugin /usr/lib/gcc/x86_64-linux-gnu/9/liblto_plugin.so --plugin /usr/lib/gcc/x86_64-linux-gnu/9/liblto_plugin.so'
AUTOCONF='${SHELL} /home/user/workdir/openwrt-fs/openwrt-23.05.5/build_dir/toolchain-aarch64_cortex-a53_gcc-12.3.0_musl/gdb-12.1/missing autoconf'
AUTOHEADER='${SHELL} /home/user/workdir/openwrt-fs/openwrt-23.05.5/build_dir/toolchain-aarch64_cortex-a53_gcc-12.3.0_musl/gdb-12.1/missing autoheader'
AUTOMAKE='${SHELL} /home/user/workdir/openwrt-fs/openwrt-23.05.5/build_dir/toolchain-aarch64_cortex-a53_gcc-12.3.0_musl/gdb-12.1/missing automake-1.15'
AWK='gawk'
BFD_HOSTPTR_T='unsigned long'
BFD_HOST_64BIT_LONG='1'
BFD_HOST_64BIT_LONG_LONG='0'
BFD_HOST_64_BIT='long'
BFD_HOST_64_BIT_DEFINED='1'
BFD_HOST_U_64_BIT='unsigned long'
CATALOGS=' da.gmo es.gmo fi.gmo fr.gmo hr.gmo id.gmo ja.gmo pt.gmo ro.gmo ru.gmo rw.gmo sr.gmo sv.gmo tr.gmo uk.gmo vi.gmo zh_CN.gmo da.gmo es.gmo fi.gmo fr.gmo hr.gmo id.gmo ja.gmo pt.gmo ro.gmo ru.gmo rw.gmo sr.gmo sv.gmo tr.gmo uk.gmo vi.gmo zh_CN.gmo'
CATOBJEXT='.gmo'
CC='gcc'
CCDEPMODE='depmode=gcc3'
CC_FOR_BUILD='gcc'
CFLAGS='-O2 -I/home/user/workdir/openwrt-fs/openwrt-23.05.5/staging_dir/host/include     '
COREFILE=''
COREFLAG=''
CPP='gcc -E'
CPPFLAGS='-I/home/user/workdir/openwrt-fs/openwrt-23.05.5/staging_dir/host/include '
CYGPATH_W='echo'
DATADIRNAME='share'
DEBUGDIR='${exec_prefix}/lib/debug'
DEFS='-DHAVE_CONFIG_H'
DEPDIR='.deps'
DSYMUTIL='@DSYMUTIL@'
DUMPBIN=''
ECHO_C=''
ECHO_N='-n'
ECHO_T=''
EGREP='/home/user/workdir/openwrt-fs/openwrt-23.05.5/staging_dir/host/bin/grep -E'
ENABLE_BFD_64_BIT_FALSE='#'
ENABLE_BFD_64_BIT_TRUE=''
EXEEXT=''
EXEEXT_FOR_BUILD='$(EXEEXT)'
FGREP='/home/user/workdir/openwrt-fs/openwrt-23.05.5/staging_dir/host/bin/grep -F'
GENCAT='gencat'
GENINSRC_NEVER_FALSE=''
GENINSRC_NEVER_TRUE='#'
GMSGFMT='/usr/bin/msgfmt'
GREP='/home/user/workdir/openwrt-fs/openwrt-23.05.5/staging_dir/host/bin/grep'
HDEFINES=''
INCINTL=''
INSTALL_DATA='/home/user/workdir/openwrt-fs/openwrt-23.05.5/staging_dir/host/bin/install -c -m 644'
INSTALL_LIBBFD_FALSE=''
INSTALL_LIBBFD_TRUE='#'
INSTALL_PROGRAM='/home/user/workdir/openwrt-fs/openwrt-23.05.5/staging_dir/host/bin/install -c'
INSTALL_SCRIPT='/home/user/workdir/openwrt-fs/openwrt-23.05.5/staging_dir/host/bin/install -c'
INSTALL_STRIP_PROGRAM='$(install_sh) -c -s'
INSTOBJEXT='.mo'
LARGEFILE_CPPFLAGS=''
LD='ld -m elf_x86_64'
LDFLAGS=' -L/home/user/workdir/openwrt-fs/openwrt-23.05.5/staging_dir/host/lib '
LIBINTL=''
LIBINTL_DEP=''
LIBM='-lm'
LIBOBJS=''
LIBS='-ldl '
LIBTOOL='$(SHELL) $(top_builddir)/libtool'
LIPO=''
LN_S='ln -s'
LTLIBOBJS=''
MAINT='#'
MAINTAINER_MODE_FALSE=''
MAINTAINER_MODE_TRUE='#'
MAKEINFO='/home/user/workdir/openwrt-fs/openwrt-23.05.5/build_dir/toolchain-aarch64_cortex-a53_gcc-12.3.0_musl/gdb-12.1/missing makeinfo --split-size=5000000'
MKDIR_P='/usr/bin/mkdir -p'
MKINSTALLDIRS='$(top_builddir)/./../mkinstalldirs'
MSGFMT='/usr/bin/msgfmt'
MSGMERGE='/usr/bin/msgmerge'
NM='/usr/bin/nm -B'
NMEDIT=''
NO_WERROR=''
OBJDUMP='objdump'
OBJEXT='o'
OTOOL64=''
OTOOL='@OTOOL@'
PACKAGE='bfd'
PACKAGE_BUGREPORT=''
PACKAGE_NAME='bfd'
PACKAGE_STRING='bfd 2.38.50'
PACKAGE_TARNAME='bfd'
PACKAGE_URL=''
PACKAGE_VERSION='2.38.50'
PATH_SEPARATOR=':'
PKGVERSION='(GNU Binutils) '
PLUGINS_FALSE='#'
PLUGINS_TRUE=''
POSUB='po'
RANLIB='ranlib --plugin /usr/lib/gcc/x86_64-linux-gnu/9/liblto_plugin.so --plugin /usr/lib/gcc/x86_64-linux-gnu/9/liblto_plugin.so'
REPORT_BUGS_TEXI='@uref{https://sourceware.org/bugzilla/}'
REPORT_BUGS_TO='<https://sourceware.org/bugzilla/>'
SED='/home/user/workdir/openwrt-fs/openwrt-23.05.5/staging_dir/host/bin/sed'
SET_MAKE=''
SHARED_LDFLAGS=''
SHARED_LIBADD=' '
SHELL='/usr/bin/env bash'
STRIP='strip'
TDEFINES=' '
USE_NLS='yes'
VERSION='2.38.50'
WARN_CFLAGS='-W -Wall -Wstrict-prototypes -Wmissing-prototypes -Wshadow -Wstack-usage=262144'
WARN_CFLAGS_FOR_BUILD='-W -Wall -Wstrict-prototypes -Wmissing-prototypes -Wshadow -Wstack-usage=262144'
WARN_WRITE_STRINGS='-Wwrite-strings'
XGETTEXT='/usr/bin/xgettext'
ac_ct_CC=''
ac_ct_DUMPBIN=''
all_backends='$(BFD64_BACKENDS) $(BFD32_BACKENDS)'
am__EXEEXT_FALSE=''
am__EXEEXT_TRUE='#'
am__fastdepCC_FALSE='#'
am__fastdepCC_TRUE=''
am__include='include'
am__isrc=''
am__leading_dot='.'
am__nodep='_no'
am__quote=''
am__tar='$${TAR-tar} chof - "$$tardir"'
am__untar='$${TAR-tar} xf -'
bfd64_libs='$(BFD64_LIBS)'
bfd_backends=' elf64-aarch64.lo elfxx-aarch64.lo elf-ifunc.lo elf64.lo elf.lo elflink.lo elf-attrs.lo elf-strtab.lo elf-eh-frame.lo dwarf1.lo dwarf2.lo elf32-aarch64.lo elf32.lo elf32-arm.lo elf-nacl.lo elf-vxworks.lo pei-aarch64.lo pe-aarch64igen.lo cofflink.lo coffgen.lo elf64-gen.lo elf32-gen.lo plugin.lo'
bfd_default_target_size='64'
bfd_file_ptr='BFD_HOST_64_BIT'
bfd_machines=' cpu-aarch64.lo cpu-arm.lo'
bfd_ufile_ptr='BFD_HOST_U_64_BIT'
bfdincludedir='$(exec_prefix)/$(host_noncanonical)/$(target_noncanonical)/include'
bfdlibdir='$(exec_prefix)/$(host_noncanonical)/$(target_noncanonical)/lib'
bindir='${exec_prefix}/bin'
build='x86_64-pc-linux-gnu'
build_alias='x86_64-pc-linux-gnu'
build_cpu='x86_64'
build_os='linux-gnu'
build_vendor='pc'
datadir='${datarootdir}'
datarootdir='${prefix}/share'
docdir='${datarootdir}/doc/${PACKAGE_TARNAME}'
dvidir='${docdir}'
exec_prefix='${prefix}'
havevecs='-DHAVE_aarch64_elf64_le_vec -DHAVE_aarch64_elf64_be_vec -DHAVE_aarch64_elf32_le_vec -DHAVE_aarch64_elf32_be_vec -DHAVE_arm_elf32_le_vec -DHAVE_arm_elf32_be_vec -DHAVE_aarch64_pei_vec -DHAVE_elf64_le_vec -DHAVE_elf64_be_vec -DHAVE_elf32_le_vec -DHAVE_elf32_be_vec'
host='x86_64-pc-linux-gnu'
host_alias='x86_64-pc-linux-gnu'
host_cpu='x86_64'
host_noncanonical='x86_64-pc-linux-gnu'
host_os='linux-gnu'
host_vendor='pc'
htmldir='${docdir}'
includedir='${prefix}/include'
infodir='${datarootdir}/info'
install_sh='${SHELL} /home/user/workdir/openwrt-fs/openwrt-23.05.5/build_dir/toolchain-aarch64_cortex-a53_gcc-12.3.0_musl/gdb-12.1/install-sh'
libdir='${exec_prefix}/lib'
libexecdir='${exec_prefix}/libexec'
localedir='${datarootdir}/locale'
localstatedir='${prefix}/var'
lt_cv_dlopen_libs='-ldl'
mandir='${datarootdir}/man'
mkdir_p='$(MKDIR_P)'
oldincludedir='/usr/include'
pdfdir='${docdir}'
prefix='/home/user/workdir/openwrt-fs/openwrt-23.05.5/staging_dir/toolchain-aarch64_cortex-a53_gcc-12.3.0_musl'
program_transform_name='s&^&aarch64-openwrt-linux-musl-&'
psdir='${docdir}'
sbindir='${exec_prefix}/sbin'
sharedstatedir='${prefix}/com'
supports_plugins='1'
sysconfdir='${prefix}/etc'
target='aarch64-openwrt-linux-musl'
target_alias='aarch64-openwrt-linux-musl'
target_cpu='aarch64'
target_noncanonical='aarch64-openwrt-linux-musl'
target_os='linux-musl'
target_vendor='openwrt'
tdefaults=' -DDEFAULT_VECTOR=aarch64_elf64_le_vec -DSELECT_VECS='\''&aarch64_elf64_le_vec,&aarch64_elf64_be_vec,&aarch64_elf32_le_vec,&aarch64_elf32_be_vec,&arm_elf32_le_vec,&arm_elf32_be_vec,&aarch64_pei_vec,&elf64_le_vec,&elf64_be_vec,&elf32_le_vec,&elf32_be_vec'\'' -DSELECT_ARCHITECTURES='\''&bfd_aarch64_arch,&bfd_arm_arch'\'''
wordsize='64'
zlibdir='-L$(top_builddir)/../zlib'
zlibinc='-I$(top_srcdir)/../zlib'

## ----------- ##
## confdefs.h. ##
## ----------- ##

/* confdefs.h */
#define PACKAGE_NAME "bfd"
#define PACKAGE_TARNAME "bfd"
#define PACKAGE_VERSION "2.38.50"
#define PACKAGE_STRING "bfd 2.38.50"
#define PACKAGE_BUGREPORT ""
#define PACKAGE_URL ""
#define PACKAGE "bfd"
#define VERSION "2.38.50"
#define STDC_HEADERS 1
#define HAVE_SYS_TYPES_H 1
#define HAVE_SYS_STAT_H 1
#define HAVE_STDLIB_H 1
#define HAVE_STRING_H 1
#define HAVE_MEMORY_H 1
#define HAVE_STRINGS_H 1
#define HAVE_INTTYPES_H 1
#define HAVE_STDINT_H 1
#define HAVE_UNISTD_H 1
#define __EXTENSIONS__ 1
#define _ALL_SOURCE 1
#define _GNU_SOURCE 1
#define _POSIX_PTHREAD_SEMANTICS 1
#define _TANDEM_SOURCE 1
#define HAVE_DLFCN_H 1
#define LT_OBJDIR ".libs/"
#define HAVE_DLFCN_H 1
#define SIZEOF_VOID_P 8
#define USE_SECUREPLT 1
#define DEFAULT_LD_Z_SEPARATE_CODE 0
#define ENABLE_NLS 1
#define SIZEOF_LONG_LONG 8
#define SIZEOF_VOID_P 8
#define SIZEOF_LONG 8
#define SIZEOF_INT 4
#define HAVE_FCNTL_H 1
#define HAVE_SYS_FILE_H 1
#define HAVE_SYS_RESOURCE_H 1
#define HAVE_SYS_STAT_H 1
#define HAVE_SYS_TYPES_H 1
#define HAVE_UNISTD_H 1
#define HAVE_FCNTL 1
#define HAVE_FDOPEN 1
#define HAVE_FILENO 1
#define HAVE_GETGID 1
#define HAVE_GETPAGESIZE 1
#define HAVE_GETRLIMIT 1
#define HAVE_GETUID 1
#define HAVE_SYSCONF 1
#define HAVE_DECL_BASENAME 1
#define HAVE_DECL_FFS 1
#define HAVE_DECL_STPCPY 1
#define HAVE_DECL_ASPRINTF 1
#define HAVE_DECL_VASPRINTF 1
#define HAVE_DECL_STRNLEN 1
#define HAVE_HIDDEN 1
#define HAVE_FTELLO 1
#define HAVE_FTELLO64 1
#define HAVE_FSEEKO 1
#define HAVE_FSEEKO64 1
#define HAVE_FOPEN64 1
#define HAVE_DECL_FTELLO 1
#define HAVE_DECL_FTELLO64 1
#define HAVE_DECL_FSEEKO 1
#define HAVE_DECL_FSEEKO64 1
#define HAVE_DECL_FOPEN64 1
#define SIZEOF_OFF_T 8
#define HAVE_STDLIB_H 1
#define HAVE_UNISTD_H 1
#define HAVE_SYS_PARAM_H 1
#define HAVE_GETPAGESIZE 1
#define HAVE_MMAP 1
#define HAVE_MADVISE 1
#define HAVE_MPROTECT 1

configure: exit 0

## ---------------------- ##
## Running config.status. ##
## ---------------------- ##

This file was extended by bfd config.status 2.38.50, which was
generated by GNU Autoconf 2.69.  Invocation command line was

  CONFIG_FILES    = po/Makefile.in:po/Make-in
  CONFIG_HEADERS  = 
  CONFIG_LINKS    = 
  CONFIG_COMMANDS = 
  $ ./config.status 

on e6fd6bfc75d4

config.status:1205: creating po/Makefile.in
config.status:1434: executing depfiles commands
config.status:1434: executing libtool commands
config.status:1434: executing default-1 commands
config.status:1434: executing default commands
