This file contains any messages produced by compilers while
running configure, to aid debugging if configure makes a mistake.

It was created by opcodes configure 2.40.0, which was
generated by GNU Autoconf 2.69.  Invocation command line was

  $ /home/user/workdir/openwrt-fs/openwrt-23.05.5/build_dir/toolchain-aarch64_cortex-a53_gcc-12.3.0_musl/binutils-2.40/opcodes/configure --srcdir=.././opcodes --cache-file=./config.cache --with-gnu-as --with-gnu-ld --with-system-zlib --prefix=/home/user/workdir/openwrt-fs/openwrt-23.05.5/staging_dir/toolchain-aarch64_cortex-a53_gcc-12.3.0_musl --with-sysroot=/home/user/workdir/openwrt-fs/openwrt-23.05.5/staging_dir/toolchain-aarch64_cortex-a53_gcc-12.3.0_musl --with-system-zlib --with-zstd --enable-deterministic-archives --enable-plugins --enable-lto --disable-gprofng --disable-multilib --disable-werror --disable-nls --disable-sim --disable-gdb --without-isl --without-cloog --enable-libssp --program-transform-name=s&^&aarch64-openwrt-linux-musl-& --disable-option-checking --disable-year2038 --build=x86_64-pc-linux-gnu --host=x86_64-pc-linux-gnu --target=aarch64-openwrt-linux-musl

## --------- ##
## Platform. ##
## --------- ##

hostname = e6fd6bfc75d4
uname -m = x86_64
uname -r = 6.10.11-linuxkit
uname -s = Linux
uname -v = #1 SMP PREEMPT_DYNAMIC Thu Oct  3 10:19:48 UTC 2024

/usr/bin/uname -p = x86_64
/bin/uname -X     = unknown

/bin/arch              = x86_64
/usr/bin/arch -k       = unknown
/usr/convex/getsysinfo = unknown
/usr/bin/hostinfo      = unknown
/bin/machine           = unknown
/usr/bin/oslevel       = unknown
/bin/universe          = unknown

PATH: /home/user/workdir/openwrt-fs/openwrt-23.05.5/staging_dir/toolchain-aarch64_cortex-a53_gcc-12.3.0_musl/bin
PATH: /home/user/workdir/openwrt-fs/openwrt-23.05.5/staging_dir/toolchain-aarch64_cortex-a53_gcc-12.3.0_musl/bin
PATH: /home/user/workdir/openwrt-fs/openwrt-23.05.5/staging_dir/host/bin
PATH: /home/user/workdir/openwrt-fs/openwrt-23.05.5/staging_dir/toolchain-aarch64_cortex-a53_gcc-12.3.0_musl/bin
PATH: /home/user/workdir/openwrt-fs/openwrt-23.05.5/staging_dir/host/bin
PATH: /home/user/workdir/openwrt-fs/openwrt-23.05.5/staging_dir/host/bin
PATH: /usr/local/sbin
PATH: /usr/local/bin
PATH: /usr/sbin
PATH: /usr/bin
PATH: /sbin
PATH: /bin


## ----------- ##
## Core tests. ##
## ----------- ##

configure:2413: creating cache ./config.cache
configure:2524: checking build system type
configure:2538: result: x86_64-pc-linux-gnu
configure:2558: checking host system type
configure:2571: result: x86_64-pc-linux-gnu
configure:2591: checking target system type
configure:2604: result: aarch64-openwrt-linux-musl
configure:2647: checking for a BSD-compatible install
configure:2715: result: /home/user/workdir/openwrt-fs/openwrt-23.05.5/staging_dir/host/bin/install -c
configure:2726: checking whether build environment is sane
configure:2781: result: yes
configure:2930: checking for a thread-safe mkdir -p
configure:2969: result: /usr/bin/mkdir -p
configure:2976: checking for gawk
configure:3003: result: gawk
configure:3014: checking whether make sets $(MAKE)
configure:3036: result: yes
configure:3065: checking whether make supports nested variables
configure:3082: result: yes
configure:3219: checking whether make supports nested variables
configure:3236: result: yes
configure:3256: checking for x86_64-pc-linux-gnu-gcc
configure:3283: result: gcc
configure:3552: checking for C compiler version
configure:3561: gcc --version >&5
gcc (Ubuntu 9.4.0-1ubuntu1~20.04.2) 9.4.0
Copyright (C) 2019 Free Software Foundation, Inc.
This is free software; see the source for copying conditions.  There is NO
warranty; not even for MERCHANTABILITY or FITNESS FOR A PARTICULAR PURPOSE.

configure:3572: $? = 0
configure:3561: gcc -v >&5
Using built-in specs.
COLLECT_GCC=gcc
COLLECT_LTO_WRAPPER=/usr/lib/gcc/x86_64-linux-gnu/9/lto-wrapper
OFFLOAD_TARGET_NAMES=nvptx-none:hsa
OFFLOAD_TARGET_DEFAULT=1
Target: x86_64-linux-gnu
Configured with: ../src/configure -v --with-pkgversion='Ubuntu 9.4.0-1ubuntu1~20.04.2' --with-bugurl=file:///usr/share/doc/gcc-9/README.Bugs --enable-languages=c,ada,c++,go,brig,d,fortran,objc,obj-c++,gm2 --prefix=/usr --with-gcc-major-version-only --program-suffix=-9 --program-prefix=x86_64-linux-gnu- --enable-shared --enable-linker-build-id --libexecdir=/usr/lib --without-included-gettext --enable-threads=posix --libdir=/usr/lib --enable-nls --enable-clocale=gnu --enable-libstdcxx-debug --enable-libstdcxx-time=yes --with-default-libstdcxx-abi=new --enable-gnu-unique-object --disable-vtable-verify --enable-plugin --enable-default-pie --with-system-zlib --with-target-system-zlib=auto --enable-objc-gc=auto --enable-multiarch --disable-werror --with-arch-32=i686 --with-abi=m64 --with-multilib-list=m32,m64,mx32 --enable-multilib --with-tune=generic --enable-offload-targets=nvptx-none=/build/gcc-9-9QDOt0/gcc-9-9.4.0/debian/tmp-nvptx/usr,hsa --without-cuda-driver --enable-checking=release --build=x86_64-linux-gnu --host=x86_64-linux-gnu --target=x86_64-linux-gnu
Thread model: posix
gcc version 9.4.0 (Ubuntu 9.4.0-1ubuntu1~20.04.2) 
configure:3572: $? = 0
configure:3561: gcc -V >&5
gcc: error: unrecognized command line option '-V'
gcc: fatal error: no input files
compilation terminated.
configure:3572: $? = 1
configure:3561: gcc -qversion >&5
gcc: error: unrecognized command line option '-qversion'; did you mean '--version'?
gcc: fatal error: no input files
compilation terminated.
configure:3572: $? = 1
configure:3592: checking whether the C compiler works
configure:3614: gcc -O2 -I/home/user/workdir/openwrt-fs/openwrt-23.05.5/staging_dir/host/include        -L/home/user/workdir/openwrt-fs/openwrt-23.05.5/staging_dir/host/lib  conftest.c  >&5
configure:3618: $? = 0
configure:3666: result: yes
configure:3669: checking for C compiler default output file name
configure:3671: result: a.out
configure:3677: checking for suffix of executables
configure:3684: gcc -o conftest -O2 -I/home/user/workdir/openwrt-fs/openwrt-23.05.5/staging_dir/host/include        -L/home/user/workdir/openwrt-fs/openwrt-23.05.5/staging_dir/host/lib  conftest.c  >&5
configure:3688: $? = 0
configure:3710: result: 
configure:3732: checking whether we are cross compiling
configure:3740: gcc -o conftest -O2 -I/home/user/workdir/openwrt-fs/openwrt-23.05.5/staging_dir/host/include        -L/home/user/workdir/openwrt-fs/openwrt-23.05.5/staging_dir/host/lib  conftest.c  >&5
configure:3744: $? = 0
configure:3751: ./conftest
configure:3755: $? = 0
configure:3743: result: no
configure:3748: checking for suffix of object files
configure:3770: gcc -c -O2 -I/home/user/workdir/openwrt-fs/openwrt-23.05.5/staging_dir/host/include       conftest.c >&5
configure:3774: $? = 0
configure:3795: result: o
configure:3799: checking whether we are using the GNU C compiler
configure:3818: gcc -c -O2 -I/home/user/workdir/openwrt-fs/openwrt-23.05.5/staging_dir/host/include       conftest.c >&5
configure:3818: $? = 0
configure:3827: result: yes
configure:3836: checking whether gcc accepts -g
configure:3856: gcc -c -g  conftest.c >&5
configure:3856: $? = 0
configure:3897: result: yes
configure:3914: checking for gcc option to accept ISO C89
configure:3977: gcc  -c -O2 -I/home/user/workdir/openwrt-fs/openwrt-23.05.5/staging_dir/host/include       conftest.c >&5
configure:3977: $? = 0
configure:3990: result: none needed
configure:4015: checking whether gcc understands -c and -o together
configure:4037: gcc -c conftest.c -o conftest2.o
configure:4040: $? = 0
configure:4037: gcc -c conftest.c -o conftest2.o
configure:4040: $? = 0
configure:4052: result: yes
configure:4080: checking for style of include used by make
configure:4108: result: GNU
configure:4134: checking dependency style of gcc
configure:4245: result: gcc3
configure:4266: checking how to run the C preprocessor
configure:4297: gcc -E  conftest.c
configure:4297: $? = 0
configure:4311: gcc -E  conftest.c
conftest.c:11:10: fatal error: ac_nonexistent.h: No such file or directory
   11 | #include <ac_nonexistent.h>
      |          ^~~~~~~~~~~~~~~~~~
compilation terminated.
configure:4311: $? = 1
configure: failed program was:
| /* confdefs.h */
| #define PACKAGE_NAME "opcodes"
| #define PACKAGE_TARNAME "opcodes"
| #define PACKAGE_VERSION "2.40.0"
| #define PACKAGE_STRING "opcodes 2.40.0"
| #define PACKAGE_BUGREPORT ""
| #define PACKAGE_URL ""
| #define PACKAGE "opcodes"
| #define VERSION "2.40.0"
| /* end confdefs.h.  */
| #include <ac_nonexistent.h>
configure:4336: result: gcc -E
configure:4356: gcc -E  conftest.c
configure:4356: $? = 0
configure:4370: gcc -E  conftest.c
conftest.c:11:10: fatal error: ac_nonexistent.h: No such file or directory
   11 | #include <ac_nonexistent.h>
      |          ^~~~~~~~~~~~~~~~~~
compilation terminated.
configure:4370: $? = 1
configure: failed program was:
| /* confdefs.h */
| #define PACKAGE_NAME "opcodes"
| #define PACKAGE_TARNAME "opcodes"
| #define PACKAGE_VERSION "2.40.0"
| #define PACKAGE_STRING "opcodes 2.40.0"
| #define PACKAGE_BUGREPORT ""
| #define PACKAGE_URL ""
| #define PACKAGE "opcodes"
| #define VERSION "2.40.0"
| /* end confdefs.h.  */
| #include <ac_nonexistent.h>
configure:4399: checking for grep that handles long lines and -e
configure:4457: result: /home/user/workdir/openwrt-fs/openwrt-23.05.5/staging_dir/host/bin/grep
configure:4462: checking for egrep
configure:4524: result: /home/user/workdir/openwrt-fs/openwrt-23.05.5/staging_dir/host/bin/grep -E
configure:4529: checking for ANSI C header files
configure:4549: gcc -c -O2 -I/home/user/workdir/openwrt-fs/openwrt-23.05.5/staging_dir/host/include       conftest.c >&5
configure:4549: $? = 0
configure:4622: gcc -o conftest -O2 -I/home/user/workdir/openwrt-fs/openwrt-23.05.5/staging_dir/host/include        -L/home/user/workdir/openwrt-fs/openwrt-23.05.5/staging_dir/host/lib  conftest.c  >&5
configure:4622: $? = 0
configure:4622: ./conftest
configure:4622: $? = 0
configure:4633: result: yes
configure:4646: checking for sys/types.h
configure:4646: gcc -c -O2 -I/home/user/workdir/openwrt-fs/openwrt-23.05.5/staging_dir/host/include       conftest.c >&5
configure:4646: $? = 0
configure:4646: result: yes
configure:4646: checking for sys/stat.h
configure:4646: gcc -c -O2 -I/home/user/workdir/openwrt-fs/openwrt-23.05.5/staging_dir/host/include       conftest.c >&5
configure:4646: $? = 0
configure:4646: result: yes
configure:4646: checking for stdlib.h
configure:4646: gcc -c -O2 -I/home/user/workdir/openwrt-fs/openwrt-23.05.5/staging_dir/host/include       conftest.c >&5
configure:4646: $? = 0
configure:4646: result: yes
configure:4646: checking for string.h
configure:4646: gcc -c -O2 -I/home/user/workdir/openwrt-fs/openwrt-23.05.5/staging_dir/host/include       conftest.c >&5
configure:4646: $? = 0
configure:4646: result: yes
configure:4646: checking for memory.h
configure:4646: gcc -c -O2 -I/home/user/workdir/openwrt-fs/openwrt-23.05.5/staging_dir/host/include       conftest.c >&5
configure:4646: $? = 0
configure:4646: result: yes
configure:4646: checking for strings.h
configure:4646: gcc -c -O2 -I/home/user/workdir/openwrt-fs/openwrt-23.05.5/staging_dir/host/include       conftest.c >&5
configure:4646: $? = 0
configure:4646: result: yes
configure:4646: checking for inttypes.h
configure:4646: gcc -c -O2 -I/home/user/workdir/openwrt-fs/openwrt-23.05.5/staging_dir/host/include       conftest.c >&5
configure:4646: $? = 0
configure:4646: result: yes
configure:4646: checking for stdint.h
configure:4646: gcc -c -O2 -I/home/user/workdir/openwrt-fs/openwrt-23.05.5/staging_dir/host/include       conftest.c >&5
configure:4646: $? = 0
configure:4646: result: yes
configure:4646: checking for unistd.h
configure:4646: gcc -c -O2 -I/home/user/workdir/openwrt-fs/openwrt-23.05.5/staging_dir/host/include       conftest.c >&5
configure:4646: $? = 0
configure:4646: result: yes
configure:4659: checking minix/config.h usability
configure:4659: gcc -c -O2 -I/home/user/workdir/openwrt-fs/openwrt-23.05.5/staging_dir/host/include       conftest.c >&5
conftest.c:54:10: fatal error: minix/config.h: No such file or directory
   54 | #include <minix/config.h>
      |          ^~~~~~~~~~~~~~~~
compilation terminated.
configure:4659: $? = 1
configure: failed program was:
| /* confdefs.h */
| #define PACKAGE_NAME "opcodes"
| #define PACKAGE_TARNAME "opcodes"
| #define PACKAGE_VERSION "2.40.0"
| #define PACKAGE_STRING "opcodes 2.40.0"
| #define PACKAGE_BUGREPORT ""
| #define PACKAGE_URL ""
| #define PACKAGE "opcodes"
| #define VERSION "2.40.0"
| #define STDC_HEADERS 1
| #define HAVE_SYS_TYPES_H 1
| #define HAVE_SYS_STAT_H 1
| #define HAVE_STDLIB_H 1
| #define HAVE_STRING_H 1
| #define HAVE_MEMORY_H 1
| #define HAVE_STRINGS_H 1
| #define HAVE_INTTYPES_H 1
| #define HAVE_STDINT_H 1
| #define HAVE_UNISTD_H 1
| /* end confdefs.h.  */
| #include <stdio.h>
| #ifdef HAVE_SYS_TYPES_H
| # include <sys/types.h>
| #endif
| #ifdef HAVE_SYS_STAT_H
| # include <sys/stat.h>
| #endif
| #ifdef STDC_HEADERS
| # include <stdlib.h>
| # include <stddef.h>
| #else
| # ifdef HAVE_STDLIB_H
| #  include <stdlib.h>
| # endif
| #endif
| #ifdef HAVE_STRING_H
| # if !defined STDC_HEADERS && defined HAVE_MEMORY_H
| #  include <memory.h>
| # endif
| # include <string.h>
| #endif
| #ifdef HAVE_STRINGS_H
| # include <strings.h>
| #endif
| #ifdef HAVE_INTTYPES_H
| # include <inttypes.h>
| #endif
| #ifdef HAVE_STDINT_H
| # include <stdint.h>
| #endif
| #ifdef HAVE_UNISTD_H
| # include <unistd.h>
| #endif
| #include <minix/config.h>
configure:4659: result: no
configure:4659: checking minix/config.h presence
configure:4659: gcc -E  conftest.c
conftest.c:21:10: fatal error: minix/config.h: No such file or directory
   21 | #include <minix/config.h>
      |          ^~~~~~~~~~~~~~~~
compilation terminated.
configure:4659: $? = 1
configure: failed program was:
| /* confdefs.h */
| #define PACKAGE_NAME "opcodes"
| #define PACKAGE_TARNAME "opcodes"
| #define PACKAGE_VERSION "2.40.0"
| #define PACKAGE_STRING "opcodes 2.40.0"
| #define PACKAGE_BUGREPORT ""
| #define PACKAGE_URL ""
| #define PACKAGE "opcodes"
| #define VERSION "2.40.0"
| #define STDC_HEADERS 1
| #define HAVE_SYS_TYPES_H 1
| #define HAVE_SYS_STAT_H 1
| #define HAVE_STDLIB_H 1
| #define HAVE_STRING_H 1
| #define HAVE_MEMORY_H 1
| #define HAVE_STRINGS_H 1
| #define HAVE_INTTYPES_H 1
| #define HAVE_STDINT_H 1
| #define HAVE_UNISTD_H 1
| /* end confdefs.h.  */
| #include <minix/config.h>
configure:4659: result: no
configure:4659: checking for minix/config.h
configure:4659: result: no
configure:4680: checking whether it is safe to define __EXTENSIONS__
configure:4698: gcc -c -O2 -I/home/user/workdir/openwrt-fs/openwrt-23.05.5/staging_dir/host/include       conftest.c >&5
configure:4698: $? = 0
configure:4705: result: yes
configure:4725: checking for x86_64-pc-linux-gnu-ar
configure:4752: result: ar --plugin /usr/lib/gcc/x86_64-linux-gnu/9/liblto_plugin.so
configure:4817: checking for x86_64-pc-linux-gnu-ranlib
configure:4844: result: ranlib --plugin /usr/lib/gcc/x86_64-linux-gnu/9/liblto_plugin.so
configure:4985: checking how to print strings
configure:5012: result: printf
configure:5033: checking for a sed that does not truncate output
configure:5097: result: /home/user/workdir/openwrt-fs/openwrt-23.05.5/staging_dir/host/bin/sed
configure:5115: checking for fgrep
configure:5177: result: /home/user/workdir/openwrt-fs/openwrt-23.05.5/staging_dir/host/bin/grep -F
configure:5212: checking for ld used by gcc
configure:5279: result: ld
configure:5286: checking if the linker (ld) is GNU ld
configure:5301: result: yes
configure:5313: checking for BSD- or MS-compatible name lister (nm)
configure:5369: result: /usr/bin/nm -B
configure:5499: checking the name lister (/usr/bin/nm -B) interface
configure:5506: gcc -c -O2 -I/home/user/workdir/openwrt-fs/openwrt-23.05.5/staging_dir/host/include       conftest.c >&5
configure:5509: /usr/bin/nm -B "conftest.o"
configure:5512: output
0000000000000000 B some_variable
configure:5513: result: BSD nm
configure:5516: checking whether ln -s works
configure:5520: result: yes
configure:5528: checking the maximum length of command line arguments
configure:5653: result: 1572864
configure:5670: checking whether the shell understands some XSI constructs
configure:5679: result: yes
configure:5683: checking whether the shell understands "+="
configure:5687: result: yes
configure:5722: checking for ld option to reload object files
configure:5729: result: -r
configure:5758: checking for x86_64-pc-linux-gnu-objdump
configure:5785: result: objdump
configure:5857: checking how to recognize dependent libraries
configure:6058: result: pass_all
configure:6091: checking for x86_64-pc-linux-gnu-ar
configure:6118: result: ar --plugin /usr/lib/gcc/x86_64-linux-gnu/9/liblto_plugin.so
configure:6209: checking for x86_64-pc-linux-gnu-strip
configure:6239: result: no
configure:6249: checking for strip
configure:6265: found /usr/bin/strip
configure:6276: result: strip
configure:6308: checking for x86_64-pc-linux-gnu-ranlib
configure:6335: result: ranlib --plugin /usr/lib/gcc/x86_64-linux-gnu/9/liblto_plugin.so
configure:6482: checking command to parse /usr/bin/nm -B output from gcc object
configure:6600: gcc -c -O2 -I/home/user/workdir/openwrt-fs/openwrt-23.05.5/staging_dir/host/include       conftest.c >&5
configure:6603: $? = 0
configure:6607: /usr/bin/nm -B conftest.o \| sed -n -e 's/^.*[ ]\([ABCDGIRSTW][ABCDGIRSTW]*\)[ ][ ]*\([_A-Za-z][_A-Za-z0-9]*\)$/\1 \2 \2/p' \> conftest.nm
configure:6610: $? = 0
configure:6664: gcc -o conftest -O2 -I/home/user/workdir/openwrt-fs/openwrt-23.05.5/staging_dir/host/include        -L/home/user/workdir/openwrt-fs/openwrt-23.05.5/staging_dir/host/lib  conftest.c conftstm.o >&5
configure:6667: $? = 0
configure:6705: result: ok
configure:6800: gcc -c -O2 -I/home/user/workdir/openwrt-fs/openwrt-23.05.5/staging_dir/host/include       conftest.c >&5
configure:6803: $? = 0
configure:7553: checking for dlfcn.h
configure:7553: gcc -c -O2 -I/home/user/workdir/openwrt-fs/openwrt-23.05.5/staging_dir/host/include       conftest.c >&5
configure:7553: $? = 0
configure:7553: result: yes
configure:7710: checking for objdir
configure:7725: result: .libs
configure:7996: checking if gcc supports -fno-rtti -fno-exceptions
configure:8014: gcc -c -O2 -I/home/user/workdir/openwrt-fs/openwrt-23.05.5/staging_dir/host/include       -fno-rtti -fno-exceptions conftest.c >&5
cc1: warning: command line option '-fno-rtti' is valid for C++/D/ObjC++ but not for C
configure:8018: $? = 0
configure:8031: result: no
configure:8051: checking for gcc option to produce PIC
configure:8337: result: -fPIC -DPIC
configure:8349: checking if gcc PIC flag -fPIC -DPIC works
configure:8367: gcc -c -O2 -I/home/user/workdir/openwrt-fs/openwrt-23.05.5/staging_dir/host/include       -fPIC -DPIC -DPIC conftest.c >&5
configure:8371: $? = 0
configure:8384: result: yes
configure:8408: checking if gcc static flag -static works
configure:8436: result: yes
configure:8451: checking if gcc supports -c -o file.o
configure:8472: gcc -c -O2 -I/home/user/workdir/openwrt-fs/openwrt-23.05.5/staging_dir/host/include       -o out/conftest2.o conftest.c >&5
configure:8476: $? = 0
configure:8498: result: yes
configure:8506: checking if gcc supports -c -o file.o
configure:8553: result: yes
configure:8586: checking whether the gcc linker (ld -m elf_x86_64) supports shared libraries
configure:9657: result: yes
configure:9902: checking dynamic linker characteristics
configure:10343: gcc -o conftest -O2 -I/home/user/workdir/openwrt-fs/openwrt-23.05.5/staging_dir/host/include        -L/home/user/workdir/openwrt-fs/openwrt-23.05.5/staging_dir/host/lib  -Wl,-rpath -Wl,/foo conftest.c  >&5
configure:10343: $? = 0
configure:10565: result: GNU/Linux ld.so
configure:10672: checking how to hardcode library paths into programs
configure:10697: result: immediate
configure:11237: checking whether stripping libraries is possible
configure:11242: result: yes
configure:11277: checking if libtool supports shared libraries
configure:11279: result: yes
configure:11282: checking whether to build shared libraries
configure:11303: result: no
configure:11306: checking whether to build static libraries
configure:11310: result: yes
configure:8711: checking whether to enable maintainer-specific portions of Makefiles
configure:8720: result: no
configure:8748: checking whether to install libbfd
configure:8761: result: no
configure:8807: checking whether NLS is requested
configure:8810: result: no
configure:8878: checking whether NLS is requested
configure:8887: result: no
configure:8925: checking for msgfmt
configure:8956: result: /usr/bin/msgfmt
configure:8965: checking for gmsgfmt
configure:8996: result: /usr/bin/msgfmt
configure:9036: checking for xgettext
configure:9067: result: /usr/bin/xgettext
configure:9107: checking for msgmerge
configure:9137: result: /usr/bin/msgmerge
configure:9232: checking size of void *
configure:9237: gcc -o conftest -O2 -I/home/user/workdir/openwrt-fs/openwrt-23.05.5/staging_dir/host/include        -L/home/user/workdir/openwrt-fs/openwrt-23.05.5/staging_dir/host/lib  conftest.c  >&5
configure:9237: $? = 0
configure:9237: ./conftest
configure:9237: $? = 0
configure:9251: result: 8
configure:9280: checking whether basename is declared
configure:9280: gcc -c -O2 -I/home/user/workdir/openwrt-fs/openwrt-23.05.5/staging_dir/host/include       conftest.c >&5
configure:9280: $? = 0
configure:9280: result: yes
configure:9290: checking whether stpcpy is declared
configure:9290: gcc -c -O2 -I/home/user/workdir/openwrt-fs/openwrt-23.05.5/staging_dir/host/include       conftest.c >&5
configure:9290: $? = 0
configure:9290: result: yes
configure:9304: checking for sigsetjmp
configure:9322: gcc -c -O2 -I/home/user/workdir/openwrt-fs/openwrt-23.05.5/staging_dir/host/include       conftest.c >&5
configure:9322: $? = 0
configure:9329: result: 
configure:9373: checking linker --as-needed support
configure:9384: result: yes
configure:9475: checking for cos in -lm
configure:9500: gcc -o conftest -O2 -I/home/user/workdir/openwrt-fs/openwrt-23.05.5/staging_dir/host/include        -L/home/user/workdir/openwrt-fs/openwrt-23.05.5/staging_dir/host/lib  conftest.c -lm   >&5
conftest.c:39:6: warning: conflicting types for built-in function 'cos'; expected 'double(double)' [-Wbuiltin-declaration-mismatch]
   39 | char cos ();
      |      ^~~
conftest.c:1:1: note: 'cos' is declared in header '<math.h>'
    1 | /* confdefs.h */
configure:9500: $? = 0
configure:9509: result: yes
configure:9820: updating cache ./config.cache
configure:9864: checking that generated files are newer than configure
configure:9870: result: done
configure:9909: creating ./config.status

## ---------------------- ##
## Running config.status. ##
## ---------------------- ##

This file was extended by opcodes config.status 2.40.0, which was
generated by GNU Autoconf 2.69.  Invocation command line was

  CONFIG_FILES    = 
  CONFIG_HEADERS  = 
  CONFIG_LINKS    = 
  CONFIG_COMMANDS = 
  $ ./config.status 

on e6fd6bfc75d4

config.status:1130: creating Makefile
config.status:1130: creating po/Makefile.in
config.status:1130: creating config.h
config.status:1359: executing depfiles commands
config.status:1359: executing libtool commands
config.status:1359: executing default-1 commands

## ---------------- ##
## Cache variables. ##
## ---------------- ##

ac_cv_build=x86_64-pc-linux-gnu
ac_cv_c_compiler_gnu=yes
ac_cv_env_CC_set=set
ac_cv_env_CC_value=gcc
ac_cv_env_CFLAGS_set=set
ac_cv_env_CFLAGS_value='-O2 -I/home/user/workdir/openwrt-fs/openwrt-23.05.5/staging_dir/host/include     '
ac_cv_env_CPPFLAGS_set=
ac_cv_env_CPPFLAGS_value=
ac_cv_env_CPP_set=
ac_cv_env_CPP_value=
ac_cv_env_LDFLAGS_set=set
ac_cv_env_LDFLAGS_value=' -L/home/user/workdir/openwrt-fs/openwrt-23.05.5/staging_dir/host/lib '
ac_cv_env_LIBS_set=
ac_cv_env_LIBS_value=
ac_cv_env_build_alias_set=set
ac_cv_env_build_alias_value=x86_64-pc-linux-gnu
ac_cv_env_host_alias_set=set
ac_cv_env_host_alias_value=x86_64-pc-linux-gnu
ac_cv_env_target_alias_set=set
ac_cv_env_target_alias_value=aarch64-openwrt-linux-musl
ac_cv_have_decl_basename=yes
ac_cv_have_decl_stpcpy=yes
ac_cv_header_dlfcn_h=yes
ac_cv_header_inttypes_h=yes
ac_cv_header_memory_h=yes
ac_cv_header_minix_config_h=no
ac_cv_header_stdc=yes
ac_cv_header_stdint_h=yes
ac_cv_header_stdlib_h=yes
ac_cv_header_string_h=yes
ac_cv_header_strings_h=yes
ac_cv_header_sys_stat_h=yes
ac_cv_header_sys_types_h=yes
ac_cv_header_unistd_h=yes
ac_cv_host=x86_64-pc-linux-gnu
ac_cv_lib_m_cos=yes
ac_cv_objext=o
ac_cv_path_EGREP='/home/user/workdir/openwrt-fs/openwrt-23.05.5/staging_dir/host/bin/grep -E'
ac_cv_path_FGREP='/home/user/workdir/openwrt-fs/openwrt-23.05.5/staging_dir/host/bin/grep -F'
ac_cv_path_GMSGFMT=/usr/bin/msgfmt
ac_cv_path_GREP=/home/user/workdir/openwrt-fs/openwrt-23.05.5/staging_dir/host/bin/grep
ac_cv_path_MSGFMT=/usr/bin/msgfmt
ac_cv_path_MSGMERGE=/usr/bin/msgmerge
ac_cv_path_SED=/home/user/workdir/openwrt-fs/openwrt-23.05.5/staging_dir/host/bin/sed
ac_cv_path_XGETTEXT=/usr/bin/xgettext
ac_cv_path_mkdir=/usr/bin/mkdir
ac_cv_prog_AR='ar --plugin /usr/lib/gcc/x86_64-linux-gnu/9/liblto_plugin.so'
ac_cv_prog_AWK=gawk
ac_cv_prog_CC=gcc
ac_cv_prog_CPP='gcc -E'
ac_cv_prog_OBJDUMP=objdump
ac_cv_prog_RANLIB='ranlib --plugin /usr/lib/gcc/x86_64-linux-gnu/9/liblto_plugin.so'
ac_cv_prog_ac_ct_STRIP=strip
ac_cv_prog_cc_c89=
ac_cv_prog_cc_g=yes
ac_cv_prog_make_make_set=yes
ac_cv_safe_to_define___extensions__=yes
ac_cv_sizeof_void_p=8
ac_cv_target=aarch64-openwrt-linux-musl
am_cv_CC_dependencies_compiler_type=gcc3
am_cv_make_support_nested_variables=yes
am_cv_prog_cc_c_o=yes
bfd_cv_func_sigsetjmp=yes
bfd_cv_ld_as_needed=yes
lt_cv_deplibs_check_method=pass_all
lt_cv_file_magic_cmd='$MAGIC_CMD'
lt_cv_file_magic_test_file=
lt_cv_ld_reload_flag=-r
lt_cv_nm_interface='BSD nm'
lt_cv_objdir=.libs
lt_cv_path_LD=ld
lt_cv_path_NM='/usr/bin/nm -B'
lt_cv_prog_compiler_c_o=yes
lt_cv_prog_compiler_pic_works=yes
lt_cv_prog_compiler_rtti_exceptions=no
lt_cv_prog_compiler_static_works=yes
lt_cv_prog_gnu_ld=yes
lt_cv_shlibpath_overrides_runpath=yes
lt_cv_sys_global_symbol_pipe='sed -n -e '\''s/^.*[	 ]\([ABCDGIRSTW][ABCDGIRSTW]*\)[	 ][	 ]*\([_A-Za-z][_A-Za-z0-9]*\)$/\1 \2 \2/p'\'''
lt_cv_sys_global_symbol_to_c_name_address='sed -n -e '\''s/^: \([^ ]*\) $/  {\"\1\", (void *) 0},/p'\'' -e '\''s/^[ABCDGIRSTW]* \([^ ]*\) \([^ ]*\)$/  {"\2", (void *) \&\2},/p'\'''
lt_cv_sys_global_symbol_to_c_name_address_lib_prefix='sed -n -e '\''s/^: \([^ ]*\) $/  {\"\1\", (void *) 0},/p'\'' -e '\''s/^[ABCDGIRSTW]* \([^ ]*\) \(lib[^ ]*\)$/  {"\2", (void *) \&\2},/p'\'' -e '\''s/^[ABCDGIRSTW]* \([^ ]*\) \([^ ]*\)$/  {"lib\2", (void *) \&\2},/p'\'''
lt_cv_sys_global_symbol_to_cdecl='sed -n -e '\''s/^T .* \(.*\)$/extern int \1();/p'\'' -e '\''s/^[ABCDGIRSTW]* .* \(.*\)$/extern char \1;/p'\'''
lt_cv_sys_max_cmd_len=1572864

## ----------------- ##
## Output variables. ##
## ----------------- ##

ACLOCAL='${SHELL} /home/user/workdir/openwrt-fs/openwrt-23.05.5/build_dir/toolchain-aarch64_cortex-a53_gcc-12.3.0_musl/binutils-2.40/missing aclocal-1.15'
AMDEPBACKSLASH='\'
AMDEP_FALSE='#'
AMDEP_TRUE=''
AMTAR='$${TAR-tar}'
AM_BACKSLASH='\'
AM_DEFAULT_V='$(AM_DEFAULT_VERBOSITY)'
AM_DEFAULT_VERBOSITY='0'
AM_V='$(V)'
AR='ar --plugin /usr/lib/gcc/x86_64-linux-gnu/9/liblto_plugin.so --plugin /usr/lib/gcc/x86_64-linux-gnu/9/liblto_plugin.so'
AUTOCONF='${SHELL} /home/user/workdir/openwrt-fs/openwrt-23.05.5/build_dir/toolchain-aarch64_cortex-a53_gcc-12.3.0_musl/binutils-2.40/missing autoconf'
AUTOHEADER='${SHELL} /home/user/workdir/openwrt-fs/openwrt-23.05.5/build_dir/toolchain-aarch64_cortex-a53_gcc-12.3.0_musl/binutils-2.40/missing autoheader'
AUTOMAKE='${SHELL} /home/user/workdir/openwrt-fs/openwrt-23.05.5/build_dir/toolchain-aarch64_cortex-a53_gcc-12.3.0_musl/binutils-2.40/missing automake-1.15'
AWK='gawk'
BFD_MACHINES=' aarch64-asm.lo aarch64-dis.lo aarch64-opc.lo aarch64-asm-2.lo aarch64-dis-2.lo aarch64-opc-2.lo arm-dis.lo'
BUILD_LIBS='../libiberty/libiberty.a '
BUILD_LIB_DEPS='../libiberty/libiberty.a '
CATALOGS=''
CATOBJEXT=''
CC='gcc'
CCDEPMODE='depmode=gcc3'
CC_FOR_BUILD='gcc'
CFLAGS='-O2 -I/home/user/workdir/openwrt-fs/openwrt-23.05.5/staging_dir/host/include     '
CGEN_MAINT_FALSE=''
CGEN_MAINT_TRUE='#'
CPP='gcc -E'
CPPFLAGS=''
CYGPATH_W='echo'
DATADIRNAME=''
DEFS='-DHAVE_CONFIG_H'
DEPDIR='.deps'
DSYMUTIL='dsymutil'
DUMPBIN=''
ECHO_C=''
ECHO_N='-n'
ECHO_T=''
EGREP='/home/user/workdir/openwrt-fs/openwrt-23.05.5/staging_dir/host/bin/grep -E'
ENABLE_BFD_64_BIT_FALSE='#'
ENABLE_BFD_64_BIT_TRUE=''
EXEEXT=''
EXEEXT_FOR_BUILD='$(EXEEXT)'
FGREP='/home/user/workdir/openwrt-fs/openwrt-23.05.5/staging_dir/host/bin/grep -F'
GENCAT=''
GMSGFMT='/usr/bin/msgfmt'
GREP='/home/user/workdir/openwrt-fs/openwrt-23.05.5/staging_dir/host/bin/grep'
HDEFINES=''
INCINTL=''
INSTALL_DATA='/home/user/workdir/openwrt-fs/openwrt-23.05.5/staging_dir/host/bin/install -c -m 644'
INSTALL_LIBBFD_FALSE=''
INSTALL_LIBBFD_TRUE='#'
INSTALL_PROGRAM='/home/user/workdir/openwrt-fs/openwrt-23.05.5/staging_dir/host/bin/install -c'
INSTALL_SCRIPT='/home/user/workdir/openwrt-fs/openwrt-23.05.5/staging_dir/host/bin/install -c'
INSTALL_STRIP_PROGRAM='$(install_sh) -c -s'
INSTOBJEXT=''
LD='ld -m elf_x86_64'
LDFLAGS=' -L/home/user/workdir/openwrt-fs/openwrt-23.05.5/staging_dir/host/lib '
LIBINTL=''
LIBINTL_DEP=''
LIBM='-lm'
LIBOBJS=''
LIBS=''
LIBTOOL='$(SHELL) $(top_builddir)/libtool'
LIPO=''
LN_S='ln -s'
LTLIBOBJS=''
MAINT='#'
MAINTAINER_MODE_FALSE=''
MAINTAINER_MODE_TRUE='#'
MAKEINFO='/home/user/workdir/openwrt-fs/openwrt-23.05.5/build_dir/toolchain-aarch64_cortex-a53_gcc-12.3.0_musl/binutils-2.40/missing makeinfo --split-size=5000000'
MKDIR_P='/usr/bin/mkdir -p'
MKINSTALLDIRS='$(top_builddir)/./../mkinstalldirs'
MSGFMT='/usr/bin/msgfmt'
MSGMERGE='/usr/bin/msgmerge'
NM='/usr/bin/nm -B'
NMEDIT=''
NO_WERROR=''
OBJDUMP='objdump'
OBJEXT='o'
OTOOL64=''
OTOOL='otool'
PACKAGE='opcodes'
PACKAGE_BUGREPORT=''
PACKAGE_NAME='opcodes'
PACKAGE_STRING='opcodes 2.40.0'
PACKAGE_TARNAME='opcodes'
PACKAGE_URL=''
PACKAGE_VERSION='2.40.0'
PATH_SEPARATOR=':'
POSUB=''
RANLIB='ranlib --plugin /usr/lib/gcc/x86_64-linux-gnu/9/liblto_plugin.so --plugin /usr/lib/gcc/x86_64-linux-gnu/9/liblto_plugin.so'
SED='/home/user/workdir/openwrt-fs/openwrt-23.05.5/staging_dir/host/bin/sed'
SET_MAKE=''
SHARED_DEPENDENCIES=''
SHARED_LDFLAGS=''
SHARED_LIBADD=' '
SHELL='/usr/bin/env bash'
STRIP='strip'
USE_NLS='no'
VERSION='2.40.0'
WARN_CFLAGS='-W -Wall -Wstrict-prototypes -Wmissing-prototypes -Wshadow -Wstack-usage=262144'
WARN_CFLAGS_FOR_BUILD='-W -Wall -Wstrict-prototypes -Wmissing-prototypes -Wshadow -Wstack-usage=262144'
WARN_WRITE_STRINGS='-Wwrite-strings'
XGETTEXT='/usr/bin/xgettext'
ac_ct_CC=''
ac_ct_DUMPBIN=''
am__EXEEXT_FALSE=''
am__EXEEXT_TRUE='#'
am__fastdepCC_FALSE='#'
am__fastdepCC_TRUE=''
am__include='include'
am__isrc=''
am__leading_dot='.'
am__nodep='_no'
am__quote=''
am__tar='$${TAR-tar} chof - "$$tardir"'
am__untar='$${TAR-tar} xf -'
archdefs=' -DARCH_aarch64 -DARCH_arm'
bfdincludedir='$(exec_prefix)/$(host_noncanonical)/$(target_noncanonical)/include'
bfdlibdir='$(exec_prefix)/$(host_noncanonical)/$(target_noncanonical)/lib'
bindir='${exec_prefix}/bin'
build='x86_64-pc-linux-gnu'
build_alias='x86_64-pc-linux-gnu'
build_cpu='x86_64'
build_os='linux-gnu'
build_vendor='pc'
cgendir='$(srcdir)/../cgen'
datadir='${datarootdir}'
datarootdir='${prefix}/share'
docdir='${datarootdir}/doc/${PACKAGE_TARNAME}'
dvidir='${docdir}'
exec_prefix='${prefix}'
host='x86_64-pc-linux-gnu'
host_alias='x86_64-pc-linux-gnu'
host_cpu='x86_64'
host_noncanonical='x86_64-pc-linux-gnu'
host_os='linux-gnu'
host_vendor='pc'
htmldir='${docdir}'
includedir='${prefix}/include'
infodir='${datarootdir}/info'
install_sh='${SHELL} /home/user/workdir/openwrt-fs/openwrt-23.05.5/build_dir/toolchain-aarch64_cortex-a53_gcc-12.3.0_musl/binutils-2.40/install-sh'
libdir='${exec_prefix}/lib'
libexecdir='${exec_prefix}/libexec'
localedir='${datarootdir}/locale'
localstatedir='${prefix}/var'
mandir='${datarootdir}/man'
mkdir_p='$(MKDIR_P)'
oldincludedir='/usr/include'
pdfdir='${docdir}'
prefix='/home/user/workdir/openwrt-fs/openwrt-23.05.5/staging_dir/toolchain-aarch64_cortex-a53_gcc-12.3.0_musl'
program_transform_name='s&^&aarch64-openwrt-linux-musl-&'
psdir='${docdir}'
sbindir='${exec_prefix}/sbin'
sharedstatedir='${prefix}/com'
sysconfdir='${prefix}/etc'
target='aarch64-openwrt-linux-musl'
target_alias='aarch64-openwrt-linux-musl'
target_cpu='aarch64'
target_noncanonical='aarch64-openwrt-linux-musl'
target_os='linux-musl'
target_vendor='openwrt'

## ----------- ##
## confdefs.h. ##
## ----------- ##

/* confdefs.h */
#define PACKAGE_NAME "opcodes"
#define PACKAGE_TARNAME "opcodes"
#define PACKAGE_VERSION "2.40.0"
#define PACKAGE_STRING "opcodes 2.40.0"
#define PACKAGE_BUGREPORT ""
#define PACKAGE_URL ""
#define PACKAGE "opcodes"
#define VERSION "2.40.0"
#define STDC_HEADERS 1
#define HAVE_SYS_TYPES_H 1
#define HAVE_SYS_STAT_H 1
#define HAVE_STDLIB_H 1
#define HAVE_STRING_H 1
#define HAVE_MEMORY_H 1
#define HAVE_STRINGS_H 1
#define HAVE_INTTYPES_H 1
#define HAVE_STDINT_H 1
#define HAVE_UNISTD_H 1
#define __EXTENSIONS__ 1
#define _ALL_SOURCE 1
#define _GNU_SOURCE 1
#define _POSIX_PTHREAD_SEMANTICS 1
#define _TANDEM_SOURCE 1
#define HAVE_DLFCN_H 1
#define LT_OBJDIR ".libs/"
#define SIZEOF_VOID_P 8
#define HAVE_DECL_BASENAME 1
#define HAVE_DECL_STPCPY 1
#define HAVE_SIGSETJMP 1

configure: exit 0
